Generalplus u'nSP Assembler - Ver. 1.14.13.0
              Listing File Has Been Relocated
                            	// GCC for GeneralPlus u'nSP version 1.1.0.3
                            	// Command: C:\PROGRA~1\GENERA~1\UNSPID~1.4\toolchain\cc1.exe C:\DOCUME~1\raycheng\LOCALS~1\Temp\ccIOzxpb.i -fkeep-inline-functions -quiet -dumpbase main.c -mglobal-var-iram -gstabs -Wall -o .\Debug/main.asm
                            		.external __sn_func_ptr_sec
                            	
                            	// gcc2_compiled.:
                            	
00000000                    	.debug
00000000 2E 00 73 00        		.dw '.stabs "D:/WorkingFolder/Library_Release/SACMV41b_Beta/GPCE063A_Example_V41b/GPCE063A Example Code/DVR1800/",0x64,0,3,',0,0,offset Ltext0,seg Ltext0,0x0d,0x0a
         74 00 61 00
         62 00 73 00
         20 00 22 00
         44 00 3A 00
         2F 00 57 00
         6F 00 72 00
         6B 00 69 00
         6E 00 67 00
         46 00 6F 00
         6C 00 64 00
         65 00 72 00
         2F 00 4C 00
         69 00 62 00
         72 00 61 00
         72 00 79 00
         5F 00 52 00
         65 00 6C 00
         65 00 61 00
         73 00 65 00
         2F 00 53 00
         41 00 43 00
         4D 00 56 00
         34 00 31 00
         62 00 5F 00
         42 00 65 00
         74 00 61 00
         2F 00 47 00
         50 00 43 00
         45 00 30 00
         36 00 33 00
         41 00 5F 00
         45 00 78 00
         61 00 6D 00
         70 00 6C 00
         65 00 5F 00
         56 00 34 00
         31 00 62 00
         2F 00 47 00
         50 00 43 00
         45 00 30 00
         36 00 33 00
         41 00 20 00
         45 00 78 00
         61 00 6D 00
         70 00 6C 00
         65 00 20 00
         43 00 6F 00
         64 00 65 00
         2F 00 44 00
         56 00 52 00
         31 00 38 00
         30 00 30 00
         2F 00 22 00
         2C 00 30 00
         78 00 36 00
         34 00 2C 00
         30 00 2C 00
         33 00 2C 00
         00 00 00 00
         00 00 00 00
         0D 00 0A 00
0000C956                    	.code
0000007C                    	.debug
0000007C 2E 00 73 00        		.dw '.stabs "D:/WorkingFolder/Library_Release/SACMV41b_Beta/GPCE063A_Example_V41b/GPCE063A Example Code/DVR1800/main.c",0x64,0,3,',0,0,offset Ltext0,seg Ltext0,0x0d,0x0a
         74 00 61 00
         62 00 73 00
         20 00 22 00
         44 00 3A 00
         2F 00 57 00
         6F 00 72 00
         6B 00 69 00
         6E 00 67 00
         46 00 6F 00
         6C 00 64 00
         65 00 72 00
         2F 00 4C 00
         69 00 62 00
         72 00 61 00
         72 00 79 00
         5F 00 52 00
         65 00 6C 00
         65 00 61 00
         73 00 65 00
         2F 00 53 00
         41 00 43 00
         4D 00 56 00
         34 00 31 00
         62 00 5F 00
         42 00 65 00
         74 00 61 00
         2F 00 47 00
         50 00 43 00
         45 00 30 00
         36 00 33 00
         41 00 5F 00
         45 00 78 00
         61 00 6D 00
         70 00 6C 00
         65 00 5F 00
         56 00 34 00
         31 00 62 00
         2F 00 47 00
         50 00 43 00
         45 00 30 00
         36 00 33 00
         41 00 20 00
         45 00 78 00
         61 00 6D 00
         70 00 6C 00
         65 00 20 00
         43 00 6F 00
         64 00 65 00
         2F 00 44 00
         56 00 52 00
         31 00 38 00
         30 00 30 00
         2F 00 6D 00
         61 00 69 00
         6E 00 2E 00
         63 00 22 00
         2C 00 30 00
         78 00 36 00
         34 00 2C 00
         30 00 2C 00
         33 00 2C 00
         00 00 00 00
         00 00 00 00
         0D 00 0A 00
0000C956                    	.code
0000C956                    	.code
                            	Ltext0:
000000FE                    	.debug
000000FE 2E 00 73 00        		.dw '.stabs "int:t1=r1;-32768;32767;",128,0,0,0',0x0d,0x0a
         74 00 61 00
         62 00 73 00
         20 00 22 00
         69 00 6E 00
         74 00 3A 00
         74 00 31 00
         3D 00 72 00
         31 00 3B 00
         2D 00 33 00
         32 00 37 00
         36 00 38 00
         3B 00 33 00
         32 00 37 00
         36 00 37 00
         3B 00 22 00
         2C 00 31 00
         32 00 38 00
         2C 00 30 00
         2C 00 30 00
         2C 00 30 00
         0D 00 0A 00
0000C956                    	.CODE
0000012A                    	.debug
0000012A 2E 00 73 00        		.dw '.stabs "char:t2=r2;0;127;",128,0,0,0',0x0d,0x0a
         74 00 61 00
         62 00 73 00
         20 00 22 00
         63 00 68 00
         61 00 72 00
         3A 00 74 00
         32 00 3D 00
         72 00 32 00
         3B 00 30 00
         3B 00 31 00
         32 00 37 00
         3B 00 22 00
         2C 00 31 00
         32 00 38 00
         2C 00 30 00
         2C 00 30 00
         2C 00 30 00
         0D 00 0A 00
0000C956                    	.CODE
00000150                    	.debug
00000150 2E 00 73 00        		.dw '.stabs "long int:t3=r3;-2147483648;2147483647;",128,0,0,0',0x0d,0x0a
         74 00 61 00
         62 00 73 00
         20 00 22 00
         6C 00 6F 00
         6E 00 67 00
         20 00 69 00
         6E 00 74 00
         3A 00 74 00
         33 00 3D 00
         72 00 33 00
         3B 00 2D 00
         32 00 31 00
         34 00 37 00
         34 00 38 00
         33 00 36 00
         34 00 38 00
         3B 00 32 00
         31 00 34 00
         37 00 34 00
         38 00 33 00
         36 00 34 00
         37 00 3B 00
         22 00 2C 00
         31 00 32 00
         38 00 2C 00
         30 00 2C 00
         30 00 2C 00
         30 00 0D 00
         0A 00      
0000C956                    	.CODE
0000018B                    	.debug
0000018B 2E 00 73 00        		.dw '.stabs "unsigned int:t4=r4;0;65535;",128,0,0,0',0x0d,0x0a
         74 00 61 00
         62 00 73 00
         20 00 22 00
         75 00 6E 00
         73 00 69 00
         67 00 6E 00
         65 00 64 00
         20 00 69 00
         6E 00 74 00
         3A 00 74 00
         34 00 3D 00
         72 00 34 00
         3B 00 30 00
         3B 00 36 00
         35 00 35 00
         33 00 35 00
         3B 00 22 00
         2C 00 31 00
         32 00 38 00
         2C 00 30 00
         2C 00 30 00
         2C 00 30 00
         0D 00 0A 00
0000C956                    	.CODE
000001BB                    	.debug
000001BB 2E 00 73 00        		.dw '.stabs "long unsigned int:t5=r5;0;4294967295;",128,0,0,0',0x0d,0x0a
         74 00 61 00
         62 00 73 00
         20 00 22 00
         6C 00 6F 00
         6E 00 67 00
         20 00 75 00
         6E 00 73 00
         69 00 67 00
         6E 00 65 00
         64 00 20 00
         69 00 6E 00
         74 00 3A 00
         74 00 35 00
         3D 00 72 00
         35 00 3B 00
         30 00 3B 00
         34 00 32 00
         39 00 34 00
         39 00 36 00
         37 00 32 00
         39 00 35 00
         3B 00 22 00
         2C 00 31 00
         32 00 38 00
         2C 00 30 00
         2C 00 30 00
         2C 00 30 00
         0D 00 0A 00
0000C956                    	.CODE
000001F5                    	.debug
000001F5 2E 00 73 00        		.dw '.stabs "long long int:t6=r6;-2147483648;2147483647;",128,0,0,0',0x0d,0x0a
         74 00 61 00
         62 00 73 00
         20 00 22 00
         6C 00 6F 00
         6E 00 67 00
         20 00 6C 00
         6F 00 6E 00
         67 00 20 00
         69 00 6E 00
         74 00 3A 00
         74 00 36 00
         3D 00 72 00
         36 00 3B 00
         2D 00 32 00
         31 00 34 00
         37 00 34 00
         38 00 33 00
         36 00 34 00
         38 00 3B 00
         32 00 31 00
         34 00 37 00
         34 00 38 00
         33 00 36 00
         34 00 37 00
         3B 00 22 00
         2C 00 31 00
         32 00 38 00
         2C 00 30 00
         2C 00 30 00
         2C 00 30 00
         0D 00 0A 00
0000C956                    	.CODE
00000235                    	.debug
00000235 2E 00 73 00        		.dw '.stabs "long long unsigned int:t7=r7;0;4294967295;",128,0,0,0',0x0d,0x0a
         74 00 61 00
         62 00 73 00
         20 00 22 00
         6C 00 6F 00
         6E 00 67 00
         20 00 6C 00
         6F 00 6E 00
         67 00 20 00
         75 00 6E 00
         73 00 69 00
         67 00 6E 00
         65 00 64 00
         20 00 69 00
         6E 00 74 00
         3A 00 74 00
         37 00 3D 00
         72 00 37 00
         3B 00 30 00
         3B 00 34 00
         32 00 39 00
         34 00 39 00
         36 00 37 00
         32 00 39 00
         35 00 3B 00
         22 00 2C 00
         31 00 32 00
         38 00 2C 00
         30 00 2C 00
         30 00 2C 00
         30 00 0D 00
         0A 00      
0000C956                    	.CODE
00000274                    	.debug
00000274 2E 00 73 00        		.dw '.stabs "short int:t8=r8;-32768;32767;",128,0,0,0',0x0d,0x0a
         74 00 61 00
         62 00 73 00
         20 00 22 00
         73 00 68 00
         6F 00 72 00
         74 00 20 00
         69 00 6E 00
         74 00 3A 00
         74 00 38 00
         3D 00 72 00
         38 00 3B 00
         2D 00 33 00
         32 00 37 00
         36 00 38 00
         3B 00 33 00
         32 00 37 00
         36 00 37 00
         3B 00 22 00
         2C 00 31 00
         32 00 38 00
         2C 00 30 00
         2C 00 30 00
         2C 00 30 00
         0D 00 0A 00
0000C956                    	.CODE
000002A6                    	.debug
000002A6 2E 00 73 00        		.dw '.stabs "short unsigned int:t9=r9;0;65535;",128,0,0,0',0x0d,0x0a
         74 00 61 00
         62 00 73 00
         20 00 22 00
         73 00 68 00
         6F 00 72 00
         74 00 20 00
         75 00 6E 00
         73 00 69 00
         67 00 6E 00
         65 00 64 00
         20 00 69 00
         6E 00 74 00
         3A 00 74 00
         39 00 3D 00
         72 00 39 00
         3B 00 30 00
         3B 00 36 00
         35 00 35 00
         33 00 35 00
         3B 00 22 00
         2C 00 31 00
         32 00 38 00
         2C 00 30 00
         2C 00 30 00
         2C 00 30 00
         0D 00 0A 00
0000C956                    	.CODE
000002DC                    	.debug
000002DC 2E 00 73 00        		.dw '.stabs "signed char:t10=r10;-32768;32767;",128,0,0,0',0x0d,0x0a
         74 00 61 00
         62 00 73 00
         20 00 22 00
         73 00 69 00
         67 00 6E 00
         65 00 64 00
         20 00 63 00
         68 00 61 00
         72 00 3A 00
         74 00 31 00
         30 00 3D 00
         72 00 31 00
         30 00 3B 00
         2D 00 33 00
         32 00 37 00
         36 00 38 00
         3B 00 33 00
         32 00 37 00
         36 00 37 00
         3B 00 22 00
         2C 00 31 00
         32 00 38 00
         2C 00 30 00
         2C 00 30 00
         2C 00 30 00
         0D 00 0A 00
0000C956                    	.CODE
00000312                    	.debug
00000312 2E 00 73 00        		.dw '.stabs "unsigned char:t11=r11;0;65535;",128,0,0,0',0x0d,0x0a
         74 00 61 00
         62 00 73 00
         20 00 22 00
         75 00 6E 00
         73 00 69 00
         67 00 6E 00
         65 00 64 00
         20 00 63 00
         68 00 61 00
         72 00 3A 00
         74 00 31 00
         31 00 3D 00
         72 00 31 00
         31 00 3B 00
         30 00 3B 00
         36 00 35 00
         35 00 33 00
         35 00 3B 00
         22 00 2C 00
         31 00 32 00
         38 00 2C 00
         30 00 2C 00
         30 00 2C 00
         30 00 0D 00
         0A 00      
0000C956                    	.CODE
00000345                    	.debug
00000345 2E 00 73 00        		.dw '.stabs "float:t12=r1;2;0;",128,0,0,0',0x0d,0x0a
         74 00 61 00
         62 00 73 00
         20 00 22 00
         66 00 6C 00
         6F 00 61 00
         74 00 3A 00
         74 00 31 00
         32 00 3D 00
         72 00 31 00
         3B 00 32 00
         3B 00 30 00
         3B 00 22 00
         2C 00 31 00
         32 00 38 00
         2C 00 30 00
         2C 00 30 00
         2C 00 30 00
         0D 00 0A 00
0000C956                    	.CODE
0000036B                    	.debug
0000036B 2E 00 73 00        		.dw '.stabs "double:t13=r1;2;0;",128,0,0,0',0x0d,0x0a
         74 00 61 00
         62 00 73 00
         20 00 22 00
         64 00 6F 00
         75 00 62 00
         6C 00 65 00
         3A 00 74 00
         31 00 33 00
         3D 00 72 00
         31 00 3B 00
         32 00 3B 00
         30 00 3B 00
         22 00 2C 00
         31 00 32 00
         38 00 2C 00
         30 00 2C 00
         30 00 2C 00
         30 00 0D 00
         0A 00      
0000C956                    	.CODE
00000392                    	.debug
00000392 2E 00 73 00        		.dw '.stabs "long double:t14=r1;2;0;",128,0,0,0',0x0d,0x0a
         74 00 61 00
         62 00 73 00
         20 00 22 00
         6C 00 6F 00
         6E 00 67 00
         20 00 64 00
         6F 00 75 00
         62 00 6C 00
         65 00 3A 00
         74 00 31 00
         34 00 3D 00
         72 00 31 00
         3B 00 32 00
         3B 00 30 00
         3B 00 22 00
         2C 00 31 00
         32 00 38 00
         2C 00 30 00
         2C 00 30 00
         2C 00 30 00
         0D 00 0A 00
0000C956                    	.CODE
000003BE                    	.debug
000003BE 2E 00 73 00        		.dw '.stabs "complex int:t15=s2real:1,0,16;imag:1,16,16;;",128,0,0,0',0x0d,0x0a
         74 00 61 00
         62 00 73 00
         20 00 22 00
         63 00 6F 00
         6D 00 70 00
         6C 00 65 00
         78 00 20 00
         69 00 6E 00
         74 00 3A 00
         74 00 31 00
         35 00 3D 00
         73 00 32 00
         72 00 65 00
         61 00 6C 00
         3A 00 31 00
         2C 00 30 00
         2C 00 31 00
         36 00 3B 00
         69 00 6D 00
         61 00 67 00
         3A 00 31 00
         2C 00 31 00
         36 00 2C 00
         31 00 36 00
         3B 00 3B 00
         22 00 2C 00
         31 00 32 00
         38 00 2C 00
         30 00 2C 00
         30 00 2C 00
         30 00 0D 00
         0A 00      
0000C956                    	.CODE
000003FF                    	.debug
000003FF 2E 00 73 00        		.dw '.stabs "complex float:t16=r16;2;0;",128,0,0,0',0x0d,0x0a
         74 00 61 00
         62 00 73 00
         20 00 22 00
         63 00 6F 00
         6D 00 70 00
         6C 00 65 00
         78 00 20 00
         66 00 6C 00
         6F 00 61 00
         74 00 3A 00
         74 00 31 00
         36 00 3D 00
         72 00 31 00
         36 00 3B 00
         32 00 3B 00
         30 00 3B 00
         22 00 2C 00
         31 00 32 00
         38 00 2C 00
         30 00 2C 00
         30 00 2C 00
         30 00 0D 00
         0A 00      
0000C956                    	.CODE
0000042E                    	.debug
0000042E 2E 00 73 00        		.dw '.stabs "complex double:t17=r17;2;0;",128,0,0,0',0x0d,0x0a
         74 00 61 00
         62 00 73 00
         20 00 22 00
         63 00 6F 00
         6D 00 70 00
         6C 00 65 00
         78 00 20 00
         64 00 6F 00
         75 00 62 00
         6C 00 65 00
         3A 00 74 00
         31 00 37 00
         3D 00 72 00
         31 00 37 00
         3B 00 32 00
         3B 00 30 00
         3B 00 22 00
         2C 00 31 00
         32 00 38 00
         2C 00 30 00
         2C 00 30 00
         2C 00 30 00
         0D 00 0A 00
0000C956                    	.CODE
0000045E                    	.debug
0000045E 2E 00 73 00        		.dw '.stabs "complex long double:t18=r18;2;0;",128,0,0,0',0x0d,0x0a
         74 00 61 00
         62 00 73 00
         20 00 22 00
         63 00 6F 00
         6D 00 70 00
         6C 00 65 00
         78 00 20 00
         6C 00 6F 00
         6E 00 67 00
         20 00 64 00
         6F 00 75 00
         62 00 6C 00
         65 00 3A 00
         74 00 31 00
         38 00 3D 00
         72 00 31 00
         38 00 3B 00
         32 00 3B 00
         30 00 3B 00
         22 00 2C 00
         31 00 32 00
         38 00 2C 00
         30 00 2C 00
         30 00 2C 00
         30 00 0D 00
         0A 00      
0000C956                    	.CODE
00000493                    	.debug
00000493 2E 00 73 00        		.dw '.stabs "void:t19=19",128,0,0,0',0x0d,0x0a
         74 00 61 00
         62 00 73 00
         20 00 22 00
         76 00 6F 00
         69 00 64 00
         3A 00 74 00
         31 00 39 00
         3D 00 31 00
         39 00 22 00
         2C 00 31 00
         32 00 38 00
         2C 00 30 00
         2C 00 30 00
         2C 00 30 00
         0D 00 0A 00
0000C956                    	.CODE
000004B3                    	.debug
000004B3 2E 00 73 00        		.dw '.stabs "Key:G4",32,0,0,',0,0,offset _Key,seg _Key,0x0d,0x0a
         74 00 61 00
         62 00 73 00
         20 00 22 00
         4B 00 65 00
         79 00 3A 00
         47 00 34 00
         22 00 2C 00
         33 00 32 00
         2C 00 30 00
         2C 00 30 00
         2C 00 00 00
         00 00 00 00
         00 00 0D 00
         0A 00      
0000C956                    	.CODE
000004D0                    	.debug
000004D0 2E 00 73 00        		.dw '.stabs "SpeechIndex:G4",32,0,0,',0,0,offset _SpeechIndex,seg _SpeechIndex,0x0d,0x0a
         74 00 61 00
         62 00 73 00
         20 00 22 00
         53 00 70 00
         65 00 65 00
         63 00 68 00
         49 00 6E 00
         64 00 65 00
         78 00 3A 00
         47 00 34 00
         22 00 2C 00
         33 00 32 00
         2C 00 30 00
         2C 00 30 00
         2C 00 00 00
         00 00 01 00
         00 00 0D 00
         0A 00      
0000C956                    	.CODE
000004F5                    	.debug
000004F5 2E 00 73 00        		.dw '.stabs "VolumeIndex:G4",32,0,0,',0,0,offset _VolumeIndex,seg _VolumeIndex,0x0d,0x0a
         74 00 61 00
         62 00 73 00
         20 00 22 00
         56 00 6F 00
         6C 00 75 00
         6D 00 65 00
         49 00 6E 00
         64 00 65 00
         78 00 3A 00
         47 00 34 00
         22 00 2C 00
         33 00 32 00
         2C 00 30 00
         2C 00 30 00
         2C 00 00 00
         00 00 02 00
         00 00 0D 00
         0A 00      
0000C956                    	.CODE
0000051A                    	.debug
0000051A 2E 00 73 00        		.dw '.stabs "BitRate:G4",32,0,0,',0,0,offset _BitRate,seg _BitRate,0x0d,0x0a
         74 00 61 00
         62 00 73 00
         20 00 22 00
         42 00 69 00
         74 00 52 00
         61 00 74 00
         65 00 3A 00
         47 00 34 00
         22 00 2C 00
         33 00 32 00
         2C 00 30 00
         2C 00 30 00
         2C 00 00 00
         00 00 03 00
         00 00 0D 00
         0A 00      
0000C956                    	.CODE
0000053B                    	.debug
0000053B 2E 00 73 00        		.dw '.stabs "ADC_Channel:G4",32,0,0,',0,0,offset _ADC_Channel,seg _ADC_Channel,0x0d,0x0a
         74 00 61 00
         62 00 73 00
         20 00 22 00
         41 00 44 00
         43 00 5F 00
         43 00 68 00
         61 00 6E 00
         6E 00 65 00
         6C 00 3A 00
         47 00 34 00
         22 00 2C 00
         33 00 32 00
         2C 00 30 00
         2C 00 30 00
         2C 00 00 00
         00 00 04 00
         00 00 0D 00
         0A 00      
0000C956                    	.CODE
00000560                    	.debug
00000560 2E 00 73 00        		.dw '.stabs "ADC_FIR_Type:G4",32,0,0,',0,0,offset _ADC_FIR_Type,seg _ADC_FIR_Type,0x0d,0x0a
         74 00 61 00
         62 00 73 00
         20 00 22 00
         41 00 44 00
         43 00 5F 00
         46 00 49 00
         52 00 5F 00
         54 00 79 00
         70 00 65 00
         3A 00 47 00
         34 00 22 00
         2C 00 33 00
         32 00 2C 00
         30 00 2C 00
         30 00 2C 00
         00 00 00 00
         05 00 00 00
         0D 00 0A 00
0000C956                    	.CODE
00000586                    	.debug
00000586 2E 00 73 00        		.dw '.stabs "DAC_FIR_Type:G4",32,0,0,',0,0,offset _DAC_FIR_Type,seg _DAC_FIR_Type,0x0d,0x0a
         74 00 61 00
         62 00 73 00
         20 00 22 00
         44 00 41 00
         43 00 5F 00
         46 00 49 00
         52 00 5F 00
         54 00 79 00
         70 00 65 00
         3A 00 47 00
         34 00 22 00
         2C 00 33 00
         32 00 2C 00
         30 00 2C 00
         30 00 2C 00
         00 00 00 00
         06 00 00 00
         0D 00 0A 00
0000C956                    	.CODE
000005AC                    	.debug
000005AC 2E 00 73 00        		.dw '.stabs "PauseFlag:G4",32,0,0,',0,0,offset _PauseFlag,seg _PauseFlag,0x0d,0x0a
         74 00 61 00
         62 00 73 00
         20 00 22 00
         50 00 61 00
         75 00 73 00
         65 00 46 00
         6C 00 61 00
         67 00 3A 00
         47 00 34 00
         22 00 2C 00
         33 00 32 00
         2C 00 30 00
         2C 00 30 00
         2C 00 00 00
         00 00 07 00
         00 00 0D 00
         0A 00      
0000C956                    	.CODE
000005CF                    	.debug
000005CF 2E 00 73 00        		.dw '.stabs "PlayCon:G4",32,0,0,',0,0,offset _PlayCon,seg _PlayCon,0x0d,0x0a
         74 00 61 00
         62 00 73 00
         20 00 22 00
         50 00 6C 00
         61 00 79 00
         43 00 6F 00
         6E 00 3A 00
         47 00 34 00
         22 00 2C 00
         33 00 32 00
         2C 00 30 00
         2C 00 30 00
         2C 00 00 00
         00 00 08 00
         00 00 0D 00
         0A 00      
0000C956                    	.CODE
000005F0                    	.debug
000005F0 2E 00 73 00        		.dw '.stabs "Mode:G4",32,0,0,',0,0,offset _Mode,seg _Mode,0x0d,0x0a
         74 00 61 00
         62 00 73 00
         20 00 22 00
         4D 00 6F 00
         64 00 65 00
         3A 00 47 00
         34 00 22 00
         2C 00 33 00
         32 00 2C 00
         30 00 2C 00
         30 00 2C 00
         00 00 00 00
         09 00 00 00
         0D 00 0A 00
0000C956                    	.CODE
0000C956                    	.code
0000060E                    	.debug
0000060E 2E 00 73 00        		.dw '.stabs "main:F1",36,0,0,',0,0,offset _main,seg _main,0x0d,0x0a
         74 00 61 00
         62 00 73 00
         20 00 22 00
         6D 00 61 00
         69 00 6E 00
         3A 00 46 00
         31 00 22 00
         2C 00 33 00
         36 00 2C 00
         30 00 2C 00
         30 00 2C 00
         00 00 00 00
         00 00 00 00
         0D 00 0A 00
0000C956                    	.CODE
                            	.public _main
                            	_main:	.proc
0000062C                    	.debug
0000062C 2E 00 73 00        		.dw '.stabn 0x44,0,102,',0,0
         74 00 61 00
         62 00 6E 00
         20 00 30 00
         78 00 34 00
         34 00 2C 00
         30 00 2C 00
         31 00 30 00
         32 00 2C 00
         00 00 00 00
00000640 00 00 00 00        		.dd LM1-_main
00000642 0D 00 0A 00        		.dw 0x0d,0x0a
0000C956                    	.code
                            	LM1:
                            		// total=1, vars=1
                            		// frame_pointer_needed: 1
00000644                    	.debug
00000644 2E 00 73 00        		.dw '.stabn 0xa6,0,0,1',0x0d, 0x0a
         74 00 61 00
         62 00 6E 00
         20 00 30 00
         78 00 61 00
         36 00 2C 00
         30 00 2C 00
         30 00 2C 00
         31 00 0D 00
         0A 00      
0000C956                    	.code
0000C956 88 DA              		PUSH BP to [SP]
0000C957 41 20              		SP-=1
0000C958 08 0B 01 00        		BP=SP+1
                            	
0000C95A 0D 03 04 00        		R1=BP+4
0000C95C C5 D2              		[BP]=R1	// QImode move
00000657                    	.debug
00000657 2E 00 73 00        		.dw '.stabn 0x44,0,103,',0,0
         74 00 61 00
         62 00 6E 00
         20 00 30 00
         78 00 34 00
         34 00 2C 00
         30 00 2C 00
         31 00 30 00
         33 00 2C 00
         00 00 00 00
0000066B 07 00 00 00        		.dd LM2-_main
0000066D 0D 00 0A 00        		.dw 0x0d,0x0a
0000C95D                    	.code
                            	LM2:
                            	LBB2:
0000C95D 40 92              		R1=0	// QImode move
0000C95E 19 D3 93 05        		[_Key]=R1	// QImode move
0000066F                    	.debug
0000066F 2E 00 73 00        		.dw '.stabn 0x44,0,104,',0,0
         74 00 61 00
         62 00 6E 00
         20 00 30 00
         78 00 34 00
         34 00 2C 00
         30 00 2C 00
         31 00 30 00
         34 00 2C 00
         00 00 00 00
00000683 0A 00 00 00        		.dd LM3-_main
00000685 0D 00 0A 00        		.dw 0x0d,0x0a
0000C960                    	.code
                            	LM3:
0000C960 40 92              		R1=0	// QImode move
0000C961 19 D3 94 05        		[_SpeechIndex]=R1	// QImode move
00000687                    	.debug
00000687 2E 00 73 00        		.dw '.stabn 0x44,0,105,',0,0
         74 00 61 00
         62 00 6E 00
         20 00 30 00
         78 00 34 00
         34 00 2C 00
         30 00 2C 00
         31 00 30 00
         35 00 2C 00
         00 00 00 00
0000069B 0D 00 00 00        		.dd LM4-_main
0000069D 0D 00 0A 00        		.dw 0x0d,0x0a
0000C963                    	.code
                            	LM4:
0000C963 49 92              		R1=9	// QImode move
0000C964 19 D3 95 05        		[_VolumeIndex]=R1	// QImode move
0000069F                    	.debug
0000069F 2E 00 73 00        		.dw '.stabn 0x44,0,106,',0,0
         74 00 61 00
         62 00 6E 00
         20 00 30 00
         78 00 34 00
         34 00 2C 00
         30 00 2C 00
         31 00 30 00
         36 00 2C 00
         00 00 00 00
000006B3 10 00 00 00        		.dd LM5-_main
000006B5 0D 00 0A 00        		.dw 0x0d,0x0a
0000C966                    	.code
                            	LM5:
0000C966 40 92              		R1=0	// QImode move
0000C967 19 D3 9A 05        		[_PauseFlag]=R1	// QImode move
000006B7                    	.debug
000006B7 2E 00 73 00        		.dw '.stabn 0x44,0,107,',0,0
         74 00 61 00
         62 00 6E 00
         20 00 30 00
         78 00 34 00
         34 00 2C 00
         30 00 2C 00
         31 00 30 00
         37 00 2C 00
         00 00 00 00
000006CB 13 00 00 00        		.dd LM6-_main
000006CD 0D 00 0A 00        		.dw 0x0d,0x0a
0000C969                    	.code
                            	LM6:
0000C969 40 92              		R1=0	// QImode move
0000C96A 19 D3 99 05        		[_DAC_FIR_Type]=R1	// QImode move
000006CF                    	.debug
000006CF 2E 00 73 00        		.dw '.stabn 0x44,0,108,',0,0
         74 00 61 00
         62 00 6E 00
         20 00 30 00
         78 00 34 00
         34 00 2C 00
         30 00 2C 00
         31 00 30 00
         38 00 2C 00
         00 00 00 00
000006E3 16 00 00 00        		.dd LM7-_main
000006E5 0D 00 0A 00        		.dw 0x0d,0x0a
0000C96C                    	.code
                            	LM7:
0000C96C 40 92              		R1=0	// QImode move
0000C96D 19 D3 98 05        		[_ADC_FIR_Type]=R1	// QImode move
000006E7                    	.debug
000006E7 2E 00 73 00        		.dw '.stabn 0x44,0,109,',0,0
         74 00 61 00
         62 00 6E 00
         20 00 30 00
         78 00 34 00
         34 00 2C 00
         30 00 2C 00
         31 00 30 00
         39 00 2C 00
         00 00 00 00
000006FB 19 00 00 00        		.dd LM8-_main
000006FD 0D 00 0A 00        		.dw 0x0d,0x0a
0000C96F                    	.code
                            	LM8:
0000C96F 40 92              		R1=0	// QImode move
0000C970 19 D3 9B 05        		[_PlayCon]=R1	// QImode move
000006FF                    	.debug
000006FF 2E 00 73 00        		.dw '.stabn 0x44,0,110,',0,0
         74 00 61 00
         62 00 6E 00
         20 00 30 00
         78 00 34 00
         34 00 2C 00
         30 00 2C 00
         31 00 31 00
         30 00 2C 00
         00 00 00 00
00000713 1C 00 00 00        		.dd LM9-_main
00000715 0D 00 0A 00        		.dw 0x0d,0x0a
0000C972                    	.code
                            	LM9:
0000C972 40 92              		R1=0	// QImode move
0000C973 19 D3 9C 05        		[_Mode]=R1	// QImode move
00000717                    	.debug
00000717 2E 00 73 00        		.dw '.stabn 0x44,0,112,',0,0
         74 00 61 00
         62 00 6E 00
         20 00 30 00
         78 00 34 00
         34 00 2C 00
         30 00 2C 00
         31 00 31 00
         32 00 2C 00
         00 00 00 00
0000072B 1F 00 00 00        		.dd LM10-_main
0000072D 0D 00 0A 00        		.dw 0x0d,0x0a
0000C975                    	.code
                            	LM10:
0000C975 40 F0 9A CB        		CALL _System_Initial	// call without return value
0000072F                    	.debug
0000072F 2E 00 73 00        		.dw '.stabn 0x44,0,113,',0,0
         74 00 61 00
         62 00 6E 00
         20 00 30 00
         78 00 34 00
         34 00 2C 00
         30 00 2C 00
         31 00 31 00
         33 00 2C 00
         00 00 00 00
00000743 21 00 00 00        		.dd LM11-_main
00000745 0D 00 0A 00        		.dw 0x0d,0x0a
0000C977                    	.code
                            	LM11:
0000C977 40 F0 B8 C5        		CALL _SPI_Initial	// call with return value
00000747                    	.debug
00000747 2E 00 73 00        		.dw '.stabn 0x44,0,114,',0,0
         74 00 61 00
         62 00 6E 00
         20 00 30 00
         78 00 34 00
         34 00 2C 00
         30 00 2C 00
         31 00 31 00
         34 00 2C 00
         00 00 00 00
0000075B 23 00 00 00        		.dd LM12-_main
0000075D 0D 00 0A 00        		.dw 0x0d,0x0a
0000C979                    	.code
                            	LM12:
0000C979 40 F0 6F C3        		CALL _SACM_DVR1800_Initial	// call without return value
0000075F                    	.debug
0000075F 2E 00 73 00        		.dw '.stabn 0x44,0,116,',0,0
         74 00 61 00
         62 00 6E 00
         20 00 30 00
         78 00 34 00
         34 00 2C 00
         30 00 2C 00
         31 00 31 00
         36 00 2C 00
         00 00 00 00
00000773 25 00 00 00        		.dd LM13-_main
00000775 0D 00 0A 00        		.dw 0x0d,0x0a
0000C97B                    	.code
                            	LM13:
                            	L3:
0000C97B 0F 9F 7F C9        		PC=L5	// jump
0000C97D 0F 9F AF CA        		PC=L4	// jump
                            	L5:
00000777                    	.debug
00000777 2E 00 73 00        		.dw '.stabn 0x44,0,118,',0,0
         74 00 61 00
         62 00 6E 00
         20 00 30 00
         78 00 34 00
         34 00 2C 00
         30 00 2C 00
         31 00 31 00
         38 00 2C 00
         00 00 00 00
0000078B 29 00 00 00        		.dd LM14-_main
0000078D 0D 00 0A 00        		.dw 0x0d,0x0a
0000C97F                    	.code
                            	LM14:
0000C97F 40 F0 F6 CB        		CALL _SP_GetCh	// call with return value
0000C981 19 D3 93 05        		[_Key]=R1	// QImode move
0000078F                    	.debug
0000078F 2E 00 73 00        		.dw '.stabn 0x44,0,119,',0,0
         74 00 61 00
         62 00 6E 00
         20 00 30 00
         78 00 34 00
         34 00 2C 00
         30 00 2C 00
         31 00 31 00
         39 00 2C 00
         00 00 00 00
000007A3 2D 00 00 00        		.dd LM15-_main
000007A5 0D 00 0A 00        		.dw 0x0d,0x0a
0000C983                    	.code
                            	LM15:
0000C983 11 93 93 05        		R1=[_Key]	// QImode move
0000C985 48 42              		CMP R1,8	// QImode compare
0000C986 02 4E 0F 9F        		NSJZ L11	//QImode EQ
         04 CA      
0000C989 48 42              		CMP R1,8	// QImode compare
0000C98A 14 9E 01 EE        		NSJA L23	//QImode GTU
         00 EE      
0000C98D 41 42              		CMP R1,1	// QImode compare
0000C98E 2C 5E 01 EE        		NSJZ L8	//QImode EQ
         00 EE      
0000C991 41 42              		CMP R1,1	// QImode compare
0000C992 26 0E 01 EE        		NSJB L7	//QImode LTU
         00 EE      
0000C995 42 42              		CMP R1,2	// QImode compare
0000C996 02 4E 0F 9F        		NSJZ L9	//QImode EQ
         E0 C9      
0000C999 44 42              		CMP R1,4	// QImode compare
0000C99A 02 4E 0F 9F        		NSJZ L10	//QImode EQ
         E7 C9      
0000C99D 0F 9F 7D CA        		PC=L21	// jump
                            	L23:
0000C99F 60 42              		CMP R1,32	// QImode compare
0000C9A0 02 4E 0F 9F        		NSJZ L16	//QImode EQ
         37 CA      
0000C9A3 60 42              		CMP R1,32	// QImode compare
0000C9A4 08 9E 01 EE        		NSJA L24	//QImode GTU
         00 EE      
0000C9A7 50 42              		CMP R1,16	// QImode compare
0000C9A8 02 4E 0F 9F        		NSJZ L13	//QImode EQ
         24 CA      
0000C9AB 0F 9F 7D CA        		PC=L21	// jump
                            	L24:
0000C9AD 09 43 40 00        		CMP R1,64	// QImode compare
0000C9AF 02 4E 0F 9F        		NSJZ L18	//QImode EQ
         4D CA      
0000C9B2 09 43 80 00        		CMP R1,128	// QImode compare
0000C9B4 02 4E 0F 9F        		NSJZ L20	//QImode EQ
         63 CA      
0000C9B7 0F 9F 7D CA        		PC=L21	// jump
                            	LBB3:
                            	L7:
000007A7                    	.debug
000007A7 2E 00 73 00        		.dw '.stabn 0x44,0,122,',0,0
         74 00 61 00
         62 00 6E 00
         20 00 30 00
         78 00 34 00
         34 00 2C 00
         30 00 2C 00
         31 00 32 00
         32 00 2C 00
         00 00 00 00
000007BB 63 00 00 00        		.dd LM16-_main
000007BD 0D 00 0A 00        		.dw 0x0d,0x0a
0000C9B9                    	.code
                            	LM16:
0000C9B9 0F 9F 7F CA        		PC=L6	// jump
                            	L8:
000007BF                    	.debug
000007BF 2E 00 73 00        		.dw '.stabn 0x44,0,125,',0,0
         74 00 61 00
         62 00 6E 00
         20 00 30 00
         78 00 34 00
         34 00 2C 00
         30 00 2C 00
         31 00 32 00
         35 00 2C 00
         00 00 00 00
000007D3 65 00 00 00        		.dd LM17-_main
000007D5 0D 00 0A 00        		.dw 0x0d,0x0a
0000C9BB                    	.code
                            	LM17:
0000C9BB 40 92              		R1=0	// QImode move
0000C9BC 19 D3 9B 05        		[_PlayCon]=R1	// QImode move
000007D7                    	.debug
000007D7 2E 00 73 00        		.dw '.stabn 0x44,0,126,',0,0
         74 00 61 00
         62 00 6E 00
         20 00 30 00
         78 00 34 00
         34 00 2C 00
         30 00 2C 00
         31 00 32 00
         36 00 2C 00
         00 00 00 00
000007EB 68 00 00 00        		.dd LM18-_main
000007ED 0D 00 0A 00        		.dw 0x0d,0x0a
0000C9BE                    	.code
                            	LM18:
0000C9BE 41 92              		R1=1	// QImode move
0000C9BF 19 D3 9C 05        		[_Mode]=R1	// QImode move
000007EF                    	.debug
000007EF 2E 00 73 00        		.dw '.stabn 0x44,0,127,',0,0
         74 00 61 00
         62 00 6E 00
         20 00 30 00
         78 00 34 00
         34 00 2C 00
         30 00 2C 00
         31 00 32 00
         37 00 2C 00
         00 00 00 00
00000803 6B 00 00 00        		.dd LM19-_main
00000805 0D 00 0A 00        		.dw 0x0d,0x0a
0000C9C1                    	.code
                            	LM19:
0000C9C1 40 92              		R1=0	// QImode move
0000C9C2 C8 D2              		[SP--]=R1	// QImode move
0000C9C3 40 F0 4F C7        		CALL _SPI_Flash_Sector_Erase	// call with return value
0000C9C5 41 00              		SP = SP + 1	//SP
00000807                    	.debug
00000807 2E 00 73 00        		.dw '.stabn 0x44,0,128,',0,0
         74 00 61 00
         62 00 6E 00
         20 00 30 00
         78 00 34 00
         34 00 2C 00
         30 00 2C 00
         31 00 32 00
         38 00 2C 00
         00 00 00 00
0000081B 70 00 00 00        		.dd LM20-_main
0000081D 0D 00 0A 00        		.dw 0x0d,0x0a
0000C9C6                    	.code
                            	LM20:
0000C9C6 40 92              		R1=0	// QImode move
0000C9C7 C8 D2              		[SP--]=R1	// QImode move
0000C9C8 44 92              		R1=4	// QImode move
0000C9C9 C8 D2              		[SP--]=R1	// QImode move
0000C9CA 40 F0 13 CB        		CALL _USER_DVR1800_SetStartAddr	// call with return value
0000C9CC 42 00              		SP = SP + 2	//SP
0000081F                    	.debug
0000081F 2E 00 73 00        		.dw '.stabn 0x44,0,129,',0,0
         74 00 61 00
         62 00 6E 00
         20 00 30 00
         78 00 34 00
         34 00 2C 00
         30 00 2C 00
         31 00 32 00
         39 00 2C 00
         00 00 00 00
00000833 77 00 00 00        		.dd LM21-_main
00000835 0D 00 0A 00        		.dw 0x0d,0x0a
0000C9CD                    	.code
                            	LM21:
0000C9CD 44 92              		R1=4	// QImode move
0000C9CE 19 D3 96 05        		[_BitRate]=R1	// QImode move
00000837                    	.debug
00000837 2E 00 73 00        		.dw '.stabn 0x44,0,130,',0,0
         74 00 61 00
         62 00 6E 00
         20 00 30 00
         78 00 34 00
         34 00 2C 00
         30 00 2C 00
         31 00 33 00
         30 00 2C 00
         00 00 00 00
0000084B 7A 00 00 00        		.dd LM22-_main
0000084D 0D 00 0A 00        		.dw 0x0d,0x0a
0000C9D0                    	.code
                            	LM22:
0000C9D0 40 92              		R1=0	// QImode move
0000C9D1 19 D3 97 05        		[_ADC_Channel]=R1	// QImode move
0000084F                    	.debug
0000084F 2E 00 73 00        		.dw '.stabn 0x44,0,132,',0,0
         74 00 61 00
         62 00 6E 00
         20 00 30 00
         78 00 34 00
         34 00 2C 00
         30 00 2C 00
         31 00 33 00
         32 00 2C 00
         00 00 00 00
00000863 7D 00 00 00        		.dd LM23-_main
00000865 0D 00 0A 00        		.dw 0x0d,0x0a
0000C9D3                    	.code
                            	LM23:
0000C9D3 11 93 96 05        		R1=[_BitRate]	// QImode move
0000C9D5 C8 D2              		[SP--]=R1	// QImode move
0000C9D6 11 93 97 05        		R1=[_ADC_Channel]	// QImode move
0000C9D8 C8 D2              		[SP--]=R1	// QImode move
0000C9D9 40 92              		R1=0	// QImode move
0000C9DA C8 D2              		[SP--]=R1	// QImode move
0000C9DB 40 F0 B6 C4        		CALL _SACM_DVR1800_Rec	// call without return value
0000C9DD 43 00              		SP = SP + 3	//SP
00000867                    	.debug
00000867 2E 00 73 00        		.dw '.stabn 0x44,0,133,',0,0
         74 00 61 00
         62 00 6E 00
         20 00 30 00
         78 00 34 00
         34 00 2C 00
         30 00 2C 00
         31 00 33 00
         33 00 2C 00
         00 00 00 00
0000087B 88 00 00 00        		.dd LM24-_main
0000087D 0D 00 0A 00        		.dw 0x0d,0x0a
0000C9DE                    	.code
                            	LM24:
0000C9DE 0F 9F 7F CA        		PC=L6	// jump
                            	L9:
0000087F                    	.debug
0000087F 2E 00 73 00        		.dw '.stabn 0x44,0,136,',0,0
         74 00 61 00
         62 00 6E 00
         20 00 30 00
         78 00 34 00
         34 00 2C 00
         30 00 2C 00
         31 00 33 00
         36 00 2C 00
         00 00 00 00
00000893 8A 00 00 00        		.dd LM25-_main
00000895 0D 00 0A 00        		.dw 0x0d,0x0a
0000C9E0                    	.code
                            	LM25:
0000C9E0 40 92              		R1=0	// QImode move
0000C9E1 19 D3 9B 05        		[_PlayCon]=R1	// QImode move
00000897                    	.debug
00000897 2E 00 73 00        		.dw '.stabn 0x44,0,137,',0,0
         74 00 61 00
         62 00 6E 00
         20 00 30 00
         78 00 34 00
         34 00 2C 00
         30 00 2C 00
         31 00 33 00
         37 00 2C 00
         00 00 00 00
000008AB 8D 00 00 00        		.dd LM26-_main
000008AD 0D 00 0A 00        		.dw 0x0d,0x0a
0000C9E3                    	.code
                            	LM26:
0000C9E3 40 F0 7A C4        		CALL _SACM_DVR1800_Stop	// call without return value
000008AF                    	.debug
000008AF 2E 00 73 00        		.dw '.stabn 0x44,0,138,',0,0
         74 00 61 00
         62 00 6E 00
         20 00 30 00
         78 00 34 00
         34 00 2C 00
         30 00 2C 00
         31 00 33 00
         38 00 2C 00
         00 00 00 00
000008C3 8F 00 00 00        		.dd LM27-_main
000008C5 0D 00 0A 00        		.dw 0x0d,0x0a
0000C9E5                    	.code
                            	LM27:
0000C9E5 0F 9F 7F CA        		PC=L6	// jump
                            	L10:
000008C7                    	.debug
000008C7 2E 00 73 00        		.dw '.stabn 0x44,0,141,',0,0
         74 00 61 00
         62 00 6E 00
         20 00 30 00
         78 00 34 00
         34 00 2C 00
         30 00 2C 00
         31 00 34 00
         31 00 2C 00
         00 00 00 00
000008DB 91 00 00 00        		.dd LM28-_main
000008DD 0D 00 0A 00        		.dw 0x0d,0x0a
0000C9E7                    	.code
                            	LM28:
0000C9E7 40 92              		R1=0	// QImode move
0000C9E8 19 D3 9B 05        		[_PlayCon]=R1	// QImode move
000008DF                    	.debug
000008DF 2E 00 73 00        		.dw '.stabn 0x44,0,142,',0,0
         74 00 61 00
         62 00 6E 00
         20 00 30 00
         78 00 34 00
         34 00 2C 00
         30 00 2C 00
         31 00 34 00
         32 00 2C 00
         00 00 00 00
000008F3 94 00 00 00        		.dd LM29-_main
000008F5 0D 00 0A 00        		.dw 0x0d,0x0a
0000C9EA                    	.code
                            	LM29:
0000C9EA 42 92              		R1=2	// QImode move
0000C9EB 19 D3 9C 05        		[_Mode]=R1	// QImode move
000008F7                    	.debug
000008F7 2E 00 73 00        		.dw '.stabn 0x44,0,143,',0,0
         74 00 61 00
         62 00 6E 00
         20 00 30 00
         78 00 34 00
         34 00 2C 00
         30 00 2C 00
         31 00 34 00
         33 00 2C 00
         00 00 00 00
0000090B 97 00 00 00        		.dd LM30-_main
0000090D 0D 00 0A 00        		.dw 0x0d,0x0a
0000C9ED                    	.code
                            	LM30:
0000C9ED 40 92              		R1=0	// QImode move
0000C9EE C8 D2              		[SP--]=R1	// QImode move
0000C9EF 40 92              		R1=0	// QImode move
0000C9F0 C8 D2              		[SP--]=R1	// QImode move
0000C9F1 40 F0 13 CB        		CALL _USER_DVR1800_SetStartAddr	// call with return value
0000C9F3 42 00              		SP = SP + 2	//SP
0000090F                    	.debug
0000090F 2E 00 73 00        		.dw '.stabn 0x44,0,144,',0,0
         74 00 61 00
         62 00 6E 00
         20 00 30 00
         78 00 34 00
         34 00 2C 00
         30 00 2C 00
         31 00 34 00
         34 00 2C 00
         00 00 00 00
00000923 9E 00 00 00        		.dd LM31-_main
00000925 0D 00 0A 00        		.dw 0x0d,0x0a
0000C9F4                    	.code
                            	LM31:
0000C9F4 43 92              		R1=3	// QImode move
0000C9F5 C8 D2              		[SP--]=R1	// QImode move
0000C9F6 43 92              		R1=3	// QImode move
0000C9F7 C8 D2              		[SP--]=R1	// QImode move
0000C9F8 41 62              		R1=(-1)	// QImode move
0000C9F9 C8 D2              		[SP--]=R1	// QImode move
0000C9FA 40 F0 AE C3        		CALL _SACM_DVR1800_Play	// call without return value
0000C9FC 43 00              		SP = SP + 3	//SP
00000927                    	.debug
00000927 2E 00 73 00        		.dw '.stabn 0x44,0,145,',0,0
         74 00 61 00
         62 00 6E 00
         20 00 30 00
         78 00 34 00
         34 00 2C 00
         30 00 2C 00
         31 00 34 00
         35 00 2C 00
         00 00 00 00
0000093B A7 00 00 00        		.dd LM32-_main
0000093D 0D 00 0A 00        		.dw 0x0d,0x0a
0000C9FD                    	.code
                            	LM32:
0000C9FD 4A 92              		R1=10	// QImode move
0000C9FE C8 D2              		[SP--]=R1	// QImode move
0000C9FF 40 F0 D4 CA        		CALL _USER_DVR1800_Volume	// call without return value
0000CA01 41 00              		SP = SP + 1	//SP
0000093F                    	.debug
0000093F 2E 00 73 00        		.dw '.stabn 0x44,0,146,',0,0
         74 00 61 00
         62 00 6E 00
         20 00 30 00
         78 00 34 00
         34 00 2C 00
         30 00 2C 00
         31 00 34 00
         36 00 2C 00
         00 00 00 00
00000953 AC 00 00 00        		.dd LM33-_main
00000955 0D 00 0A 00        		.dw 0x0d,0x0a
0000CA02                    	.code
                            	LM33:
0000CA02 0F 9F 7F CA        		PC=L6	// jump
                            	L11:
00000957                    	.debug
00000957 2E 00 73 00        		.dw '.stabn 0x44,0,149,',0,0
         74 00 61 00
         62 00 6E 00
         20 00 30 00
         78 00 34 00
         34 00 2C 00
         30 00 2C 00
         31 00 34 00
         39 00 2C 00
         00 00 00 00
0000096B AE 00 00 00        		.dd LM34-_main
0000096D 0D 00 0A 00        		.dw 0x0d,0x0a
0000CA04                    	.code
                            	LM34:
0000CA04 12 95 94 05        		R2=[_SpeechIndex]	// QImode move
0000CA06 0A 03 01 00        		R1=R2+1
0000CA08 01 95              		R2=R1	// QImode move
0000CA09 1A D5 94 05        		[_SpeechIndex]=R2	// QImode move
0000CA0B 41 44              		CMP R2,1	// QImode compare
0000CA0C 05 8E 01 EE        		NSJNA L12	//QImode LEU
         00 EE      
0000096F                    	.debug
0000096F 2E 00 73 00        		.dw '.stabn 0x44,0,150,',0,0
         74 00 61 00
         62 00 6E 00
         20 00 30 00
         78 00 34 00
         34 00 2C 00
         30 00 2C 00
         31 00 35 00
         30 00 2C 00
         00 00 00 00
00000983 B9 00 00 00        		.dd LM35-_main
00000985 0D 00 0A 00        		.dw 0x0d,0x0a
0000CA0F                    	.code
                            	LM35:
0000CA0F 40 92              		R1=0	// QImode move
0000CA10 19 D3 94 05        		[_SpeechIndex]=R1	// QImode move
                            	L12:
00000987                    	.debug
00000987 2E 00 73 00        		.dw '.stabn 0x44,0,151,',0,0
         74 00 61 00
         62 00 6E 00
         20 00 30 00
         78 00 34 00
         34 00 2C 00
         30 00 2C 00
         31 00 35 00
         31 00 2C 00
         00 00 00 00
0000099B BC 00 00 00        		.dd LM36-_main
0000099D 0D 00 0A 00        		.dw 0x0d,0x0a
0000CA12                    	.code
                            	LM36:
0000CA12 40 92              		R1=0	// QImode move
0000CA13 19 D3 9B 05        		[_PlayCon]=R1	// QImode move
0000099F                    	.debug
0000099F 2E 00 73 00        		.dw '.stabn 0x44,0,152,',0,0
         74 00 61 00
         62 00 6E 00
         20 00 30 00
         78 00 34 00
         34 00 2C 00
         30 00 2C 00
         31 00 35 00
         32 00 2C 00
         00 00 00 00
000009B3 BF 00 00 00        		.dd LM37-_main
000009B5 0D 00 0A 00        		.dw 0x0d,0x0a
0000CA15                    	.code
                            	LM37:
0000CA15 40 92              		R1=0	// QImode move
0000CA16 19 D3 9C 05        		[_Mode]=R1	// QImode move
000009B7                    	.debug
000009B7 2E 00 73 00        		.dw '.stabn 0x44,0,153,',0,0
         74 00 61 00
         62 00 6E 00
         20 00 30 00
         78 00 34 00
         34 00 2C 00
         30 00 2C 00
         31 00 35 00
         33 00 2C 00
         00 00 00 00
000009CB C2 00 00 00        		.dd LM38-_main
000009CD 0D 00 0A 00        		.dw 0x0d,0x0a
0000CA18                    	.code
                            	LM38:
0000CA18 43 92              		R1=3	// QImode move
0000CA19 C8 D2              		[SP--]=R1	// QImode move
0000CA1A 43 92              		R1=3	// QImode move
0000CA1B C8 D2              		[SP--]=R1	// QImode move
0000CA1C 11 93 94 05        		R1=[_SpeechIndex]	// QImode move
0000CA1E C8 D2              		[SP--]=R1	// QImode move
0000CA1F 40 F0 AE C3        		CALL _SACM_DVR1800_Play	// call without return value
0000CA21 43 00              		SP = SP + 3	//SP
000009CF                    	.debug
000009CF 2E 00 73 00        		.dw '.stabn 0x44,0,154,',0,0
         74 00 61 00
         62 00 6E 00
         20 00 30 00
         78 00 34 00
         34 00 2C 00
         30 00 2C 00
         31 00 35 00
         34 00 2C 00
         00 00 00 00
000009E3 CC 00 00 00        		.dd LM39-_main
000009E5 0D 00 0A 00        		.dw 0x0d,0x0a
0000CA22                    	.code
                            	LM39:
0000CA22 0F 9F 7F CA        		PC=L6	// jump
                            	L13:
000009E7                    	.debug
000009E7 2E 00 73 00        		.dw '.stabn 0x44,0,157,',0,0
         74 00 61 00
         62 00 6E 00
         20 00 30 00
         78 00 34 00
         34 00 2C 00
         30 00 2C 00
         31 00 35 00
         37 00 2C 00
         00 00 00 00
000009FB CE 00 00 00        		.dd LM40-_main
000009FD 0D 00 0A 00        		.dw 0x0d,0x0a
0000CA24                    	.code
                            	LM40:
0000CA24 11 93 9A 05        		R1=[_PauseFlag]	// QImode move
0000CA26 41 82              		R1=R1^1
0000CA27 19 D3 9A 05        		[_PauseFlag]=R1	// QImode move
000009FF                    	.debug
000009FF 2E 00 73 00        		.dw '.stabn 0x44,0,158,',0,0
         74 00 61 00
         62 00 6E 00
         20 00 30 00
         78 00 34 00
         34 00 2C 00
         30 00 2C 00
         31 00 35 00
         38 00 2C 00
         00 00 00 00
00000A13 D3 00 00 00        		.dd LM41-_main
00000A15 0D 00 0A 00        		.dw 0x0d,0x0a
0000CA29                    	.code
                            	LM41:
0000CA29 11 93 9A 05        		R1=[_PauseFlag]	// QImode move
0000CA2B 40 42              		CMP R1,0	// QImode test
0000CA2C 06 5E 01 EE        		NSJZ L14	//QImode EQ
         00 EE      
00000A17                    	.debug
00000A17 2E 00 73 00        		.dw '.stabn 0x44,0,159,',0,0
         74 00 61 00
         62 00 6E 00
         20 00 30 00
         78 00 34 00
         34 00 2C 00
         30 00 2C 00
         31 00 35 00
         39 00 2C 00
         00 00 00 00
00000A2B D9 00 00 00        		.dd LM42-_main
00000A2D 0D 00 0A 00        		.dw 0x0d,0x0a
0000CA2F                    	.code
                            	LM42:
0000CA2F 40 F0 9F C5        		CALL _SACM_DVR1800_Pause	// call without return value
0000CA31 0F 9F 35 CA        		PC=L15	// jump
                            	L14:
00000A2F                    	.debug
00000A2F 2E 00 73 00        		.dw '.stabn 0x44,0,161,',0,0
         74 00 61 00
         62 00 6E 00
         20 00 30 00
         78 00 34 00
         34 00 2C 00
         30 00 2C 00
         31 00 36 00
         31 00 2C 00
         00 00 00 00
00000A43 DD 00 00 00        		.dd LM43-_main
00000A45 0D 00 0A 00        		.dw 0x0d,0x0a
0000CA33                    	.code
                            	LM43:
0000CA33 40 F0 AB C5        		CALL _SACM_DVR1800_Resume	// call without return value
                            	L15:
00000A47                    	.debug
00000A47 2E 00 73 00        		.dw '.stabn 0x44,0,162,',0,0
         74 00 61 00
         62 00 6E 00
         20 00 30 00
         78 00 34 00
         34 00 2C 00
         30 00 2C 00
         31 00 36 00
         32 00 2C 00
         00 00 00 00
00000A5B DF 00 00 00        		.dd LM44-_main
00000A5D 0D 00 0A 00        		.dw 0x0d,0x0a
0000CA35                    	.code
                            	LM44:
0000CA35 0F 9F 7F CA        		PC=L6	// jump
                            	L16:
00000A5F                    	.debug
00000A5F 2E 00 73 00        		.dw '.stabn 0x44,0,165,',0,0
         74 00 61 00
         62 00 6E 00
         20 00 30 00
         78 00 34 00
         34 00 2C 00
         30 00 2C 00
         31 00 36 00
         35 00 2C 00
         00 00 00 00
00000A73 E1 00 00 00        		.dd LM45-_main
00000A75 0D 00 0A 00        		.dw 0x0d,0x0a
0000CA37                    	.code
                            	LM45:
0000CA37 12 95 95 05        		R2=[_VolumeIndex]	// QImode move
0000CA39 0A 03 01 00        		R1=R2+1
0000CA3B 01 95              		R2=R1	// QImode move
0000CA3C 1A D5 95 05        		[_VolumeIndex]=R2	// QImode move
0000CA3E 4F 44              		CMP R2,15	// QImode compare
0000CA3F 05 8E 01 EE        		NSJNA L17	//QImode LEU
         00 EE      
00000A77                    	.debug
00000A77 2E 00 73 00        		.dw '.stabn 0x44,0,166,',0,0
         74 00 61 00
         62 00 6E 00
         20 00 30 00
         78 00 34 00
         34 00 2C 00
         30 00 2C 00
         31 00 36 00
         36 00 2C 00
         00 00 00 00
00000A8B EC 00 00 00        		.dd LM46-_main
00000A8D 0D 00 0A 00        		.dw 0x0d,0x0a
0000CA42                    	.code
                            	LM46:
0000CA42 40 92              		R1=0	// QImode move
0000CA43 19 D3 95 05        		[_VolumeIndex]=R1	// QImode move
                            	L17:
00000A8F                    	.debug
00000A8F 2E 00 73 00        		.dw '.stabn 0x44,0,167,',0,0
         74 00 61 00
         62 00 6E 00
         20 00 30 00
         78 00 34 00
         34 00 2C 00
         30 00 2C 00
         31 00 36 00
         37 00 2C 00
         00 00 00 00
00000AA3 EF 00 00 00        		.dd LM47-_main
00000AA5 0D 00 0A 00        		.dw 0x0d,0x0a
0000CA45                    	.code
                            	LM47:
0000CA45 11 93 95 05        		R1=[_VolumeIndex]	// QImode move
0000CA47 C8 D2              		[SP--]=R1	// QImode move
0000CA48 40 F0 D4 CA        		CALL _USER_DVR1800_Volume	// call without return value
0000CA4A 41 00              		SP = SP + 1	//SP
00000AA7                    	.debug
00000AA7 2E 00 73 00        		.dw '.stabn 0x44,0,168,',0,0
         74 00 61 00
         62 00 6E 00
         20 00 30 00
         78 00 34 00
         34 00 2C 00
         30 00 2C 00
         31 00 36 00
         38 00 2C 00
         00 00 00 00
00000ABB F5 00 00 00        		.dd LM48-_main
00000ABD 0D 00 0A 00        		.dw 0x0d,0x0a
0000CA4B                    	.code
                            	LM48:
0000CA4B 0F 9F 7F CA        		PC=L6	// jump
                            	L18:
00000ABF                    	.debug
00000ABF 2E 00 73 00        		.dw '.stabn 0x44,0,171,',0,0
         74 00 61 00
         62 00 6E 00
         20 00 30 00
         78 00 34 00
         34 00 2C 00
         30 00 2C 00
         31 00 37 00
         31 00 2C 00
         00 00 00 00
00000AD3 F7 00 00 00        		.dd LM49-_main
00000AD5 0D 00 0A 00        		.dw 0x0d,0x0a
0000CA4D                    	.code
                            	LM49:
0000CA4D 12 95 99 05        		R2=[_DAC_FIR_Type]	// QImode move
0000CA4F 0A 03 01 00        		R1=R2+1
0000CA51 01 95              		R2=R1	// QImode move
0000CA52 1A D5 99 05        		[_DAC_FIR_Type]=R2	// QImode move
0000CA54 43 44              		CMP R2,3	// QImode compare
0000CA55 05 8E 01 EE        		NSJNA L19	//QImode LEU
         00 EE      
00000AD7                    	.debug
00000AD7 2E 00 73 00        		.dw '.stabn 0x44,0,172,',0,0
         74 00 61 00
         62 00 6E 00
         20 00 30 00
         78 00 34 00
         34 00 2C 00
         30 00 2C 00
         31 00 37 00
         32 00 2C 00
         00 00 00 00
00000AEB 02 01 00 00        		.dd LM50-_main
00000AED 0D 00 0A 00        		.dw 0x0d,0x0a
0000CA58                    	.code
                            	LM50:
0000CA58 40 92              		R1=0	// QImode move
0000CA59 19 D3 99 05        		[_DAC_FIR_Type]=R1	// QImode move
                            	L19:
00000AEF                    	.debug
00000AEF 2E 00 73 00        		.dw '.stabn 0x44,0,173,',0,0
         74 00 61 00
         62 00 6E 00
         20 00 30 00
         78 00 34 00
         34 00 2C 00
         30 00 2C 00
         31 00 37 00
         33 00 2C 00
         00 00 00 00
00000B03 05 01 00 00        		.dd LM51-_main
00000B05 0D 00 0A 00        		.dw 0x0d,0x0a
0000CA5B                    	.code
                            	LM51:
0000CA5B 11 93 99 05        		R1=[_DAC_FIR_Type]	// QImode move
0000CA5D C8 D2              		[SP--]=R1	// QImode move
0000CA5E 40 F0 8B C3        		CALL _SACM_DVR1800_DA_FIRType	// call without return value
0000CA60 41 00              		SP = SP + 1	//SP
00000B07                    	.debug
00000B07 2E 00 73 00        		.dw '.stabn 0x44,0,174,',0,0
         74 00 61 00
         62 00 6E 00
         20 00 30 00
         78 00 34 00
         34 00 2C 00
         30 00 2C 00
         31 00 37 00
         34 00 2C 00
         00 00 00 00
00000B1B 0B 01 00 00        		.dd LM52-_main
00000B1D 0D 00 0A 00        		.dw 0x0d,0x0a
0000CA61                    	.code
                            	LM52:
0000CA61 0F 9F 7F CA        		PC=L6	// jump
                            	L20:
00000B1F                    	.debug
00000B1F 2E 00 73 00        		.dw '.stabn 0x44,0,177,',0,0
         74 00 61 00
         62 00 6E 00
         20 00 30 00
         78 00 34 00
         34 00 2C 00
         30 00 2C 00
         31 00 37 00
         37 00 2C 00
         00 00 00 00
00000B33 0D 01 00 00        		.dd LM53-_main
00000B35 0D 00 0A 00        		.dw 0x0d,0x0a
0000CA63                    	.code
                            	LM53:
0000CA63 41 92              		R1=1	// QImode move
0000CA64 19 D3 9B 05        		[_PlayCon]=R1	// QImode move
00000B37                    	.debug
00000B37 2E 00 73 00        		.dw '.stabn 0x44,0,178,',0,0
         74 00 61 00
         62 00 6E 00
         20 00 30 00
         78 00 34 00
         34 00 2C 00
         30 00 2C 00
         31 00 37 00
         38 00 2C 00
         00 00 00 00
00000B4B 10 01 00 00        		.dd LM54-_main
00000B4D 0D 00 0A 00        		.dw 0x0d,0x0a
0000CA66                    	.code
                            	LM54:
0000CA66 40 92              		R1=0	// QImode move
0000CA67 19 D3 9C 05        		[_Mode]=R1	// QImode move
00000B4F                    	.debug
00000B4F 2E 00 73 00        		.dw '.stabn 0x44,0,179,',0,0
         74 00 61 00
         62 00 6E 00
         20 00 30 00
         78 00 34 00
         34 00 2C 00
         30 00 2C 00
         31 00 37 00
         39 00 2C 00
         00 00 00 00
00000B63 13 01 00 00        		.dd LM55-_main
00000B65 0D 00 0A 00        		.dw 0x0d,0x0a
0000CA69                    	.code
                            	LM55:
0000CA69 40 92              		R1=0	// QImode move
0000CA6A 19 D3 94 05        		[_SpeechIndex]=R1	// QImode move
00000B67                    	.debug
00000B67 2E 00 73 00        		.dw '.stabn 0x44,0,180,',0,0
         74 00 61 00
         62 00 6E 00
         20 00 30 00
         78 00 34 00
         34 00 2C 00
         30 00 2C 00
         31 00 38 00
         30 00 2C 00
         00 00 00 00
00000B7B 16 01 00 00        		.dd LM56-_main
00000B7D 0D 00 0A 00        		.dw 0x0d,0x0a
0000CA6C                    	.code
                            	LM56:
0000CA6C 11 93 94 05        		R1=[_SpeechIndex]	// QImode move
0000CA6E C8 D2              		[SP--]=R1	// QImode move
0000CA6F 40 F0 13 CB        		CALL _USER_DVR1800_SetStartAddr	// call with return value
0000CA71 41 00              		SP = SP + 1	//SP
00000B7F                    	.debug
00000B7F 2E 00 73 00        		.dw '.stabn 0x44,0,181,',0,0
         74 00 61 00
         62 00 6E 00
         20 00 30 00
         78 00 34 00
         34 00 2C 00
         30 00 2C 00
         31 00 38 00
         31 00 2C 00
         00 00 00 00
00000B93 1C 01 00 00        		.dd LM57-_main
00000B95 0D 00 0A 00        		.dw 0x0d,0x0a
0000CA72                    	.code
                            	LM57:
0000CA72 41 92              		R1=1	// QImode move
0000CA73 C8 D2              		[SP--]=R1	// QImode move
0000CA74 43 92              		R1=3	// QImode move
0000CA75 C8 D2              		[SP--]=R1	// QImode move
0000CA76 41 62              		R1=(-1)	// QImode move
0000CA77 C8 D2              		[SP--]=R1	// QImode move
0000CA78 40 F0 AE C3        		CALL _SACM_DVR1800_Play	// call without return value
0000CA7A 43 00              		SP = SP + 3	//SP
00000B97                    	.debug
00000B97 2E 00 73 00        		.dw '.stabn 0x44,0,182,',0,0
         74 00 61 00
         62 00 6E 00
         20 00 30 00
         78 00 34 00
         34 00 2C 00
         30 00 2C 00
         31 00 38 00
         32 00 2C 00
         00 00 00 00
00000BAB 25 01 00 00        		.dd LM58-_main
00000BAD 0D 00 0A 00        		.dw 0x0d,0x0a
0000CA7B                    	.code
                            	LM58:
0000CA7B 0F 9F 7F CA        		PC=L6	// jump
                            	L21:
00000BAF                    	.debug
00000BAF 2E 00 73 00        		.dw '.stabn 0x44,0,185,',0,0
         74 00 61 00
         62 00 6E 00
         20 00 30 00
         78 00 34 00
         34 00 2C 00
         30 00 2C 00
         31 00 38 00
         35 00 2C 00
         00 00 00 00
00000BC3 27 01 00 00        		.dd LM59-_main
00000BC5 0D 00 0A 00        		.dw 0x0d,0x0a
0000CA7D                    	.code
                            	LM59:
0000CA7D 0F 9F 7F CA        		PC=L6	// jump
00000BC7                    	.debug
00000BC7 2E 00 73 00        		.dw '.stabn 0x44,0,186,',0,0
         74 00 61 00
         62 00 6E 00
         20 00 30 00
         78 00 34 00
         34 00 2C 00
         30 00 2C 00
         31 00 38 00
         36 00 2C 00
         00 00 00 00
00000BDB 29 01 00 00        		.dd LM60-_main
00000BDD 0D 00 0A 00        		.dw 0x0d,0x0a
0000CA7F                    	.code
                            	LM60:
                            	LBE3:
                            	L6:
00000BDF                    	.debug
00000BDF 2E 00 73 00        		.dw '.stabn 0x44,0,187,',0,0
         74 00 61 00
         62 00 6E 00
         20 00 30 00
         78 00 34 00
         34 00 2C 00
         30 00 2C 00
         31 00 38 00
         37 00 2C 00
         00 00 00 00
00000BF3 29 01 00 00        		.dd LM61-_main
00000BF5 0D 00 0A 00        		.dw 0x0d,0x0a
0000CA7F                    	.code
                            	LM61:
0000CA7F 11 93 9B 05        		R1=[_PlayCon]	// QImode move
0000CA81 40 42              		CMP R1,0	// QImode test
0000CA82 26 5E 01 EE        		NSJZ L25	//QImode EQ
         00 EE      
00000BF7                    	.debug
00000BF7 2E 00 73 00        		.dw '.stabn 0x44,0,189,',0,0
         74 00 61 00
         62 00 6E 00
         20 00 30 00
         78 00 34 00
         34 00 2C 00
         30 00 2C 00
         31 00 38 00
         39 00 2C 00
         00 00 00 00
00000C0B 2F 01 00 00        		.dd LM62-_main
00000C0D 0D 00 0A 00        		.dw 0x0d,0x0a
0000CA85                    	.code
                            	LM62:
0000CA85 40 F0 77 C4        		CALL _SACM_DVR1800_Check_Con	// call with return value
0000CA87 09 43 FF FF        		CMP R1,(-1)	// QImode compare
0000CA89 1F 4E 01 EE        		NSJNZ L25	//QImode NE
         00 EE      
00000C0F                    	.debug
00000C0F 2E 00 73 00        		.dw '.stabn 0x44,0,191,',0,0
         74 00 61 00
         62 00 6E 00
         20 00 30 00
         78 00 34 00
         34 00 2C 00
         30 00 2C 00
         31 00 39 00
         31 00 2C 00
         00 00 00 00
00000C23 36 01 00 00        		.dd LM63-_main
00000C25 0D 00 0A 00        		.dw 0x0d,0x0a
0000CA8C                    	.code
                            	LM63:
                            	LBB4:
0000CA8C 12 95 94 05        		R2=[_SpeechIndex]	// QImode move
0000CA8E 0A 03 01 00        		R1=R2+1
0000CA90 01 95              		R2=R1	// QImode move
0000CA91 1A D5 94 05        		[_SpeechIndex]=R2	// QImode move
0000CA93 41 44              		CMP R2,1	// QImode compare
0000CA94 05 8E 01 EE        		NSJNA L27	//QImode LEU
         00 EE      
00000C27                    	.debug
00000C27 2E 00 73 00        		.dw '.stabn 0x44,0,192,',0,0
         74 00 61 00
         62 00 6E 00
         20 00 30 00
         78 00 34 00
         34 00 2C 00
         30 00 2C 00
         31 00 39 00
         32 00 2C 00
         00 00 00 00
00000C3B 41 01 00 00        		.dd LM64-_main
00000C3D 0D 00 0A 00        		.dw 0x0d,0x0a
0000CA97                    	.code
                            	LM64:
0000CA97 40 92              		R1=0	// QImode move
0000CA98 19 D3 94 05        		[_SpeechIndex]=R1	// QImode move
                            	L27:
00000C3F                    	.debug
00000C3F 2E 00 73 00        		.dw '.stabn 0x44,0,193,',0,0
         74 00 61 00
         62 00 6E 00
         20 00 30 00
         78 00 34 00
         34 00 2C 00
         30 00 2C 00
         31 00 39 00
         33 00 2C 00
         00 00 00 00
00000C53 44 01 00 00        		.dd LM65-_main
00000C55 0D 00 0A 00        		.dw 0x0d,0x0a
0000CA9A                    	.code
                            	LM65:
0000CA9A 11 93 94 05        		R1=[_SpeechIndex]	// QImode move
0000CA9C C8 D2              		[SP--]=R1	// QImode move
0000CA9D 40 F0 2E CB        		CALL _USER_DVR1800_SetStartAddr_Con	// call with return value
0000CA9F 41 00              		SP = SP + 1	//SP
00000C57                    	.debug
00000C57 2E 00 73 00        		.dw '.stabn 0x44,0,194,',0,0
         74 00 61 00
         62 00 6E 00
         20 00 30 00
         78 00 34 00
         34 00 2C 00
         30 00 2C 00
         31 00 39 00
         34 00 2C 00
         00 00 00 00
00000C6B 4A 01 00 00        		.dd LM66-_main
00000C6D 0D 00 0A 00        		.dw 0x0d,0x0a
0000CAA0                    	.code
                            	LM66:
0000CAA0 42 92              		R1=2	// QImode move
0000CAA1 C8 D2              		[SP--]=R1	// QImode move
0000CAA2 43 92              		R1=3	// QImode move
0000CAA3 C8 D2              		[SP--]=R1	// QImode move
0000CAA4 41 62              		R1=(-1)	// QImode move
0000CAA5 C8 D2              		[SP--]=R1	// QImode move
0000CAA6 40 F0 46 C4        		CALL _SACM_DVR1800_Play_Con	// call without return value
0000CAA8 43 00              		SP = SP + 3	//SP
00000C6F                    	.debug
00000C6F 2E 00 73 00        		.dw '.stabn 0x44,0,195,',0,0
         74 00 61 00
         62 00 6E 00
         20 00 30 00
         78 00 34 00
         34 00 2C 00
         30 00 2C 00
         31 00 39 00
         35 00 2C 00
         00 00 00 00
00000C83 53 01 00 00        		.dd LM67-_main
00000C85 0D 00 0A 00        		.dw 0x0d,0x0a
0000CAA9                    	.code
                            	LM67:
                            	LBE4:
                            	L26:
                            	L25:
00000C87                    	.debug
00000C87 2E 00 73 00        		.dw '.stabn 0x44,0,198,',0,0
         74 00 61 00
         62 00 6E 00
         20 00 30 00
         78 00 34 00
         34 00 2C 00
         30 00 2C 00
         31 00 39 00
         38 00 2C 00
         00 00 00 00
00000C9B 53 01 00 00        		.dd LM68-_main
00000C9D 0D 00 0A 00        		.dw 0x0d,0x0a
0000CAA9                    	.code
                            	LM68:
0000CAA9 40 F0 1B C5        		CALL _SACM_DVR1800_ServiceLoop	// call without return value
                            	L28:
00000C9F                    	.debug
00000C9F 2E 00 73 00        		.dw '.stabn 0x44,0,199,',0,0
         74 00 61 00
         62 00 6E 00
         20 00 30 00
         78 00 34 00
         34 00 2C 00
         30 00 2C 00
         31 00 39 00
         39 00 2C 00
         00 00 00 00
00000CB3 55 01 00 00        		.dd LM69-_main
00000CB5 0D 00 0A 00        		.dw 0x0d,0x0a
0000CAAB                    	.code
                            	LM69:
0000CAAB 40 F0 BC CB        		CALL _System_ServiceLoop	// call without return value
00000CB7                    	.debug
00000CB7 2E 00 73 00        		.dw '.stabn 0x44,0,200,',0,0
         74 00 61 00
         62 00 6E 00
         20 00 30 00
         78 00 34 00
         34 00 2C 00
         30 00 2C 00
         32 00 30 00
         30 00 2C 00
         00 00 00 00
00000CCB 57 01 00 00        		.dd LM70-_main
00000CCD 0D 00 0A 00        		.dw 0x0d,0x0a
0000CAAD                    	.code
                            	LM70:
0000CAAD 0F 9F 7B C9        		PC=L3	// jump
                            	L4:
00000CCF                    	.debug
00000CCF 2E 00 73 00        		.dw '.stabn 0x44,0,201,',0,0
         74 00 61 00
         62 00 6E 00
         20 00 30 00
         78 00 34 00
         34 00 2C 00
         30 00 2C 00
         32 00 30 00
         31 00 2C 00
         00 00 00 00
00000CE3 59 01 00 00        		.dd LM71-_main
00000CE5 0D 00 0A 00        		.dw 0x0d,0x0a
0000CAAF                    	.code
                            	LM71:
0000CAAF 40 92              		R1=0	// QImode move
0000CAB0 0F 9F B2 CA        		PC=L2	// jump
00000CE7                    	.debug
00000CE7 2E 00 73 00        		.dw '.stabn 0x44,0,202,',0,0
         74 00 61 00
         62 00 6E 00
         20 00 30 00
         78 00 34 00
         34 00 2C 00
         30 00 2C 00
         32 00 30 00
         32 00 2C 00
         00 00 00 00
00000CFB 5C 01 00 00        		.dd LM72-_main
00000CFD 0D 00 0A 00        		.dw 0x0d,0x0a
0000CAB2                    	.code
                            	LM72:
                            	LBE2:
00000CFF                    	.debug
00000CFF 2E 00 73 00        		.dw '.stabn 0x44,0,202,',0,0
         74 00 61 00
         62 00 6E 00
         20 00 30 00
         78 00 34 00
         34 00 2C 00
         30 00 2C 00
         32 00 30 00
         32 00 2C 00
         00 00 00 00
00000D13 5C 01 00 00        		.dd LM73-_main
00000D15 0D 00 0A 00        		.dw 0x0d,0x0a
0000CAB2                    	.code
                            	LM73:
                            	L2:
                            	
0000CAB2 41 00              		SP+=1
0000CAB3 88 98              		POP BP from [SP]
0000CAB4 90 9A              		RETF
                            		.endp	// end of main
                            	
00000D17                    	.debug
00000D17 2E 00 73 00        		.dw '.stabn 0xc0,0,0,',0,0
         74 00 61 00
         62 00 6E 00
         20 00 30 00
         78 00 63 00
         30 00 2C 00
         30 00 2C 00
         30 00 2C 00
         00 00 00 00
00000D29 07 00 00 00        		.dd LBB2-_main
00000D2B 0D 00 0A 00        		.dw 0x0d,0x0a
0000CAB5                    	.code
00000D2D                    	.debug
00000D2D 2E 00 73 00        		.dw '.stabn 0xc0,0,0,',0,0
         74 00 61 00
         62 00 6E 00
         20 00 30 00
         78 00 63 00
         30 00 2C 00
         30 00 2C 00
         30 00 2C 00
         00 00 00 00
00000D3F 63 00 00 00        		.dd LBB3-_main
00000D41 0D 00 0A 00        		.dw 0x0d,0x0a
0000CAB5                    	.code
00000D43                    	.debug
00000D43 2E 00 73 00        		.dw '.stabn 0xe0,0,0,',0,0
         74 00 61 00
         62 00 6E 00
         20 00 30 00
         78 00 65 00
         30 00 2C 00
         30 00 2C 00
         30 00 2C 00
         00 00 00 00
00000D55 29 01 00 00        		.dd LBE3-_main
00000D57 0D 00 0A 00        		.dw 0x0d,0x0a
0000CAB5                    	.code
00000D59                    	.debug
00000D59 2E 00 73 00        		.dw '.stabn 0xc0,0,0,',0,0
         74 00 61 00
         62 00 6E 00
         20 00 30 00
         78 00 63 00
         30 00 2C 00
         30 00 2C 00
         30 00 2C 00
         00 00 00 00
00000D6B 36 01 00 00        		.dd LBB4-_main
00000D6D 0D 00 0A 00        		.dw 0x0d,0x0a
0000CAB5                    	.code
00000D6F                    	.debug
00000D6F 2E 00 73 00        		.dw '.stabn 0xe0,0,0,',0,0
         74 00 61 00
         62 00 6E 00
         20 00 30 00
         78 00 65 00
         30 00 2C 00
         30 00 2C 00
         30 00 2C 00
         00 00 00 00
00000D81 53 01 00 00        		.dd LBE4-_main
00000D83 0D 00 0A 00        		.dw 0x0d,0x0a
0000CAB5                    	.code
00000D85                    	.debug
00000D85 2E 00 73 00        		.dw '.stabn 0xe0,0,0,',0,0
         74 00 61 00
         62 00 6E 00
         20 00 30 00
         78 00 65 00
         30 00 2C 00
         30 00 2C 00
         30 00 2C 00
         00 00 00 00
00000D97 5C 01 00 00        		.dd LBE2-_main
00000D99 0D 00 0A 00        		.dw 0x0d,0x0a
0000CAB5                    	.code
00000D9B                    	.debug
00000D9B 2E 00 73 00        		.dw '.stabf ',0,0
         74 00 61 00
         62 00 66 00
         20 00 00 00
         00 00      
00000DA4 5F 01 00 00        		.dd LME1-_main
00000DA6 0D 00 0A 00        		.dw 0x0d,0x0a
0000CAB5                    	.code
                            	LME1:
00000593                    	.iram
                            	.public _Key
                            	_Key:
00000593 00 00              		.dw 0
00000594                    	.iram
                            	.public _SpeechIndex
                            	_SpeechIndex:
00000594 00 00              		.dw 0
00000595                    	.iram
                            	.public _VolumeIndex
                            	_VolumeIndex:
00000595 00 00              		.dw 0
00000596                    	.iram
                            	.public _BitRate
                            	_BitRate:
00000596 00 00              		.dw 0
00000597                    	.iram
                            	.public _ADC_Channel
                            	_ADC_Channel:
00000597 00 00              		.dw 0
00000598                    	.iram
                            	.public _ADC_FIR_Type
                            	_ADC_FIR_Type:
00000598 00 00              		.dw 0
00000599                    	.iram
                            	.public _DAC_FIR_Type
                            	_DAC_FIR_Type:
00000599 00 00              		.dw 0
0000059A                    	.iram
                            	.public _PauseFlag
                            	_PauseFlag:
0000059A 00 00              		.dw 0
0000059B                    	.iram
                            	.public _PlayCon
                            	_PlayCon:
0000059B 00 00              		.dw 0
0000059C                    	.iram
                            	.public _Mode
                            	_Mode:
0000059C 00 00              		.dw 0
                            	.external _System_ServiceLoop
                            	.external _SACM_DVR1800_ServiceLoop
                            	.external _SACM_DVR1800_Play_Con
                            	.external _USER_DVR1800_SetStartAddr_Con
                            	.external _SACM_DVR1800_Check_Con
                            	.external _SACM_DVR1800_DA_FIRType
                            	.external _SACM_DVR1800_Resume
                            	.external _SACM_DVR1800_Pause
                            	.external _USER_DVR1800_Volume
                            	.external _SACM_DVR1800_Play
                            	.external _SACM_DVR1800_Stop
                            	.external _SACM_DVR1800_Rec
                            	.external _USER_DVR1800_SetStartAddr
                            	.external _SPI_Flash_Sector_Erase
                            	.external _SP_GetCh
                            	.external _SACM_DVR1800_Initial
                            	.external _SPI_Initial
                            	.external _System_Initial
                            		.end
0 error(s), 0 warning(s).

