Generalplus u'nSP Assembler - Ver. 1.14.13.0
              Listing File Has Been Relocated
                            	
                            	// Resource Table
                            	// Created by IDE, Do not modify this table
                            	
00008026                    	.TEXT
                            	.public _RES_Table;
                            	.external __RES_E316K_A18_sa
                            	.public _RES_E316K_A18_SA;
                            	.external __RES_E316K_A18_ea;
                            	.public _RES_E316K_A18_EA;
                            	
                            	
                            	_RES_Table:
                            	
                            	_RES_E316K_A18_SA:
00008026 CA CC 00 00        		.DW offset __RES_E316K_A18_sa,seg __RES_E316K_A18_sa;
                            	_RES_E316K_A18_EA:
00008028 85 FB 00 00        		.DW offset __RES_E316K_A18_ea,seg __RES_E316K_A18_ea;
                            	
                            	
                            	// End Table
                            	//------------------------------------------------
                            	// SACM DVR1800 Speech Table
                            	// -- User nees to add in the song/speech 
                            	//    for playback based on the _RES_Table above.
                            	//------------------------------------------------
                            	.public T_SACM_DVR1800_SpeechTable;
                            	T_SACM_DVR1800_SpeechTable:	
0000802A 26 80              	.dw _RES_E316K_A18_SA;
0 error(s), 0 warning(s).

