Generalplus u'nSP Assembler - Ver. 1.14.13.0
              Listing File Has Been Relocated
                            	// GCC for GeneralPlus u'nSP version 1.1.0.3
                            	// Command: C:\PROGRA~1\GENERA~1\UNSPID~1.4\toolchain\cc1.exe C:\DOCUME~1\raycheng\LOCALS~1\Temp\ccGrFEj9.i -fkeep-inline-functions -quiet -dumpbase main.c -mglobal-var-iram -gstabs -o .\Debug/main.asm
                            		.external __sn_func_ptr_sec
                            	
                            	// gcc2_compiled.:
                            	
00000000                    	.debug
00000000 2E 00 73 00        		.dw '.stabs "D:/WorkingFolder/Library_Release/SACMV41b_Beta/GPCE063A_Example_V41b/GPCE063A Example Code/DVR520/",0x64,0,3,',0,0,offset Ltext0,seg Ltext0,0x0d,0x0a
         74 00 61 00
         62 00 73 00
         20 00 22 00
         44 00 3A 00
         2F 00 57 00
         6F 00 72 00
         6B 00 69 00
         6E 00 67 00
         46 00 6F 00
         6C 00 64 00
         65 00 72 00
         2F 00 4C 00
         69 00 62 00
         72 00 61 00
         72 00 79 00
         5F 00 52 00
         65 00 6C 00
         65 00 61 00
         73 00 65 00
         2F 00 53 00
         41 00 43 00
         4D 00 56 00
         34 00 31 00
         62 00 5F 00
         42 00 65 00
         74 00 61 00
         2F 00 47 00
         50 00 43 00
         45 00 30 00
         36 00 33 00
         41 00 5F 00
         45 00 78 00
         61 00 6D 00
         70 00 6C 00
         65 00 5F 00
         56 00 34 00
         31 00 62 00
         2F 00 47 00
         50 00 43 00
         45 00 30 00
         36 00 33 00
         41 00 20 00
         45 00 78 00
         61 00 6D 00
         70 00 6C 00
         65 00 20 00
         43 00 6F 00
         64 00 65 00
         2F 00 44 00
         56 00 52 00
         35 00 32 00
         30 00 2F 00
         22 00 2C 00
         30 00 78 00
         36 00 34 00
         2C 00 30 00
         2C 00 33 00
         2C 00 00 00
         00 00 00 00
         00 00 0D 00
         0A 00      
0000C36E                    	.code
0000007B                    	.debug
0000007B 2E 00 73 00        		.dw '.stabs "D:/WorkingFolder/Library_Release/SACMV41b_Beta/GPCE063A_Example_V41b/GPCE063A Example Code/DVR520/main.c",0x64,0,3,',0,0,offset Ltext0,seg Ltext0,0x0d,0x0a
         74 00 61 00
         62 00 73 00
         20 00 22 00
         44 00 3A 00
         2F 00 57 00
         6F 00 72 00
         6B 00 69 00
         6E 00 67 00
         46 00 6F 00
         6C 00 64 00
         65 00 72 00
         2F 00 4C 00
         69 00 62 00
         72 00 61 00
         72 00 79 00
         5F 00 52 00
         65 00 6C 00
         65 00 61 00
         73 00 65 00
         2F 00 53 00
         41 00 43 00
         4D 00 56 00
         34 00 31 00
         62 00 5F 00
         42 00 65 00
         74 00 61 00
         2F 00 47 00
         50 00 43 00
         45 00 30 00
         36 00 33 00
         41 00 5F 00
         45 00 78 00
         61 00 6D 00
         70 00 6C 00
         65 00 5F 00
         56 00 34 00
         31 00 62 00
         2F 00 47 00
         50 00 43 00
         45 00 30 00
         36 00 33 00
         41 00 20 00
         45 00 78 00
         61 00 6D 00
         70 00 6C 00
         65 00 20 00
         43 00 6F 00
         64 00 65 00
         2F 00 44 00
         56 00 52 00
         35 00 32 00
         30 00 2F 00
         6D 00 61 00
         69 00 6E 00
         2E 00 63 00
         22 00 2C 00
         30 00 78 00
         36 00 34 00
         2C 00 30 00
         2C 00 33 00
         2C 00 00 00
         00 00 00 00
         00 00 0D 00
         0A 00      
0000C36E                    	.code
0000C36E                    	.code
                            	Ltext0:
000000FC                    	.debug
000000FC 2E 00 73 00        		.dw '.stabs "int:t1=r1;-32768;32767;",128,0,0,0',0x0d,0x0a
         74 00 61 00
         62 00 73 00
         20 00 22 00
         69 00 6E 00
         74 00 3A 00
         74 00 31 00
         3D 00 72 00
         31 00 3B 00
         2D 00 33 00
         32 00 37 00
         36 00 38 00
         3B 00 33 00
         32 00 37 00
         36 00 37 00
         3B 00 22 00
         2C 00 31 00
         32 00 38 00
         2C 00 30 00
         2C 00 30 00
         2C 00 30 00
         0D 00 0A 00
0000C36E                    	.CODE
00000128                    	.debug
00000128 2E 00 73 00        		.dw '.stabs "char:t2=r2;0;127;",128,0,0,0',0x0d,0x0a
         74 00 61 00
         62 00 73 00
         20 00 22 00
         63 00 68 00
         61 00 72 00
         3A 00 74 00
         32 00 3D 00
         72 00 32 00
         3B 00 30 00
         3B 00 31 00
         32 00 37 00
         3B 00 22 00
         2C 00 31 00
         32 00 38 00
         2C 00 30 00
         2C 00 30 00
         2C 00 30 00
         0D 00 0A 00
0000C36E                    	.CODE
0000014E                    	.debug
0000014E 2E 00 73 00        		.dw '.stabs "long int:t3=r3;-2147483648;2147483647;",128,0,0,0',0x0d,0x0a
         74 00 61 00
         62 00 73 00
         20 00 22 00
         6C 00 6F 00
         6E 00 67 00
         20 00 69 00
         6E 00 74 00
         3A 00 74 00
         33 00 3D 00
         72 00 33 00
         3B 00 2D 00
         32 00 31 00
         34 00 37 00
         34 00 38 00
         33 00 36 00
         34 00 38 00
         3B 00 32 00
         31 00 34 00
         37 00 34 00
         38 00 33 00
         36 00 34 00
         37 00 3B 00
         22 00 2C 00
         31 00 32 00
         38 00 2C 00
         30 00 2C 00
         30 00 2C 00
         30 00 0D 00
         0A 00      
0000C36E                    	.CODE
00000189                    	.debug
00000189 2E 00 73 00        		.dw '.stabs "unsigned int:t4=r4;0;65535;",128,0,0,0',0x0d,0x0a
         74 00 61 00
         62 00 73 00
         20 00 22 00
         75 00 6E 00
         73 00 69 00
         67 00 6E 00
         65 00 64 00
         20 00 69 00
         6E 00 74 00
         3A 00 74 00
         34 00 3D 00
         72 00 34 00
         3B 00 30 00
         3B 00 36 00
         35 00 35 00
         33 00 35 00
         3B 00 22 00
         2C 00 31 00
         32 00 38 00
         2C 00 30 00
         2C 00 30 00
         2C 00 30 00
         0D 00 0A 00
0000C36E                    	.CODE
000001B9                    	.debug
000001B9 2E 00 73 00        		.dw '.stabs "long unsigned int:t5=r5;0;4294967295;",128,0,0,0',0x0d,0x0a
         74 00 61 00
         62 00 73 00
         20 00 22 00
         6C 00 6F 00
         6E 00 67 00
         20 00 75 00
         6E 00 73 00
         69 00 67 00
         6E 00 65 00
         64 00 20 00
         69 00 6E 00
         74 00 3A 00
         74 00 35 00
         3D 00 72 00
         35 00 3B 00
         30 00 3B 00
         34 00 32 00
         39 00 34 00
         39 00 36 00
         37 00 32 00
         39 00 35 00
         3B 00 22 00
         2C 00 31 00
         32 00 38 00
         2C 00 30 00
         2C 00 30 00
         2C 00 30 00
         0D 00 0A 00
0000C36E                    	.CODE
000001F3                    	.debug
000001F3 2E 00 73 00        		.dw '.stabs "long long int:t6=r6;-2147483648;2147483647;",128,0,0,0',0x0d,0x0a
         74 00 61 00
         62 00 73 00
         20 00 22 00
         6C 00 6F 00
         6E 00 67 00
         20 00 6C 00
         6F 00 6E 00
         67 00 20 00
         69 00 6E 00
         74 00 3A 00
         74 00 36 00
         3D 00 72 00
         36 00 3B 00
         2D 00 32 00
         31 00 34 00
         37 00 34 00
         38 00 33 00
         36 00 34 00
         38 00 3B 00
         32 00 31 00
         34 00 37 00
         34 00 38 00
         33 00 36 00
         34 00 37 00
         3B 00 22 00
         2C 00 31 00
         32 00 38 00
         2C 00 30 00
         2C 00 30 00
         2C 00 30 00
         0D 00 0A 00
0000C36E                    	.CODE
00000233                    	.debug
00000233 2E 00 73 00        		.dw '.stabs "long long unsigned int:t7=r7;0;4294967295;",128,0,0,0',0x0d,0x0a
         74 00 61 00
         62 00 73 00
         20 00 22 00
         6C 00 6F 00
         6E 00 67 00
         20 00 6C 00
         6F 00 6E 00
         67 00 20 00
         75 00 6E 00
         73 00 69 00
         67 00 6E 00
         65 00 64 00
         20 00 69 00
         6E 00 74 00
         3A 00 74 00
         37 00 3D 00
         72 00 37 00
         3B 00 30 00
         3B 00 34 00
         32 00 39 00
         34 00 39 00
         36 00 37 00
         32 00 39 00
         35 00 3B 00
         22 00 2C 00
         31 00 32 00
         38 00 2C 00
         30 00 2C 00
         30 00 2C 00
         30 00 0D 00
         0A 00      
0000C36E                    	.CODE
00000272                    	.debug
00000272 2E 00 73 00        		.dw '.stabs "short int:t8=r8;-32768;32767;",128,0,0,0',0x0d,0x0a
         74 00 61 00
         62 00 73 00
         20 00 22 00
         73 00 68 00
         6F 00 72 00
         74 00 20 00
         69 00 6E 00
         74 00 3A 00
         74 00 38 00
         3D 00 72 00
         38 00 3B 00
         2D 00 33 00
         32 00 37 00
         36 00 38 00
         3B 00 33 00
         32 00 37 00
         36 00 37 00
         3B 00 22 00
         2C 00 31 00
         32 00 38 00
         2C 00 30 00
         2C 00 30 00
         2C 00 30 00
         0D 00 0A 00
0000C36E                    	.CODE
000002A4                    	.debug
000002A4 2E 00 73 00        		.dw '.stabs "short unsigned int:t9=r9;0;65535;",128,0,0,0',0x0d,0x0a
         74 00 61 00
         62 00 73 00
         20 00 22 00
         73 00 68 00
         6F 00 72 00
         74 00 20 00
         75 00 6E 00
         73 00 69 00
         67 00 6E 00
         65 00 64 00
         20 00 69 00
         6E 00 74 00
         3A 00 74 00
         39 00 3D 00
         72 00 39 00
         3B 00 30 00
         3B 00 36 00
         35 00 35 00
         33 00 35 00
         3B 00 22 00
         2C 00 31 00
         32 00 38 00
         2C 00 30 00
         2C 00 30 00
         2C 00 30 00
         0D 00 0A 00
0000C36E                    	.CODE
000002DA                    	.debug
000002DA 2E 00 73 00        		.dw '.stabs "signed char:t10=r10;-32768;32767;",128,0,0,0',0x0d,0x0a
         74 00 61 00
         62 00 73 00
         20 00 22 00
         73 00 69 00
         67 00 6E 00
         65 00 64 00
         20 00 63 00
         68 00 61 00
         72 00 3A 00
         74 00 31 00
         30 00 3D 00
         72 00 31 00
         30 00 3B 00
         2D 00 33 00
         32 00 37 00
         36 00 38 00
         3B 00 33 00
         32 00 37 00
         36 00 37 00
         3B 00 22 00
         2C 00 31 00
         32 00 38 00
         2C 00 30 00
         2C 00 30 00
         2C 00 30 00
         0D 00 0A 00
0000C36E                    	.CODE
00000310                    	.debug
00000310 2E 00 73 00        		.dw '.stabs "unsigned char:t11=r11;0;65535;",128,0,0,0',0x0d,0x0a
         74 00 61 00
         62 00 73 00
         20 00 22 00
         75 00 6E 00
         73 00 69 00
         67 00 6E 00
         65 00 64 00
         20 00 63 00
         68 00 61 00
         72 00 3A 00
         74 00 31 00
         31 00 3D 00
         72 00 31 00
         31 00 3B 00
         30 00 3B 00
         36 00 35 00
         35 00 33 00
         35 00 3B 00
         22 00 2C 00
         31 00 32 00
         38 00 2C 00
         30 00 2C 00
         30 00 2C 00
         30 00 0D 00
         0A 00      
0000C36E                    	.CODE
00000343                    	.debug
00000343 2E 00 73 00        		.dw '.stabs "float:t12=r1;2;0;",128,0,0,0',0x0d,0x0a
         74 00 61 00
         62 00 73 00
         20 00 22 00
         66 00 6C 00
         6F 00 61 00
         74 00 3A 00
         74 00 31 00
         32 00 3D 00
         72 00 31 00
         3B 00 32 00
         3B 00 30 00
         3B 00 22 00
         2C 00 31 00
         32 00 38 00
         2C 00 30 00
         2C 00 30 00
         2C 00 30 00
         0D 00 0A 00
0000C36E                    	.CODE
00000369                    	.debug
00000369 2E 00 73 00        		.dw '.stabs "double:t13=r1;2;0;",128,0,0,0',0x0d,0x0a
         74 00 61 00
         62 00 73 00
         20 00 22 00
         64 00 6F 00
         75 00 62 00
         6C 00 65 00
         3A 00 74 00
         31 00 33 00
         3D 00 72 00
         31 00 3B 00
         32 00 3B 00
         30 00 3B 00
         22 00 2C 00
         31 00 32 00
         38 00 2C 00
         30 00 2C 00
         30 00 2C 00
         30 00 0D 00
         0A 00      
0000C36E                    	.CODE
00000390                    	.debug
00000390 2E 00 73 00        		.dw '.stabs "long double:t14=r1;2;0;",128,0,0,0',0x0d,0x0a
         74 00 61 00
         62 00 73 00
         20 00 22 00
         6C 00 6F 00
         6E 00 67 00
         20 00 64 00
         6F 00 75 00
         62 00 6C 00
         65 00 3A 00
         74 00 31 00
         34 00 3D 00
         72 00 31 00
         3B 00 32 00
         3B 00 30 00
         3B 00 22 00
         2C 00 31 00
         32 00 38 00
         2C 00 30 00
         2C 00 30 00
         2C 00 30 00
         0D 00 0A 00
0000C36E                    	.CODE
000003BC                    	.debug
000003BC 2E 00 73 00        		.dw '.stabs "complex int:t15=s2real:1,0,16;imag:1,16,16;;",128,0,0,0',0x0d,0x0a
         74 00 61 00
         62 00 73 00
         20 00 22 00
         63 00 6F 00
         6D 00 70 00
         6C 00 65 00
         78 00 20 00
         69 00 6E 00
         74 00 3A 00
         74 00 31 00
         35 00 3D 00
         73 00 32 00
         72 00 65 00
         61 00 6C 00
         3A 00 31 00
         2C 00 30 00
         2C 00 31 00
         36 00 3B 00
         69 00 6D 00
         61 00 67 00
         3A 00 31 00
         2C 00 31 00
         36 00 2C 00
         31 00 36 00
         3B 00 3B 00
         22 00 2C 00
         31 00 32 00
         38 00 2C 00
         30 00 2C 00
         30 00 2C 00
         30 00 0D 00
         0A 00      
0000C36E                    	.CODE
000003FD                    	.debug
000003FD 2E 00 73 00        		.dw '.stabs "complex float:t16=r16;2;0;",128,0,0,0',0x0d,0x0a
         74 00 61 00
         62 00 73 00
         20 00 22 00
         63 00 6F 00
         6D 00 70 00
         6C 00 65 00
         78 00 20 00
         66 00 6C 00
         6F 00 61 00
         74 00 3A 00
         74 00 31 00
         36 00 3D 00
         72 00 31 00
         36 00 3B 00
         32 00 3B 00
         30 00 3B 00
         22 00 2C 00
         31 00 32 00
         38 00 2C 00
         30 00 2C 00
         30 00 2C 00
         30 00 0D 00
         0A 00      
0000C36E                    	.CODE
0000042C                    	.debug
0000042C 2E 00 73 00        		.dw '.stabs "complex double:t17=r17;2;0;",128,0,0,0',0x0d,0x0a
         74 00 61 00
         62 00 73 00
         20 00 22 00
         63 00 6F 00
         6D 00 70 00
         6C 00 65 00
         78 00 20 00
         64 00 6F 00
         75 00 62 00
         6C 00 65 00
         3A 00 74 00
         31 00 37 00
         3D 00 72 00
         31 00 37 00
         3B 00 32 00
         3B 00 30 00
         3B 00 22 00
         2C 00 31 00
         32 00 38 00
         2C 00 30 00
         2C 00 30 00
         2C 00 30 00
         0D 00 0A 00
0000C36E                    	.CODE
0000045C                    	.debug
0000045C 2E 00 73 00        		.dw '.stabs "complex long double:t18=r18;2;0;",128,0,0,0',0x0d,0x0a
         74 00 61 00
         62 00 73 00
         20 00 22 00
         63 00 6F 00
         6D 00 70 00
         6C 00 65 00
         78 00 20 00
         6C 00 6F 00
         6E 00 67 00
         20 00 64 00
         6F 00 75 00
         62 00 6C 00
         65 00 3A 00
         74 00 31 00
         38 00 3D 00
         72 00 31 00
         38 00 3B 00
         32 00 3B 00
         30 00 3B 00
         22 00 2C 00
         31 00 32 00
         38 00 2C 00
         30 00 2C 00
         30 00 2C 00
         30 00 0D 00
         0A 00      
0000C36E                    	.CODE
00000491                    	.debug
00000491 2E 00 73 00        		.dw '.stabs "void:t19=19",128,0,0,0',0x0d,0x0a
         74 00 61 00
         62 00 73 00
         20 00 22 00
         76 00 6F 00
         69 00 64 00
         3A 00 74 00
         31 00 39 00
         3D 00 31 00
         39 00 22 00
         2C 00 31 00
         32 00 38 00
         2C 00 30 00
         2C 00 30 00
         2C 00 30 00
         0D 00 0A 00
0000C36E                    	.CODE
000004B1                    	.debug
000004B1 2E 00 73 00        		.dw '.stabs "Key:G4",32,0,0,',0,0,offset _Key,seg _Key,0x0d,0x0a
         74 00 61 00
         62 00 73 00
         20 00 22 00
         4B 00 65 00
         79 00 3A 00
         47 00 34 00
         22 00 2C 00
         33 00 32 00
         2C 00 30 00
         2C 00 30 00
         2C 00 00 00
         00 00 00 00
         00 00 0D 00
         0A 00      
0000C36E                    	.CODE
000004CE                    	.debug
000004CE 2E 00 73 00        		.dw '.stabs "SpeechIndex:G4",32,0,0,',0,0,offset _SpeechIndex,seg _SpeechIndex,0x0d,0x0a
         74 00 61 00
         62 00 73 00
         20 00 22 00
         53 00 70 00
         65 00 65 00
         63 00 68 00
         49 00 6E 00
         64 00 65 00
         78 00 3A 00
         47 00 34 00
         22 00 2C 00
         33 00 32 00
         2C 00 30 00
         2C 00 30 00
         2C 00 00 00
         00 00 01 00
         00 00 0D 00
         0A 00      
0000C36E                    	.CODE
000004F3                    	.debug
000004F3 2E 00 73 00        		.dw '.stabs "VolumeIndex:G4",32,0,0,',0,0,offset _VolumeIndex,seg _VolumeIndex,0x0d,0x0a
         74 00 61 00
         62 00 73 00
         20 00 22 00
         56 00 6F 00
         6C 00 75 00
         6D 00 65 00
         49 00 6E 00
         64 00 65 00
         78 00 3A 00
         47 00 34 00
         22 00 2C 00
         33 00 32 00
         2C 00 30 00
         2C 00 30 00
         2C 00 00 00
         00 00 02 00
         00 00 0D 00
         0A 00      
0000C36E                    	.CODE
00000518                    	.debug
00000518 2E 00 73 00        		.dw '.stabs "BitRate:G4",32,0,0,',0,0,offset _BitRate,seg _BitRate,0x0d,0x0a
         74 00 61 00
         62 00 73 00
         20 00 22 00
         42 00 69 00
         74 00 52 00
         61 00 74 00
         65 00 3A 00
         47 00 34 00
         22 00 2C 00
         33 00 32 00
         2C 00 30 00
         2C 00 30 00
         2C 00 00 00
         00 00 03 00
         00 00 0D 00
         0A 00      
0000C36E                    	.CODE
00000539                    	.debug
00000539 2E 00 73 00        		.dw '.stabs "ADC_Channel:G4",32,0,0,',0,0,offset _ADC_Channel,seg _ADC_Channel,0x0d,0x0a
         74 00 61 00
         62 00 73 00
         20 00 22 00
         41 00 44 00
         43 00 5F 00
         43 00 68 00
         61 00 6E 00
         6E 00 65 00
         6C 00 3A 00
         47 00 34 00
         22 00 2C 00
         33 00 32 00
         2C 00 30 00
         2C 00 30 00
         2C 00 00 00
         00 00 04 00
         00 00 0D 00
         0A 00      
0000C36E                    	.CODE
0000055E                    	.debug
0000055E 2E 00 73 00        		.dw '.stabs "ADC_FIR_Type:G4",32,0,0,',0,0,offset _ADC_FIR_Type,seg _ADC_FIR_Type,0x0d,0x0a
         74 00 61 00
         62 00 73 00
         20 00 22 00
         41 00 44 00
         43 00 5F 00
         46 00 49 00
         52 00 5F 00
         54 00 79 00
         70 00 65 00
         3A 00 47 00
         34 00 22 00
         2C 00 33 00
         32 00 2C 00
         30 00 2C 00
         30 00 2C 00
         00 00 00 00
         05 00 00 00
         0D 00 0A 00
0000C36E                    	.CODE
00000584                    	.debug
00000584 2E 00 73 00        		.dw '.stabs "DAC_FIR_Type:G4",32,0,0,',0,0,offset _DAC_FIR_Type,seg _DAC_FIR_Type,0x0d,0x0a
         74 00 61 00
         62 00 73 00
         20 00 22 00
         44 00 41 00
         43 00 5F 00
         46 00 49 00
         52 00 5F 00
         54 00 79 00
         70 00 65 00
         3A 00 47 00
         34 00 22 00
         2C 00 33 00
         32 00 2C 00
         30 00 2C 00
         30 00 2C 00
         00 00 00 00
         06 00 00 00
         0D 00 0A 00
0000C36E                    	.CODE
000005AA                    	.debug
000005AA 2E 00 73 00        		.dw '.stabs "PauseFlag:G4",32,0,0,',0,0,offset _PauseFlag,seg _PauseFlag,0x0d,0x0a
         74 00 61 00
         62 00 73 00
         20 00 22 00
         50 00 61 00
         75 00 73 00
         65 00 46 00
         6C 00 61 00
         67 00 3A 00
         47 00 34 00
         22 00 2C 00
         33 00 32 00
         2C 00 30 00
         2C 00 30 00
         2C 00 00 00
         00 00 07 00
         00 00 0D 00
         0A 00      
0000C36E                    	.CODE
000005CD                    	.debug
000005CD 2E 00 73 00        		.dw '.stabs "VADIndex:G4",32,0,0,',0,0,offset _VADIndex,seg _VADIndex,0x0d,0x0a
         74 00 61 00
         62 00 73 00
         20 00 22 00
         56 00 41 00
         44 00 49 00
         6E 00 64 00
         65 00 78 00
         3A 00 47 00
         34 00 22 00
         2C 00 33 00
         32 00 2C 00
         30 00 2C 00
         30 00 2C 00
         00 00 00 00
         08 00 00 00
         0D 00 0A 00
0000C36E                    	.CODE
000005EF                    	.debug
000005EF 2E 00 73 00        		.dw '.stabs "PlayCon:G4",32,0,0,',0,0,offset _PlayCon,seg _PlayCon,0x0d,0x0a
         74 00 61 00
         62 00 73 00
         20 00 22 00
         50 00 6C 00
         61 00 79 00
         43 00 6F 00
         6E 00 3A 00
         47 00 34 00
         22 00 2C 00
         33 00 32 00
         2C 00 30 00
         2C 00 30 00
         2C 00 00 00
         00 00 09 00
         00 00 0D 00
         0A 00      
0000C36E                    	.CODE
00000610                    	.debug
00000610 2E 00 73 00        		.dw '.stabs "Mode:G4",32,0,0,',0,0,offset _Mode,seg _Mode,0x0d,0x0a
         74 00 61 00
         62 00 73 00
         20 00 22 00
         4D 00 6F 00
         64 00 65 00
         3A 00 47 00
         34 00 22 00
         2C 00 33 00
         32 00 2C 00
         30 00 2C 00
         30 00 2C 00
         00 00 00 00
         0A 00 00 00
         0D 00 0A 00
0000C36E                    	.CODE
0000C36E                    	.code
0000062E                    	.debug
0000062E 2E 00 73 00        		.dw '.stabs "main:F1",36,0,0,',0,0,offset _main,seg _main,0x0d,0x0a
         74 00 61 00
         62 00 73 00
         20 00 22 00
         6D 00 61 00
         69 00 6E 00
         3A 00 46 00
         31 00 22 00
         2C 00 33 00
         36 00 2C 00
         30 00 2C 00
         30 00 2C 00
         00 00 00 00
         00 00 00 00
         0D 00 0A 00
0000C36E                    	.CODE
                            	.public _main
                            	_main:	.proc
0000064C                    	.debug
0000064C 2E 00 73 00        		.dw '.stabn 0x44,0,91,',0,0
         74 00 61 00
         62 00 6E 00
         20 00 30 00
         78 00 34 00
         34 00 2C 00
         30 00 2C 00
         39 00 31 00
         2C 00 00 00
         00 00      
0000065F 00 00 00 00        		.dd LM1-_main
00000661 0D 00 0A 00        		.dw 0x0d,0x0a
0000C36E                    	.code
                            	LM1:
                            		// total=1, vars=1
                            		// frame_pointer_needed: 1
00000663                    	.debug
00000663 2E 00 73 00        		.dw '.stabn 0xa6,0,0,1',0x0d, 0x0a
         74 00 61 00
         62 00 6E 00
         20 00 30 00
         78 00 61 00
         36 00 2C 00
         30 00 2C 00
         30 00 2C 00
         31 00 0D 00
         0A 00      
0000C36E                    	.code
0000C36E 88 DA              		PUSH BP to [SP]
0000C36F 41 20              		SP-=1
0000C370 08 0B 01 00        		BP=SP+1
                            	
0000C372 0D 03 04 00        		R1=BP+4
0000C374 C5 D2              		[BP]=R1	// QImode move
00000676                    	.debug
00000676 2E 00 73 00        		.dw '.stabn 0x44,0,92,',0,0
         74 00 61 00
         62 00 6E 00
         20 00 30 00
         78 00 34 00
         34 00 2C 00
         30 00 2C 00
         39 00 32 00
         2C 00 00 00
         00 00      
00000689 07 00 00 00        		.dd LM2-_main
0000068B 0D 00 0A 00        		.dw 0x0d,0x0a
0000C375                    	.code
                            	LM2:
                            	LBB2:
0000C375 40 92              		R1=0	// QImode move
0000C376 19 D3 C6 05        		[_Key]=R1	// QImode move
0000068D                    	.debug
0000068D 2E 00 73 00        		.dw '.stabn 0x44,0,93,',0,0
         74 00 61 00
         62 00 6E 00
         20 00 30 00
         78 00 34 00
         34 00 2C 00
         30 00 2C 00
         39 00 33 00
         2C 00 00 00
         00 00      
000006A0 0A 00 00 00        		.dd LM3-_main
000006A2 0D 00 0A 00        		.dw 0x0d,0x0a
0000C378                    	.code
                            	LM3:
0000C378 40 92              		R1=0	// QImode move
0000C379 19 D3 C7 05        		[_SpeechIndex]=R1	// QImode move
000006A4                    	.debug
000006A4 2E 00 73 00        		.dw '.stabn 0x44,0,94,',0,0
         74 00 61 00
         62 00 6E 00
         20 00 30 00
         78 00 34 00
         34 00 2C 00
         30 00 2C 00
         39 00 34 00
         2C 00 00 00
         00 00      
000006B7 0D 00 00 00        		.dd LM4-_main
000006B9 0D 00 0A 00        		.dw 0x0d,0x0a
0000C37B                    	.code
                            	LM4:
0000C37B 49 92              		R1=9	// QImode move
0000C37C 19 D3 C8 05        		[_VolumeIndex]=R1	// QImode move
000006BB                    	.debug
000006BB 2E 00 73 00        		.dw '.stabn 0x44,0,95,',0,0
         74 00 61 00
         62 00 6E 00
         20 00 30 00
         78 00 34 00
         34 00 2C 00
         30 00 2C 00
         39 00 35 00
         2C 00 00 00
         00 00      
000006CE 10 00 00 00        		.dd LM5-_main
000006D0 0D 00 0A 00        		.dw 0x0d,0x0a
0000C37E                    	.code
                            	LM5:
0000C37E 40 92              		R1=0	// QImode move
0000C37F 19 D3 CD 05        		[_PauseFlag]=R1	// QImode move
000006D2                    	.debug
000006D2 2E 00 73 00        		.dw '.stabn 0x44,0,97,',0,0
         74 00 61 00
         62 00 6E 00
         20 00 30 00
         78 00 34 00
         34 00 2C 00
         30 00 2C 00
         39 00 37 00
         2C 00 00 00
         00 00      
000006E5 13 00 00 00        		.dd LM6-_main
000006E7 0D 00 0A 00        		.dw 0x0d,0x0a
0000C381                    	.code
                            	LM6:
0000C381 09 93 80 00        		R1=128	// QImode move
0000C383 19 D3 CE 05        		[_VADIndex]=R1	// QImode move
000006E9                    	.debug
000006E9 2E 00 73 00        		.dw '.stabn 0x44,0,98,',0,0
         74 00 61 00
         62 00 6E 00
         20 00 30 00
         78 00 34 00
         34 00 2C 00
         30 00 2C 00
         39 00 38 00
         2C 00 00 00
         00 00      
000006FC 17 00 00 00        		.dd LM7-_main
000006FE 0D 00 0A 00        		.dw 0x0d,0x0a
0000C385                    	.code
                            	LM7:
0000C385 42 92              		R1=2	// QImode move
0000C386 19 D3 CC 05        		[_DAC_FIR_Type]=R1	// QImode move
00000700                    	.debug
00000700 2E 00 73 00        		.dw '.stabn 0x44,0,99,',0,0
         74 00 61 00
         62 00 6E 00
         20 00 30 00
         78 00 34 00
         34 00 2C 00
         30 00 2C 00
         39 00 39 00
         2C 00 00 00
         00 00      
00000713 1A 00 00 00        		.dd LM8-_main
00000715 0D 00 0A 00        		.dw 0x0d,0x0a
0000C388                    	.code
                            	LM8:
0000C388 41 92              		R1=1	// QImode move
0000C389 19 D3 CB 05        		[_ADC_FIR_Type]=R1	// QImode move
00000717                    	.debug
00000717 2E 00 73 00        		.dw '.stabn 0x44,0,100,',0,0
         74 00 61 00
         62 00 6E 00
         20 00 30 00
         78 00 34 00
         34 00 2C 00
         30 00 2C 00
         31 00 30 00
         30 00 2C 00
         00 00 00 00
0000072B 1D 00 00 00        		.dd LM9-_main
0000072D 0D 00 0A 00        		.dw 0x0d,0x0a
0000C38B                    	.code
                            	LM9:
0000C38B 40 92              		R1=0	// QImode move
0000C38C 19 D3 CF 05        		[_PlayCon]=R1	// QImode move
0000072F                    	.debug
0000072F 2E 00 73 00        		.dw '.stabn 0x44,0,101,',0,0
         74 00 61 00
         62 00 6E 00
         20 00 30 00
         78 00 34 00
         34 00 2C 00
         30 00 2C 00
         31 00 30 00
         31 00 2C 00
         00 00 00 00
00000743 20 00 00 00        		.dd LM10-_main
00000745 0D 00 0A 00        		.dw 0x0d,0x0a
0000C38E                    	.code
                            	LM10:
0000C38E 40 92              		R1=0	// QImode move
0000C38F 19 D3 D0 05        		[_Mode]=R1	// QImode move
00000747                    	.debug
00000747 2E 00 73 00        		.dw '.stabn 0x44,0,103,',0,0
         74 00 61 00
         62 00 6E 00
         20 00 30 00
         78 00 34 00
         34 00 2C 00
         30 00 2C 00
         31 00 30 00
         33 00 2C 00
         00 00 00 00
0000075B 23 00 00 00        		.dd LM11-_main
0000075D 0D 00 0A 00        		.dw 0x0d,0x0a
0000C391                    	.code
                            	LM11:
0000C391 40 F0 BB C5        		CALL _System_Initial	// call without return value
0000075F                    	.debug
0000075F 2E 00 73 00        		.dw '.stabn 0x44,0,104,',0,0
         74 00 61 00
         62 00 6E 00
         20 00 30 00
         78 00 34 00
         34 00 2C 00
         30 00 2C 00
         31 00 30 00
         34 00 2C 00
         00 00 00 00
00000773 25 00 00 00        		.dd LM12-_main
00000775 0D 00 0A 00        		.dw 0x0d,0x0a
0000C393                    	.code
                            	LM12:
0000C393 40 F0 DC BF        		CALL _SPI_Initial	// call with return value
00000777                    	.debug
00000777 2E 00 73 00        		.dw '.stabn 0x44,0,105,',0,0
         74 00 61 00
         62 00 6E 00
         20 00 30 00
         78 00 34 00
         34 00 2C 00
         30 00 2C 00
         31 00 30 00
         35 00 2C 00
         00 00 00 00
0000078B 27 00 00 00        		.dd LM13-_main
0000078D 0D 00 0A 00        		.dw 0x0d,0x0a
0000C395                    	.code
                            	LM13:
0000C395 40 F0 91 BD        		CALL _SACM_DVR520_Initial	// call without return value
0000078F                    	.debug
0000078F 2E 00 73 00        		.dw '.stabn 0x44,0,106,',0,0
         74 00 61 00
         62 00 6E 00
         20 00 30 00
         78 00 34 00
         34 00 2C 00
         30 00 2C 00
         31 00 30 00
         36 00 2C 00
         00 00 00 00
000007A3 29 00 00 00        		.dd LM14-_main
000007A5 0D 00 0A 00        		.dw 0x0d,0x0a
0000C397                    	.code
                            	LM14:
0000C397 11 93 CE 05        		R1=[_VADIndex]	// QImode move
0000C399 C8 D2              		[SP--]=R1	// QImode move
0000C39A 40 F0 AD BD        		CALL _SACM_DVR520_VADTHR	// call with return value
0000C39C 41 00              		SP = SP + 1	//SP
000007A7                    	.debug
000007A7 2E 00 73 00        		.dw '.stabn 0x44,0,107,',0,0
         74 00 61 00
         62 00 6E 00
         20 00 30 00
         78 00 34 00
         34 00 2C 00
         30 00 2C 00
         31 00 30 00
         37 00 2C 00
         00 00 00 00
000007BB 2F 00 00 00        		.dd LM15-_main
000007BD 0D 00 0A 00        		.dw 0x0d,0x0a
0000C39D                    	.code
                            	LM15:
0000C39D 43 92              		R1=3	// QImode move
0000C39E C8 D2              		[SP--]=R1	// QImode move
0000C39F 43 92              		R1=3	// QImode move
0000C3A0 C8 D2              		[SP--]=R1	// QImode move
0000C3A1 11 93 C7 05        		R1=[_SpeechIndex]	// QImode move
0000C3A3 C8 D2              		[SP--]=R1	// QImode move
0000C3A4 40 F0 D6 BD        		CALL _SACM_DVR520_Play	// call without return value
0000C3A6 43 00              		SP = SP + 3	//SP
000007BF                    	.debug
000007BF 2E 00 73 00        		.dw '.stabn 0x44,0,108,',0,0
         74 00 61 00
         62 00 6E 00
         20 00 30 00
         78 00 34 00
         34 00 2C 00
         30 00 2C 00
         31 00 30 00
         38 00 2C 00
         00 00 00 00
000007D3 39 00 00 00        		.dd LM16-_main
000007D5 0D 00 0A 00        		.dw 0x0d,0x0a
0000C3A7                    	.code
                            	LM16:
                            	L3:
0000C3A7 0F 9F AB C3        		PC=L5	// jump
0000C3A9 0F 9F D0 C4        		PC=L4	// jump
                            	L5:
000007D7                    	.debug
000007D7 2E 00 73 00        		.dw '.stabn 0x44,0,110,',0,0
         74 00 61 00
         62 00 6E 00
         20 00 30 00
         78 00 34 00
         34 00 2C 00
         30 00 2C 00
         31 00 31 00
         30 00 2C 00
         00 00 00 00
000007EB 3D 00 00 00        		.dd LM17-_main
000007ED 0D 00 0A 00        		.dw 0x0d,0x0a
0000C3AB                    	.code
                            	LM17:
0000C3AB 40 F0 17 C6        		CALL _SP_GetCh	// call with return value
0000C3AD 19 D3 C6 05        		[_Key]=R1	// QImode move
000007EF                    	.debug
000007EF 2E 00 73 00        		.dw '.stabn 0x44,0,111,',0,0
         74 00 61 00
         62 00 6E 00
         20 00 30 00
         78 00 34 00
         34 00 2C 00
         30 00 2C 00
         31 00 31 00
         31 00 2C 00
         00 00 00 00
00000803 41 00 00 00        		.dd LM18-_main
00000805 0D 00 0A 00        		.dw 0x0d,0x0a
0000C3AF                    	.code
                            	LM18:
0000C3AF 11 93 C6 05        		R1=[_Key]	// QImode move
0000C3B1 48 42              		CMP R1,8	// QImode compare
0000C3B2 02 4E 0F 9F        		NSJZ L11	//QImode EQ
         25 C4      
0000C3B5 48 42              		CMP R1,8	// QImode compare
0000C3B6 14 9E 01 EE        		NSJA L23	//QImode GTU
         00 EE      
0000C3B9 41 42              		CMP R1,1	// QImode compare
0000C3BA 2C 5E 01 EE        		NSJZ L8	//QImode EQ
         00 EE      
0000C3BD 41 42              		CMP R1,1	// QImode compare
0000C3BE 26 0E 01 EE        		NSJB L7	//QImode LTU
         00 EE      
0000C3C1 42 42              		CMP R1,2	// QImode compare
0000C3C2 02 4E 0F 9F        		NSJZ L9	//QImode EQ
         06 C4      
0000C3C5 44 42              		CMP R1,4	// QImode compare
0000C3C6 02 4E 0F 9F        		NSJZ L10	//QImode EQ
         0D C4      
0000C3C9 0F 9F 9E C4        		PC=L21	// jump
                            	L23:
0000C3CB 60 42              		CMP R1,32	// QImode compare
0000C3CC 02 4E 0F 9F        		NSJZ L16	//QImode EQ
         58 C4      
0000C3CF 60 42              		CMP R1,32	// QImode compare
0000C3D0 08 9E 01 EE        		NSJA L24	//QImode GTU
         00 EE      
0000C3D3 50 42              		CMP R1,16	// QImode compare
0000C3D4 02 4E 0F 9F        		NSJZ L13	//QImode EQ
         45 C4      
0000C3D7 0F 9F 9E C4        		PC=L21	// jump
                            	L24:
0000C3D9 09 43 40 00        		CMP R1,64	// QImode compare
0000C3DB 02 4E 0F 9F        		NSJZ L18	//QImode EQ
         6E C4      
0000C3DE 09 43 80 00        		CMP R1,128	// QImode compare
0000C3E0 02 4E 0F 9F        		NSJZ L20	//QImode EQ
         84 C4      
0000C3E3 0F 9F 9E C4        		PC=L21	// jump
                            	LBB3:
                            	L7:
00000807                    	.debug
00000807 2E 00 73 00        		.dw '.stabn 0x44,0,114,',0,0
         74 00 61 00
         62 00 6E 00
         20 00 30 00
         78 00 34 00
         34 00 2C 00
         30 00 2C 00
         31 00 31 00
         34 00 2C 00
         00 00 00 00
0000081B 77 00 00 00        		.dd LM19-_main
0000081D 0D 00 0A 00        		.dw 0x0d,0x0a
0000C3E5                    	.code
                            	LM19:
0000C3E5 0F 9F A0 C4        		PC=L6	// jump
                            	L8:
0000081F                    	.debug
0000081F 2E 00 73 00        		.dw '.stabn 0x44,0,117,',0,0
         74 00 61 00
         62 00 6E 00
         20 00 30 00
         78 00 34 00
         34 00 2C 00
         30 00 2C 00
         31 00 31 00
         37 00 2C 00
         00 00 00 00
00000833 79 00 00 00        		.dd LM20-_main
00000835 0D 00 0A 00        		.dw 0x0d,0x0a
0000C3E7                    	.code
                            	LM20:
0000C3E7 40 92              		R1=0	// QImode move
0000C3E8 19 D3 CF 05        		[_PlayCon]=R1	// QImode move
00000837                    	.debug
00000837 2E 00 73 00        		.dw '.stabn 0x44,0,118,',0,0
         74 00 61 00
         62 00 6E 00
         20 00 30 00
         78 00 34 00
         34 00 2C 00
         30 00 2C 00
         31 00 31 00
         38 00 2C 00
         00 00 00 00
0000084B 7C 00 00 00        		.dd LM21-_main
0000084D 0D 00 0A 00        		.dw 0x0d,0x0a
0000C3EA                    	.code
                            	LM21:
0000C3EA 41 92              		R1=1	// QImode move
0000C3EB 19 D3 D0 05        		[_Mode]=R1	// QImode move
0000084F                    	.debug
0000084F 2E 00 73 00        		.dw '.stabn 0x44,0,119,',0,0
         74 00 61 00
         62 00 6E 00
         20 00 30 00
         78 00 34 00
         34 00 2C 00
         30 00 2C 00
         31 00 31 00
         39 00 2C 00
         00 00 00 00
00000863 7F 00 00 00        		.dd LM22-_main
00000865 0D 00 0A 00        		.dw 0x0d,0x0a
0000C3ED                    	.code
                            	LM22:
0000C3ED 40 92              		R1=0	// QImode move
0000C3EE C8 D2              		[SP--]=R1	// QImode move
0000C3EF 40 F0 73 C1        		CALL _SPI_Flash_Sector_Erase	// call with return value
0000C3F1 41 00              		SP = SP + 1	//SP
00000867                    	.debug
00000867 2E 00 73 00        		.dw '.stabn 0x44,0,120,',0,0
         74 00 61 00
         62 00 6E 00
         20 00 30 00
         78 00 34 00
         34 00 2C 00
         30 00 2C 00
         31 00 32 00
         30 00 2C 00
         00 00 00 00
0000087B 84 00 00 00        		.dd LM23-_main
0000087D 0D 00 0A 00        		.dw 0x0d,0x0a
0000C3F2                    	.code
                            	LM23:
0000C3F2 40 92              		R1=0	// QImode move
0000C3F3 C8 D2              		[SP--]=R1	// QImode move
0000C3F4 44 92              		R1=4	// QImode move
0000C3F5 C8 D2              		[SP--]=R1	// QImode move
0000C3F6 40 F0 34 C5        		CALL _USER_DVR520_SetStartAddr	// call with return value
0000C3F8 42 00              		SP = SP + 2	//SP
0000087F                    	.debug
0000087F 2E 00 73 00        		.dw '.stabn 0x44,0,121,',0,0
         74 00 61 00
         62 00 6E 00
         20 00 30 00
         78 00 34 00
         34 00 2C 00
         30 00 2C 00
         31 00 32 00
         31 00 2C 00
         00 00 00 00
00000893 8B 00 00 00        		.dd LM24-_main
00000895 0D 00 0A 00        		.dw 0x0d,0x0a
0000C3F9                    	.code
                            	LM24:
0000C3F9 40 92              		R1=0	// QImode move
0000C3FA 19 D3 CA 05        		[_ADC_Channel]=R1	// QImode move
00000897                    	.debug
00000897 2E 00 73 00        		.dw '.stabn 0x44,0,123,',0,0
         74 00 61 00
         62 00 6E 00
         20 00 30 00
         78 00 34 00
         34 00 2C 00
         30 00 2C 00
         31 00 32 00
         33 00 2C 00
         00 00 00 00
000008AB 8E 00 00 00        		.dd LM25-_main
000008AD 0D 00 0A 00        		.dw 0x0d,0x0a
0000C3FC                    	.code
                            	LM25:
0000C3FC 11 93 CA 05        		R1=[_ADC_Channel]	// QImode move
0000C3FE C8 D2              		[SP--]=R1	// QImode move
0000C3FF 40 92              		R1=0	// QImode move
0000C400 C8 D2              		[SP--]=R1	// QImode move
0000C401 40 F0 DE BE        		CALL _SACM_DVR520_Rec	// call without return value
0000C403 42 00              		SP = SP + 2	//SP
000008AF                    	.debug
000008AF 2E 00 73 00        		.dw '.stabn 0x44,0,124,',0,0
         74 00 61 00
         62 00 6E 00
         20 00 30 00
         78 00 34 00
         34 00 2C 00
         30 00 2C 00
         31 00 32 00
         34 00 2C 00
         00 00 00 00
000008C3 96 00 00 00        		.dd LM26-_main
000008C5 0D 00 0A 00        		.dw 0x0d,0x0a
0000C404                    	.code
                            	LM26:
0000C404 0F 9F A0 C4        		PC=L6	// jump
                            	L9:
000008C7                    	.debug
000008C7 2E 00 73 00        		.dw '.stabn 0x44,0,127,',0,0
         74 00 61 00
         62 00 6E 00
         20 00 30 00
         78 00 34 00
         34 00 2C 00
         30 00 2C 00
         31 00 32 00
         37 00 2C 00
         00 00 00 00
000008DB 98 00 00 00        		.dd LM27-_main
000008DD 0D 00 0A 00        		.dw 0x0d,0x0a
0000C406                    	.code
                            	LM27:
0000C406 40 92              		R1=0	// QImode move
0000C407 19 D3 CF 05        		[_PlayCon]=R1	// QImode move
000008DF                    	.debug
000008DF 2E 00 73 00        		.dw '.stabn 0x44,0,128,',0,0
         74 00 61 00
         62 00 6E 00
         20 00 30 00
         78 00 34 00
         34 00 2C 00
         30 00 2C 00
         31 00 32 00
         38 00 2C 00
         00 00 00 00
000008F3 9B 00 00 00        		.dd LM28-_main
000008F5 0D 00 0A 00        		.dw 0x0d,0x0a
0000C409                    	.code
                            	LM28:
0000C409 40 F0 A2 BE        		CALL _SACM_DVR520_Stop	// call without return value
000008F7                    	.debug
000008F7 2E 00 73 00        		.dw '.stabn 0x44,0,129,',0,0
         74 00 61 00
         62 00 6E 00
         20 00 30 00
         78 00 34 00
         34 00 2C 00
         30 00 2C 00
         31 00 32 00
         39 00 2C 00
         00 00 00 00
0000090B 9D 00 00 00        		.dd LM29-_main
0000090D 0D 00 0A 00        		.dw 0x0d,0x0a
0000C40B                    	.code
                            	LM29:
0000C40B 0F 9F A0 C4        		PC=L6	// jump
                            	L10:
0000090F                    	.debug
0000090F 2E 00 73 00        		.dw '.stabn 0x44,0,132,',0,0
         74 00 61 00
         62 00 6E 00
         20 00 30 00
         78 00 34 00
         34 00 2C 00
         30 00 2C 00
         31 00 33 00
         32 00 2C 00
         00 00 00 00
00000923 9F 00 00 00        		.dd LM30-_main
00000925 0D 00 0A 00        		.dw 0x0d,0x0a
0000C40D                    	.code
                            	LM30:
0000C40D 40 92              		R1=0	// QImode move
0000C40E 19 D3 CF 05        		[_PlayCon]=R1	// QImode move
00000927                    	.debug
00000927 2E 00 73 00        		.dw '.stabn 0x44,0,133,',0,0
         74 00 61 00
         62 00 6E 00
         20 00 30 00
         78 00 34 00
         34 00 2C 00
         30 00 2C 00
         31 00 33 00
         33 00 2C 00
         00 00 00 00
0000093B A2 00 00 00        		.dd LM31-_main
0000093D 0D 00 0A 00        		.dw 0x0d,0x0a
0000C410                    	.code
                            	LM31:
0000C410 42 92              		R1=2	// QImode move
0000C411 19 D3 D0 05        		[_Mode]=R1	// QImode move
0000093F                    	.debug
0000093F 2E 00 73 00        		.dw '.stabn 0x44,0,134,',0,0
         74 00 61 00
         62 00 6E 00
         20 00 30 00
         78 00 34 00
         34 00 2C 00
         30 00 2C 00
         31 00 33 00
         34 00 2C 00
         00 00 00 00
00000953 A5 00 00 00        		.dd LM32-_main
00000955 0D 00 0A 00        		.dw 0x0d,0x0a
0000C413                    	.code
                            	LM32:
0000C413 40 92              		R1=0	// QImode move
0000C414 C8 D2              		[SP--]=R1	// QImode move
0000C415 40 92              		R1=0	// QImode move
0000C416 C8 D2              		[SP--]=R1	// QImode move
0000C417 40 F0 34 C5        		CALL _USER_DVR520_SetStartAddr	// call with return value
0000C419 42 00              		SP = SP + 2	//SP
00000957                    	.debug
00000957 2E 00 73 00        		.dw '.stabn 0x44,0,135,',0,0
         74 00 61 00
         62 00 6E 00
         20 00 30 00
         78 00 34 00
         34 00 2C 00
         30 00 2C 00
         31 00 33 00
         35 00 2C 00
         00 00 00 00
0000096B AC 00 00 00        		.dd LM33-_main
0000096D 0D 00 0A 00        		.dw 0x0d,0x0a
0000C41A                    	.code
                            	LM33:
0000C41A 43 92              		R1=3	// QImode move
0000C41B C8 D2              		[SP--]=R1	// QImode move
0000C41C 43 92              		R1=3	// QImode move
0000C41D C8 D2              		[SP--]=R1	// QImode move
0000C41E 41 62              		R1=(-1)	// QImode move
0000C41F C8 D2              		[SP--]=R1	// QImode move
0000C420 40 F0 D6 BD        		CALL _SACM_DVR520_Play	// call without return value
0000C422 43 00              		SP = SP + 3	//SP
0000096F                    	.debug
0000096F 2E 00 73 00        		.dw '.stabn 0x44,0,136,',0,0
         74 00 61 00
         62 00 6E 00
         20 00 30 00
         78 00 34 00
         34 00 2C 00
         30 00 2C 00
         31 00 33 00
         36 00 2C 00
         00 00 00 00
00000983 B5 00 00 00        		.dd LM34-_main
00000985 0D 00 0A 00        		.dw 0x0d,0x0a
0000C423                    	.code
                            	LM34:
0000C423 0F 9F A0 C4        		PC=L6	// jump
                            	L11:
00000987                    	.debug
00000987 2E 00 73 00        		.dw '.stabn 0x44,0,139,',0,0
         74 00 61 00
         62 00 6E 00
         20 00 30 00
         78 00 34 00
         34 00 2C 00
         30 00 2C 00
         31 00 33 00
         39 00 2C 00
         00 00 00 00
0000099B B7 00 00 00        		.dd LM35-_main
0000099D 0D 00 0A 00        		.dw 0x0d,0x0a
0000C425                    	.code
                            	LM35:
0000C425 12 95 C7 05        		R2=[_SpeechIndex]	// QImode move
0000C427 0A 03 01 00        		R1=R2+1
0000C429 01 95              		R2=R1	// QImode move
0000C42A 1A D5 C7 05        		[_SpeechIndex]=R2	// QImode move
0000C42C 42 44              		CMP R2,2	// QImode compare
0000C42D 05 8E 01 EE        		NSJNA L12	//QImode LEU
         00 EE      
0000099F                    	.debug
0000099F 2E 00 73 00        		.dw '.stabn 0x44,0,140,',0,0
         74 00 61 00
         62 00 6E 00
         20 00 30 00
         78 00 34 00
         34 00 2C 00
         30 00 2C 00
         31 00 34 00
         30 00 2C 00
         00 00 00 00
000009B3 C2 00 00 00        		.dd LM36-_main
000009B5 0D 00 0A 00        		.dw 0x0d,0x0a
0000C430                    	.code
                            	LM36:
0000C430 40 92              		R1=0	// QImode move
0000C431 19 D3 C7 05        		[_SpeechIndex]=R1	// QImode move
                            	L12:
000009B7                    	.debug
000009B7 2E 00 73 00        		.dw '.stabn 0x44,0,141,',0,0
         74 00 61 00
         62 00 6E 00
         20 00 30 00
         78 00 34 00
         34 00 2C 00
         30 00 2C 00
         31 00 34 00
         31 00 2C 00
         00 00 00 00
000009CB C5 00 00 00        		.dd LM37-_main
000009CD 0D 00 0A 00        		.dw 0x0d,0x0a
0000C433                    	.code
                            	LM37:
0000C433 40 92              		R1=0	// QImode move
0000C434 19 D3 CF 05        		[_PlayCon]=R1	// QImode move
000009CF                    	.debug
000009CF 2E 00 73 00        		.dw '.stabn 0x44,0,142,',0,0
         74 00 61 00
         62 00 6E 00
         20 00 30 00
         78 00 34 00
         34 00 2C 00
         30 00 2C 00
         31 00 34 00
         32 00 2C 00
         00 00 00 00
000009E3 C8 00 00 00        		.dd LM38-_main
000009E5 0D 00 0A 00        		.dw 0x0d,0x0a
0000C436                    	.code
                            	LM38:
0000C436 40 92              		R1=0	// QImode move
0000C437 19 D3 D0 05        		[_Mode]=R1	// QImode move
000009E7                    	.debug
000009E7 2E 00 73 00        		.dw '.stabn 0x44,0,143,',0,0
         74 00 61 00
         62 00 6E 00
         20 00 30 00
         78 00 34 00
         34 00 2C 00
         30 00 2C 00
         31 00 34 00
         33 00 2C 00
         00 00 00 00
000009FB CB 00 00 00        		.dd LM39-_main
000009FD 0D 00 0A 00        		.dw 0x0d,0x0a
0000C439                    	.code
                            	LM39:
0000C439 43 92              		R1=3	// QImode move
0000C43A C8 D2              		[SP--]=R1	// QImode move
0000C43B 43 92              		R1=3	// QImode move
0000C43C C8 D2              		[SP--]=R1	// QImode move
0000C43D 11 93 C7 05        		R1=[_SpeechIndex]	// QImode move
0000C43F C8 D2              		[SP--]=R1	// QImode move
0000C440 40 F0 D6 BD        		CALL _SACM_DVR520_Play	// call without return value
0000C442 43 00              		SP = SP + 3	//SP
000009FF                    	.debug
000009FF 2E 00 73 00        		.dw '.stabn 0x44,0,144,',0,0
         74 00 61 00
         62 00 6E 00
         20 00 30 00
         78 00 34 00
         34 00 2C 00
         30 00 2C 00
         31 00 34 00
         34 00 2C 00
         00 00 00 00
00000A13 D5 00 00 00        		.dd LM40-_main
00000A15 0D 00 0A 00        		.dw 0x0d,0x0a
0000C443                    	.code
                            	LM40:
0000C443 0F 9F A0 C4        		PC=L6	// jump
                            	L13:
00000A17                    	.debug
00000A17 2E 00 73 00        		.dw '.stabn 0x44,0,147,',0,0
         74 00 61 00
         62 00 6E 00
         20 00 30 00
         78 00 34 00
         34 00 2C 00
         30 00 2C 00
         31 00 34 00
         37 00 2C 00
         00 00 00 00
00000A2B D7 00 00 00        		.dd LM41-_main
00000A2D 0D 00 0A 00        		.dw 0x0d,0x0a
0000C445                    	.code
                            	LM41:
0000C445 11 93 CD 05        		R1=[_PauseFlag]	// QImode move
0000C447 41 82              		R1=R1^1
0000C448 19 D3 CD 05        		[_PauseFlag]=R1	// QImode move
00000A2F                    	.debug
00000A2F 2E 00 73 00        		.dw '.stabn 0x44,0,148,',0,0
         74 00 61 00
         62 00 6E 00
         20 00 30 00
         78 00 34 00
         34 00 2C 00
         30 00 2C 00
         31 00 34 00
         38 00 2C 00
         00 00 00 00
00000A43 DC 00 00 00        		.dd LM42-_main
00000A45 0D 00 0A 00        		.dw 0x0d,0x0a
0000C44A                    	.code
                            	LM42:
0000C44A 11 93 CD 05        		R1=[_PauseFlag]	// QImode move
0000C44C 40 42              		CMP R1,0	// QImode test
0000C44D 06 5E 01 EE        		NSJZ L14	//QImode EQ
         00 EE      
00000A47                    	.debug
00000A47 2E 00 73 00        		.dw '.stabn 0x44,0,149,',0,0
         74 00 61 00
         62 00 6E 00
         20 00 30 00
         78 00 34 00
         34 00 2C 00
         30 00 2C 00
         31 00 34 00
         39 00 2C 00
         00 00 00 00
00000A5B E2 00 00 00        		.dd LM43-_main
00000A5D 0D 00 0A 00        		.dw 0x0d,0x0a
0000C450                    	.code
                            	LM43:
0000C450 40 F0 C3 BF        		CALL _SACM_DVR520_Pause	// call without return value
0000C452 0F 9F 56 C4        		PC=L15	// jump
                            	L14:
00000A5F                    	.debug
00000A5F 2E 00 73 00        		.dw '.stabn 0x44,0,151,',0,0
         74 00 61 00
         62 00 6E 00
         20 00 30 00
         78 00 34 00
         34 00 2C 00
         30 00 2C 00
         31 00 35 00
         31 00 2C 00
         00 00 00 00
00000A73 E6 00 00 00        		.dd LM44-_main
00000A75 0D 00 0A 00        		.dw 0x0d,0x0a
0000C454                    	.code
                            	LM44:
0000C454 40 F0 CF BF        		CALL _SACM_DVR520_Resume	// call without return value
                            	L15:
00000A77                    	.debug
00000A77 2E 00 73 00        		.dw '.stabn 0x44,0,152,',0,0
         74 00 61 00
         62 00 6E 00
         20 00 30 00
         78 00 34 00
         34 00 2C 00
         30 00 2C 00
         31 00 35 00
         32 00 2C 00
         00 00 00 00
00000A8B E8 00 00 00        		.dd LM45-_main
00000A8D 0D 00 0A 00        		.dw 0x0d,0x0a
0000C456                    	.code
                            	LM45:
0000C456 0F 9F A0 C4        		PC=L6	// jump
                            	L16:
00000A8F                    	.debug
00000A8F 2E 00 73 00        		.dw '.stabn 0x44,0,155,',0,0
         74 00 61 00
         62 00 6E 00
         20 00 30 00
         78 00 34 00
         34 00 2C 00
         30 00 2C 00
         31 00 35 00
         35 00 2C 00
         00 00 00 00
00000AA3 EA 00 00 00        		.dd LM46-_main
00000AA5 0D 00 0A 00        		.dw 0x0d,0x0a
0000C458                    	.code
                            	LM46:
0000C458 12 95 C8 05        		R2=[_VolumeIndex]	// QImode move
0000C45A 0A 03 01 00        		R1=R2+1
0000C45C 01 95              		R2=R1	// QImode move
0000C45D 1A D5 C8 05        		[_VolumeIndex]=R2	// QImode move
0000C45F 4F 44              		CMP R2,15	// QImode compare
0000C460 05 8E 01 EE        		NSJNA L17	//QImode LEU
         00 EE      
00000AA7                    	.debug
00000AA7 2E 00 73 00        		.dw '.stabn 0x44,0,156,',0,0
         74 00 61 00
         62 00 6E 00
         20 00 30 00
         78 00 34 00
         34 00 2C 00
         30 00 2C 00
         31 00 35 00
         36 00 2C 00
         00 00 00 00
00000ABB F5 00 00 00        		.dd LM47-_main
00000ABD 0D 00 0A 00        		.dw 0x0d,0x0a
0000C463                    	.code
                            	LM47:
0000C463 40 92              		R1=0	// QImode move
0000C464 19 D3 C8 05        		[_VolumeIndex]=R1	// QImode move
                            	L17:
00000ABF                    	.debug
00000ABF 2E 00 73 00        		.dw '.stabn 0x44,0,157,',0,0
         74 00 61 00
         62 00 6E 00
         20 00 30 00
         78 00 34 00
         34 00 2C 00
         30 00 2C 00
         31 00 35 00
         37 00 2C 00
         00 00 00 00
00000AD3 F8 00 00 00        		.dd LM48-_main
00000AD5 0D 00 0A 00        		.dw 0x0d,0x0a
0000C466                    	.code
                            	LM48:
0000C466 11 93 C8 05        		R1=[_VolumeIndex]	// QImode move
0000C468 C8 D2              		[SP--]=R1	// QImode move
0000C469 40 F0 F5 C4        		CALL _USER_DVR520_Volume	// call without return value
0000C46B 41 00              		SP = SP + 1	//SP
00000AD7                    	.debug
00000AD7 2E 00 73 00        		.dw '.stabn 0x44,0,158,',0,0
         74 00 61 00
         62 00 6E 00
         20 00 30 00
         78 00 34 00
         34 00 2C 00
         30 00 2C 00
         31 00 35 00
         38 00 2C 00
         00 00 00 00
00000AEB FE 00 00 00        		.dd LM49-_main
00000AED 0D 00 0A 00        		.dw 0x0d,0x0a
0000C46C                    	.code
                            	LM49:
0000C46C 0F 9F A0 C4        		PC=L6	// jump
                            	L18:
00000AEF                    	.debug
00000AEF 2E 00 73 00        		.dw '.stabn 0x44,0,161,',0,0
         74 00 61 00
         62 00 6E 00
         20 00 30 00
         78 00 34 00
         34 00 2C 00
         30 00 2C 00
         31 00 36 00
         31 00 2C 00
         00 00 00 00
00000B03 00 01 00 00        		.dd LM50-_main
00000B05 0D 00 0A 00        		.dw 0x0d,0x0a
0000C46E                    	.code
                            	LM50:
0000C46E 12 95 CC 05        		R2=[_DAC_FIR_Type]	// QImode move
0000C470 0A 03 01 00        		R1=R2+1
0000C472 01 95              		R2=R1	// QImode move
0000C473 1A D5 CC 05        		[_DAC_FIR_Type]=R2	// QImode move
0000C475 43 44              		CMP R2,3	// QImode compare
0000C476 05 8E 01 EE        		NSJNA L19	//QImode LEU
         00 EE      
00000B07                    	.debug
00000B07 2E 00 73 00        		.dw '.stabn 0x44,0,162,',0,0
         74 00 61 00
         62 00 6E 00
         20 00 30 00
         78 00 34 00
         34 00 2C 00
         30 00 2C 00
         31 00 36 00
         32 00 2C 00
         00 00 00 00
00000B1B 0B 01 00 00        		.dd LM51-_main
00000B1D 0D 00 0A 00        		.dw 0x0d,0x0a
0000C479                    	.code
                            	LM51:
0000C479 40 92              		R1=0	// QImode move
0000C47A 19 D3 CC 05        		[_DAC_FIR_Type]=R1	// QImode move
                            	L19:
00000B1F                    	.debug
00000B1F 2E 00 73 00        		.dw '.stabn 0x44,0,163,',0,0
         74 00 61 00
         62 00 6E 00
         20 00 30 00
         78 00 34 00
         34 00 2C 00
         30 00 2C 00
         31 00 36 00
         33 00 2C 00
         00 00 00 00
00000B33 0E 01 00 00        		.dd LM52-_main
00000B35 0D 00 0A 00        		.dw 0x0d,0x0a
0000C47C                    	.code
                            	LM52:
0000C47C 11 93 CC 05        		R1=[_DAC_FIR_Type]	// QImode move
0000C47E C8 D2              		[SP--]=R1	// QImode move
0000C47F 40 F0 B3 BD        		CALL _SACM_DVR520_DA_FIRType	// call without return value
0000C481 41 00              		SP = SP + 1	//SP
00000B37                    	.debug
00000B37 2E 00 73 00        		.dw '.stabn 0x44,0,164,',0,0
         74 00 61 00
         62 00 6E 00
         20 00 30 00
         78 00 34 00
         34 00 2C 00
         30 00 2C 00
         31 00 36 00
         34 00 2C 00
         00 00 00 00
00000B4B 14 01 00 00        		.dd LM53-_main
00000B4D 0D 00 0A 00        		.dw 0x0d,0x0a
0000C482                    	.code
                            	LM53:
0000C482 0F 9F A0 C4        		PC=L6	// jump
                            	L20:
00000B4F                    	.debug
00000B4F 2E 00 73 00        		.dw '.stabn 0x44,0,167,',0,0
         74 00 61 00
         62 00 6E 00
         20 00 30 00
         78 00 34 00
         34 00 2C 00
         30 00 2C 00
         31 00 36 00
         37 00 2C 00
         00 00 00 00
00000B63 16 01 00 00        		.dd LM54-_main
00000B65 0D 00 0A 00        		.dw 0x0d,0x0a
0000C484                    	.code
                            	LM54:
0000C484 41 92              		R1=1	// QImode move
0000C485 19 D3 CF 05        		[_PlayCon]=R1	// QImode move
00000B67                    	.debug
00000B67 2E 00 73 00        		.dw '.stabn 0x44,0,168,',0,0
         74 00 61 00
         62 00 6E 00
         20 00 30 00
         78 00 34 00
         34 00 2C 00
         30 00 2C 00
         31 00 36 00
         38 00 2C 00
         00 00 00 00
00000B7B 19 01 00 00        		.dd LM55-_main
00000B7D 0D 00 0A 00        		.dw 0x0d,0x0a
0000C487                    	.code
                            	LM55:
0000C487 40 92              		R1=0	// QImode move
0000C488 19 D3 D0 05        		[_Mode]=R1	// QImode move
00000B7F                    	.debug
00000B7F 2E 00 73 00        		.dw '.stabn 0x44,0,169,',0,0
         74 00 61 00
         62 00 6E 00
         20 00 30 00
         78 00 34 00
         34 00 2C 00
         30 00 2C 00
         31 00 36 00
         39 00 2C 00
         00 00 00 00
00000B93 1C 01 00 00        		.dd LM56-_main
00000B95 0D 00 0A 00        		.dw 0x0d,0x0a
0000C48A                    	.code
                            	LM56:
0000C48A 40 92              		R1=0	// QImode move
0000C48B 19 D3 C7 05        		[_SpeechIndex]=R1	// QImode move
00000B97                    	.debug
00000B97 2E 00 73 00        		.dw '.stabn 0x44,0,170,',0,0
         74 00 61 00
         62 00 6E 00
         20 00 30 00
         78 00 34 00
         34 00 2C 00
         30 00 2C 00
         31 00 37 00
         30 00 2C 00
         00 00 00 00
00000BAB 1F 01 00 00        		.dd LM57-_main
00000BAD 0D 00 0A 00        		.dw 0x0d,0x0a
0000C48D                    	.code
                            	LM57:
0000C48D 11 93 C7 05        		R1=[_SpeechIndex]	// QImode move
0000C48F C8 D2              		[SP--]=R1	// QImode move
0000C490 40 F0 34 C5        		CALL _USER_DVR520_SetStartAddr	// call with return value
0000C492 41 00              		SP = SP + 1	//SP
00000BAF                    	.debug
00000BAF 2E 00 73 00        		.dw '.stabn 0x44,0,171,',0,0
         74 00 61 00
         62 00 6E 00
         20 00 30 00
         78 00 34 00
         34 00 2C 00
         30 00 2C 00
         31 00 37 00
         31 00 2C 00
         00 00 00 00
00000BC3 25 01 00 00        		.dd LM58-_main
00000BC5 0D 00 0A 00        		.dw 0x0d,0x0a
0000C493                    	.code
                            	LM58:
0000C493 41 92              		R1=1	// QImode move
0000C494 C8 D2              		[SP--]=R1	// QImode move
0000C495 43 92              		R1=3	// QImode move
0000C496 C8 D2              		[SP--]=R1	// QImode move
0000C497 41 62              		R1=(-1)	// QImode move
0000C498 C8 D2              		[SP--]=R1	// QImode move
0000C499 40 F0 D6 BD        		CALL _SACM_DVR520_Play	// call without return value
0000C49B 43 00              		SP = SP + 3	//SP
00000BC7                    	.debug
00000BC7 2E 00 73 00        		.dw '.stabn 0x44,0,172,',0,0
         74 00 61 00
         62 00 6E 00
         20 00 30 00
         78 00 34 00
         34 00 2C 00
         30 00 2C 00
         31 00 37 00
         32 00 2C 00
         00 00 00 00
00000BDB 2E 01 00 00        		.dd LM59-_main
00000BDD 0D 00 0A 00        		.dw 0x0d,0x0a
0000C49C                    	.code
                            	LM59:
0000C49C 0F 9F A0 C4        		PC=L6	// jump
                            	L21:
00000BDF                    	.debug
00000BDF 2E 00 73 00        		.dw '.stabn 0x44,0,175,',0,0
         74 00 61 00
         62 00 6E 00
         20 00 30 00
         78 00 34 00
         34 00 2C 00
         30 00 2C 00
         31 00 37 00
         35 00 2C 00
         00 00 00 00
00000BF3 30 01 00 00        		.dd LM60-_main
00000BF5 0D 00 0A 00        		.dw 0x0d,0x0a
0000C49E                    	.code
                            	LM60:
0000C49E 0F 9F A0 C4        		PC=L6	// jump
00000BF7                    	.debug
00000BF7 2E 00 73 00        		.dw '.stabn 0x44,0,176,',0,0
         74 00 61 00
         62 00 6E 00
         20 00 30 00
         78 00 34 00
         34 00 2C 00
         30 00 2C 00
         31 00 37 00
         36 00 2C 00
         00 00 00 00
00000C0B 32 01 00 00        		.dd LM61-_main
00000C0D 0D 00 0A 00        		.dw 0x0d,0x0a
0000C4A0                    	.code
                            	LM61:
                            	LBE3:
                            	L6:
00000C0F                    	.debug
00000C0F 2E 00 73 00        		.dw '.stabn 0x44,0,177,',0,0
         74 00 61 00
         62 00 6E 00
         20 00 30 00
         78 00 34 00
         34 00 2C 00
         30 00 2C 00
         31 00 37 00
         37 00 2C 00
         00 00 00 00
00000C23 32 01 00 00        		.dd LM62-_main
00000C25 0D 00 0A 00        		.dw 0x0d,0x0a
0000C4A0                    	.code
                            	LM62:
0000C4A0 11 93 CF 05        		R1=[_PlayCon]	// QImode move
0000C4A2 40 42              		CMP R1,0	// QImode test
0000C4A3 26 5E 01 EE        		NSJZ L25	//QImode EQ
         00 EE      
00000C27                    	.debug
00000C27 2E 00 73 00        		.dw '.stabn 0x44,0,179,',0,0
         74 00 61 00
         62 00 6E 00
         20 00 30 00
         78 00 34 00
         34 00 2C 00
         30 00 2C 00
         31 00 37 00
         39 00 2C 00
         00 00 00 00
00000C3B 38 01 00 00        		.dd LM63-_main
00000C3D 0D 00 0A 00        		.dw 0x0d,0x0a
0000C4A6                    	.code
                            	LM63:
0000C4A6 40 F0 9F BE        		CALL _SACM_DVR520_Check_Con	// call with return value
0000C4A8 09 43 FF FF        		CMP R1,(-1)	// QImode compare
0000C4AA 1F 4E 01 EE        		NSJNZ L25	//QImode NE
         00 EE      
00000C3F                    	.debug
00000C3F 2E 00 73 00        		.dw '.stabn 0x44,0,181,',0,0
         74 00 61 00
         62 00 6E 00
         20 00 30 00
         78 00 34 00
         34 00 2C 00
         30 00 2C 00
         31 00 38 00
         31 00 2C 00
         00 00 00 00
00000C53 3F 01 00 00        		.dd LM64-_main
00000C55 0D 00 0A 00        		.dw 0x0d,0x0a
0000C4AD                    	.code
                            	LM64:
                            	LBB4:
0000C4AD 12 95 C7 05        		R2=[_SpeechIndex]	// QImode move
0000C4AF 0A 03 01 00        		R1=R2+1
0000C4B1 01 95              		R2=R1	// QImode move
0000C4B2 1A D5 C7 05        		[_SpeechIndex]=R2	// QImode move
0000C4B4 42 44              		CMP R2,2	// QImode compare
0000C4B5 05 8E 01 EE        		NSJNA L27	//QImode LEU
         00 EE      
00000C57                    	.debug
00000C57 2E 00 73 00        		.dw '.stabn 0x44,0,182,',0,0
         74 00 61 00
         62 00 6E 00
         20 00 30 00
         78 00 34 00
         34 00 2C 00
         30 00 2C 00
         31 00 38 00
         32 00 2C 00
         00 00 00 00
00000C6B 4A 01 00 00        		.dd LM65-_main
00000C6D 0D 00 0A 00        		.dw 0x0d,0x0a
0000C4B8                    	.code
                            	LM65:
0000C4B8 40 92              		R1=0	// QImode move
0000C4B9 19 D3 C7 05        		[_SpeechIndex]=R1	// QImode move
                            	L27:
00000C6F                    	.debug
00000C6F 2E 00 73 00        		.dw '.stabn 0x44,0,183,',0,0
         74 00 61 00
         62 00 6E 00
         20 00 30 00
         78 00 34 00
         34 00 2C 00
         30 00 2C 00
         31 00 38 00
         33 00 2C 00
         00 00 00 00
00000C83 4D 01 00 00        		.dd LM66-_main
00000C85 0D 00 0A 00        		.dw 0x0d,0x0a
0000C4BB                    	.code
                            	LM66:
0000C4BB 11 93 C7 05        		R1=[_SpeechIndex]	// QImode move
0000C4BD C8 D2              		[SP--]=R1	// QImode move
0000C4BE 40 F0 4F C5        		CALL _USER_DVR520_SetStartAddr_Con	// call with return value
0000C4C0 41 00              		SP = SP + 1	//SP
00000C87                    	.debug
00000C87 2E 00 73 00        		.dw '.stabn 0x44,0,184,',0,0
         74 00 61 00
         62 00 6E 00
         20 00 30 00
         78 00 34 00
         34 00 2C 00
         30 00 2C 00
         31 00 38 00
         34 00 2C 00
         00 00 00 00
00000C9B 53 01 00 00        		.dd LM67-_main
00000C9D 0D 00 0A 00        		.dw 0x0d,0x0a
0000C4C1                    	.code
                            	LM67:
0000C4C1 42 92              		R1=2	// QImode move
0000C4C2 C8 D2              		[SP--]=R1	// QImode move
0000C4C3 43 92              		R1=3	// QImode move
0000C4C4 C8 D2              		[SP--]=R1	// QImode move
0000C4C5 41 62              		R1=(-1)	// QImode move
0000C4C6 C8 D2              		[SP--]=R1	// QImode move
0000C4C7 40 F0 6E BE        		CALL _SACM_DVR520_Play_Con	// call without return value
0000C4C9 43 00              		SP = SP + 3	//SP
00000C9F                    	.debug
00000C9F 2E 00 73 00        		.dw '.stabn 0x44,0,185,',0,0
         74 00 61 00
         62 00 6E 00
         20 00 30 00
         78 00 34 00
         34 00 2C 00
         30 00 2C 00
         31 00 38 00
         35 00 2C 00
         00 00 00 00
00000CB3 5C 01 00 00        		.dd LM68-_main
00000CB5 0D 00 0A 00        		.dw 0x0d,0x0a
0000C4CA                    	.code
                            	LM68:
                            	LBE4:
                            	L26:
                            	L25:
00000CB7                    	.debug
00000CB7 2E 00 73 00        		.dw '.stabn 0x44,0,188,',0,0
         74 00 61 00
         62 00 6E 00
         20 00 30 00
         78 00 34 00
         34 00 2C 00
         30 00 2C 00
         31 00 38 00
         38 00 2C 00
         00 00 00 00
00000CCB 5C 01 00 00        		.dd LM69-_main
00000CCD 0D 00 0A 00        		.dw 0x0d,0x0a
0000C4CA                    	.code
                            	LM69:
0000C4CA 40 F0 3F BF        		CALL _SACM_DVR520_ServiceLoop	// call without return value
                            	L28:
00000CCF                    	.debug
00000CCF 2E 00 73 00        		.dw '.stabn 0x44,0,189,',0,0
         74 00 61 00
         62 00 6E 00
         20 00 30 00
         78 00 34 00
         34 00 2C 00
         30 00 2C 00
         31 00 38 00
         39 00 2C 00
         00 00 00 00
00000CE3 5E 01 00 00        		.dd LM70-_main
00000CE5 0D 00 0A 00        		.dw 0x0d,0x0a
0000C4CC                    	.code
                            	LM70:
0000C4CC 40 F0 DD C5        		CALL _System_ServiceLoop	// call without return value
00000CE7                    	.debug
00000CE7 2E 00 73 00        		.dw '.stabn 0x44,0,190,',0,0
         74 00 61 00
         62 00 6E 00
         20 00 30 00
         78 00 34 00
         34 00 2C 00
         30 00 2C 00
         31 00 39 00
         30 00 2C 00
         00 00 00 00
00000CFB 60 01 00 00        		.dd LM71-_main
00000CFD 0D 00 0A 00        		.dw 0x0d,0x0a
0000C4CE                    	.code
                            	LM71:
0000C4CE 0F 9F A7 C3        		PC=L3	// jump
                            	L4:
00000CFF                    	.debug
00000CFF 2E 00 73 00        		.dw '.stabn 0x44,0,191,',0,0
         74 00 61 00
         62 00 6E 00
         20 00 30 00
         78 00 34 00
         34 00 2C 00
         30 00 2C 00
         31 00 39 00
         31 00 2C 00
         00 00 00 00
00000D13 62 01 00 00        		.dd LM72-_main
00000D15 0D 00 0A 00        		.dw 0x0d,0x0a
0000C4D0                    	.code
                            	LM72:
0000C4D0 40 92              		R1=0	// QImode move
0000C4D1 0F 9F D3 C4        		PC=L2	// jump
00000D17                    	.debug
00000D17 2E 00 73 00        		.dw '.stabn 0x44,0,192,',0,0
         74 00 61 00
         62 00 6E 00
         20 00 30 00
         78 00 34 00
         34 00 2C 00
         30 00 2C 00
         31 00 39 00
         32 00 2C 00
         00 00 00 00
00000D2B 65 01 00 00        		.dd LM73-_main
00000D2D 0D 00 0A 00        		.dw 0x0d,0x0a
0000C4D3                    	.code
                            	LM73:
                            	LBE2:
00000D2F                    	.debug
00000D2F 2E 00 73 00        		.dw '.stabn 0x44,0,192,',0,0
         74 00 61 00
         62 00 6E 00
         20 00 30 00
         78 00 34 00
         34 00 2C 00
         30 00 2C 00
         31 00 39 00
         32 00 2C 00
         00 00 00 00
00000D43 65 01 00 00        		.dd LM74-_main
00000D45 0D 00 0A 00        		.dw 0x0d,0x0a
0000C4D3                    	.code
                            	LM74:
                            	L2:
                            	
0000C4D3 41 00              		SP+=1
0000C4D4 88 98              		POP BP from [SP]
0000C4D5 90 9A              		RETF
                            		.endp	// end of main
                            	
00000D47                    	.debug
00000D47 2E 00 73 00        		.dw '.stabn 0xc0,0,0,',0,0
         74 00 61 00
         62 00 6E 00
         20 00 30 00
         78 00 63 00
         30 00 2C 00
         30 00 2C 00
         30 00 2C 00
         00 00 00 00
00000D59 07 00 00 00        		.dd LBB2-_main
00000D5B 0D 00 0A 00        		.dw 0x0d,0x0a
0000C4D6                    	.code
00000D5D                    	.debug
00000D5D 2E 00 73 00        		.dw '.stabn 0xc0,0,0,',0,0
         74 00 61 00
         62 00 6E 00
         20 00 30 00
         78 00 63 00
         30 00 2C 00
         30 00 2C 00
         30 00 2C 00
         00 00 00 00
00000D6F 77 00 00 00        		.dd LBB3-_main
00000D71 0D 00 0A 00        		.dw 0x0d,0x0a
0000C4D6                    	.code
00000D73                    	.debug
00000D73 2E 00 73 00        		.dw '.stabn 0xe0,0,0,',0,0
         74 00 61 00
         62 00 6E 00
         20 00 30 00
         78 00 65 00
         30 00 2C 00
         30 00 2C 00
         30 00 2C 00
         00 00 00 00
00000D85 32 01 00 00        		.dd LBE3-_main
00000D87 0D 00 0A 00        		.dw 0x0d,0x0a
0000C4D6                    	.code
00000D89                    	.debug
00000D89 2E 00 73 00        		.dw '.stabn 0xc0,0,0,',0,0
         74 00 61 00
         62 00 6E 00
         20 00 30 00
         78 00 63 00
         30 00 2C 00
         30 00 2C 00
         30 00 2C 00
         00 00 00 00
00000D9B 3F 01 00 00        		.dd LBB4-_main
00000D9D 0D 00 0A 00        		.dw 0x0d,0x0a
0000C4D6                    	.code
00000D9F                    	.debug
00000D9F 2E 00 73 00        		.dw '.stabn 0xe0,0,0,',0,0
         74 00 61 00
         62 00 6E 00
         20 00 30 00
         78 00 65 00
         30 00 2C 00
         30 00 2C 00
         30 00 2C 00
         00 00 00 00
00000DB1 5C 01 00 00        		.dd LBE4-_main
00000DB3 0D 00 0A 00        		.dw 0x0d,0x0a
0000C4D6                    	.code
00000DB5                    	.debug
00000DB5 2E 00 73 00        		.dw '.stabn 0xe0,0,0,',0,0
         74 00 61 00
         62 00 6E 00
         20 00 30 00
         78 00 65 00
         30 00 2C 00
         30 00 2C 00
         30 00 2C 00
         00 00 00 00
00000DC7 65 01 00 00        		.dd LBE2-_main
00000DC9 0D 00 0A 00        		.dw 0x0d,0x0a
0000C4D6                    	.code
00000DCB                    	.debug
00000DCB 2E 00 73 00        		.dw '.stabf ',0,0
         74 00 61 00
         62 00 66 00
         20 00 00 00
         00 00      
00000DD4 68 01 00 00        		.dd LME1-_main
00000DD6 0D 00 0A 00        		.dw 0x0d,0x0a
0000C4D6                    	.code
                            	LME1:
000005C6                    	.iram
                            	.public _Key
                            	_Key:
000005C6 00 00              		.dw 0
000005C7                    	.iram
                            	.public _SpeechIndex
                            	_SpeechIndex:
000005C7 00 00              		.dw 0
000005C8                    	.iram
                            	.public _VolumeIndex
                            	_VolumeIndex:
000005C8 00 00              		.dw 0
000005C9                    	.iram
                            	.public _BitRate
                            	_BitRate:
000005C9 00 00              		.dw 0
000005CA                    	.iram
                            	.public _ADC_Channel
                            	_ADC_Channel:
000005CA 00 00              		.dw 0
000005CB                    	.iram
                            	.public _ADC_FIR_Type
                            	_ADC_FIR_Type:
000005CB 00 00              		.dw 0
000005CC                    	.iram
                            	.public _DAC_FIR_Type
                            	_DAC_FIR_Type:
000005CC 00 00              		.dw 0
000005CD                    	.iram
                            	.public _PauseFlag
                            	_PauseFlag:
000005CD 00 00              		.dw 0
000005CE                    	.iram
                            	.public _VADIndex
                            	_VADIndex:
000005CE 00 00              		.dw 0
000005CF                    	.iram
                            	.public _PlayCon
                            	_PlayCon:
000005CF 00 00              		.dw 0
000005D0                    	.iram
                            	.public _Mode
                            	_Mode:
000005D0 00 00              		.dw 0
                            	.external _System_ServiceLoop
                            	.external _SACM_DVR520_ServiceLoop
                            	.external _SACM_DVR520_Play_Con
                            	.external _USER_DVR520_SetStartAddr_Con
                            	.external _SACM_DVR520_Check_Con
                            	.external _SACM_DVR520_DA_FIRType
                            	.external _USER_DVR520_Volume
                            	.external _SACM_DVR520_Resume
                            	.external _SACM_DVR520_Pause
                            	.external _SACM_DVR520_Stop
                            	.external _SACM_DVR520_Rec
                            	.external _USER_DVR520_SetStartAddr
                            	.external _SPI_Flash_Sector_Erase
                            	.external _SP_GetCh
                            	.external _SACM_DVR520_Play
                            	.external _SACM_DVR520_VADTHR
                            	.external _SACM_DVR520_Initial
                            	.external _SPI_Initial
                            	.external _System_Initial
                            		.end
0 error(s), 0 warning(s).


