Generalplus u'nSP Assembler - Ver. 1.14.13.0
              Listing File Has Been Relocated
                            	
                            	// Resource Table
                            	// Created by IDE, Do not modify this table
                            	
00008026                    	.TEXT
                            	.public _RES_Table;
                            	.external __RES_MALE_BIN_sa
                            	.public _RES_MALE_BIN_SA;
                            	.external __RES_MALE_BIN_ea;
                            	.public _RES_MALE_BIN_EA;
                            	.external __RES_CHILD_BIN_sa
                            	.public _RES_CHILD_BIN_SA;
                            	.external __RES_CHILD_BIN_ea;
                            	.public _RES_CHILD_BIN_EA;
                            	.external __RES_0503B_BIN_sa
                            	.public _RES_0503B_BIN_SA;
                            	.external __RES_0503B_BIN_ea;
                            	.public _RES_0503B_BIN_EA;
                            	
                            	
                            	_RES_Table:
                            	
                            	_RES_MALE_BIN_SA:
00008026 AB D3 00 00        		.DW offset __RES_MALE_BIN_sa,seg __RES_MALE_BIN_sa;
                            	_RES_MALE_BIN_EA:
00008028 1A DA 00 00        		.DW offset __RES_MALE_BIN_ea,seg __RES_MALE_BIN_ea;
                            	
                            	_RES_CHILD_BIN_SA:
0000802A 1A DA 00 00        		.DW offset __RES_CHILD_BIN_sa,seg __RES_CHILD_BIN_sa;
                            	_RES_CHILD_BIN_EA:
0000802C B7 DF 00 00        		.DW offset __RES_CHILD_BIN_ea,seg __RES_CHILD_BIN_ea;
                            	
                            	_RES_0503B_BIN_SA:
0000802E E4 C6 00 00        		.DW offset __RES_0503B_BIN_sa,seg __RES_0503B_BIN_sa;
                            	_RES_0503B_BIN_EA:
00008030 AB D3 00 00        		.DW offset __RES_0503B_BIN_ea,seg __RES_0503B_BIN_ea;
                            	
                            	
                            	// End Table
                            	//------------------------------------------------
                            	// SACM DVR520 Speech Table
                            	// -- User nees to add in the song/speech 
                            	//    for playback based on the _RES_Table above.
                            	//------------------------------------------------
                            	.public T_SACM_DVR520_SpeechTable;
                            	T_SACM_DVR520_SpeechTable:	
00008032 26 80              	.dw _RES_MALE_BIN_SA;
00008033 2A 80              	.dw _RES_CHILD_BIN_SA;
00008034 2E 80              	.dw _RES_0503B_BIN_SA;
0 error(s), 0 warning(s).

