Generalplus u'nSP Assembler - Ver. 1.14.13.0
              Listing File Has Been Relocated
                            	// GCC for GeneralPlus u'nSP version 1.1.0.3
                            	// Command: C:\PROGRA~1\GENERA~1\UNSPID~1.4\toolchain\cc1.exe C:\DOCUME~1\raycheng\LOCALS~1\Temp\ccekpWnx.i -fkeep-inline-functions -quiet -dumpbase main.c -mglobal-var-iram -gstabs -o .\Debug/main.asm
                            		.external __sn_func_ptr_sec
                            	
                            	// gcc2_compiled.:
                            	
00000000                    	.debug
00000000 2E 00 73 00        		.dw '.stabs "D:/WorkingFolder/Library_Release/SACMV41b_Beta/GPCE063A_Example_V41b/GPCE063A Example Code/DVR1600/",0x64,0,3,',0,0,offset Ltext0,seg Ltext0,0x0d,0x0a
         74 00 61 00
         62 00 73 00
         20 00 22 00
         44 00 3A 00
         2F 00 57 00
         6F 00 72 00
         6B 00 69 00
         6E 00 67 00
         46 00 6F 00
         6C 00 64 00
         65 00 72 00
         2F 00 4C 00
         69 00 62 00
         72 00 61 00
         72 00 79 00
         5F 00 52 00
         65 00 6C 00
         65 00 61 00
         73 00 65 00
         2F 00 53 00
         41 00 43 00
         4D 00 56 00
         34 00 31 00
         62 00 5F 00
         42 00 65 00
         74 00 61 00
         2F 00 47 00
         50 00 43 00
         45 00 30 00
         36 00 33 00
         41 00 5F 00
         45 00 78 00
         61 00 6D 00
         70 00 6C 00
         65 00 5F 00
         56 00 34 00
         31 00 62 00
         2F 00 47 00
         50 00 43 00
         45 00 30 00
         36 00 33 00
         41 00 20 00
         45 00 78 00
         61 00 6D 00
         70 00 6C 00
         65 00 20 00
         43 00 6F 00
         64 00 65 00
         2F 00 44 00
         56 00 52 00
         31 00 36 00
         30 00 30 00
         2F 00 22 00
         2C 00 30 00
         78 00 36 00
         34 00 2C 00
         30 00 2C 00
         33 00 2C 00
         00 00 00 00
         00 00 00 00
         0D 00 0A 00
00009507                    	.code
0000007C                    	.debug
0000007C 2E 00 73 00        		.dw '.stabs "D:/WorkingFolder/Library_Release/SACMV41b_Beta/GPCE063A_Example_V41b/GPCE063A Example Code/DVR1600/main.c",0x64,0,3,',0,0,offset Ltext0,seg Ltext0,0x0d,0x0a
         74 00 61 00
         62 00 73 00
         20 00 22 00
         44 00 3A 00
         2F 00 57 00
         6F 00 72 00
         6B 00 69 00
         6E 00 67 00
         46 00 6F 00
         6C 00 64 00
         65 00 72 00
         2F 00 4C 00
         69 00 62 00
         72 00 61 00
         72 00 79 00
         5F 00 52 00
         65 00 6C 00
         65 00 61 00
         73 00 65 00
         2F 00 53 00
         41 00 43 00
         4D 00 56 00
         34 00 31 00
         62 00 5F 00
         42 00 65 00
         74 00 61 00
         2F 00 47 00
         50 00 43 00
         45 00 30 00
         36 00 33 00
         41 00 5F 00
         45 00 78 00
         61 00 6D 00
         70 00 6C 00
         65 00 5F 00
         56 00 34 00
         31 00 62 00
         2F 00 47 00
         50 00 43 00
         45 00 30 00
         36 00 33 00
         41 00 20 00
         45 00 78 00
         61 00 6D 00
         70 00 6C 00
         65 00 20 00
         43 00 6F 00
         64 00 65 00
         2F 00 44 00
         56 00 52 00
         31 00 36 00
         30 00 30 00
         2F 00 6D 00
         61 00 69 00
         6E 00 2E 00
         63 00 22 00
         2C 00 30 00
         78 00 36 00
         34 00 2C 00
         30 00 2C 00
         33 00 2C 00
         00 00 00 00
         00 00 00 00
         0D 00 0A 00
00009507                    	.code
00009507                    	.code
                            	Ltext0:
000000FE                    	.debug
000000FE 2E 00 73 00        		.dw '.stabs "int:t1=r1;-32768;32767;",128,0,0,0',0x0d,0x0a
         74 00 61 00
         62 00 73 00
         20 00 22 00
         69 00 6E 00
         74 00 3A 00
         74 00 31 00
         3D 00 72 00
         31 00 3B 00
         2D 00 33 00
         32 00 37 00
         36 00 38 00
         3B 00 33 00
         32 00 37 00
         36 00 37 00
         3B 00 22 00
         2C 00 31 00
         32 00 38 00
         2C 00 30 00
         2C 00 30 00
         2C 00 30 00
         0D 00 0A 00
00009507                    	.CODE
0000012A                    	.debug
0000012A 2E 00 73 00        		.dw '.stabs "char:t2=r2;0;127;",128,0,0,0',0x0d,0x0a
         74 00 61 00
         62 00 73 00
         20 00 22 00
         63 00 68 00
         61 00 72 00
         3A 00 74 00
         32 00 3D 00
         72 00 32 00
         3B 00 30 00
         3B 00 31 00
         32 00 37 00
         3B 00 22 00
         2C 00 31 00
         32 00 38 00
         2C 00 30 00
         2C 00 30 00
         2C 00 30 00
         0D 00 0A 00
00009507                    	.CODE
00000150                    	.debug
00000150 2E 00 73 00        		.dw '.stabs "long int:t3=r3;-2147483648;2147483647;",128,0,0,0',0x0d,0x0a
         74 00 61 00
         62 00 73 00
         20 00 22 00
         6C 00 6F 00
         6E 00 67 00
         20 00 69 00
         6E 00 74 00
         3A 00 74 00
         33 00 3D 00
         72 00 33 00
         3B 00 2D 00
         32 00 31 00
         34 00 37 00
         34 00 38 00
         33 00 36 00
         34 00 38 00
         3B 00 32 00
         31 00 34 00
         37 00 34 00
         38 00 33 00
         36 00 34 00
         37 00 3B 00
         22 00 2C 00
         31 00 32 00
         38 00 2C 00
         30 00 2C 00
         30 00 2C 00
         30 00 0D 00
         0A 00      
00009507                    	.CODE
0000018B                    	.debug
0000018B 2E 00 73 00        		.dw '.stabs "unsigned int:t4=r4;0;65535;",128,0,0,0',0x0d,0x0a
         74 00 61 00
         62 00 73 00
         20 00 22 00
         75 00 6E 00
         73 00 69 00
         67 00 6E 00
         65 00 64 00
         20 00 69 00
         6E 00 74 00
         3A 00 74 00
         34 00 3D 00
         72 00 34 00
         3B 00 30 00
         3B 00 36 00
         35 00 35 00
         33 00 35 00
         3B 00 22 00
         2C 00 31 00
         32 00 38 00
         2C 00 30 00
         2C 00 30 00
         2C 00 30 00
         0D 00 0A 00
00009507                    	.CODE
000001BB                    	.debug
000001BB 2E 00 73 00        		.dw '.stabs "long unsigned int:t5=r5;0;4294967295;",128,0,0,0',0x0d,0x0a
         74 00 61 00
         62 00 73 00
         20 00 22 00
         6C 00 6F 00
         6E 00 67 00
         20 00 75 00
         6E 00 73 00
         69 00 67 00
         6E 00 65 00
         64 00 20 00
         69 00 6E 00
         74 00 3A 00
         74 00 35 00
         3D 00 72 00
         35 00 3B 00
         30 00 3B 00
         34 00 32 00
         39 00 34 00
         39 00 36 00
         37 00 32 00
         39 00 35 00
         3B 00 22 00
         2C 00 31 00
         32 00 38 00
         2C 00 30 00
         2C 00 30 00
         2C 00 30 00
         0D 00 0A 00
00009507                    	.CODE
000001F5                    	.debug
000001F5 2E 00 73 00        		.dw '.stabs "long long int:t6=r6;-2147483648;2147483647;",128,0,0,0',0x0d,0x0a
         74 00 61 00
         62 00 73 00
         20 00 22 00
         6C 00 6F 00
         6E 00 67 00
         20 00 6C 00
         6F 00 6E 00
         67 00 20 00
         69 00 6E 00
         74 00 3A 00
         74 00 36 00
         3D 00 72 00
         36 00 3B 00
         2D 00 32 00
         31 00 34 00
         37 00 34 00
         38 00 33 00
         36 00 34 00
         38 00 3B 00
         32 00 31 00
         34 00 37 00
         34 00 38 00
         33 00 36 00
         34 00 37 00
         3B 00 22 00
         2C 00 31 00
         32 00 38 00
         2C 00 30 00
         2C 00 30 00
         2C 00 30 00
         0D 00 0A 00
00009507                    	.CODE
00000235                    	.debug
00000235 2E 00 73 00        		.dw '.stabs "long long unsigned int:t7=r7;0;4294967295;",128,0,0,0',0x0d,0x0a
         74 00 61 00
         62 00 73 00
         20 00 22 00
         6C 00 6F 00
         6E 00 67 00
         20 00 6C 00
         6F 00 6E 00
         67 00 20 00
         75 00 6E 00
         73 00 69 00
         67 00 6E 00
         65 00 64 00
         20 00 69 00
         6E 00 74 00
         3A 00 74 00
         37 00 3D 00
         72 00 37 00
         3B 00 30 00
         3B 00 34 00
         32 00 39 00
         34 00 39 00
         36 00 37 00
         32 00 39 00
         35 00 3B 00
         22 00 2C 00
         31 00 32 00
         38 00 2C 00
         30 00 2C 00
         30 00 2C 00
         30 00 0D 00
         0A 00      
00009507                    	.CODE
00000274                    	.debug
00000274 2E 00 73 00        		.dw '.stabs "short int:t8=r8;-32768;32767;",128,0,0,0',0x0d,0x0a
         74 00 61 00
         62 00 73 00
         20 00 22 00
         73 00 68 00
         6F 00 72 00
         74 00 20 00
         69 00 6E 00
         74 00 3A 00
         74 00 38 00
         3D 00 72 00
         38 00 3B 00
         2D 00 33 00
         32 00 37 00
         36 00 38 00
         3B 00 33 00
         32 00 37 00
         36 00 37 00
         3B 00 22 00
         2C 00 31 00
         32 00 38 00
         2C 00 30 00
         2C 00 30 00
         2C 00 30 00
         0D 00 0A 00
00009507                    	.CODE
000002A6                    	.debug
000002A6 2E 00 73 00        		.dw '.stabs "short unsigned int:t9=r9;0;65535;",128,0,0,0',0x0d,0x0a
         74 00 61 00
         62 00 73 00
         20 00 22 00
         73 00 68 00
         6F 00 72 00
         74 00 20 00
         75 00 6E 00
         73 00 69 00
         67 00 6E 00
         65 00 64 00
         20 00 69 00
         6E 00 74 00
         3A 00 74 00
         39 00 3D 00
         72 00 39 00
         3B 00 30 00
         3B 00 36 00
         35 00 35 00
         33 00 35 00
         3B 00 22 00
         2C 00 31 00
         32 00 38 00
         2C 00 30 00
         2C 00 30 00
         2C 00 30 00
         0D 00 0A 00
00009507                    	.CODE
000002DC                    	.debug
000002DC 2E 00 73 00        		.dw '.stabs "signed char:t10=r10;-32768;32767;",128,0,0,0',0x0d,0x0a
         74 00 61 00
         62 00 73 00
         20 00 22 00
         73 00 69 00
         67 00 6E 00
         65 00 64 00
         20 00 63 00
         68 00 61 00
         72 00 3A 00
         74 00 31 00
         30 00 3D 00
         72 00 31 00
         30 00 3B 00
         2D 00 33 00
         32 00 37 00
         36 00 38 00
         3B 00 33 00
         32 00 37 00
         36 00 37 00
         3B 00 22 00
         2C 00 31 00
         32 00 38 00
         2C 00 30 00
         2C 00 30 00
         2C 00 30 00
         0D 00 0A 00
00009507                    	.CODE
00000312                    	.debug
00000312 2E 00 73 00        		.dw '.stabs "unsigned char:t11=r11;0;65535;",128,0,0,0',0x0d,0x0a
         74 00 61 00
         62 00 73 00
         20 00 22 00
         75 00 6E 00
         73 00 69 00
         67 00 6E 00
         65 00 64 00
         20 00 63 00
         68 00 61 00
         72 00 3A 00
         74 00 31 00
         31 00 3D 00
         72 00 31 00
         31 00 3B 00
         30 00 3B 00
         36 00 35 00
         35 00 33 00
         35 00 3B 00
         22 00 2C 00
         31 00 32 00
         38 00 2C 00
         30 00 2C 00
         30 00 2C 00
         30 00 0D 00
         0A 00      
00009507                    	.CODE
00000345                    	.debug
00000345 2E 00 73 00        		.dw '.stabs "float:t12=r1;2;0;",128,0,0,0',0x0d,0x0a
         74 00 61 00
         62 00 73 00
         20 00 22 00
         66 00 6C 00
         6F 00 61 00
         74 00 3A 00
         74 00 31 00
         32 00 3D 00
         72 00 31 00
         3B 00 32 00
         3B 00 30 00
         3B 00 22 00
         2C 00 31 00
         32 00 38 00
         2C 00 30 00
         2C 00 30 00
         2C 00 30 00
         0D 00 0A 00
00009507                    	.CODE
0000036B                    	.debug
0000036B 2E 00 73 00        		.dw '.stabs "double:t13=r1;2;0;",128,0,0,0',0x0d,0x0a
         74 00 61 00
         62 00 73 00
         20 00 22 00
         64 00 6F 00
         75 00 62 00
         6C 00 65 00
         3A 00 74 00
         31 00 33 00
         3D 00 72 00
         31 00 3B 00
         32 00 3B 00
         30 00 3B 00
         22 00 2C 00
         31 00 32 00
         38 00 2C 00
         30 00 2C 00
         30 00 2C 00
         30 00 0D 00
         0A 00      
00009507                    	.CODE
00000392                    	.debug
00000392 2E 00 73 00        		.dw '.stabs "long double:t14=r1;2;0;",128,0,0,0',0x0d,0x0a
         74 00 61 00
         62 00 73 00
         20 00 22 00
         6C 00 6F 00
         6E 00 67 00
         20 00 64 00
         6F 00 75 00
         62 00 6C 00
         65 00 3A 00
         74 00 31 00
         34 00 3D 00
         72 00 31 00
         3B 00 32 00
         3B 00 30 00
         3B 00 22 00
         2C 00 31 00
         32 00 38 00
         2C 00 30 00
         2C 00 30 00
         2C 00 30 00
         0D 00 0A 00
00009507                    	.CODE
000003BE                    	.debug
000003BE 2E 00 73 00        		.dw '.stabs "complex int:t15=s2real:1,0,16;imag:1,16,16;;",128,0,0,0',0x0d,0x0a
         74 00 61 00
         62 00 73 00
         20 00 22 00
         63 00 6F 00
         6D 00 70 00
         6C 00 65 00
         78 00 20 00
         69 00 6E 00
         74 00 3A 00
         74 00 31 00
         35 00 3D 00
         73 00 32 00
         72 00 65 00
         61 00 6C 00
         3A 00 31 00
         2C 00 30 00
         2C 00 31 00
         36 00 3B 00
         69 00 6D 00
         61 00 67 00
         3A 00 31 00
         2C 00 31 00
         36 00 2C 00
         31 00 36 00
         3B 00 3B 00
         22 00 2C 00
         31 00 32 00
         38 00 2C 00
         30 00 2C 00
         30 00 2C 00
         30 00 0D 00
         0A 00      
00009507                    	.CODE
000003FF                    	.debug
000003FF 2E 00 73 00        		.dw '.stabs "complex float:t16=r16;2;0;",128,0,0,0',0x0d,0x0a
         74 00 61 00
         62 00 73 00
         20 00 22 00
         63 00 6F 00
         6D 00 70 00
         6C 00 65 00
         78 00 20 00
         66 00 6C 00
         6F 00 61 00
         74 00 3A 00
         74 00 31 00
         36 00 3D 00
         72 00 31 00
         36 00 3B 00
         32 00 3B 00
         30 00 3B 00
         22 00 2C 00
         31 00 32 00
         38 00 2C 00
         30 00 2C 00
         30 00 2C 00
         30 00 0D 00
         0A 00      
00009507                    	.CODE
0000042E                    	.debug
0000042E 2E 00 73 00        		.dw '.stabs "complex double:t17=r17;2;0;",128,0,0,0',0x0d,0x0a
         74 00 61 00
         62 00 73 00
         20 00 22 00
         63 00 6F 00
         6D 00 70 00
         6C 00 65 00
         78 00 20 00
         64 00 6F 00
         75 00 62 00
         6C 00 65 00
         3A 00 74 00
         31 00 37 00
         3D 00 72 00
         31 00 37 00
         3B 00 32 00
         3B 00 30 00
         3B 00 22 00
         2C 00 31 00
         32 00 38 00
         2C 00 30 00
         2C 00 30 00
         2C 00 30 00
         0D 00 0A 00
00009507                    	.CODE
0000045E                    	.debug
0000045E 2E 00 73 00        		.dw '.stabs "complex long double:t18=r18;2;0;",128,0,0,0',0x0d,0x0a
         74 00 61 00
         62 00 73 00
         20 00 22 00
         63 00 6F 00
         6D 00 70 00
         6C 00 65 00
         78 00 20 00
         6C 00 6F 00
         6E 00 67 00
         20 00 64 00
         6F 00 75 00
         62 00 6C 00
         65 00 3A 00
         74 00 31 00
         38 00 3D 00
         72 00 31 00
         38 00 3B 00
         32 00 3B 00
         30 00 3B 00
         22 00 2C 00
         31 00 32 00
         38 00 2C 00
         30 00 2C 00
         30 00 2C 00
         30 00 0D 00
         0A 00      
00009507                    	.CODE
00000493                    	.debug
00000493 2E 00 73 00        		.dw '.stabs "void:t19=19",128,0,0,0',0x0d,0x0a
         74 00 61 00
         62 00 73 00
         20 00 22 00
         76 00 6F 00
         69 00 64 00
         3A 00 74 00
         31 00 39 00
         3D 00 31 00
         39 00 22 00
         2C 00 31 00
         32 00 38 00
         2C 00 30 00
         2C 00 30 00
         2C 00 30 00
         0D 00 0A 00
00009507                    	.CODE
000004B3                    	.debug
000004B3 2E 00 73 00        		.dw '.stabs "Key:G4",32,0,0,',0,0,offset _Key,seg _Key,0x0d,0x0a
         74 00 61 00
         62 00 73 00
         20 00 22 00
         4B 00 65 00
         79 00 3A 00
         47 00 34 00
         22 00 2C 00
         33 00 32 00
         2C 00 30 00
         2C 00 30 00
         2C 00 00 00
         00 00 00 00
         00 00 0D 00
         0A 00      
00009507                    	.CODE
000004D0                    	.debug
000004D0 2E 00 73 00        		.dw '.stabs "SpeechIndex:G4",32,0,0,',0,0,offset _SpeechIndex,seg _SpeechIndex,0x0d,0x0a
         74 00 61 00
         62 00 73 00
         20 00 22 00
         53 00 70 00
         65 00 65 00
         63 00 68 00
         49 00 6E 00
         64 00 65 00
         78 00 3A 00
         47 00 34 00
         22 00 2C 00
         33 00 32 00
         2C 00 30 00
         2C 00 30 00
         2C 00 00 00
         00 00 01 00
         00 00 0D 00
         0A 00      
00009507                    	.CODE
000004F5                    	.debug
000004F5 2E 00 73 00        		.dw '.stabs "VolumeIndex:G4",32,0,0,',0,0,offset _VolumeIndex,seg _VolumeIndex,0x0d,0x0a
         74 00 61 00
         62 00 73 00
         20 00 22 00
         56 00 6F 00
         6C 00 75 00
         6D 00 65 00
         49 00 6E 00
         64 00 65 00
         78 00 3A 00
         47 00 34 00
         22 00 2C 00
         33 00 32 00
         2C 00 30 00
         2C 00 30 00
         2C 00 00 00
         00 00 02 00
         00 00 0D 00
         0A 00      
00009507                    	.CODE
0000051A                    	.debug
0000051A 2E 00 73 00        		.dw '.stabs "BitRate:G4",32,0,0,',0,0,offset _BitRate,seg _BitRate,0x0d,0x0a
         74 00 61 00
         62 00 73 00
         20 00 22 00
         42 00 69 00
         74 00 52 00
         61 00 74 00
         65 00 3A 00
         47 00 34 00
         22 00 2C 00
         33 00 32 00
         2C 00 30 00
         2C 00 30 00
         2C 00 00 00
         00 00 03 00
         00 00 0D 00
         0A 00      
00009507                    	.CODE
0000053B                    	.debug
0000053B 2E 00 73 00        		.dw '.stabs "ADC_Channel:G4",32,0,0,',0,0,offset _ADC_Channel,seg _ADC_Channel,0x0d,0x0a
         74 00 61 00
         62 00 73 00
         20 00 22 00
         41 00 44 00
         43 00 5F 00
         43 00 68 00
         61 00 6E 00
         6E 00 65 00
         6C 00 3A 00
         47 00 34 00
         22 00 2C 00
         33 00 32 00
         2C 00 30 00
         2C 00 30 00
         2C 00 00 00
         00 00 04 00
         00 00 0D 00
         0A 00      
00009507                    	.CODE
00000560                    	.debug
00000560 2E 00 73 00        		.dw '.stabs "ADC_FIR_Type:G4",32,0,0,',0,0,offset _ADC_FIR_Type,seg _ADC_FIR_Type,0x0d,0x0a
         74 00 61 00
         62 00 73 00
         20 00 22 00
         41 00 44 00
         43 00 5F 00
         46 00 49 00
         52 00 5F 00
         54 00 79 00
         70 00 65 00
         3A 00 47 00
         34 00 22 00
         2C 00 33 00
         32 00 2C 00
         30 00 2C 00
         30 00 2C 00
         00 00 00 00
         05 00 00 00
         0D 00 0A 00
00009507                    	.CODE
00000586                    	.debug
00000586 2E 00 73 00        		.dw '.stabs "DAC_FIR_Type:G4",32,0,0,',0,0,offset _DAC_FIR_Type,seg _DAC_FIR_Type,0x0d,0x0a
         74 00 61 00
         62 00 73 00
         20 00 22 00
         44 00 41 00
         43 00 5F 00
         46 00 49 00
         52 00 5F 00
         54 00 79 00
         70 00 65 00
         3A 00 47 00
         34 00 22 00
         2C 00 33 00
         32 00 2C 00
         30 00 2C 00
         30 00 2C 00
         00 00 00 00
         06 00 00 00
         0D 00 0A 00
00009507                    	.CODE
000005AC                    	.debug
000005AC 2E 00 73 00        		.dw '.stabs "PauseFlag:G4",32,0,0,',0,0,offset _PauseFlag,seg _PauseFlag,0x0d,0x0a
         74 00 61 00
         62 00 73 00
         20 00 22 00
         50 00 61 00
         75 00 73 00
         65 00 46 00
         6C 00 61 00
         67 00 3A 00
         47 00 34 00
         22 00 2C 00
         33 00 32 00
         2C 00 30 00
         2C 00 30 00
         2C 00 00 00
         00 00 07 00
         00 00 0D 00
         0A 00      
00009507                    	.CODE
000005CF                    	.debug
000005CF 2E 00 73 00        		.dw '.stabs "PlayCon:G4",32,0,0,',0,0,offset _PlayCon,seg _PlayCon,0x0d,0x0a
         74 00 61 00
         62 00 73 00
         20 00 22 00
         50 00 6C 00
         61 00 79 00
         43 00 6F 00
         6E 00 3A 00
         47 00 34 00
         22 00 2C 00
         33 00 32 00
         2C 00 30 00
         2C 00 30 00
         2C 00 00 00
         00 00 08 00
         00 00 0D 00
         0A 00      
00009507                    	.CODE
000005F0                    	.debug
000005F0 2E 00 73 00        		.dw '.stabs "Mode:G4",32,0,0,',0,0,offset _Mode,seg _Mode,0x0d,0x0a
         74 00 61 00
         62 00 73 00
         20 00 22 00
         4D 00 6F 00
         64 00 65 00
         3A 00 47 00
         34 00 22 00
         2C 00 33 00
         32 00 2C 00
         30 00 2C 00
         30 00 2C 00
         00 00 00 00
         09 00 00 00
         0D 00 0A 00
00009507                    	.CODE
00009507                    	.code
0000060E                    	.debug
0000060E 2E 00 73 00        		.dw '.stabs "main:F1",36,0,0,',0,0,offset _main,seg _main,0x0d,0x0a
         74 00 61 00
         62 00 73 00
         20 00 22 00
         6D 00 61 00
         69 00 6E 00
         3A 00 46 00
         31 00 22 00
         2C 00 33 00
         36 00 2C 00
         30 00 2C 00
         30 00 2C 00
         00 00 00 00
         00 00 00 00
         0D 00 0A 00
00009507                    	.CODE
                            	.public _main
                            	_main:	.proc
0000062C                    	.debug
0000062C 2E 00 73 00        		.dw '.stabn 0x44,0,101,',0,0
         74 00 61 00
         62 00 6E 00
         20 00 30 00
         78 00 34 00
         34 00 2C 00
         30 00 2C 00
         31 00 30 00
         31 00 2C 00
         00 00 00 00
00000640 00 00 00 00        		.dd LM1-_main
00000642 0D 00 0A 00        		.dw 0x0d,0x0a
00009507                    	.code
                            	LM1:
                            		// total=1, vars=1
                            		// frame_pointer_needed: 1
00000644                    	.debug
00000644 2E 00 73 00        		.dw '.stabn 0xa6,0,0,1',0x0d, 0x0a
         74 00 61 00
         62 00 6E 00
         20 00 30 00
         78 00 61 00
         36 00 2C 00
         30 00 2C 00
         30 00 2C 00
         31 00 0D 00
         0A 00      
00009507                    	.code
00009507 88 DA              		PUSH BP to [SP]
00009508 41 20              		SP-=1
00009509 08 0B 01 00        		BP=SP+1
                            	
0000950B 0D 03 04 00        		R1=BP+4
0000950D C5 D2              		[BP]=R1	// QImode move
00000657                    	.debug
00000657 2E 00 73 00        		.dw '.stabn 0x44,0,102,',0,0
         74 00 61 00
         62 00 6E 00
         20 00 30 00
         78 00 34 00
         34 00 2C 00
         30 00 2C 00
         31 00 30 00
         32 00 2C 00
         00 00 00 00
0000066B 07 00 00 00        		.dd LM2-_main
0000066D 0D 00 0A 00        		.dw 0x0d,0x0a
0000950E                    	.code
                            	LM2:
                            	LBB2:
0000950E 40 92              		R1=0	// QImode move
0000950F 19 D3 10 02        		[_Key]=R1	// QImode move
0000066F                    	.debug
0000066F 2E 00 73 00        		.dw '.stabn 0x44,0,103,',0,0
         74 00 61 00
         62 00 6E 00
         20 00 30 00
         78 00 34 00
         34 00 2C 00
         30 00 2C 00
         31 00 30 00
         33 00 2C 00
         00 00 00 00
00000683 0A 00 00 00        		.dd LM3-_main
00000685 0D 00 0A 00        		.dw 0x0d,0x0a
00009511                    	.code
                            	LM3:
00009511 40 92              		R1=0	// QImode move
00009512 19 D3 11 02        		[_SpeechIndex]=R1	// QImode move
00000687                    	.debug
00000687 2E 00 73 00        		.dw '.stabn 0x44,0,104,',0,0
         74 00 61 00
         62 00 6E 00
         20 00 30 00
         78 00 34 00
         34 00 2C 00
         30 00 2C 00
         31 00 30 00
         34 00 2C 00
         00 00 00 00
0000069B 0D 00 00 00        		.dd LM4-_main
0000069D 0D 00 0A 00        		.dw 0x0d,0x0a
00009514                    	.code
                            	LM4:
00009514 49 92              		R1=9	// QImode move
00009515 19 D3 12 02        		[_VolumeIndex]=R1	// QImode move
0000069F                    	.debug
0000069F 2E 00 73 00        		.dw '.stabn 0x44,0,105,',0,0
         74 00 61 00
         62 00 6E 00
         20 00 30 00
         78 00 34 00
         34 00 2C 00
         30 00 2C 00
         31 00 30 00
         35 00 2C 00
         00 00 00 00
000006B3 10 00 00 00        		.dd LM5-_main
000006B5 0D 00 0A 00        		.dw 0x0d,0x0a
00009517                    	.code
                            	LM5:
00009517 40 92              		R1=0	// QImode move
00009518 19 D3 17 02        		[_PauseFlag]=R1	// QImode move
000006B7                    	.debug
000006B7 2E 00 73 00        		.dw '.stabn 0x44,0,106,',0,0
         74 00 61 00
         62 00 6E 00
         20 00 30 00
         78 00 34 00
         34 00 2C 00
         30 00 2C 00
         31 00 30 00
         36 00 2C 00
         00 00 00 00
000006CB 13 00 00 00        		.dd LM6-_main
000006CD 0D 00 0A 00        		.dw 0x0d,0x0a
0000951A                    	.code
                            	LM6:
0000951A 42 92              		R1=2	// QImode move
0000951B 19 D3 16 02        		[_DAC_FIR_Type]=R1	// QImode move
000006CF                    	.debug
000006CF 2E 00 73 00        		.dw '.stabn 0x44,0,107,',0,0
         74 00 61 00
         62 00 6E 00
         20 00 30 00
         78 00 34 00
         34 00 2C 00
         30 00 2C 00
         31 00 30 00
         37 00 2C 00
         00 00 00 00
000006E3 16 00 00 00        		.dd LM7-_main
000006E5 0D 00 0A 00        		.dw 0x0d,0x0a
0000951D                    	.code
                            	LM7:
0000951D 41 92              		R1=1	// QImode move
0000951E 19 D3 15 02        		[_ADC_FIR_Type]=R1	// QImode move
000006E7                    	.debug
000006E7 2E 00 73 00        		.dw '.stabn 0x44,0,108,',0,0
         74 00 61 00
         62 00 6E 00
         20 00 30 00
         78 00 34 00
         34 00 2C 00
         30 00 2C 00
         31 00 30 00
         38 00 2C 00
         00 00 00 00
000006FB 19 00 00 00        		.dd LM8-_main
000006FD 0D 00 0A 00        		.dw 0x0d,0x0a
00009520                    	.code
                            	LM8:
00009520 40 92              		R1=0	// QImode move
00009521 19 D3 18 02        		[_PlayCon]=R1	// QImode move
000006FF                    	.debug
000006FF 2E 00 73 00        		.dw '.stabn 0x44,0,109,',0,0
         74 00 61 00
         62 00 6E 00
         20 00 30 00
         78 00 34 00
         34 00 2C 00
         30 00 2C 00
         31 00 30 00
         39 00 2C 00
         00 00 00 00
00000713 1C 00 00 00        		.dd LM9-_main
00000715 0D 00 0A 00        		.dw 0x0d,0x0a
00009523                    	.code
                            	LM9:
00009523 40 92              		R1=0	// QImode move
00009524 19 D3 19 02        		[_Mode]=R1	// QImode move
00000717                    	.debug
00000717 2E 00 73 00        		.dw '.stabn 0x44,0,111,',0,0
         74 00 61 00
         62 00 6E 00
         20 00 30 00
         78 00 34 00
         34 00 2C 00
         30 00 2C 00
         31 00 31 00
         31 00 2C 00
         00 00 00 00
0000072B 1F 00 00 00        		.dd LM10-_main
0000072D 0D 00 0A 00        		.dw 0x0d,0x0a
00009526                    	.code
                            	LM10:
00009526 40 F0 50 97        		CALL _System_Initial	// call without return value
0000072F                    	.debug
0000072F 2E 00 73 00        		.dw '.stabn 0x44,0,112,',0,0
         74 00 61 00
         62 00 6E 00
         20 00 30 00
         78 00 34 00
         34 00 2C 00
         30 00 2C 00
         31 00 31 00
         32 00 2C 00
         00 00 00 00
00000743 21 00 00 00        		.dd LM11-_main
00000745 0D 00 0A 00        		.dw 0x0d,0x0a
00009528                    	.code
                            	LM11:
00009528 40 F0 A6 8F        		CALL _SPI_Initial	// call with return value
00000747                    	.debug
00000747 2E 00 73 00        		.dw '.stabn 0x44,0,113,',0,0
         74 00 61 00
         62 00 6E 00
         20 00 30 00
         78 00 34 00
         34 00 2C 00
         30 00 2C 00
         31 00 31 00
         33 00 2C 00
         00 00 00 00
0000075B 23 00 00 00        		.dd LM12-_main
0000075D 0D 00 0A 00        		.dw 0x0d,0x0a
0000952A                    	.code
                            	LM12:
0000952A 40 F0 5D 8D        		CALL _SACM_DVR1600_Initial	// call without return value
0000075F                    	.debug
0000075F 2E 00 73 00        		.dw '.stabn 0x44,0,114,',0,0
         74 00 61 00
         62 00 6E 00
         20 00 30 00
         78 00 34 00
         34 00 2C 00
         30 00 2C 00
         31 00 31 00
         34 00 2C 00
         00 00 00 00
00000773 25 00 00 00        		.dd LM13-_main
00000775 0D 00 0A 00        		.dw 0x0d,0x0a
0000952C                    	.code
                            	LM13:
0000952C 43 92              		R1=3	// QImode move
0000952D C8 D2              		[SP--]=R1	// QImode move
0000952E 43 92              		R1=3	// QImode move
0000952F C8 D2              		[SP--]=R1	// QImode move
00009530 11 93 11 02        		R1=[_SpeechIndex]	// QImode move
00009532 C8 D2              		[SP--]=R1	// QImode move
00009533 40 F0 9C 8D        		CALL _SACM_DVR1600_Play	// call without return value
00009535 43 00              		SP = SP + 3	//SP
00000777                    	.debug
00000777 2E 00 73 00        		.dw '.stabn 0x44,0,115,',0,0
         74 00 61 00
         62 00 6E 00
         20 00 30 00
         78 00 34 00
         34 00 2C 00
         30 00 2C 00
         31 00 31 00
         35 00 2C 00
         00 00 00 00
0000078B 2F 00 00 00        		.dd LM14-_main
0000078D 0D 00 0A 00        		.dw 0x0d,0x0a
00009536                    	.code
                            	LM14:
                            	L3:
00009536 0F 9F 3A 95        		PC=L5	// jump
00009538 0F 9F 65 96        		PC=L4	// jump
                            	L5:
0000078F                    	.debug
0000078F 2E 00 73 00        		.dw '.stabn 0x44,0,117,',0,0
         74 00 61 00
         62 00 6E 00
         20 00 30 00
         78 00 34 00
         34 00 2C 00
         30 00 2C 00
         31 00 31 00
         37 00 2C 00
         00 00 00 00
000007A3 33 00 00 00        		.dd LM15-_main
000007A5 0D 00 0A 00        		.dw 0x0d,0x0a
0000953A                    	.code
                            	LM15:
0000953A 40 F0 AC 97        		CALL _SP_GetCh	// call with return value
0000953C 19 D3 10 02        		[_Key]=R1	// QImode move
000007A7                    	.debug
000007A7 2E 00 73 00        		.dw '.stabn 0x44,0,118,',0,0
         74 00 61 00
         62 00 6E 00
         20 00 30 00
         78 00 34 00
         34 00 2C 00
         30 00 2C 00
         31 00 31 00
         38 00 2C 00
         00 00 00 00
000007BB 37 00 00 00        		.dd LM16-_main
000007BD 0D 00 0A 00        		.dw 0x0d,0x0a
0000953E                    	.code
                            	LM16:
0000953E 11 93 10 02        		R1=[_Key]	// QImode move
00009540 48 42              		CMP R1,8	// QImode compare
00009541 02 4E 0F 9F        		NSJZ L11	//QImode EQ
         BA 95      
00009544 48 42              		CMP R1,8	// QImode compare
00009545 14 9E 01 EE        		NSJA L23	//QImode GTU
         00 EE      
00009548 41 42              		CMP R1,1	// QImode compare
00009549 2C 5E 01 EE        		NSJZ L8	//QImode EQ
         00 EE      
0000954C 41 42              		CMP R1,1	// QImode compare
0000954D 26 0E 01 EE        		NSJB L7	//QImode LTU
         00 EE      
00009550 42 42              		CMP R1,2	// QImode compare
00009551 02 4E 0F 9F        		NSJZ L9	//QImode EQ
         9B 95      
00009554 44 42              		CMP R1,4	// QImode compare
00009555 02 4E 0F 9F        		NSJZ L10	//QImode EQ
         A2 95      
00009558 0F 9F 33 96        		PC=L21	// jump
                            	L23:
0000955A 60 42              		CMP R1,32	// QImode compare
0000955B 02 4E 0F 9F        		NSJZ L16	//QImode EQ
         ED 95      
0000955E 60 42              		CMP R1,32	// QImode compare
0000955F 08 9E 01 EE        		NSJA L24	//QImode GTU
         00 EE      
00009562 50 42              		CMP R1,16	// QImode compare
00009563 02 4E 0F 9F        		NSJZ L13	//QImode EQ
         DA 95      
00009566 0F 9F 33 96        		PC=L21	// jump
                            	L24:
00009568 09 43 40 00        		CMP R1,64	// QImode compare
0000956A 02 4E 0F 9F        		NSJZ L18	//QImode EQ
         03 96      
0000956D 09 43 80 00        		CMP R1,128	// QImode compare
0000956F 02 4E 0F 9F        		NSJZ L20	//QImode EQ
         19 96      
00009572 0F 9F 33 96        		PC=L21	// jump
                            	LBB3:
                            	L7:
000007BF                    	.debug
000007BF 2E 00 73 00        		.dw '.stabn 0x44,0,121,',0,0
         74 00 61 00
         62 00 6E 00
         20 00 30 00
         78 00 34 00
         34 00 2C 00
         30 00 2C 00
         31 00 32 00
         31 00 2C 00
         00 00 00 00
000007D3 6D 00 00 00        		.dd LM17-_main
000007D5 0D 00 0A 00        		.dw 0x0d,0x0a
00009574                    	.code
                            	LM17:
00009574 0F 9F 35 96        		PC=L6	// jump
                            	L8:
000007D7                    	.debug
000007D7 2E 00 73 00        		.dw '.stabn 0x44,0,124,',0,0
         74 00 61 00
         62 00 6E 00
         20 00 30 00
         78 00 34 00
         34 00 2C 00
         30 00 2C 00
         31 00 32 00
         34 00 2C 00
         00 00 00 00
000007EB 6F 00 00 00        		.dd LM18-_main
000007ED 0D 00 0A 00        		.dw 0x0d,0x0a
00009576                    	.code
                            	LM18:
00009576 40 92              		R1=0	// QImode move
00009577 19 D3 18 02        		[_PlayCon]=R1	// QImode move
000007EF                    	.debug
000007EF 2E 00 73 00        		.dw '.stabn 0x44,0,125,',0,0
         74 00 61 00
         62 00 6E 00
         20 00 30 00
         78 00 34 00
         34 00 2C 00
         30 00 2C 00
         31 00 32 00
         35 00 2C 00
         00 00 00 00
00000803 72 00 00 00        		.dd LM19-_main
00000805 0D 00 0A 00        		.dw 0x0d,0x0a
00009579                    	.code
                            	LM19:
00009579 41 92              		R1=1	// QImode move
0000957A 19 D3 19 02        		[_Mode]=R1	// QImode move
00000807                    	.debug
00000807 2E 00 73 00        		.dw '.stabn 0x44,0,126,',0,0
         74 00 61 00
         62 00 6E 00
         20 00 30 00
         78 00 34 00
         34 00 2C 00
         30 00 2C 00
         31 00 32 00
         36 00 2C 00
         00 00 00 00
0000081B 75 00 00 00        		.dd LM20-_main
0000081D 0D 00 0A 00        		.dw 0x0d,0x0a
0000957C                    	.code
                            	LM20:
0000957C 40 92              		R1=0	// QImode move
0000957D C8 D2              		[SP--]=R1	// QImode move
0000957E 40 F0 3D 91        		CALL _SPI_Flash_Sector_Erase	// call with return value
00009580 41 00              		SP = SP + 1	//SP
0000081F                    	.debug
0000081F 2E 00 73 00        		.dw '.stabn 0x44,0,127,',0,0
         74 00 61 00
         62 00 6E 00
         20 00 30 00
         78 00 34 00
         34 00 2C 00
         30 00 2C 00
         31 00 32 00
         37 00 2C 00
         00 00 00 00
00000833 7A 00 00 00        		.dd LM21-_main
00000835 0D 00 0A 00        		.dw 0x0d,0x0a
00009581                    	.code
                            	LM21:
00009581 40 92              		R1=0	// QImode move
00009582 C8 D2              		[SP--]=R1	// QImode move
00009583 44 92              		R1=4	// QImode move
00009584 C8 D2              		[SP--]=R1	// QImode move
00009585 40 F0 C9 96        		CALL _USER_DVR1600_SetStartAddr	// call with return value
00009587 42 00              		SP = SP + 2	//SP
00000837                    	.debug
00000837 2E 00 73 00        		.dw '.stabn 0x44,0,128,',0,0
         74 00 61 00
         62 00 6E 00
         20 00 30 00
         78 00 34 00
         34 00 2C 00
         30 00 2C 00
         31 00 32 00
         38 00 2C 00
         00 00 00 00
0000084B 81 00 00 00        		.dd LM22-_main
0000084D 0D 00 0A 00        		.dw 0x0d,0x0a
00009588                    	.code
                            	LM22:
00009588 43 92              		R1=3	// QImode move
00009589 19 D3 13 02        		[_BitRate]=R1	// QImode move
0000084F                    	.debug
0000084F 2E 00 73 00        		.dw '.stabn 0x44,0,129,',0,0
         74 00 61 00
         62 00 6E 00
         20 00 30 00
         78 00 34 00
         34 00 2C 00
         30 00 2C 00
         31 00 32 00
         39 00 2C 00
         00 00 00 00
00000863 84 00 00 00        		.dd LM23-_main
00000865 0D 00 0A 00        		.dw 0x0d,0x0a
0000958B                    	.code
                            	LM23:
0000958B 40 92              		R1=0	// QImode move
0000958C 19 D3 14 02        		[_ADC_Channel]=R1	// QImode move
00000867                    	.debug
00000867 2E 00 73 00        		.dw '.stabn 0x44,0,131,',0,0
         74 00 61 00
         62 00 6E 00
         20 00 30 00
         78 00 34 00
         34 00 2C 00
         30 00 2C 00
         31 00 33 00
         31 00 2C 00
         00 00 00 00
0000087B 87 00 00 00        		.dd LM24-_main
0000087D 0D 00 0A 00        		.dw 0x0d,0x0a
0000958E                    	.code
                            	LM24:
0000958E 11 93 13 02        		R1=[_BitRate]	// QImode move
00009590 C8 D2              		[SP--]=R1	// QImode move
00009591 11 93 14 02        		R1=[_ADC_Channel]	// QImode move
00009593 C8 D2              		[SP--]=R1	// QImode move
00009594 40 92              		R1=0	// QImode move
00009595 C8 D2              		[SP--]=R1	// QImode move
00009596 40 F0 A4 8E        		CALL _SACM_DVR1600_Rec	// call without return value
00009598 43 00              		SP = SP + 3	//SP
0000087F                    	.debug
0000087F 2E 00 73 00        		.dw '.stabn 0x44,0,132,',0,0
         74 00 61 00
         62 00 6E 00
         20 00 30 00
         78 00 34 00
         34 00 2C 00
         30 00 2C 00
         31 00 33 00
         32 00 2C 00
         00 00 00 00
00000893 92 00 00 00        		.dd LM25-_main
00000895 0D 00 0A 00        		.dw 0x0d,0x0a
00009599                    	.code
                            	LM25:
00009599 0F 9F 35 96        		PC=L6	// jump
                            	L9:
00000897                    	.debug
00000897 2E 00 73 00        		.dw '.stabn 0x44,0,135,',0,0
         74 00 61 00
         62 00 6E 00
         20 00 30 00
         78 00 34 00
         34 00 2C 00
         30 00 2C 00
         31 00 33 00
         35 00 2C 00
         00 00 00 00
000008AB 94 00 00 00        		.dd LM26-_main
000008AD 0D 00 0A 00        		.dw 0x0d,0x0a
0000959B                    	.code
                            	LM26:
0000959B 40 92              		R1=0	// QImode move
0000959C 19 D3 18 02        		[_PlayCon]=R1	// QImode move
000008AF                    	.debug
000008AF 2E 00 73 00        		.dw '.stabn 0x44,0,136,',0,0
         74 00 61 00
         62 00 6E 00
         20 00 30 00
         78 00 34 00
         34 00 2C 00
         30 00 2C 00
         31 00 33 00
         36 00 2C 00
         00 00 00 00
000008C3 97 00 00 00        		.dd LM27-_main
000008C5 0D 00 0A 00        		.dw 0x0d,0x0a
0000959E                    	.code
                            	LM27:
0000959E 40 F0 68 8E        		CALL _SACM_DVR1600_Stop	// call without return value
000008C7                    	.debug
000008C7 2E 00 73 00        		.dw '.stabn 0x44,0,137,',0,0
         74 00 61 00
         62 00 6E 00
         20 00 30 00
         78 00 34 00
         34 00 2C 00
         30 00 2C 00
         31 00 33 00
         37 00 2C 00
         00 00 00 00
000008DB 99 00 00 00        		.dd LM28-_main
000008DD 0D 00 0A 00        		.dw 0x0d,0x0a
000095A0                    	.code
                            	LM28:
000095A0 0F 9F 35 96        		PC=L6	// jump
                            	L10:
000008DF                    	.debug
000008DF 2E 00 73 00        		.dw '.stabn 0x44,0,140,',0,0
         74 00 61 00
         62 00 6E 00
         20 00 30 00
         78 00 34 00
         34 00 2C 00
         30 00 2C 00
         31 00 34 00
         30 00 2C 00
         00 00 00 00
000008F3 9B 00 00 00        		.dd LM29-_main
000008F5 0D 00 0A 00        		.dw 0x0d,0x0a
000095A2                    	.code
                            	LM29:
000095A2 40 92              		R1=0	// QImode move
000095A3 19 D3 18 02        		[_PlayCon]=R1	// QImode move
000008F7                    	.debug
000008F7 2E 00 73 00        		.dw '.stabn 0x44,0,141,',0,0
         74 00 61 00
         62 00 6E 00
         20 00 30 00
         78 00 34 00
         34 00 2C 00
         30 00 2C 00
         31 00 34 00
         31 00 2C 00
         00 00 00 00
0000090B 9E 00 00 00        		.dd LM30-_main
0000090D 0D 00 0A 00        		.dw 0x0d,0x0a
000095A5                    	.code
                            	LM30:
000095A5 42 92              		R1=2	// QImode move
000095A6 19 D3 19 02        		[_Mode]=R1	// QImode move
0000090F                    	.debug
0000090F 2E 00 73 00        		.dw '.stabn 0x44,0,142,',0,0
         74 00 61 00
         62 00 6E 00
         20 00 30 00
         78 00 34 00
         34 00 2C 00
         30 00 2C 00
         31 00 34 00
         32 00 2C 00
         00 00 00 00
00000923 A1 00 00 00        		.dd LM31-_main
00000925 0D 00 0A 00        		.dw 0x0d,0x0a
000095A8                    	.code
                            	LM31:
000095A8 40 92              		R1=0	// QImode move
000095A9 C8 D2              		[SP--]=R1	// QImode move
000095AA 40 92              		R1=0	// QImode move
000095AB C8 D2              		[SP--]=R1	// QImode move
000095AC 40 F0 C9 96        		CALL _USER_DVR1600_SetStartAddr	// call with return value
000095AE 42 00              		SP = SP + 2	//SP
00000927                    	.debug
00000927 2E 00 73 00        		.dw '.stabn 0x44,0,143,',0,0
         74 00 61 00
         62 00 6E 00
         20 00 30 00
         78 00 34 00
         34 00 2C 00
         30 00 2C 00
         31 00 34 00
         33 00 2C 00
         00 00 00 00
0000093B A8 00 00 00        		.dd LM32-_main
0000093D 0D 00 0A 00        		.dw 0x0d,0x0a
000095AF                    	.code
                            	LM32:
000095AF 43 92              		R1=3	// QImode move
000095B0 C8 D2              		[SP--]=R1	// QImode move
000095B1 43 92              		R1=3	// QImode move
000095B2 C8 D2              		[SP--]=R1	// QImode move
000095B3 41 62              		R1=(-1)	// QImode move
000095B4 C8 D2              		[SP--]=R1	// QImode move
000095B5 40 F0 9C 8D        		CALL _SACM_DVR1600_Play	// call without return value
000095B7 43 00              		SP = SP + 3	//SP
0000093F                    	.debug
0000093F 2E 00 73 00        		.dw '.stabn 0x44,0,144,',0,0
         74 00 61 00
         62 00 6E 00
         20 00 30 00
         78 00 34 00
         34 00 2C 00
         30 00 2C 00
         31 00 34 00
         34 00 2C 00
         00 00 00 00
00000953 B1 00 00 00        		.dd LM33-_main
00000955 0D 00 0A 00        		.dw 0x0d,0x0a
000095B8                    	.code
                            	LM33:
000095B8 0F 9F 35 96        		PC=L6	// jump
                            	L11:
00000957                    	.debug
00000957 2E 00 73 00        		.dw '.stabn 0x44,0,147,',0,0
         74 00 61 00
         62 00 6E 00
         20 00 30 00
         78 00 34 00
         34 00 2C 00
         30 00 2C 00
         31 00 34 00
         37 00 2C 00
         00 00 00 00
0000096B B3 00 00 00        		.dd LM34-_main
0000096D 0D 00 0A 00        		.dw 0x0d,0x0a
000095BA                    	.code
                            	LM34:
000095BA 12 95 11 02        		R2=[_SpeechIndex]	// QImode move
000095BC 0A 03 01 00        		R1=R2+1
000095BE 01 95              		R2=R1	// QImode move
000095BF 1A D5 11 02        		[_SpeechIndex]=R2	// QImode move
000095C1 42 44              		CMP R2,2	// QImode compare
000095C2 05 8E 01 EE        		NSJNA L12	//QImode LEU
         00 EE      
0000096F                    	.debug
0000096F 2E 00 73 00        		.dw '.stabn 0x44,0,148,',0,0
         74 00 61 00
         62 00 6E 00
         20 00 30 00
         78 00 34 00
         34 00 2C 00
         30 00 2C 00
         31 00 34 00
         38 00 2C 00
         00 00 00 00
00000983 BE 00 00 00        		.dd LM35-_main
00000985 0D 00 0A 00        		.dw 0x0d,0x0a
000095C5                    	.code
                            	LM35:
000095C5 40 92              		R1=0	// QImode move
000095C6 19 D3 11 02        		[_SpeechIndex]=R1	// QImode move
                            	L12:
00000987                    	.debug
00000987 2E 00 73 00        		.dw '.stabn 0x44,0,149,',0,0
         74 00 61 00
         62 00 6E 00
         20 00 30 00
         78 00 34 00
         34 00 2C 00
         30 00 2C 00
         31 00 34 00
         39 00 2C 00
         00 00 00 00
0000099B C1 00 00 00        		.dd LM36-_main
0000099D 0D 00 0A 00        		.dw 0x0d,0x0a
000095C8                    	.code
                            	LM36:
000095C8 40 92              		R1=0	// QImode move
000095C9 19 D3 18 02        		[_PlayCon]=R1	// QImode move
0000099F                    	.debug
0000099F 2E 00 73 00        		.dw '.stabn 0x44,0,150,',0,0
         74 00 61 00
         62 00 6E 00
         20 00 30 00
         78 00 34 00
         34 00 2C 00
         30 00 2C 00
         31 00 35 00
         30 00 2C 00
         00 00 00 00
000009B3 C4 00 00 00        		.dd LM37-_main
000009B5 0D 00 0A 00        		.dw 0x0d,0x0a
000095CB                    	.code
                            	LM37:
000095CB 40 92              		R1=0	// QImode move
000095CC 19 D3 19 02        		[_Mode]=R1	// QImode move
000009B7                    	.debug
000009B7 2E 00 73 00        		.dw '.stabn 0x44,0,151,',0,0
         74 00 61 00
         62 00 6E 00
         20 00 30 00
         78 00 34 00
         34 00 2C 00
         30 00 2C 00
         31 00 35 00
         31 00 2C 00
         00 00 00 00
000009CB C7 00 00 00        		.dd LM38-_main
000009CD 0D 00 0A 00        		.dw 0x0d,0x0a
000095CE                    	.code
                            	LM38:
000095CE 43 92              		R1=3	// QImode move
000095CF C8 D2              		[SP--]=R1	// QImode move
000095D0 43 92              		R1=3	// QImode move
000095D1 C8 D2              		[SP--]=R1	// QImode move
000095D2 11 93 11 02        		R1=[_SpeechIndex]	// QImode move
000095D4 C8 D2              		[SP--]=R1	// QImode move
000095D5 40 F0 9C 8D        		CALL _SACM_DVR1600_Play	// call without return value
000095D7 43 00              		SP = SP + 3	//SP
000009CF                    	.debug
000009CF 2E 00 73 00        		.dw '.stabn 0x44,0,152,',0,0
         74 00 61 00
         62 00 6E 00
         20 00 30 00
         78 00 34 00
         34 00 2C 00
         30 00 2C 00
         31 00 35 00
         32 00 2C 00
         00 00 00 00
000009E3 D1 00 00 00        		.dd LM39-_main
000009E5 0D 00 0A 00        		.dw 0x0d,0x0a
000095D8                    	.code
                            	LM39:
000095D8 0F 9F 35 96        		PC=L6	// jump
                            	L13:
000009E7                    	.debug
000009E7 2E 00 73 00        		.dw '.stabn 0x44,0,155,',0,0
         74 00 61 00
         62 00 6E 00
         20 00 30 00
         78 00 34 00
         34 00 2C 00
         30 00 2C 00
         31 00 35 00
         35 00 2C 00
         00 00 00 00
000009FB D3 00 00 00        		.dd LM40-_main
000009FD 0D 00 0A 00        		.dw 0x0d,0x0a
000095DA                    	.code
                            	LM40:
000095DA 11 93 17 02        		R1=[_PauseFlag]	// QImode move
000095DC 41 82              		R1=R1^1
000095DD 19 D3 17 02        		[_PauseFlag]=R1	// QImode move
000009FF                    	.debug
000009FF 2E 00 73 00        		.dw '.stabn 0x44,0,156,',0,0
         74 00 61 00
         62 00 6E 00
         20 00 30 00
         78 00 34 00
         34 00 2C 00
         30 00 2C 00
         31 00 35 00
         36 00 2C 00
         00 00 00 00
00000A13 D8 00 00 00        		.dd LM41-_main
00000A15 0D 00 0A 00        		.dw 0x0d,0x0a
000095DF                    	.code
                            	LM41:
000095DF 11 93 17 02        		R1=[_PauseFlag]	// QImode move
000095E1 40 42              		CMP R1,0	// QImode test
000095E2 06 5E 01 EE        		NSJZ L14	//QImode EQ
         00 EE      
00000A17                    	.debug
00000A17 2E 00 73 00        		.dw '.stabn 0x44,0,157,',0,0
         74 00 61 00
         62 00 6E 00
         20 00 30 00
         78 00 34 00
         34 00 2C 00
         30 00 2C 00
         31 00 35 00
         37 00 2C 00
         00 00 00 00
00000A2B DE 00 00 00        		.dd LM42-_main
00000A2D 0D 00 0A 00        		.dw 0x0d,0x0a
000095E5                    	.code
                            	LM42:
000095E5 40 F0 8D 8F        		CALL _SACM_DVR1600_Pause	// call without return value
000095E7 0F 9F EB 95        		PC=L15	// jump
                            	L14:
00000A2F                    	.debug
00000A2F 2E 00 73 00        		.dw '.stabn 0x44,0,159,',0,0
         74 00 61 00
         62 00 6E 00
         20 00 30 00
         78 00 34 00
         34 00 2C 00
         30 00 2C 00
         31 00 35 00
         39 00 2C 00
         00 00 00 00
00000A43 E2 00 00 00        		.dd LM43-_main
00000A45 0D 00 0A 00        		.dw 0x0d,0x0a
000095E9                    	.code
                            	LM43:
000095E9 40 F0 99 8F        		CALL _SACM_DVR1600_Resume	// call without return value
                            	L15:
00000A47                    	.debug
00000A47 2E 00 73 00        		.dw '.stabn 0x44,0,160,',0,0
         74 00 61 00
         62 00 6E 00
         20 00 30 00
         78 00 34 00
         34 00 2C 00
         30 00 2C 00
         31 00 36 00
         30 00 2C 00
         00 00 00 00
00000A5B E4 00 00 00        		.dd LM44-_main
00000A5D 0D 00 0A 00        		.dw 0x0d,0x0a
000095EB                    	.code
                            	LM44:
000095EB 0F 9F 35 96        		PC=L6	// jump
                            	L16:
00000A5F                    	.debug
00000A5F 2E 00 73 00        		.dw '.stabn 0x44,0,163,',0,0
         74 00 61 00
         62 00 6E 00
         20 00 30 00
         78 00 34 00
         34 00 2C 00
         30 00 2C 00
         31 00 36 00
         33 00 2C 00
         00 00 00 00
00000A73 E6 00 00 00        		.dd LM45-_main
00000A75 0D 00 0A 00        		.dw 0x0d,0x0a
000095ED                    	.code
                            	LM45:
000095ED 12 95 12 02        		R2=[_VolumeIndex]	// QImode move
000095EF 0A 03 01 00        		R1=R2+1
000095F1 01 95              		R2=R1	// QImode move
000095F2 1A D5 12 02        		[_VolumeIndex]=R2	// QImode move
000095F4 4F 44              		CMP R2,15	// QImode compare
000095F5 05 8E 01 EE        		NSJNA L17	//QImode LEU
         00 EE      
00000A77                    	.debug
00000A77 2E 00 73 00        		.dw '.stabn 0x44,0,164,',0,0
         74 00 61 00
         62 00 6E 00
         20 00 30 00
         78 00 34 00
         34 00 2C 00
         30 00 2C 00
         31 00 36 00
         34 00 2C 00
         00 00 00 00
00000A8B F1 00 00 00        		.dd LM46-_main
00000A8D 0D 00 0A 00        		.dw 0x0d,0x0a
000095F8                    	.code
                            	LM46:
000095F8 40 92              		R1=0	// QImode move
000095F9 19 D3 12 02        		[_VolumeIndex]=R1	// QImode move
                            	L17:
00000A8F                    	.debug
00000A8F 2E 00 73 00        		.dw '.stabn 0x44,0,165,',0,0
         74 00 61 00
         62 00 6E 00
         20 00 30 00
         78 00 34 00
         34 00 2C 00
         30 00 2C 00
         31 00 36 00
         35 00 2C 00
         00 00 00 00
00000AA3 F4 00 00 00        		.dd LM47-_main
00000AA5 0D 00 0A 00        		.dw 0x0d,0x0a
000095FB                    	.code
                            	LM47:
000095FB 11 93 12 02        		R1=[_VolumeIndex]	// QImode move
000095FD C8 D2              		[SP--]=R1	// QImode move
000095FE 40 F0 8A 96        		CALL _USER_DVR1600_Volume	// call without return value
00009600 41 00              		SP = SP + 1	//SP
00000AA7                    	.debug
00000AA7 2E 00 73 00        		.dw '.stabn 0x44,0,166,',0,0
         74 00 61 00
         62 00 6E 00
         20 00 30 00
         78 00 34 00
         34 00 2C 00
         30 00 2C 00
         31 00 36 00
         36 00 2C 00
         00 00 00 00
00000ABB FA 00 00 00        		.dd LM48-_main
00000ABD 0D 00 0A 00        		.dw 0x0d,0x0a
00009601                    	.code
                            	LM48:
00009601 0F 9F 35 96        		PC=L6	// jump
                            	L18:
00000ABF                    	.debug
00000ABF 2E 00 73 00        		.dw '.stabn 0x44,0,169,',0,0
         74 00 61 00
         62 00 6E 00
         20 00 30 00
         78 00 34 00
         34 00 2C 00
         30 00 2C 00
         31 00 36 00
         39 00 2C 00
         00 00 00 00
00000AD3 FC 00 00 00        		.dd LM49-_main
00000AD5 0D 00 0A 00        		.dw 0x0d,0x0a
00009603                    	.code
                            	LM49:
00009603 12 95 16 02        		R2=[_DAC_FIR_Type]	// QImode move
00009605 0A 03 01 00        		R1=R2+1
00009607 01 95              		R2=R1	// QImode move
00009608 1A D5 16 02        		[_DAC_FIR_Type]=R2	// QImode move
0000960A 43 44              		CMP R2,3	// QImode compare
0000960B 05 8E 01 EE        		NSJNA L19	//QImode LEU
         00 EE      
00000AD7                    	.debug
00000AD7 2E 00 73 00        		.dw '.stabn 0x44,0,170,',0,0
         74 00 61 00
         62 00 6E 00
         20 00 30 00
         78 00 34 00
         34 00 2C 00
         30 00 2C 00
         31 00 37 00
         30 00 2C 00
         00 00 00 00
00000AEB 07 01 00 00        		.dd LM50-_main
00000AED 0D 00 0A 00        		.dw 0x0d,0x0a
0000960E                    	.code
                            	LM50:
0000960E 40 92              		R1=0	// QImode move
0000960F 19 D3 16 02        		[_DAC_FIR_Type]=R1	// QImode move
                            	L19:
00000AEF                    	.debug
00000AEF 2E 00 73 00        		.dw '.stabn 0x44,0,171,',0,0
         74 00 61 00
         62 00 6E 00
         20 00 30 00
         78 00 34 00
         34 00 2C 00
         30 00 2C 00
         31 00 37 00
         31 00 2C 00
         00 00 00 00
00000B03 0A 01 00 00        		.dd LM51-_main
00000B05 0D 00 0A 00        		.dw 0x0d,0x0a
00009611                    	.code
                            	LM51:
00009611 11 93 16 02        		R1=[_DAC_FIR_Type]	// QImode move
00009613 C8 D2              		[SP--]=R1	// QImode move
00009614 40 F0 79 8D        		CALL _SACM_DVR1600_DA_FIRType	// call without return value
00009616 41 00              		SP = SP + 1	//SP
00000B07                    	.debug
00000B07 2E 00 73 00        		.dw '.stabn 0x44,0,172,',0,0
         74 00 61 00
         62 00 6E 00
         20 00 30 00
         78 00 34 00
         34 00 2C 00
         30 00 2C 00
         31 00 37 00
         32 00 2C 00
         00 00 00 00
00000B1B 10 01 00 00        		.dd LM52-_main
00000B1D 0D 00 0A 00        		.dw 0x0d,0x0a
00009617                    	.code
                            	LM52:
00009617 0F 9F 35 96        		PC=L6	// jump
                            	L20:
00000B1F                    	.debug
00000B1F 2E 00 73 00        		.dw '.stabn 0x44,0,175,',0,0
         74 00 61 00
         62 00 6E 00
         20 00 30 00
         78 00 34 00
         34 00 2C 00
         30 00 2C 00
         31 00 37 00
         35 00 2C 00
         00 00 00 00
00000B33 12 01 00 00        		.dd LM53-_main
00000B35 0D 00 0A 00        		.dw 0x0d,0x0a
00009619                    	.code
                            	LM53:
00009619 41 92              		R1=1	// QImode move
0000961A 19 D3 18 02        		[_PlayCon]=R1	// QImode move
00000B37                    	.debug
00000B37 2E 00 73 00        		.dw '.stabn 0x44,0,176,',0,0
         74 00 61 00
         62 00 6E 00
         20 00 30 00
         78 00 34 00
         34 00 2C 00
         30 00 2C 00
         31 00 37 00
         36 00 2C 00
         00 00 00 00
00000B4B 15 01 00 00        		.dd LM54-_main
00000B4D 0D 00 0A 00        		.dw 0x0d,0x0a
0000961C                    	.code
                            	LM54:
0000961C 40 92              		R1=0	// QImode move
0000961D 19 D3 19 02        		[_Mode]=R1	// QImode move
00000B4F                    	.debug
00000B4F 2E 00 73 00        		.dw '.stabn 0x44,0,177,',0,0
         74 00 61 00
         62 00 6E 00
         20 00 30 00
         78 00 34 00
         34 00 2C 00
         30 00 2C 00
         31 00 37 00
         37 00 2C 00
         00 00 00 00
00000B63 18 01 00 00        		.dd LM55-_main
00000B65 0D 00 0A 00        		.dw 0x0d,0x0a
0000961F                    	.code
                            	LM55:
0000961F 40 92              		R1=0	// QImode move
00009620 19 D3 11 02        		[_SpeechIndex]=R1	// QImode move
00000B67                    	.debug
00000B67 2E 00 73 00        		.dw '.stabn 0x44,0,178,',0,0
         74 00 61 00
         62 00 6E 00
         20 00 30 00
         78 00 34 00
         34 00 2C 00
         30 00 2C 00
         31 00 37 00
         38 00 2C 00
         00 00 00 00
00000B7B 1B 01 00 00        		.dd LM56-_main
00000B7D 0D 00 0A 00        		.dw 0x0d,0x0a
00009622                    	.code
                            	LM56:
00009622 11 93 11 02        		R1=[_SpeechIndex]	// QImode move
00009624 C8 D2              		[SP--]=R1	// QImode move
00009625 40 F0 C9 96        		CALL _USER_DVR1600_SetStartAddr	// call with return value
00009627 41 00              		SP = SP + 1	//SP
00000B7F                    	.debug
00000B7F 2E 00 73 00        		.dw '.stabn 0x44,0,179,',0,0
         74 00 61 00
         62 00 6E 00
         20 00 30 00
         78 00 34 00
         34 00 2C 00
         30 00 2C 00
         31 00 37 00
         39 00 2C 00
         00 00 00 00
00000B93 21 01 00 00        		.dd LM57-_main
00000B95 0D 00 0A 00        		.dw 0x0d,0x0a
00009628                    	.code
                            	LM57:
00009628 41 92              		R1=1	// QImode move
00009629 C8 D2              		[SP--]=R1	// QImode move
0000962A 43 92              		R1=3	// QImode move
0000962B C8 D2              		[SP--]=R1	// QImode move
0000962C 41 62              		R1=(-1)	// QImode move
0000962D C8 D2              		[SP--]=R1	// QImode move
0000962E 40 F0 9C 8D        		CALL _SACM_DVR1600_Play	// call without return value
00009630 43 00              		SP = SP + 3	//SP
00000B97                    	.debug
00000B97 2E 00 73 00        		.dw '.stabn 0x44,0,180,',0,0
         74 00 61 00
         62 00 6E 00
         20 00 30 00
         78 00 34 00
         34 00 2C 00
         30 00 2C 00
         31 00 38 00
         30 00 2C 00
         00 00 00 00
00000BAB 2A 01 00 00        		.dd LM58-_main
00000BAD 0D 00 0A 00        		.dw 0x0d,0x0a
00009631                    	.code
                            	LM58:
00009631 0F 9F 35 96        		PC=L6	// jump
                            	L21:
00000BAF                    	.debug
00000BAF 2E 00 73 00        		.dw '.stabn 0x44,0,183,',0,0
         74 00 61 00
         62 00 6E 00
         20 00 30 00
         78 00 34 00
         34 00 2C 00
         30 00 2C 00
         31 00 38 00
         33 00 2C 00
         00 00 00 00
00000BC3 2C 01 00 00        		.dd LM59-_main
00000BC5 0D 00 0A 00        		.dw 0x0d,0x0a
00009633                    	.code
                            	LM59:
00009633 0F 9F 35 96        		PC=L6	// jump
00000BC7                    	.debug
00000BC7 2E 00 73 00        		.dw '.stabn 0x44,0,184,',0,0
         74 00 61 00
         62 00 6E 00
         20 00 30 00
         78 00 34 00
         34 00 2C 00
         30 00 2C 00
         31 00 38 00
         34 00 2C 00
         00 00 00 00
00000BDB 2E 01 00 00        		.dd LM60-_main
00000BDD 0D 00 0A 00        		.dw 0x0d,0x0a
00009635                    	.code
                            	LM60:
                            	LBE3:
                            	L6:
00000BDF                    	.debug
00000BDF 2E 00 73 00        		.dw '.stabn 0x44,0,185,',0,0
         74 00 61 00
         62 00 6E 00
         20 00 30 00
         78 00 34 00
         34 00 2C 00
         30 00 2C 00
         31 00 38 00
         35 00 2C 00
         00 00 00 00
00000BF3 2E 01 00 00        		.dd LM61-_main
00000BF5 0D 00 0A 00        		.dw 0x0d,0x0a
00009635                    	.code
                            	LM61:
00009635 11 93 18 02        		R1=[_PlayCon]	// QImode move
00009637 40 42              		CMP R1,0	// QImode test
00009638 26 5E 01 EE        		NSJZ L25	//QImode EQ
         00 EE      
00000BF7                    	.debug
00000BF7 2E 00 73 00        		.dw '.stabn 0x44,0,187,',0,0
         74 00 61 00
         62 00 6E 00
         20 00 30 00
         78 00 34 00
         34 00 2C 00
         30 00 2C 00
         31 00 38 00
         37 00 2C 00
         00 00 00 00
00000C0B 34 01 00 00        		.dd LM62-_main
00000C0D 0D 00 0A 00        		.dw 0x0d,0x0a
0000963B                    	.code
                            	LM62:
0000963B 12 95 11 02        		R2=[_SpeechIndex]	// QImode move
0000963D 0A 03 01 00        		R1=R2+1
0000963F 01 95              		R2=R1	// QImode move
00009640 1A D5 11 02        		[_SpeechIndex]=R2	// QImode move
00009642 42 44              		CMP R2,2	// QImode compare
00009643 05 8E 01 EE        		NSJNA L26	//QImode LEU
         00 EE      
00000C0F                    	.debug
00000C0F 2E 00 73 00        		.dw '.stabn 0x44,0,188,',0,0
         74 00 61 00
         62 00 6E 00
         20 00 30 00
         78 00 34 00
         34 00 2C 00
         30 00 2C 00
         31 00 38 00
         38 00 2C 00
         00 00 00 00
00000C23 3F 01 00 00        		.dd LM63-_main
00000C25 0D 00 0A 00        		.dw 0x0d,0x0a
00009646                    	.code
                            	LM63:
00009646 40 92              		R1=0	// QImode move
00009647 19 D3 11 02        		[_SpeechIndex]=R1	// QImode move
                            	L26:
00000C27                    	.debug
00000C27 2E 00 73 00        		.dw '.stabn 0x44,0,189,',0,0
         74 00 61 00
         62 00 6E 00
         20 00 30 00
         78 00 34 00
         34 00 2C 00
         30 00 2C 00
         31 00 38 00
         39 00 2C 00
         00 00 00 00
00000C3B 42 01 00 00        		.dd LM64-_main
00000C3D 0D 00 0A 00        		.dw 0x0d,0x0a
00009649                    	.code
                            	LM64:
00009649 40 F0 65 8E        		CALL _SACM_DVR1600_Check_Con	// call with return value
0000964B 09 43 FF FF        		CMP R1,(-1)	// QImode compare
0000964D 11 4E 01 EE        		NSJNZ L25	//QImode NE
         00 EE      
00000C3F                    	.debug
00000C3F 2E 00 73 00        		.dw '.stabn 0x44,0,191,',0,0
         74 00 61 00
         62 00 6E 00
         20 00 30 00
         78 00 34 00
         34 00 2C 00
         30 00 2C 00
         31 00 39 00
         31 00 2C 00
         00 00 00 00
00000C53 49 01 00 00        		.dd LM65-_main
00000C55 0D 00 0A 00        		.dw 0x0d,0x0a
00009650                    	.code
                            	LM65:
                            	LBB4:
00009650 11 93 11 02        		R1=[_SpeechIndex]	// QImode move
00009652 C8 D2              		[SP--]=R1	// QImode move
00009653 40 F0 E4 96        		CALL _USER_DVR1600_SetStartAddr_Con	// call with return value
00009655 41 00              		SP = SP + 1	//SP
00000C57                    	.debug
00000C57 2E 00 73 00        		.dw '.stabn 0x44,0,192,',0,0
         74 00 61 00
         62 00 6E 00
         20 00 30 00
         78 00 34 00
         34 00 2C 00
         30 00 2C 00
         31 00 39 00
         32 00 2C 00
         00 00 00 00
00000C6B 4F 01 00 00        		.dd LM66-_main
00000C6D 0D 00 0A 00        		.dw 0x0d,0x0a
00009656                    	.code
                            	LM66:
00009656 42 92              		R1=2	// QImode move
00009657 C8 D2              		[SP--]=R1	// QImode move
00009658 43 92              		R1=3	// QImode move
00009659 C8 D2              		[SP--]=R1	// QImode move
0000965A 41 62              		R1=(-1)	// QImode move
0000965B C8 D2              		[SP--]=R1	// QImode move
0000965C 40 F0 34 8E        		CALL _SACM_DVR1600_Play_Con	// call without return value
0000965E 43 00              		SP = SP + 3	//SP
00000C6F                    	.debug
00000C6F 2E 00 73 00        		.dw '.stabn 0x44,0,193,',0,0
         74 00 61 00
         62 00 6E 00
         20 00 30 00
         78 00 34 00
         34 00 2C 00
         30 00 2C 00
         31 00 39 00
         33 00 2C 00
         00 00 00 00
00000C83 58 01 00 00        		.dd LM67-_main
00000C85 0D 00 0A 00        		.dw 0x0d,0x0a
0000965F                    	.code
                            	LM67:
                            	LBE4:
                            	L27:
                            	L25:
00000C87                    	.debug
00000C87 2E 00 73 00        		.dw '.stabn 0x44,0,196,',0,0
         74 00 61 00
         62 00 6E 00
         20 00 30 00
         78 00 34 00
         34 00 2C 00
         30 00 2C 00
         31 00 39 00
         36 00 2C 00
         00 00 00 00
00000C9B 58 01 00 00        		.dd LM68-_main
00000C9D 0D 00 0A 00        		.dw 0x0d,0x0a
0000965F                    	.code
                            	LM68:
0000965F 40 F0 09 8F        		CALL _SACM_DVR1600_ServiceLoop	// call without return value
                            	L28:
00000C9F                    	.debug
00000C9F 2E 00 73 00        		.dw '.stabn 0x44,0,197,',0,0
         74 00 61 00
         62 00 6E 00
         20 00 30 00
         78 00 34 00
         34 00 2C 00
         30 00 2C 00
         31 00 39 00
         37 00 2C 00
         00 00 00 00
00000CB3 5A 01 00 00        		.dd LM69-_main
00000CB5 0D 00 0A 00        		.dw 0x0d,0x0a
00009661                    	.code
                            	LM69:
00009661 40 F0 72 97        		CALL _System_ServiceLoop	// call without return value
00000CB7                    	.debug
00000CB7 2E 00 73 00        		.dw '.stabn 0x44,0,198,',0,0
         74 00 61 00
         62 00 6E 00
         20 00 30 00
         78 00 34 00
         34 00 2C 00
         30 00 2C 00
         31 00 39 00
         38 00 2C 00
         00 00 00 00
00000CCB 5C 01 00 00        		.dd LM70-_main
00000CCD 0D 00 0A 00        		.dw 0x0d,0x0a
00009663                    	.code
                            	LM70:
00009663 0F 9F 36 95        		PC=L3	// jump
                            	L4:
00000CCF                    	.debug
00000CCF 2E 00 73 00        		.dw '.stabn 0x44,0,199,',0,0
         74 00 61 00
         62 00 6E 00
         20 00 30 00
         78 00 34 00
         34 00 2C 00
         30 00 2C 00
         31 00 39 00
         39 00 2C 00
         00 00 00 00
00000CE3 5E 01 00 00        		.dd LM71-_main
00000CE5 0D 00 0A 00        		.dw 0x0d,0x0a
00009665                    	.code
                            	LM71:
00009665 40 92              		R1=0	// QImode move
00009666 0F 9F 68 96        		PC=L2	// jump
00000CE7                    	.debug
00000CE7 2E 00 73 00        		.dw '.stabn 0x44,0,200,',0,0
         74 00 61 00
         62 00 6E 00
         20 00 30 00
         78 00 34 00
         34 00 2C 00
         30 00 2C 00
         32 00 30 00
         30 00 2C 00
         00 00 00 00
00000CFB 61 01 00 00        		.dd LM72-_main
00000CFD 0D 00 0A 00        		.dw 0x0d,0x0a
00009668                    	.code
                            	LM72:
                            	LBE2:
00000CFF                    	.debug
00000CFF 2E 00 73 00        		.dw '.stabn 0x44,0,200,',0,0
         74 00 61 00
         62 00 6E 00
         20 00 30 00
         78 00 34 00
         34 00 2C 00
         30 00 2C 00
         32 00 30 00
         30 00 2C 00
         00 00 00 00
00000D13 61 01 00 00        		.dd LM73-_main
00000D15 0D 00 0A 00        		.dw 0x0d,0x0a
00009668                    	.code
                            	LM73:
                            	L2:
                            	
00009668 41 00              		SP+=1
00009669 88 98              		POP BP from [SP]
0000966A 90 9A              		RETF
                            		.endp	// end of main
                            	
00000D17                    	.debug
00000D17 2E 00 73 00        		.dw '.stabn 0xc0,0,0,',0,0
         74 00 61 00
         62 00 6E 00
         20 00 30 00
         78 00 63 00
         30 00 2C 00
         30 00 2C 00
         30 00 2C 00
         00 00 00 00
00000D29 07 00 00 00        		.dd LBB2-_main
00000D2B 0D 00 0A 00        		.dw 0x0d,0x0a
0000966B                    	.code
00000D2D                    	.debug
00000D2D 2E 00 73 00        		.dw '.stabn 0xc0,0,0,',0,0
         74 00 61 00
         62 00 6E 00
         20 00 30 00
         78 00 63 00
         30 00 2C 00
         30 00 2C 00
         30 00 2C 00
         00 00 00 00
00000D3F 6D 00 00 00        		.dd LBB3-_main
00000D41 0D 00 0A 00        		.dw 0x0d,0x0a
0000966B                    	.code
00000D43                    	.debug
00000D43 2E 00 73 00        		.dw '.stabn 0xe0,0,0,',0,0
         74 00 61 00
         62 00 6E 00
         20 00 30 00
         78 00 65 00
         30 00 2C 00
         30 00 2C 00
         30 00 2C 00
         00 00 00 00
00000D55 2E 01 00 00        		.dd LBE3-_main
00000D57 0D 00 0A 00        		.dw 0x0d,0x0a
0000966B                    	.code
00000D59                    	.debug
00000D59 2E 00 73 00        		.dw '.stabn 0xc0,0,0,',0,0
         74 00 61 00
         62 00 6E 00
         20 00 30 00
         78 00 63 00
         30 00 2C 00
         30 00 2C 00
         30 00 2C 00
         00 00 00 00
00000D6B 49 01 00 00        		.dd LBB4-_main
00000D6D 0D 00 0A 00        		.dw 0x0d,0x0a
0000966B                    	.code
00000D6F                    	.debug
00000D6F 2E 00 73 00        		.dw '.stabn 0xe0,0,0,',0,0
         74 00 61 00
         62 00 6E 00
         20 00 30 00
         78 00 65 00
         30 00 2C 00
         30 00 2C 00
         30 00 2C 00
         00 00 00 00
00000D81 58 01 00 00        		.dd LBE4-_main
00000D83 0D 00 0A 00        		.dw 0x0d,0x0a
0000966B                    	.code
00000D85                    	.debug
00000D85 2E 00 73 00        		.dw '.stabn 0xe0,0,0,',0,0
         74 00 61 00
         62 00 6E 00
         20 00 30 00
         78 00 65 00
         30 00 2C 00
         30 00 2C 00
         30 00 2C 00
         00 00 00 00
00000D97 61 01 00 00        		.dd LBE2-_main
00000D99 0D 00 0A 00        		.dw 0x0d,0x0a
0000966B                    	.code
00000D9B                    	.debug
00000D9B 2E 00 73 00        		.dw '.stabf ',0,0
         74 00 61 00
         62 00 66 00
         20 00 00 00
         00 00      
00000DA4 64 01 00 00        		.dd LME1-_main
00000DA6 0D 00 0A 00        		.dw 0x0d,0x0a
0000966B                    	.code
                            	LME1:
00000210                    	.iram
                            	.public _Key
                            	_Key:
00000210 00 00              		.dw 0
00000211                    	.iram
                            	.public _SpeechIndex
                            	_SpeechIndex:
00000211 00 00              		.dw 0
00000212                    	.iram
                            	.public _VolumeIndex
                            	_VolumeIndex:
00000212 00 00              		.dw 0
00000213                    	.iram
                            	.public _BitRate
                            	_BitRate:
00000213 00 00              		.dw 0
00000214                    	.iram
                            	.public _ADC_Channel
                            	_ADC_Channel:
00000214 00 00              		.dw 0
00000215                    	.iram
                            	.public _ADC_FIR_Type
                            	_ADC_FIR_Type:
00000215 00 00              		.dw 0
00000216                    	.iram
                            	.public _DAC_FIR_Type
                            	_DAC_FIR_Type:
00000216 00 00              		.dw 0
00000217                    	.iram
                            	.public _PauseFlag
                            	_PauseFlag:
00000217 00 00              		.dw 0
00000218                    	.iram
                            	.public _PlayCon
                            	_PlayCon:
00000218 00 00              		.dw 0
00000219                    	.iram
                            	.public _Mode
                            	_Mode:
00000219 00 00              		.dw 0
                            	.external _System_ServiceLoop
                            	.external _SACM_DVR1600_ServiceLoop
                            	.external _SACM_DVR1600_Play_Con
                            	.external _USER_DVR1600_SetStartAddr_Con
                            	.external _SACM_DVR1600_Check_Con
                            	.external _SACM_DVR1600_DA_FIRType
                            	.external _USER_DVR1600_Volume
                            	.external _SACM_DVR1600_Resume
                            	.external _SACM_DVR1600_Pause
                            	.external _SACM_DVR1600_Stop
                            	.external _SACM_DVR1600_Rec
                            	.external _USER_DVR1600_SetStartAddr
                            	.external _SPI_Flash_Sector_Erase
                            	.external _SP_GetCh
                            	.external _SACM_DVR1600_Play
                            	.external _SACM_DVR1600_Initial
                            	.external _SPI_Initial
                            	.external _System_Initial
                            		.end
0 error(s), 0 warning(s).

