Generalplus u'nSP Assembler - Ver. 1.14.13.0
              Listing File Has Been Relocated
                            	//==========================================================================
                            	// File Name   : SACM_DVR1600_USER.asm
                            	// Description : Users implement functions
                            	// Written by  : Ray Cheng
                            	// Last modified date:
                            	//              2005/12/26
                            	// Note: 
                            	//==========================================================================
                            	//**************************************************************************
                            	// Header File Included Area
                            	//**************************************************************************
                            	.include GPCE063.inc
                     <      	//==========================================================================
                     <      	// File Name   : GPCE063.inc
                     <      	// Description : GPCE063 registers and constants definition
                     <      	// Written by  : Chimc
                     <      	// Last modified date:
                     <      	//              2008/03/19
                     <      	//==========================================================================
                     <      	.ifndef __GPCE063_INC__
                     <      	.define __GPCE063_INC__
                     <      	
                     <      	//--------------------------------------------------------------------------------------------------------------------------------------------
                     <      	//	GPIO Configration
                     <      	//	Dir		Att		Dat		Function Description			Wakeup
                     <      	//	0		0		0		Input Pull Low					Yes
                     <      	//	0		0		1		Input Pull High					Yes
                     <      	//	0		1		0		Input Floating					Yes
                     <      	//	0		1		1		Input Floating					Yes
                     <      	//	1		0		0		Output High (Inverted)			Yes		(With Io Toggle Capability)
                     <      	//	1		0		1		Output Low (Inverted)			Yes		(With Io Toggle Capability)
                     <      	//	1		1		0		Output Low						Yes
                     <      	//	1		1		1		Output High						Yes
                     <      	//--------------------------------------------------------------------------------------------------------------------------------------------
                     <      	
                     <      	//--------------------------------------------------------------------------------------------------------------------------------------------
                     <      	//	Special IO Function
                     <      	//	IOA_Func	Bit15	Bit14	Bit13	Bit12	Bit11	Bit10	Bit9	Bit8	Bit7	Bit6	Bit5	Bit4	Bit3	Bit2	Bit1	Bit0
                     <      	//	IR			-		-		-		-		-		-		-		-		-		-		-		-		-		-		IROUT	-
                     <      	//	Wakeup		Yes		Yes		Yes		Yes		Yes		Yes		Yes		Yes		Yes		Yes		Yes		Yes		Yes		Yes		Yes		Yes
                     <      	//	FB/OSC		-		-		-		-		FO2		FI2		FO1		FI1		-		-		-		-		-		-		-		-
                     <      	//	Ext_Int		-		-		-		-		-		EXT2	-		EXT1	-		-		-		-		-		-		-		-
                     <      	//	IOPWM		-		-		-		-		-		-		-		-		-		-		-		-		-		-		-		IOPWM
                     <      	//	SPI			SPIRX	SPITX	SPICK	SPICS	-		-		-		-		-		-		-		-		-		-		-		-
                     <      	//	HighDriving	-		-		-		-		-		-		-		-		Yes		Yes		Yes		Yes		-		-		-		-
                     <      	//--------------------------------------------------------------------------------------------------------------------------------------------
                     <      	//	IOB_Func	Bit15	Bit14	Bit13	Bit12	Bit11	Bit10	Bit9	Bit8	Bit7	Bit6	Bit5	Bit4	Bit3	Bit2	Bit1	Bit0
                     <      	//	ADC_CH		-		-		-		-		-		-		-		-		AN7		AN6		AN5		AN4		AN3		AN2		AN1		AN0
                     <      	//--------------------------------------------------------------------------------------------------------------------------------------------
                     <      	
                     <      	//////////////////////////////////////////////////////////////////////////////////////
                     <      	//====================================================================================
                     <      	//	Port Definition
                     <      	//====================================================================================
                     <      	//////////////////////////////////////////////////////////////////////////////////////
                     <      	.define	P_IOA_Data				0x2000
                     <      	.define P_IOA_Buffer			0x2001
                     <      	.define	P_IOA_Dir				0x2002
                     <      	.define	P_IOA_Attrib			0x2003
                     <      	.define	P_IOB_Data				0x2004
                     <      	.define P_IOB_Buffer			0x2005
                     <      	.define	P_IOB_Dir				0x2006
                     <      	.define	P_IOB_Attrib			0x2007
                     <      	.define P_IO_Ctrl				0x2008
                     <      	
                     <      	//---------------------------------------------------
                     <      	.define P_TimerA_Data			0x2010
                     <      	.define P_TimerA_CNTR			0x2011
                     <      	.define P_TimerB_Data			0x2012
                     <      	.define P_TimerB_CNTR			0x2013
                     <      	.define P_TimerC_Data			0x2014
                     <      	.define P_TimerC_CNTR			0x2015
                     <      	.define P_Timer_Ctrl			0x2016
                     <      	
                     <      	//---------------------------------------------------
                     <      	.define P_PWM_Ctrl				0x2020
                     <      	
                     <      	//---------------------------------------------------
                     <      	.define P_System_Clock			0x2030
                     <      	.define P_System_Reset			0x2031
                     <      	.define P_Reset_LVD_Ctrl		0x2032
                     <      	.define P_TimeBase_Clear		0x2033
                     <      	.define P_Watchdog_Clear		0x2034
                     <      	.define P_Wait_Ctrl				0x2035
                     <      	.define P_System_Sleep			0x2036
                     <      	
                     <      	//---------------------------------------------------
                     <      	.define P_DAC_Ctrl				0x2040
                     <      	.define P_DAC_Data				0x2041
                     <      	
                     <      	//---------------------------------------------------
                     <      	.define P_INT_Ctrl				0x2050
                     <      	.define P_INT_Status			0x2051
                     <      	.define P_FIQ_Sel				0x2052
                     <      	
                     <      	//---------------------------------------------------
                     <      	.define P_SPI_Ctrl				0x2060
                     <      	.define P_SPI_TX_Status			0x2061
                     <      	.define P_SPI_TX_Data			0x2062
                     <      	.define P_SPI_RX_Status			0x2063
                     <      	.define P_SPI_RX_Data			0x2064
                     <      	.define P_SPI_Misc				0x2065
                     <      	
                     <      	//---------------------------------------------------
                     <      	.define P_ADC_Ctrl				0x2070
                     <      	.define P_ADC_Data				0x2071
                     <      	.define P_ADC_LineIn_BitCtrl	0x2072
                     <      	
                     <      	//---------------------------------------------------
                     <      	.define	P_Flash_Ctrl			0x26FF
                     <      	
                     <      	//---------------------------------------------------
                     <      	//---------------------------------------------------
                     <      	//---------------------------------------------------
                     <      	
                     <      	
                     <      	//////////////////////////////////////////////////////////////////////////////////////
                     <      	//====================================================================================
                     <      	// Constant Definition
                     <      	//====================================================================================
                     <      	//////////////////////////////////////////////////////////////////////////////////////
                     <      	
                     <      	//====================================================================================
                     <      	// P_IO_Ctrl (0x2008)
                     <      	//====================================================================================
                     <      	// Bit[15:11] : Reserved
                     <      	// Bit10 : FW_SPI_CS
                     <      	.define C_FW_SPI_CS				0x0400
                     <      	.define	C_SPI_CS_Firmware		0x0000		// CS Control by Firmware
                     <      	.define	C_SPI_CS_Hardware		0x0400		// CS Control by Hardware
                     <      	// Bit[9:8] : IR_Duty === IRout:IOA1
                     <      	.define	C_IR_Duty				0x0300
                     <      	.define	C_IR_Duty_DIV_2			0x0000		// 1/2 Duty
                     <      	.define	C_IR_Duty_DIV_3			0x0100		// 1/3 Duty
                     <      	.define	C_IR_Duty_DIV_4			0x0200		// 1/4 Duty
                     <      	.define	C_IR_Duty_DIV_5			0x0300		// 1/5 Duty
                     <      	// Bit[7:6] : IR_Ctrl
                     <      	.define	C_IR_Ctrl				0x00C0
                     <      	.define	C_IR_Disable			0x0000		// IR Disable ; IOA1 as Normal IO
                     <      	.define	C_IR_With_TimerA		0x0040		// IR Function Enable with Timer A as Source
                     <      	.define	C_IR_With_TimerB		0x0080		// IR Function Enable with Timer B as Source
                     <      	.define	C_IR_With_TimerC		0x00C0		// IR Function Enable with Timer C as Source
                     <      	// Bit[5:4] : EXT2_Ctrl === FI2:IOA10  FO2:IOA11
                     <      	.define	C_EXT2_Ctrl				0x0030
                     <      	.define	C_EXT2_Normal_Rising	0x0000		// Normal IO With Rising Edge Trigger
                     <      	.define	C_EXT2_Normal_Falling	0x0010		// Normal IO With Falling Edge Trigger
                     <      	.define	C_EXT2_Feedback_Rising	0x0020		// Feedback Oscillator With Rising Edge Trigger
                     <      	.define	C_EXT2_Feedback_Falling	0x0030		// Feedback Oscillator With Falling Edge Trigger
                     <      	// Bit[3:2] : EXT1_Ctrl === FI1:IOA8  FO1:IOA9
                     <      	.define	C_EXT1_Ctrl				0x000C
                     <      	.define	C_EXT1_Normal_Rising	0x0000		// Normal IO With Rising Edge Trigger
                     <      	.define	C_EXT1_Normal_Falling	0x0004		// Normal IO With Falling Edge Trigger
                     <      	.define	C_EXT1_Feedback_Rising	0x0008		// Feedback Oscillator With Rising Edge Trigger
                     <      	.define	C_EXT1_Feedback_Falling	0x000C		// Feedback Oscillator With Falling Edge Trigger
                     <      	// Bit[1:0] : Reserved 
                     <      	
                     <      	//====================================================================================
                     <      	// P_Timer_Ctrl (0x2016)  Timer Setting
                     <      	//====================================================================================
                     <      	// Bit[3:0] : TMASEL
                     <      	.define C_TimerA_Sel			0x000F
                     <      	.define C_TimerA_Disable		0x0000
                     <      	.define C_TimerA_Software_Count	0x0001
                     <      	.define C_TimerA_FRTC_EXT2		0x0002
                     <      	.define C_TimerA_EXT1_EXT2		0x0002
                     <      	.define C_TimerA_FPLL_EXT2		0x0003
                     <      	.define C_TimerA_EXT2_64Hz		0x0004
                     <      	.define C_TimerA_EXT2_16Hz		0x0005
                     <      	.define C_TimerA_EXT2_2Hz		0x0006
                     <      	.define C_TimerA_EXT2			0x0007
                     <      	.define C_TimerA_FRTC_64Hz		0x0008
                     <      	//.define C_TimerA_EXT1_64Hz	0x0008
                     <      	.define C_TimerA_FRTC_16Hz		0x0009
                     <      	//.define C_TimerA_EXT1_16Hz	0x0009
                     <      	.define C_TimerA_FRTC_2Hz		0x000A
                     <      	//.define C_TimerA_EXT1_2Hz		0x000A
                     <      	.define C_TimerA_FRTC			0x000B
                     <      	//.define C_TimerA_EXT1			0x000B
                     <      	.define C_TimerA_FPLL_64Hz		0x000C
                     <      	.define C_TimerA_FPLL_16Hz		0x000D
                     <      	.define C_TimerA_FPLL_2Hz		0x000E
                     <      	.define C_TimerA_FPLL			0x000F
                     <      	// Bit[7:4] : TMBSEL
                     <      	.define C_TimerB_Sel			0x00F0
                     <      	.define C_TimerB_Disable		0x0000
                     <      	.define C_TimerB_Software_Count	0x0010
                     <      	.define C_TimerB_FRTC_EXT2		0x0020
                     <      	.define C_TimerB_EXT1_EXT2		0x0020
                     <      	.define C_TimerB_FPLL_EXT2		0x0030
                     <      	.define C_TimerB_EXT2_64Hz		0x0040
                     <      	.define C_TimerB_EXT2_16Hz		0x0050
                     <      	.define C_TimerB_EXT2_2Hz		0x0060
                     <      	.define C_TimerB_EXT2			0x0070
                     <      	.define C_TimerB_FRTC_64Hz		0x0080
                     <      	//.define C_TimerB_EXT1_64Hz	0x0080
                     <      	.define C_TimerB_FRTC_16Hz		0x0090
                     <      	//.define C_TimerB_EXT1_16Hz	0x0090
                     <      	.define C_TimerB_FRTC_2Hz		0x00A0
                     <      	//.define C_TimerB_EXT1_2Hz		0x00A0
                     <      	.define C_TimerB_FRTC			0x00B0
                     <      	//.define C_TimerB_EXT1			0x00B0
                     <      	.define C_TimerB_FPLL_64Hz		0x00C0
                     <      	.define C_TimerB_FPLL_16Hz		0x00D0
                     <      	.define C_TimerB_FPLL_2Hz		0x00E0
                     <      	.define C_TimerB_FPLL			0x00F0
                     <      	// Bit[11:8] : TMCSEL
                     <      	.define C_TimerC_Sel			0x0F00
                     <      	.define C_TimerC_Disable		0x0000
                     <      	.define C_TimerC_Software_Count	0x0100
                     <      	.define C_TimerC_FRTC_EXT2		0x0200
                     <      	.define C_TimerC_EXT1_EXT2		0x0200
                     <      	.define C_TimerC_FPLL_EXT2		0x0300
                     <      	.define C_TimerC_EXT2_64Hz		0x0400
                     <      	.define C_TimerC_EXT2_16Hz		0x0500
                     <      	.define C_TimerC_EXT2_2Hz		0x0600
                     <      	.define C_TimerC_EXT2			0x0700
                     <      	.define C_TimerC_FRTC_64Hz		0x0800
                     <      	//.define C_TimerC_EXT1_64Hz	0x0800
                     <      	.define C_TimerC_FRTC_16Hz		0x0900
                     <      	//.define C_TimerC_EXT1_16Hz	0x0900
                     <      	.define C_TimerC_FRTC_2Hz		0x0A00
                     <      	//.define C_TimerC_EXT1_2Hz		0x0A00
                     <      	.define C_TimerC_FRTC			0x0B00
                     <      	//.define C_TimerC_EXT1			0x0B00
                     <      	.define C_TimerC_FPLL_64Hz		0x0C00
                     <      	.define C_TimerC_FPLL_16Hz		0x0D00
                     <      	.define C_TimerC_FPLL_2Hz		0x0E00
                     <      	.define C_TimerC_FPLL			0x0F00
                     <      	// Bit12 : Timer A input source select; 0 for FRTC, 1 for EXT1
                     <      	//.define C_TimerA_Input1			0x1000
                     <      	//.define C_TimerA_Input1_FRTC	0x0000
                     <      	//.define C_TimerA_Input1_EXT1	0x1000
                     <      	// Bit13 : Timer B input source select; 0 for FRTC, 1 for EXT1
                     <      	//.define C_TimerB_Input1			0x2000
                     <      	//.define C_TimerB_Input1_FRTC	0x0000
                     <      	//.define C_TimerB_Input1_EXT1	0x2000
                     <      	// Bit14 : Timer C input source select; 0 for FRTC, 1 for EXT1
                     <      	//.define C_TimerC_Input1			0x4000
                     <      	//.define C_TimerC_Input1_FRTC	0x0000
                     <      	//.define C_TimerC_Input1_EXT1	0x4000
                     <      	// Bit15 : Reserved
                     <      	
                     <      	//.define SystemClock				20480000
                     <      	//.define SystemClock				24576000
                     <      	//.define SystemClock				32768000
                     <      	//.define SystemClock				40960000
                     <      	.define SystemClock				49152000
                     <      	//.define SystemClock				12000000		// For FPGA Test
                     <      	//.define SystemClock				24000000		// For FPGA Test
                     <      	//.define SystemClock				48000000		// For FPGA Test
                     <      	
                     <      	.define C_Timer_Setting_1K   	65536 - (SystemClock / 1000)
                     <      	.define C_Timer_Setting_2K     	65536 - (SystemClock / 2000)
                     <      	.define C_Timer_Setting_3K     	65536 - (SystemClock / 3000)
                     <      	.define C_Timer_Setting_4K     	65536 - (SystemClock / 4000)
                     <      	.define C_Timer_Setting_5K     	65536 - (SystemClock / 5000)
                     <      	.define C_Timer_Setting_6K     	65536 - (SystemClock / 6000)
                     <      	.define C_Timer_Setting_7K     	65536 - (SystemClock / 7000)
                     <      	.define C_Timer_Setting_8K    	65536 - (SystemClock / 8000)
                     <      	.define C_Timer_Setting_9K     	65536 - (SystemClock / 9000)
                     <      	.define C_Timer_Setting_10K    	65536 - (SystemClock / 10000)
                     <      	.define C_Timer_Setting_11K    	65536 - (SystemClock / 11000)
                     <      	.define C_Timer_Setting_12K    	65536 - (SystemClock / 12000)
                     <      	.define C_Timer_Setting_13K    	65536 - (SystemClock / 13000)
                     <      	.define C_Timer_Setting_14K    	65536 - (SystemClock / 14000)
                     <      	.define C_Timer_Setting_15K    	65536 - (SystemClock / 15000)
                     <      	.define C_Timer_Setting_16K    	65536 - (SystemClock / 16000)
                     <      	.define C_Timer_Setting_20K    	65536 - (SystemClock / 20000)
                     <      	.define C_Timer_Setting_24K    	65536 - (SystemClock / 24000)
                     <      	.define C_Timer_Setting_28K   	65536 - (SystemClock / 28000)
                     <      	.define C_Timer_Setting_32K    	65536 - (SystemClock / 32000)
                     <      	.define C_Timer_Setting_36K   	65536 - (SystemClock / 36000)
                     <      	.define C_Timer_Setting_40K   	65536 - (SystemClock / 40000)
                     <      	.define C_Timer_Setting_48K    	65536 - (SystemClock / 48000)
                     <      	.define C_Timer_Setting_64K    	65536 - (SystemClock / 64000)
                     <      	.define C_Timer_Setting_500K   	65536 - (SystemClock / 500000)
                     <      	.define C_Timer_Setting_15555  	65536 - (SystemClock / 15555)	// For FPGA Test
                     <      	.define C_Timer_Setting_17777  	65536 - (SystemClock / 17777)	// For FPGA Test
                     <      	
                     <      	
                     <      	//====================================================================================
                     <      	// P_PWM_Ctrl (0x2020)  IOPWM
                     <      	//====================================================================================
                     <      	// Bit[15] : IOPWM_CNT_Clear
                     <      	.define	C_IOPWM_CNT_Clear		0x8000
                     <      	// Bit[14:7] : Reserved
                     <      	// Bit[6] : IOPWM_Mask
                     <      	.define	C_IOPWM_Mask			0x0040
                     <      	.define	C_IOPWM_Mask_Disable	0x0000		//default
                     <      	.define	C_IOPWM_Mask_Enable		0x0040
                     <      	// Bit[5:4] : Clock Source for IOPWM
                     <      	.define	C_IOPWM_CLK_SRC			0x0030
                     <      	.define	C_IOPWM_SRC_FRTC_Div2	0x0000
                     <      	.define	C_IOPWM_SRC_TimerA		0x0010
                     <      	.define	C_IOPWM_SRC_TimerB		0x0020
                     <      	.define	C_IOPWM_SRC_TimerC		0x0030
                     <      	// Bit[3:0] : PWM_Duty
                     <      	.define	C_IOPWM_Duty			0x000F
                     <      	.define C_IOPWM_OFF				0x0000
                     <      	.define C_IOPWM_1_Div_16		0x0001
                     <      	.define C_IOPWM_2_Div_16		0x0002
                     <      	.define C_IOPWM_3_Div_16		0x0003
                     <      	.define C_IOPWM_4_Div_16		0x0004
                     <      	.define C_IOPWM_5_Div_16		0x0005
                     <      	.define C_IOPWM_6_Div_16		0x0006
                     <      	.define C_IOPWM_7_Div_16		0x0007
                     <      	.define C_IOPWM_8_Div_16		0x0008
                     <      	.define C_IOPWM_9_Div_16		0x0009
                     <      	.define C_IOPWM_10_Div_16		0x000A
                     <      	.define C_IOPWM_11_Div_16		0x000B
                     <      	.define C_IOPWM_12_Div_16		0x000C
                     <      	.define C_IOPWM_13_Div_16		0x000D
                     <      	.define C_IOPWM_14_Div_16		0x000E
                     <      	.define C_IOPWM_1_Div_2			0x000F
                     <      	
                     <      	//====================================================================================
                     <      	// P_System_Clock (0x2030)  
                     <      	// The System Clock can be configured form 24.576MHz to 49.152MHz
                     <      	//====================================================================================
                     <      	// Bit[7:5] : FOSC
                     <      	.define C_FOSC					0x00E0
                     <      	.define C_FOSC_24576KHz			0x0000
                     <      	.define C_FOSC_20480KHz			0x0020
                     <      	.define C_FOSC_32768KHz			0x0040
                     <      	.define C_FOSC_40960KHz			0x0060
                     <      	.define C_FOSC_49152KHz			0x0080
                     <      	.define C_FOSC_49152KHz_M1		0x00A0
                     <      	.define C_FOSC_49152KHz_M2		0x00C0
                     <      	.define C_FOSC_49152KHz_M3		0x00E0
                     <      	// Bit[4] : 32KHz Sleep Status
                     <      	.define	C_Sleep_RTC_Status		0x0010
                     <      	.define	C_Sleep_RTC_SLP_Off		0x0000
                     <      	.define	C_Sleep_RTC_SLP_Work	0x0010
                     <      	// Bit[3] : Strong Mode
                     <      	.define C_RTC_Mode_Sel			0x0008
                     <      	.define C_RTC_Mode_Weak			0x0000
                     <      	.define C_RTC_Mode_Strong		0x0008
                     <      	// Bit[2:0] : CPU Clock
                     <      	.define	C_CPU_CLK				0x0007
                     <      	.define	C_CPU_CLK_FOSC			0x0000
                     <      	.define	C_CPU_CLK_FOSC_DIV_2	0x0001
                     <      	.define	C_CPU_CLK_FOSC_DIV_4	0x0002
                     <      	.define	C_CPU_CLK_FOSC_DIV_8	0x0003			// Default Value
                     <      	.define	C_CPU_CLK_FOSC_DIV_16	0x0004
                     <      	.define	C_CPU_CLK_FOSC_DIV_32	0x0005
                     <      	.define	C_CPU_CLK_FOSC_DIV_64	0x0006
                     <      	.define	C_CPU_CLK_FOSC_DIV_128	0x0007
                     <      	
                     <      	// P_System_Sleep (0x2036)
                     <      	.define C_System_Sleep			0x5555
                     <      	// P_System_Reset (0x2031)
                     <      	.define C_Software_Reset		0x5555
                     <      	// P_TimeBase_Clear (0x2033)
                     <      	.define	C_TimeBase_Clear		0x5555			// Write any value to clear
                     <      	// P_Watchdog_Clear (0x2034)
                     <      	.define	C_Watchdog_Clear		0x5555
                     <      	
                     <      	//====================================================================================
                     <      	// P_Reset_LVD_Ctrl (0x2032)
                     <      	//====================================================================================
                     <      	// Bit[15]
                     <      	.define C_Watchdog_Reset_Flag	0x8000			// Flag
                     <      	// Bit[14]
                     <      	.define C_Software_Reset_Flag	0x4000			// Flag
                     <      	// Bit[13]
                     <      	.define C_Wathcdog_Reset_Err_Flag	0x2000			// Flag
                     <      	// Bit[12]
                     <      	.define C_ILL_Addr_Reset_Flag	0x1000			// Flag
                     <      	// Bit[11]
                     <      	.define C_LVD_Status_Flag		0x0800			// Flag
                     <      	// Bit[9:2] Reserved
                     <      	// Bit[1:0] : LVD_Ctrl
                     <      	.define	C_LVD_Ctrl				0x0003
                     <      	.define	C_LVD_Ctrl_3D2V			0x0000			// Default Value
                     <      	.define	C_LVD_Ctrl_3D0V			0x0001
                     <      	.define	C_LVD_Ctrl_2D8V			0x0002
                     <      	.define	C_LVD_Ctrl_2D6V			0x0003
                     <      	// LVR always setting 2.2v
                     <      	
                     <      	//====================================================================================
                     <      	// P_Wait_Ctrl (0x2035)
                     <      	//====================================================================================
                     <      	.define	C_Wait_State_Reg		0x000F
                     <      	.define C_Wait_State_2Cycles1	0x0000
                     <      	.define C_Wait_State_2Cycles2	0x0001
                     <      	.define C_Wait_State_2Cycles	0x0002
                     <      	.define C_Wait_State_3Cycles	0x0003			// Default Value
                     <      	.define C_Wait_State_4Cycles	0x0004
                     <      	.define C_Wait_State_5Cycles	0x0005
                     <      	.define C_Wait_State_6Cycles	0x0006
                     <      	.define C_Wait_State_7Cycles	0x0007
                     <      	.define C_Wait_State_8Cycles	0x0008
                     <      	.define C_Wait_State_9Cycles	0x0009
                     <      	.define C_Wait_State_10Cycles	0x000A
                     <      	.define C_Wait_State_11Cycles	0x000B
                     <      	.define C_Wait_State_12Cycles	0x000C
                     <      	.define C_Wait_State_13Cycles	0x000D
                     <      	.define C_Wait_State_14Cycles	0x000E
                     <      	.define C_Wait_State_15Cycles	0x000F
                     <      	
                     <      	//====================================================================================
                     <      	// P_DAC_Ctrl (0x2040)
                     <      	//====================================================================================
                     <      	// Bit[15:3] : Reserved
                     <      	// Bit[2] : DAC Enable
                     <      	.define	C_DAC_Disable			0x0000
                     <      	.define	C_DAC_Enable			0x0004
                     <      	// Bit[1:0] : DAC Timer Select
                     <      	.define C_DAC_TMR_Sel			0x0003
                     <      	.define C_DAC_TMR_Sel_Manual	0x0000
                     <      	.define C_DAC_TMR_Sel_TimerA	0x0001
                     <      	.define C_DAC_TMR_Sel_TimerB	0x0002
                     <      	.define C_DAC_TMR_Sel_TimerC	0x0003
                     <      	
                     <      	//====================================================================================
                     <      	// P_INT_Ctrl (0x2050)
                     <      	// P_INT_Status (0x2051)
                     <      	// P_FIQ_Sel (0x2052)
                     <      	//====================================================================================
                     <      	// Bit[15:13] : Reserve
                     <      	.define C_IRQ0_TMA					0x1000
                     <      	.define C_IRQ1_TMB					0x0800
                     <      	.define C_IRQ2_TMC					0x0400
                     <      	.define C_IRQ3_SPI					0x0200
                     <      	.define C_IRQ4_KEY					0x0100
                     <      	.define C_IRQ5_EXT1					0x0080
                     <      	.define C_IRQ5_EXT2					0x0040
                     <      	.define C_IRQ6_4096Hz				0x0020
                     <      	.define C_IRQ6_2048Hz				0x0010
                     <      	.define C_IRQ6_512Hz				0x0008
                     <      	.define C_IRQ7_64Hz					0x0004
                     <      	.define C_IRQ7_16Hz					0x0002
                     <      	.define C_IRQ7_2Hz					0x0001
                     <      	
                     <      	//====================================================================================
                     <      	// P_SPI_Ctrl (0x2060)
                     <      	//====================================================================================
                     <      	// Bit[2:0] : Master Mode clock selection : 111b is reserved
                     <      	.define C_SPI_SCK_SEL				0x0007
                     <      	.define C_SCKSEL_FPLL_Div_2			0x0000
                     <      	.define C_SCKSEL_FPLL_Div_4			0x0001
                     <      	.define C_SCKSEL_FPLL_Div_8			0x0002
                     <      	.define C_SCKSEL_FPLL_Div_16		0x0003
                     <      	.define C_SCKSEL_FPLL_Div_32		0x0004
                     <      	.define C_SCKSEL_FPLL_Div_64		0x0005	
                     <      	.define C_SCKSEL_FPLL_Div_128		0x0006
                     <      	// Bit3 : Reserved
                     <      	// Bit4 : SPI Clock Polarity
                     <      	.define	C_SPI_Clock_Pol				0x0010
                     <      	.define C_SPI_Clock_Pol_Normal		0x0000	// Clock Normal or Inverted 
                     <      	.define C_SPI_Clock_Pol_Inverse		0x0010
                     <      	// Bit5 : SPI Clock Phase
                     <      	.define C_SPI_Clock_Phase			0x0020
                     <      	.define C_SPI_Clock_Phase_Normal	0x0000	// Rising Edge Trigger or Falling Edge Trigger depend on Polarity
                     <      	.define C_SPI_Clock_Phase_Shift		0x0020  // (POL=0, PHA=1)
                     <      	// Bit[7:6] : Reserved
                     <      	// Bit8 : SPI Mode
                     <      	.define	C_SPI_Mode					0x0100
                     <      	.define C_MasterMode				0x0000
                     <      	.define C_SlaveMode  				0x0100
                     <      	// Bit[10:9] : Reserved
                     <      	// Bit11 : SPI Reset
                     <      	.define C_SPI_Reset					0x0800
                     <      	// Bit12 : Reserved
                     <      	// Bit13 : Loop Back Mode Selection
                     <      	.define	C_SPI_LBM_Normal			0x0000
                     <      	.define	C_SPI_LBM_Enable			0x2000
                     <      	// Bit14: Reserved
                     <      	// Bit15 : SPI Enable
                     <      	.define C_SPI_Disable				0x0000
                     <      	.define C_SPI_Enable				0x8000
                     <      	
                     <      	//====================================================================================
                     <      	// P_SPI_TX_Status (0x2061)
                     <      	//====================================================================================
                     <      	// Bit[3:0] : SPI TX Flag (read only) : Only 8 FIFOs  
                     <      	.define	C_SPI_TX_Flag				0x0007		// 0 ~ 7
                     <      	// Bit[7:4] : SPI TX level setting
                     <      	.define C_SPI_TX_FIFO_Level			0x0070		// 0 ~ 7
                     <      	.define C_SPI_TX_FIFO_Level_0		0x0000
                     <      	.define C_SPI_TX_FIFO_Level_1		0x0010
                     <      	.define C_SPI_TX_FIFO_Level_2		0x0020
                     <      	.define C_SPI_TX_FIFO_Level_3		0x0030
                     <      	.define C_SPI_TX_FIFO_Level_4		0x0040
                     <      	.define C_SPI_TX_FIFO_Level_5		0x0050
                     <      	.define C_SPI_TX_FIFO_Level_6		0x0060
                     <      	.define C_SPI_TX_FIFO_Level_7		0x0070
                     <      	// Bit[13:8] : Reserved
                     <      	// Bit14 : SPI TX interrupt enable
                     <      	.define C_SPI_TX_INT_DIS			0x0000
                     <      	.define C_SPI_TX_INT_EN				0x4000
                     <      	// Bit15 : SPI TX interrupt flag
                     <      	.define C_SPI_TX_INT_Flag			0x8000
                     <      	
                     <      	//====================================================================================
                     <      	// P_SPI_RX_Status (0x2063)
                     <      	//====================================================================================
                     <      	// Bit[3:0] : SPI RX Flag (read only)
                     <      	.define	C_SPI_RX_Flag				0x0007		// 0 ~ 7
                     <      	// Bit[7:4] : SPI RX full level setting
                     <      	.define C_SPI_RX_FIFO_Level			0x0070
                     <      	.define C_SPI_RX_FIFO_Level_1		0x0000
                     <      	.define C_SPI_RX_FIFO_Level_2		0x0010
                     <      	.define C_SPI_RX_FIFO_Level_3		0x0020
                     <      	.define C_SPI_RX_FIFO_Level_4		0x0030
                     <      	.define C_SPI_RX_FIFO_Level_5		0x0040
                     <      	.define C_SPI_RX_FIFO_Level_6		0x0050
                     <      	.define C_SPI_RX_FIFO_Level_7		0x0060
                     <      	.define C_SPI_RX_FIFO_Level_8		0x0070
                     <      	// Bit8 : SPI RX buffer overwrite (read only)
                     <      	.define C_SPI_RX_BUF_OVER_ERROR		0x0100
                     <      	// Bit9 : SPI RX buffer full (read only)
                     <      	.define C_SPI_RX_BUF_Full			0x0200
                     <      	// Bit[13:10] : Reserved
                     <      	// Bit14 : SPI Rx interrupt enable
                     <      	.define C_SPI_RX_INT_DIS			0x0000
                     <      	.define C_SPI_RX_INT_EN				0x4000
                     <      	// Bit15 : SPI RX interrupt flag
                     <      	.define C_SPI_RX_INT_Flag			0x8000
                     <      	
                     <      	//====================================================================================
                     <      	// P_SPI_Misc (0x2065)
                     <      	//====================================================================================
                     <      	// Bit0 : Transmit FIFO Empty Flag
                     <      	.define	C_SPI_TX_Empty_Flag				0x0001
                     <      	// Bit1 : Transmit FIFO Not Full Flag
                     <      	.define	C_SPI_TX_NonFull_Flag			0x0002
                     <      	// Bit2 : Receive FIFO Empty Flag
                     <      	.define	C_SPI_RX_Empty_Flag				0x0004
                     <      	// Bit3 : Receive FIFO Full Flag
                     <      	.define	C_SPI_RX_Full_Flag				0x0008
                     <      	// Bit4 : SPI Controller Busy Flag
                     <      	.define	C_SPI_Busy_Flag					0x0010
                     <      	// Bit[7:5] : Reserved
                     <      	// Bit8 : SPI FIFO Smart Mode Register
                     <      	.define	C_SPI_FIFO_Normal_Mode			0x0000
                     <      	.define	C_SPI_FIFO_Smart_Mode			0x0100
                     <      	// Bit9 : SPI FIFO Over Write Mode
                     <      	.define	C_SPI_FIFO_Full_Write_Skipped	0x0000
                     <      	.define	C_SPI_FIFO_Full_Overwrite		0x0200
                     <      	// Bit[15:10] : Reserved
                     <      	
                     <      	//====================================================================================
                     <      	// P_ADC_Ctrl (0x2070)
                     <      	//====================================================================================
                     <      	// Bit[1:0] : Conversion Cycle Select
                     <      	.define	C_ADC_Conv_Cycle				0x0003
                     <      	.define	C_ADC_Conv_Cyc_8				0x0000	// Default
                     <      	.define	C_ADC_Conv_Cyc_16				0x0001
                     <      	.define	C_ADC_Conv_Cyc_32				0x0002
                     <      	.define	C_ADC_Conv_Cyc_64				0x0003
                     <      	// Bit2 : ADC Enable 
                     <      	.define	C_ADC_Disable					0x0000
                     <      	.define	C_ADC_Enable					0x0004
                     <      	// Bit3 : AGC Enable 
                     <      	.define	C_AGC_Disable					0x0000
                     <      	.define	C_AGC_Enable					0x0008
                     <      	// Bit4 : A/D Input Select in Manual Mode
                     <      	.define C_ADC_Ch0_in_MIC 				0x0000
                     <      	.define C_ADC_Ch0_in_LineinPB0			0x0010
                     <      	// Bit5 : V_MIC Power Supply Enable
                     <      	.define	C_ADC_MIC_Disable				0x0000
                     <      	.define	C_ADC_MIC_Enable				0x0020
                     <      	// Bit6 : ADC Chip Enable for Bias Circuit
                     <      	.define	C_ADC_Bias_Disable				0x0000
                     <      	.define	C_ADC_Bias_Enable				0x0040
                     <      	// Bit[8:7] : ADC clock setting
                     <      	.define C_ADC_CLK_Sel					0x0180
                     <      	.define C_ADC_CLK_FPLL_Div_16			0x0000
                     <      	.define C_ADC_CLK_FPLL_Div_32			0x0080
                     <      	.define C_ADC_CLK_FPLL_Div_64			0x0100
                     <      	.define C_ADC_CLK_FPLL_Div_128			0x0180
                     <      	// Bit[11:9] : ADC manual mode channel setting
                     <      	.define C_ADC_Manual_AN0				0x0000
                     <      	.define C_ADC_Manual_AN1				0x0200
                     <      	.define C_ADC_Manual_AN2				0x0400
                     <      	.define C_ADC_Manual_AN3				0x0600
                     <      	.define C_ADC_Manual_AN4				0x0800
                     <      	.define C_ADC_Manual_AN5				0x0A00
                     <      	.define C_ADC_Manual_AN6				0x0C00
                     <      	.define C_ADC_Manual_AN7				0x0E00
                     <      	// Bit[13:12] : Timer select for auto scan mode
                     <      	.define C_ADC_Manual					0x0000
                     <      	.define C_ADC_Timer_A					0x1000
                     <      	.define C_ADC_Timer_B					0x2000
                     <      	.define C_ADC_Timer_C					0x3000
                     <      	// Bit14 : Auto scan busy (read only)
                     <      	.define C_ADC_Auto_Scan_Busy			0x4000
                     <      	// Bit15 : ADC busy (read only)
                     <      	.define C_ADC_Busy						0x8000
                     <      	
                     <      	//====================================================================================
                     <      	// P_ADC_LineIn_BitCtrl (0x2072)
                     <      	//====================================================================================
                     <      	.define	C_ADC_Linein_Enable				0x00FF
                     <      	.define	C_ADC_AN0_Enable				0x0001
                     <      	.define	C_ADC_AN1_Enable				0x0002
                     <      	.define	C_ADC_AN2_Enable				0x0004
                     <      	.define	C_ADC_AN3_Enable				0x0008
                     <      	.define	C_ADC_AN4_Enable				0x0010
                     <      	.define	C_ADC_AN5_Enable				0x0020
                     <      	.define	C_ADC_AN6_Enable				0x0040
                     <      	.define	C_ADC_AN7_Enable				0x0080
                     <      	
                     <      	//====================================================================================
                     <      	// P_Flash_Ctrl (0x26FF)
                     <      	//====================================================================================
                     <      	.define C_Flash_Enable_Access_CMD		0xAAAA
                     <      	.define C_Flash_PageErase_CMD			0x5511
                     <      	.define C_Flash_Program_CMD				0x5533
                     <      	
                     <      	//====================================================================================
                     <      	// Bits Definition
                     <      	//====================================================================================
                     <      	.define	C_Bit0							0x0001
                     <      	.define	C_Bit1							0x0002
                     <      	.define	C_Bit2							0x0004
                     <      	.define	C_Bit3							0x0008
                     <      	.define	C_Bit4							0x0010
                     <      	.define	C_Bit5							0x0020
                     <      	.define	C_Bit6							0x0040
                     <      	.define	C_Bit7							0x0080
                     <      	.define	C_Bit8							0x0100
                     <      	.define	C_Bit9							0x0200
                     <      	.define	C_Bit10							0x0400
                     <      	.define	C_Bit11							0x0800
                     <      	.define	C_Bit12							0x1000
                     <      	.define	C_Bit13							0x2000
                     <      	.define	C_Bit14							0x4000
                     <      	.define	C_Bit15							0x8000
                     <      	
                     <      	
                     <      	
                     <      	
                     <      	
                     <      	
                     <      	
                     <      	
                            	.include DVR1600.inc
                     <      	//==========================================================================
                     <      	// File Name   : DVR1600.inc
                     <      	// Description : SACM DVR1600 API declaration
                     <      	// Written by  : Ray Cheng
                     <      	// Last modified date:
                     <      	//              2005/12/26
                     <      	//==========================================================================
                     <      	.ifndef __DVR1600_INC__
                     <      	.define __DVR1600_INC__
                     <      	
                     <      	.external F_SACM_DVR1600_Initial
                     <      	.external F_SACM_DVR1600_Rec
                     <      	.external F_SACM_DVR1600_Play
                     <      	.external F_SACM_DVR1600_Stop
                     <      	.external F_SACM_DVR1600_Volume
                     <      	.external F_SACM_DVR1600_Pause
                     <      	.external F_SACM_DVR1600_Resume
                     <      	.external F_SACM_DVR1600_Status
                     <      	.external F_SACM_DVR1600_ServiceLoop
                     <      	.external F_ISR_Service_SACM_DVR1600
                     <      	
                     <      	.endif
                     <      	//========================================================================================        
                     <      	// End of SACM_DVR1600.inc
                     <      	//========================================================================================
                            	
                            	//**************************************************************************
                            	// Contant Defintion Area
                            	//**************************************************************************
                            	.define C_DVR1600_Timer_Setting_X1		C_Timer_Setting_8K
                            	.define C_DVR1600_Timer_Setting_X2		C_Timer_Setting_16K
                            	.define C_DVR1600_Timer_Setting_X4		C_Timer_Setting_32K
                            	
                            	//**************************************************************************
                            	// Variable Publication Area
                            	//**************************************************************************
                            	
                            	
                            	//**************************************************************************
                            	// Function Call Publication Area
                            	//**************************************************************************
                            	.public  _USER_DVR1600_SetStartAddr
                            	.public F_USER_DVR1600_SetStartAddr
                            	.public  _USER_DVR1600_SetStartAddr_Con
                            	.public F_USER_DVR1600_SetStartAddr_Con
                            	
                            	.public F_USER_DVR1600_GetData
                            	.public F_USER_DVR1600_WriteData
                            	.public  _USER_DVR1600_Volume
                            	.public F_USER_DVR1600_Volume
                            	
                            	.public F_SACM_DVR1600_SendDAC1
                            	.public F_SACM_DVR1600_SendDAC2
                            	.public F_SACM_DVR1600_GetADC
                            	.public F_SACM_DVR1600_StartPlay
                            	.public F_SACM_DVR1600_EndPlay
                            	.public F_SACM_DVR1600_StartRecord
                            	.public F_SACM_DVR1600_EndRecord
                            	.public F_SACM_DVR1600_Init_
                            	.public F_SACM_DVR1600_DAC_Timer_X1
                            	.public F_SACM_DVR1600_DAC_Timer_X2
                            	.public F_SACM_DVR1600_ADC_Timer_X1
                            	.public F_SACM_DVR1600_ADC_Timer_X2
                            	.public F_SACM_DVR1600_ADC_Timer_X4
                            	.public F_SACM_DVR1600_GetStartAddr_Con
                            	
                            	//**************************************************************************
                            	// External Variable Declaration
                            	//**************************************************************************
                            	.external _Mode
                            	
                            	//**************************************************************************
                            	// External Function Declaration
                            	//**************************************************************************
                            	.external F_SPI_ReadAWord
                            	.external F_SPI_ReadNWords
                            	.external F_SPI_SendAWord
                            	.external F_SPI_SendNWords
                            	
                            	//**************************************************************************
                            	// External Table Declaration
                            	//**************************************************************************
                            	.external T_SACM_DVR1600_SpeechTable
                            	
                            	//**************************************************************************
                            	// RAM Definition Area
                            	//**************************************************************************
0000020C                    	.RAM
0000020C 00 00              	.var R_ExtMem_Low
0000020D 00 00              	.var R_ExtMem_High
0000020E 00 00              	.var R_ExtMem_Low_Con
0000020F 00 00              	.var R_ExtMem_High_Con
                            	
                            	//*****************************************************************************
                            	// Table Definition Area
                            	//*****************************************************************************
0000806D                    	.TEXT
                            	// Volume Table
                            	T_SACM_DVR1600_Volume_Level:
0000806D 00 00 50 02        	.dw 0x0000, 0x0250, 0x0500, 0x1000
         00 05 00 10
00008071 00 15 00 20        	.dw	0x1500, 0x2000, 0x2500, 0x3000
         00 25 00 30
00008075 00 35 00 40        	.dw 0x3500, 0x4000, 0x5000, 0x6500
         00 50 00 65
00008079 00 7D 00 9C        	.dw	0x7d00, 0x9c00, 0xc400, 0xf500
         00 C4 00 F5
                            	
                            	//**************************************************************************
                            	// CODE Definition Area
                            	//**************************************************************************
0000966B                    	.CODE
                            	//****************************************************************
                            	// Function    : F_SACM_DVR1600_Init_
                            	// Description : Hardware initilazation for DVR1600, called by library
                            	// Destory     : R1
                            	// Parameter   : None
                            	// Return      : None
                            	// Note        : None
                            	//****************************************************************
                            	F_SACM_DVR1600_Init_:	.proc
0000966B 45 F1              	FIR_MOV OFF;
                            		
0000966C 4F 92              	R1 = C_TimerA_FPLL;				// TimerA CKA=Fosc/2 CKB=1 Tout:off
0000966D 19 D3 16 20        		[P_Timer_Ctrl] = R1;
0000966F 09 93 00 F4        		R1= C_DVR1600_Timer_Setting_X2;	// TimerA setting
00009671 19 D3 10 20        		[P_TimerA_Data] = R1;
00009673 19 D3 11 20        		[P_TimerA_CNTR] = R1;
                            	
00009675 45 92              		R1 = C_DAC_Enable | C_DAC_TMR_Sel_TimerA;
00009676 19 D3 40 20        		[P_DAC_Ctrl] = R1;		// b2 of P_DAC_Ctrl must be set to 1 in GPCE500A. GPCE060A doesn't use this bit
                            	
00009678 11 93 50 20        		R1 = [P_INT_Ctrl];
0000967A 09 A3 00 10        		R1 |= C_IRQ0_TMA;
0000967C 19 D3 50 20        		[P_INT_Ctrl] = R1;
                            	
0000967E 11 93 52 20        		R1 = [P_FIQ_Sel];
00009680 09 A3 00 10        		R1 |= C_IRQ0_TMA;
00009682 19 D3 52 20        		[P_FIQ_Sel] = R1;
                            	
                            	
                            		//r1 = 0x0115;			// 061A: AGC enable; MIC IN; ADC enable
00009684 09 93 EC 10        		R1 = C_ADC_Enable | C_AGC_Enable | C_ADC_CLK_FPLL_Div_32 | C_ADC_Bias_Enable | C_ADC_MIC_Enable | C_ADC_Timer_A
00009686 19 D3 70 20        		[P_ADC_Ctrl] = R1;
                            	
                            		
00009688 4E F1              		FIQ on;
00009689 90 9A              		retf;
                            		.endp
                            	
                            	//****************************************************************
                            	// Function    : F_USER_DVR1600_Volume
                            	// Description : Set speech volume
                            	// Destory     : R1
                            	// Parameter   : R1: volume index
                            	// Return      : None
                            	// Note        : None
                            	//****************************************************************
                            	 _USER_DVR1600_Volume: .proc
0000968A 08 03 03 00        		R1 = SP + 3;
0000968C C1 92              		R1 = [R1];								// volume index
                            	F_USER_DVR1600_Volume:
0000968D 09 03 6D 80        		R1 += T_SACM_DVR1600_Volume_Level;		// loop up volume table
0000968F C1 92              		R1 = [R1];
00009690 40 F0 03 8F        		call F_SACM_DVR1600_Volume;
00009692 90 9A              		retf
                            		.endp
                            	
                            	//****************************************************************
                            	// Function    : F_SACM_DVR1600_DAC_Timer_X1
                            	// Description : Change timer setting for change DA filter, called by library
                            	// Destory     : R1
                            	// Parameter   : None
                            	// Return      : None
                            	// Note        : None
                            	//****************************************************************
                            	 _SACM_DVR1600_DAC_Timer_X1:	.proc
                            	F_SACM_DVR1600_DAC_Timer_X1:
00009693 09 93 00 E8        		R1 = C_DVR1600_Timer_Setting_X1;
00009695 19 D3 10 20        		[P_TimerA_Data] = R1;
00009697 90 9A              		retf;
                            		.endp
                            	
                            	//****************************************************************
                            	// Function    : F_SACM_DVR1600_DAC_Timer_X2
                            	// Description : Set timer for DVR1600 playback, called by library
                            	// Destory     : R1
                            	// Parameter   : None
                            	// Return      : None
                            	// Note        : None
                            	//****************************************************************
                            	 _SACM_DVR1600_DAC_Timer_X2:	.proc
                            	F_SACM_DVR1600_DAC_Timer_X2:
00009698 88 D2              		push R1 to [SP];
00009699 09 93 00 F4        		R1 = C_DVR1600_Timer_Setting_X2;
0000969B 19 D3 10 20        		[P_TimerA_Data] = R1;
0000969D 88 90              		pop R1 from [SP];
0000969E 90 9A              		retf;
                            		.endp
                            	
                            	//****************************************************************
                            	// Function    : F_SACM_DVR1600_ADC_Timer_X1
                            	// Description : Change timer setting for change AD filter, called by library
                            	// Destory     : R1
                            	// Parameter   : None
                            	// Return      : None
                            	// Note        : None
                            	//****************************************************************
                            	 _SACM_DVR1600_ADC_Timer_X1:	.proc
                            	F_SACM_DVR1600_ADC_Timer_X1:
0000969F 09 93 00 E8        		R1 = C_DVR1600_Timer_Setting_X1;
000096A1 19 D3 10 20        		[P_TimerA_Data] = R1;
000096A3 90 9A              		retf;
                            		.endp
                            	
                            	//****************************************************************
                            	// Function    : F_SACM_DVR1600_ADC_Timer_X2
                            	// Description : Change timer setting for change AD filter, called by library
                            	// Destory     : R1
                            	// Parameter   : None
                            	// Return      : None
                            	// Note        : None
                            	//****************************************************************
                            	 _SACM_DVR1600_ADC_Timer_X2:	.proc
                            	F_SACM_DVR1600_ADC_Timer_X2:
000096A4 09 93 00 F4        		R1 = C_DVR1600_Timer_Setting_X2;
000096A6 19 D3 10 20        		[P_TimerA_Data] = R1;
000096A8 90 9A              		retf;
                            		.endp
                            	
                            	//****************************************************************
                            	// Function    : F_SACM_DVR1600_ADC_Timer_X4
                            	// Description : Set timer for DVR1600 recording, called by library
                            	// Destory     : R1
                            	// Parameter   : None
                            	// Return      : None
                            	// Note        : None
                            	//****************************************************************
                            	 _SACM_DVR1600_ADC_Timer_X4:	.proc
                            	F_SACM_DVR1600_ADC_Timer_X4:
000096A9 88 D2              		push R1 to [SP];
000096AA 09 93 00 FA        		R1 = C_DVR1600_Timer_Setting_X4;
000096AC 19 D3 10 20        		[P_TimerA_Data] = R1;
000096AE 88 90              		pop R1 from [SP];
000096AF 90 9A              		retf;
                            		.endp
                            	
                            	//****************************************************************
                            	// Function    : F_SACM_DVR1600_GetADC
                            	// Description : Get ADC data for recording
                            	// Destory     : R1
                            	// Parameter   : None
                            	// Return      : R1 = ADC data
                            	// Note        : None
                            	//****************************************************************
                            	F_SACM_DVR1600_GetADC:	.proc
000096B0 14 99 71 20        		R4 = [P_ADC_Data];
000096B2 90 9A              		retf;
                            		.endp
                            	
                            	//****************************************************************
                            	// Function    : F_SACM_DVR1600_SendDAC1
                            	// Description : Send data to DAC1, called by library
                            	// Destory     : None
                            	// Parameter   : R4: 16-bit signed PCM data
                            	// Return      : None
                            	// Note        : None
                            	//****************************************************************
                            	F_SACM_DVR1600_SendDAC1:	.proc
000096B3 1C D9 41 20        		[P_DAC_Data] = R4;
000096B5 90 9A              		retf;
                            		.endp
                            	
                            	//****************************************************************
                            	// Function    : F_SACM_DVR1600_SendDAC2
                            	// Description : Send data to DAC2, called by library
                            	// Destory     : None
                            	// Parameter   : R4: 16-bit signed PCM data
                            	// Return      : None
                            	// Note        : None
                            	//****************************************************************
                            	F_SACM_DVR1600_SendDAC2:	.proc
                            	
000096B6 90 9A              		retf; 
                            		.endp
                            	
                            	//****************************************************************
                            	// Function    : F_SACM_DVR1600_StartPlay
                            	// Description : This function called by library when Play function is callled
                            	// Destory     : None
                            	// Parameter   : None
                            	// Return      : None
                            	// Note        : None
                            	//****************************************************************
                            	F_SACM_DVR1600_StartPlay:	.proc
000096B7 65 F1              		nop;
000096B8 90 9A              		retf;
                            		.endp
                            	
                            	//****************************************************************
                            	// Function    : F_SACM_DVR1600_EndPlay
                            	// Description : This function called by library when speech play end
                            	// Destory     : None
                            	// Parameter   : None
                            	// Return      : None
                            	// Note        : None
                            	//****************************************************************
                            	F_SACM_DVR1600_EndPlay:	.proc
000096B9 65 F1              		nop;
000096BA 90 9A              		retf;
                            		.endp
                            	
                            	//****************************************************************
                            	// Function    : F_SACM_DVR1600_StartRecord
                            	// Description : This function called by library when Record function is callled
                            	// Destory     : None
                            	// Parameter   : None
                            	// Return      : None
                            	// Note        : None
                            	//****************************************************************
                            	F_SACM_DVR1600_StartRecord:	.proc
000096BB 65 F1              		nop;
000096BC 90 9A              		retf;
                            		.endp
                            	
                            	//****************************************************************
                            	// Function    : F_SACM_DVR1600_EndRecord
                            	// Description : Call back from kernel when bit stream encoding is done 
                            	// Destory     : R1, R2, R3
                            	// Parameter   : R1: Low byte of file length
                            	//               R2: High byte of File length
                            	// Return      : None
                            	// Note        : None
                            	//****************************************************************
                            	F_SACM_DVR1600_EndRecord: .proc
000096BD 88 D4              		push R2 to [SP];
000096BE 88 D2              		push R1 to [SP];
000096BF 40 92              		R1 = 0;
000096C0 40 94              		R2 = 0;
000096C1 88 94              		pop R3 from [SP];
                            	//	call F_SIO_SendAWord;
000096C2 40 F0 60 90        		call F_SPI_SendAWord;
000096C4 42 02              		R1 += 2;
000096C5 88 94              		pop R3 from [SP];
                            	//	call F_SIO_SendAWord;
000096C6 40 F0 60 90        		call F_SPI_SendAWord;
000096C8 90 9A              		retf;
                            		.endp
                            	
                            	//****************************************************************
                            	// Function    : F_USER_DVR1600_SetStartAddr
                            	// Description : This API allows users to set the beginning address
                            	//               to fetch data. This address can be either a ROM address
                            	//               or a external storage address. User would have to modify
                            	//               the function body based on the application's need.
                            	// Destory     : None
                            	// Parameter   : R1: Low byte of start address
                            	//               R2: High byte of start address
                            	// Return      : None
                            	// Note        : None
                            	//****************************************************************
                            	_USER_DVR1600_SetStartAddr:	.proc
000096C9 08 05 03 00        		R2 = SP + 3;
000096CB D2 92              		R1 = [R2++];
000096CC C2 94              		R2 = [R2];
                            	F_USER_DVR1600_SetStartAddr:
000096CD 98 D6              		push R1, R3 to [SP];
000096CE 13 97 19 02        		R3 = [_Mode];
000096D0 05 5E              		jz ?L_PlayPrerecordData;
                            	?L_PlayRecordedData:
000096D1 19 D3 0C 02        		[R_ExtMem_Low] = R1;
000096D3 1A D5 0D 02        		[R_ExtMem_High] = R2;
000096D5 0C EE              		jmp ?L_SetStartAddrEnd;
                            			
                            	?L_PlayPrerecordData:
000096D6 09 03 32 80        		R1 += T_SACM_DVR1600_SpeechTable;
000096D8 C1 92              		R1 = [R1];
000096D9 D1 94              		R2 = [R1++];
000096DA 1A D5 0C 02        		[R_ExtMem_Low] = R2;
000096DC C1 92              		R1 = [R1];
000096DD 59 93              		R1 = R1 lsl 4;
000096DE 59 93              		R1 = R1 lsl 4;
000096DF 49 93              		R1 = R1 lsl 2;
000096E0 19 D3 0D 02        		[R_ExtMem_High] = R1;
                            				
                            	?L_SetStartAddrEnd:
000096E2 98 90              		pop R1, R3 from [SP];
000096E3 90 9A              		retf;
                            		.endp
                            	
                            	//****************************************************************
                            	// Function    : F_USER_DVR1600_SetStartAddr_Con
                            	// Description : This API allows users to set the beginning address
                            	//               to fetch data. This address can be either a ROM address
                            	//               or a external storage address. User would have to modify
                            	//               the function body based on the application's need.
                            	// Destory     : None
                            	// Parameter   : R1: Low byte of start address
                            	//               R2: High byte of start address
                            	// Return      : None
                            	// Note        : None
                            	//****************************************************************
                            	_USER_DVR1600_SetStartAddr_Con:	.proc
000096E4 08 03 03 00        		R1 = SP + 3;
000096E6 C1 92              		R1 = [R1];
                            	F_USER_DVR1600_SetStartAddr_Con:
000096E7 90 D4              		push R1, R2 to [SP];
000096E8 09 03 32 80        		R1 += T_SACM_DVR1600_SpeechTable;
000096EA C1 92              		R1 = [R1];
000096EB D1 94              		R2 = [R1++];
000096EC 1A D5 0E 02        		[R_ExtMem_Low_Con] = R2;
000096EE C1 92              		R1 = [R1];
000096EF 59 93              		R1 = R1 lsl 4;
000096F0 59 93              		R1 = R1 lsl 4;
000096F1 49 93              		R1 = R1 lsl 2;
000096F2 19 D3 0F 02        		[R_ExtMem_High_Con] = R1;
                            	
000096F4 90 90              		pop R1, R2 from [SP];
000096F5 90 9A              		retf;
                            		.endp
                            	
                            	//****************************************************************
                            	// Function    : F_SACM_DVR1600_GetStartAddr_Con
                            	// Description : 
                            	// Destory     : None
                            	// Parameter   : 
                            	// Return      : None
                            	// Note        : None
                            	//****************************************************************
                            	F_SACM_DVR1600_GetStartAddr_Con:	.proc
000096F6 11 93 0E 02        		R1 = [R_ExtMem_Low_Con];
000096F8 12 95 0F 02        		R2 = [R_ExtMem_High_Con];
000096FA 19 D3 0C 02        		[R_ExtMem_Low] = R1;
000096FC 1A D5 0D 02        		[R_ExtMem_High] = R2;
000096FE 90 9A              		retf;
                            		.endp
                            	
                            	//****************************************************************
                            	// Function    : F_USER_DVR1600_GetData
                            	// Description : Get speech data from internal or external memory
                            	//               and fill these data to buffer of library.
                            	// Destory     : None
                            	// Parameter   : R1: decode buffer address of library
                            	//               R2: data length
                            	// Return      : None
                            	// Note        : None
                            	//****************************************************************
                            	F_USER_DVR1600_GetData:	.proc
000096FF A8 DA              		push R1, R5 to [SP];
00009700 13 97 19 02        		R3 = [_Mode];
00009702 0D 5E              		jz ?L_PlayPrerecordData;
                            	?L_PlayRecordedData:
00009703 13 97 0C 02        		R3 = [R_ExtMem_Low];
00009705 14 99 0D 02        		R4 = [R_ExtMem_High];
00009707 40 F0 27 90        		call F_SPI_ReadNWords;
00009709 42 07              		R3 += R2 lsl 1;
0000970A 40 18              		R4 += 0, carry;
0000970B 1B D7 0C 02        		[R_ExtMem_Low] = R3;
0000970D 1C D9 0D 02        		[R_ExtMem_High] = R4;
0000970F 15 EE              		jmp ?L_GetDataEnd;
                            	
                            	?L_PlayPrerecordData:
00009710 13 97 0C 02        		R3 = [R_ExtMem_Low];
00009712 14 99 0D 02        		R4 = [R_ExtMem_High];
                            	?L_Get_Loop:
00009714 40 44              		cmp R2, 0;
00009715 0D 5E              		jz ?L_LoopEnd;
00009716 0E BD FF 03        		SR &= (~0xFC00);
00009718 04 AD              		SR |= R4;
00009719 F3 9A              		R5 = D:[R3++];
0000971A D1 DA              		[R1++] = R5;
0000971B 41 24              		R2 -= 1;
0000971C 40 46              		cmp R3, 0;
0000971D 4A 4E              		jnz ?L_Get_Loop;
0000971E 0C 09 00 04        		R4 += 0x0400;
00009720 1C D9 0D 02        		[R_ExtMem_High] = R4;
00009722 4F EE              		jmp ?L_Get_Loop;
                            	?L_LoopEnd:
00009723 1B D7 0C 02        		[R_ExtMem_Low] = R3; 
                            		
                            	?L_GetDataEnd:	 
00009725 A8 90              		pop R1, R5 from [SP];
00009726 90 9A              		retf;
                            		.endp
                            	
                            	.comment @
                            	F_USER_DVR1600_GetData:	.proc
                            		R3 = [R_ExtMem_Low];
                            		R4 = [R_ExtMem_High];
                            		call F_SIO_ReadNWords;
                            		[R_ExtMem_Low] = R3;
                            		[R_ExtMem_High] = R4;
                            		retf;
                            		.endp
                            	@
                            	
                            	//****************************************************************
                            	// Function    : F_USER_DVR1600_WriteData
                            	// Description : Get encoded speech data from buffer of library
                            	//               and write to external memory.
                            	// Destory     : None
                            	// Parameter   : R1: encode buffer address of library
                            	//               R2: data length
                            	// Return      : None
                            	// Note        : None
                            	//****************************************************************
                            	F_USER_DVR1600_WriteData:	.proc
00009727 13 97 0C 02        		R3 = [R_ExtMem_Low];
00009729 14 99 0D 02        		R4 = [R_ExtMem_High];
0000972B 40 F0 98 90        		call F_SPI_SendNWords;
0000972D 42 07              		R3 += R2 lsl 1;
0000972E 40 18              		R4 += 0, carry;
0000972F 1B D7 0C 02        		[R_ExtMem_Low] = R3;
00009731 1C D9 0D 02        		[R_ExtMem_High] = R4;
00009733 90 9A              		retf;
                            		.endp
                            	.comment @
                            	F_USER_DVR1600_WriteData:	.proc
                            		R3 = [R_ExtMem_Low];
                            		R4 = [R_ExtMem_High];
                            		call F_SIO_SendNWords;
                            		[R_ExtMem_Low] = R3;
                            		[R_ExtMem_High] = R4;
                            		retf;
                            		.endp
                            	@
                            	
0 error(s), 0 warning(s).

