Generalplus u'nSP Assembler - Ver. 1.14.13.0
              Listing File Has Been Relocated
                            	
                            	// Resource Table
                            	// Created by IDE, Do not modify this table
                            	
00008026                    	.TEXT
                            	.public _RES_Table;
                            	.external __RES_D2_S53_sa
                            	.public _RES_D2_S53_SA;
                            	.external __RES_D2_S53_ea;
                            	.public _RES_D2_S53_EA;
                            	.external __RES_D1_S53_sa
                            	.public _RES_D1_S53_SA;
                            	.external __RES_D1_S53_ea;
                            	.public _RES_D1_S53_EA;
                            	
                            	
                            	_RES_Table:
                            	
                            	_RES_D2_S53_SA:
00008026 97 9E 00 00        		.DW offset __RES_D2_S53_sa,seg __RES_D2_S53_sa;
                            	_RES_D2_S53_EA:
00008028 2D A6 00 00        		.DW offset __RES_D2_S53_ea,seg __RES_D2_S53_ea;
                            	
                            	_RES_D1_S53_SA:
0000802A 2D A6 00 00        		.DW offset __RES_D1_S53_sa,seg __RES_D1_S53_sa;
                            	_RES_D1_S53_EA:
0000802C E9 AA 00 00        		.DW offset __RES_D1_S53_ea,seg __RES_D1_S53_ea;
                            	
                            	
                            	// End Table
                            	//------------------------------------------------
                            	// SACM S530 Speech Table
                            	// -- User nees to add in the song/speech 
                            	//    for playback based on the _RES_Table above.
                            	//------------------------------------------------
                            	.public T_SACM_S530_SpeechTable;
                            	T_SACM_S530_SpeechTable:	
0000802E 2A 80              	.dw _RES_D1_S53_SA;
0000802F 26 80              	.dw _RES_D2_S53_SA;
0 error(s), 0 warning(s).

