Generalplus u'nSP Assembler - Ver. 1.14.13.0

                            	//==========================================================================
                            	// File Name   : ISR.asm
                            	// Description : Interrupt Service Routine
                            	// Written by  : Ray Cheng
                            	// Last modified date:
                            	//              2005/12/26
                            	// Note: 
                            	// 1. Interrupts must be declared in TEXT area.
                            	// 2. For FIQ, IRQ1 ~ IRQ7, user needs to clear P_INT_Clear before 
                            	//    exiting interrupt routine
                            	// 3. 
                            	// 	_FIQ:	FIQ								// Fast interrupt entry
                            	//  _IRQ0:	TimerA							// interrupt entry
                            	//  _IRQ1:	TimerB							// interrupt entry
                            	//  _IRQ2:	TimerC							// interrupt entry
                            	//  _IRQ3:	UART, SPI, SIO					// interrupt entry
                            	//  _IRQ4:	SPU								// interrupt entry
                            	//  _IRQ5:	KEY, EXT1, EXT2					// interrupt entry
                            	//  _IRQ6:	512Hz, 2KHz, 4KHz				// interrupt entry     
                            	//  _IRQ7:	2Hz, 16Hz, 64Hz					// interrupt entry
                            	//  _Break: Software interrupt              // interrupt entry
                            	//==========================================================================
                            	//**************************************************************************
                            	// Header File Included Area
                            	//**************************************************************************
                            	.include GPCE063.inc
                     <      	//==========================================================================
                     <      	// File Name   : GPCE063.inc
                     <      	// Description : GPCE063 registers and constants definition
                     <      	// Written by  : Chimc
                     <      	// Last modified date:
                     <      	//              2008/03/19
                     <      	//==========================================================================
                     <      	.ifndef __GPCE063_INC__
                     <      	.define __GPCE063_INC__
                     <      	
                     <      	//--------------------------------------------------------------------------------------------------------------------------------------------
                     <      	//	GPIO Configration
                     <      	//	Dir		Att		Dat		Function Description			Wakeup
                     <      	//	0		0		0		Input Pull Low					Yes
                     <      	//	0		0		1		Input Pull High					Yes
                     <      	//	0		1		0		Input Floating					Yes
                     <      	//	0		1		1		Input Floating					Yes
                     <      	//	1		0		0		Output High (Inverted)			Yes		(With Io Toggle Capability)
                     <      	//	1		0		1		Output Low (Inverted)			Yes		(With Io Toggle Capability)
                     <      	//	1		1		0		Output Low						Yes
                     <      	//	1		1		1		Output High						Yes
                     <      	//--------------------------------------------------------------------------------------------------------------------------------------------
                     <      	
                     <      	//--------------------------------------------------------------------------------------------------------------------------------------------
                     <      	//	Special IO Function
                     <      	//	IOA_Func	Bit15	Bit14	Bit13	Bit12	Bit11	Bit10	Bit9	Bit8	Bit7	Bit6	Bit5	Bit4	Bit3	Bit2	Bit1	Bit0
                     <      	//	IR			-		-		-		-		-		-		-		-		-		-		-		-		-		-		IROUT	-
                     <      	//	Wakeup		Yes		Yes		Yes		Yes		Yes		Yes		Yes		Yes		Yes		Yes		Yes		Yes		Yes		Yes		Yes		Yes
                     <      	//	FB/OSC		-		-		-		-		FO2		FI2		FO1		FI1		-		-		-		-		-		-		-		-
                     <      	//	Ext_Int		-		-		-		-		-		EXT2	-		EXT1	-		-		-		-		-		-		-		-
                     <      	//	IOPWM		-		-		-		-		-		-		-		-		-		-		-		-		-		-		-		IOPWM
                     <      	//	SPI			SPIRX	SPITX	SPICK	SPICS	-		-		-		-		-		-		-		-		-		-		-		-
                     <      	//	HighDriving	-		-		-		-		-		-		-		-		Yes		Yes		Yes		Yes		-		-		-		-
                     <      	//--------------------------------------------------------------------------------------------------------------------------------------------
                     <      	//	IOB_Func	Bit15	Bit14	Bit13	Bit12	Bit11	Bit10	Bit9	Bit8	Bit7	Bit6	Bit5	Bit4	Bit3	Bit2	Bit1	Bit0
                     <      	//	ADC_CH		-		-		-		-		-		-		-		-		AN7		AN6		AN5		AN4		AN3		AN2		AN1		AN0
                     <      	//--------------------------------------------------------------------------------------------------------------------------------------------
                     <      	
                     <      	//////////////////////////////////////////////////////////////////////////////////////
                     <      	//====================================================================================
                     <      	//	Port Definition
                     <      	//====================================================================================
                     <      	//////////////////////////////////////////////////////////////////////////////////////
                     <      	.define	P_IOA_Data				0x2000
                     <      	.define P_IOA_Buffer			0x2001
                     <      	.define	P_IOA_Dir				0x2002
                     <      	.define	P_IOA_Attrib			0x2003
                     <      	.define	P_IOB_Data				0x2004
                     <      	.define P_IOB_Buffer			0x2005
                     <      	.define	P_IOB_Dir				0x2006
                     <      	.define	P_IOB_Attrib			0x2007
                     <      	.define P_IO_Ctrl				0x2008
                     <      	
                     <      	//---------------------------------------------------
                     <      	.define P_TimerA_Data			0x2010
                     <      	.define P_TimerA_CNTR			0x2011
                     <      	.define P_TimerB_Data			0x2012
                     <      	.define P_TimerB_CNTR			0x2013
                     <      	.define P_TimerC_Data			0x2014
                     <      	.define P_TimerC_CNTR			0x2015
                     <      	.define P_Timer_Ctrl			0x2016
                     <      	
                     <      	//---------------------------------------------------
                     <      	.define P_PWM_Ctrl				0x2020
                     <      	
                     <      	//---------------------------------------------------
                     <      	.define P_System_Clock			0x2030
                     <      	.define P_System_Reset			0x2031
                     <      	.define P_Reset_LVD_Ctrl		0x2032
                     <      	.define P_TimeBase_Clear		0x2033
                     <      	.define P_Watchdog_Clear		0x2034
                     <      	.define P_Wait_Ctrl				0x2035
                     <      	.define P_System_Sleep			0x2036
                     <      	
                     <      	//---------------------------------------------------
                     <      	.define P_DAC_Ctrl				0x2040
                     <      	.define P_DAC_Data				0x2041
                     <      	
                     <      	//---------------------------------------------------
                     <      	.define P_INT_Ctrl				0x2050
                     <      	.define P_INT_Status			0x2051
                     <      	.define P_FIQ_Sel				0x2052
                     <      	
                     <      	//---------------------------------------------------
                     <      	.define P_SPI_Ctrl				0x2060
                     <      	.define P_SPI_TX_Status			0x2061
                     <      	.define P_SPI_TX_Data			0x2062
                     <      	.define P_SPI_RX_Status			0x2063
                     <      	.define P_SPI_RX_Data			0x2064
                     <      	.define P_SPI_Misc				0x2065
                     <      	
                     <      	//---------------------------------------------------
                     <      	.define P_ADC_Ctrl				0x2070
                     <      	.define P_ADC_Data				0x2071
                     <      	.define P_ADC_LineIn_BitCtrl	0x2072
                     <      	
                     <      	//---------------------------------------------------
                     <      	.define	P_Flash_Ctrl			0x26FF
                     <      	
                     <      	//---------------------------------------------------
                     <      	//---------------------------------------------------
                     <      	//---------------------------------------------------
                     <      	
                     <      	
                     <      	//////////////////////////////////////////////////////////////////////////////////////
                     <      	//====================================================================================
                     <      	// Constant Definition
                     <      	//====================================================================================
                     <      	//////////////////////////////////////////////////////////////////////////////////////
                     <      	
                     <      	//====================================================================================
                     <      	// P_IO_Ctrl (0x2008)
                     <      	//====================================================================================
                     <      	// Bit11 : IO_Toggle_En
                     <      	.define	C_IO_Toggle_Disable		0x0000		// IO Toggle Disable 
                     <      	.define	C_IO_Toggle_Enable		0x0800		// IO Toggle Enable 
                     <      	// Bit10 : FW_SPI_CS
                     <      	.define C_FW_SPI_CS				0x0400
                     <      	.define	C_SPI_CS_Firmware		0x0000		// CS Control by Firmware
                     <      	.define	C_SPI_CS_Hardware		0x0400		// CS Control by Hardware
                     <      	// Bit[9:8] : IR_Duty === IRout:IOA1
                     <      	.define	C_IR_Duty				0x0300
                     <      	.define	C_IR_Duty_DIV_2			0x0000		// 1/2 Duty
                     <      	.define	C_IR_Duty_DIV_3			0x0100		// 1/3 Duty
                     <      	.define	C_IR_Duty_DIV_4			0x0200		// 1/4 Duty
                     <      	.define	C_IR_Duty_DIV_5			0x0300		// 1/5 Duty
                     <      	// Bit[7:6] : IR_Ctrl
                     <      	.define	C_IR_Ctrl				0x00C0
                     <      	.define	C_IR_Disable			0x0000		// IR Disable ; IOA1 as Normal IO
                     <      	.define	C_IR_With_TimerA		0x0040		// IR Function Enable with Timer A as Source
                     <      	.define	C_IR_With_TimerB		0x0080		// IR Function Enable with Timer B as Source
                     <      	.define	C_IR_With_TimerC		0x00C0		// IR Function Enable with Timer C as Source
                     <      	// Bit[5:4] : EXT2_Ctrl === FI2:IOA10  FO2:IOA11
                     <      	.define	C_EXT2_Ctrl				0x0030
                     <      	.define	C_EXT2_Normal_Rising	0x0000		// Normal IO With Rising Edge Trigger
                     <      	.define	C_EXT2_Normal_Falling	0x0010		// Normal IO With Falling Edge Trigger
                     <      	.define	C_EXT2_Feedback_Rising	0x0020		// Feedback Oscillator With Rising Edge Trigger
                     <      	.define	C_EXT2_Feedback_Falling	0x0030		// Feedback Oscillator With Falling Edge Trigger
                     <      	// Bit[3:2] : EXT1_Ctrl === FI1:IOA8  FO1:IOA9
                     <      	.define	C_EXT1_Ctrl				0x000C
                     <      	.define	C_EXT1_Normal_Rising	0x0000		// Normal IO With Rising Edge Trigger
                     <      	.define	C_EXT1_Normal_Falling	0x0004		// Normal IO With Falling Edge Trigger
                     <      	.define	C_EXT1_Feedback_Rising	0x0008		// Feedback Oscillator With Rising Edge Trigger
                     <      	.define	C_EXT1_Feedback_Falling	0x000C		// Feedback Oscillator With Falling Edge Trigger
                     <      	// Bit[1:0] : IO_Toggle_Ctrl 
                     <      	.define	C_IO_Toggle_Ctrl		0x0003
                     <      	.define C_IO_Toggle_With_FRTC	0x0000		// IO Toggle Function Source form FRTC directly
                     <      	.define C_IO_Toggle_With_TimerA	0x0001		// IO Toggle Function with Timer A
                     <      	.define C_IO_Toggle_With_TimerB	0x0002		// IO Toggle Function with Timer B
                     <      	.define C_IO_Toggle_With_TimerC	0x0003		// IO Toggle Function with Timer C
                     <      	
                     <      	//====================================================================================
                     <      	// P_Timer_Ctrl (0x2016)  Timer Setting
                     <      	//====================================================================================
                     <      	// Bit[3:0] : TMASEL
                     <      	.define C_TimerA_Sel			0x000F
                     <      	.define C_TimerA_Disable		0x0000
                     <      	.define C_TimerA_Software_Count	0x0001
                     <      	.define C_TimerA_FRTC_EXT2		0x0002
                     <      	.define C_TimerA_EXT1_EXT2		0x0002
                     <      	.define C_TimerA_FPLL_EXT2		0x0003
                     <      	.define C_TimerA_EXT2_64Hz		0x0004
                     <      	.define C_TimerA_EXT2_16Hz		0x0005
                     <      	.define C_TimerA_EXT2_2Hz		0x0006
                     <      	.define C_TimerA_EXT2			0x0007
                     <      	.define C_TimerA_FRTC_64Hz		0x0008
                     <      	//.define C_TimerA_EXT1_64Hz	0x0008
                     <      	.define C_TimerA_FRTC_16Hz		0x0009
                     <      	//.define C_TimerA_EXT1_16Hz	0x0009
                     <      	.define C_TimerA_FRTC_2Hz		0x000A
                     <      	//.define C_TimerA_EXT1_2Hz		0x000A
                     <      	.define C_TimerA_FRTC			0x000B
                     <      	//.define C_TimerA_EXT1			0x000B
                     <      	.define C_TimerA_FPLL_64Hz		0x000C
                     <      	.define C_TimerA_FPLL_16Hz		0x000D
                     <      	.define C_TimerA_FPLL_2Hz		0x000E
                     <      	.define C_TimerA_FPLL			0x000F
                     <      	// Bit[7:4] : TMBSEL
                     <      	.define C_TimerB_Sel			0x00F0
                     <      	.define C_TimerB_Disable		0x0000
                     <      	.define C_TimerB_Software_Count	0x0010
                     <      	.define C_TimerB_FRTC_EXT2		0x0020
                     <      	.define C_TimerB_EXT1_EXT2		0x0020
                     <      	.define C_TimerB_FPLL_EXT2		0x0030
                     <      	.define C_TimerB_EXT2_64Hz		0x0040
                     <      	.define C_TimerB_EXT2_16Hz		0x0050
                     <      	.define C_TimerB_EXT2_2Hz		0x0060
                     <      	.define C_TimerB_EXT2			0x0070
                     <      	.define C_TimerB_FRTC_64Hz		0x0080
                     <      	//.define C_TimerB_EXT1_64Hz	0x0080
                     <      	.define C_TimerB_FRTC_16Hz		0x0090
                     <      	//.define C_TimerB_EXT1_16Hz	0x0090
                     <      	.define C_TimerB_FRTC_2Hz		0x00A0
                     <      	//.define C_TimerB_EXT1_2Hz		0x00A0
                     <      	.define C_TimerB_FRTC			0x00B0
                     <      	//.define C_TimerB_EXT1			0x00B0
                     <      	.define C_TimerB_FPLL_64Hz		0x00C0
                     <      	.define C_TimerB_FPLL_16Hz		0x00D0
                     <      	.define C_TimerB_FPLL_2Hz		0x00E0
                     <      	.define C_TimerB_FPLL			0x00F0
                     <      	// Bit[11:8] : TMCSEL
                     <      	.define C_TimerC_Sel			0x0F00
                     <      	.define C_TimerC_Disable		0x0000
                     <      	.define C_TimerC_Software_Count	0x0100
                     <      	.define C_TimerC_FRTC_EXT2		0x0200
                     <      	.define C_TimerC_EXT1_EXT2		0x0200
                     <      	.define C_TimerC_FPLL_EXT2		0x0300
                     <      	.define C_TimerC_EXT2_64Hz		0x0400
                     <      	.define C_TimerC_EXT2_16Hz		0x0500
                     <      	.define C_TimerC_EXT2_2Hz		0x0600
                     <      	.define C_TimerC_EXT2			0x0700
                     <      	.define C_TimerC_FRTC_64Hz		0x0800
                     <      	//.define C_TimerC_EXT1_64Hz	0x0800
                     <      	.define C_TimerC_FRTC_16Hz		0x0900
                     <      	//.define C_TimerC_EXT1_16Hz	0x0900
                     <      	.define C_TimerC_FRTC_2Hz		0x0A00
                     <      	//.define C_TimerC_EXT1_2Hz		0x0A00
                     <      	.define C_TimerC_FRTC			0x0B00
                     <      	//.define C_TimerC_EXT1			0x0B00
                     <      	.define C_TimerC_FPLL_64Hz		0x0C00
                     <      	.define C_TimerC_FPLL_16Hz		0x0D00
                     <      	.define C_TimerC_FPLL_2Hz		0x0E00
                     <      	.define C_TimerC_FPLL			0x0F00
                     <      	// Bit12 : Timer A input source select; 0 for FRTC, 1 for EXT1
                     <      	//.define C_TimerA_Input1			0x1000
                     <      	//.define C_TimerA_Input1_FRTC	0x0000
                     <      	//.define C_TimerA_Input1_EXT1	0x1000
                     <      	// Bit13 : Timer B input source select; 0 for FRTC, 1 for EXT1
                     <      	//.define C_TimerB_Input1			0x2000
                     <      	//.define C_TimerB_Input1_FRTC	0x0000
                     <      	//.define C_TimerB_Input1_EXT1	0x2000
                     <      	// Bit14 : Timer C input source select; 0 for FRTC, 1 for EXT1
                     <      	//.define C_TimerC_Input1			0x4000
                     <      	//.define C_TimerC_Input1_FRTC	0x0000
                     <      	//.define C_TimerC_Input1_EXT1	0x4000
                     <      	// Bit15 : Reserved
                     <      	
                     <      	//.define SystemClock				20480000
                     <      	//.define SystemClock				24576000
                     <      	//.define SystemClock				32768000
                     <      	//.define SystemClock				40960000
                     <      	.define SystemClock				49152000
                     <      	//.define SystemClock				12000000		// For FPGA Test
                     <      	//.define SystemClock				24000000		// For FPGA Test
                     <      	//.define SystemClock				48000000		// For FPGA Test
                     <      	
                     <      	.define C_Timer_Setting_1K   	65536 - (SystemClock / 1000)
                     <      	.define C_Timer_Setting_2K     	65536 - (SystemClock / 2000)
                     <      	.define C_Timer_Setting_3K     	65536 - (SystemClock / 3000)
                     <      	.define C_Timer_Setting_4K     	65536 - (SystemClock / 4000)
                     <      	.define C_Timer_Setting_5K     	65536 - (SystemClock / 5000)
                     <      	.define C_Timer_Setting_6K     	65536 - (SystemClock / 6000)
                     <      	.define C_Timer_Setting_7K     	65536 - (SystemClock / 7000)
                     <      	.define C_Timer_Setting_8K    	65536 - (SystemClock / 8000)
                     <      	.define C_Timer_Setting_9K     	65536 - (SystemClock / 9000)
                     <      	.define C_Timer_Setting_10K    	65536 - (SystemClock / 10000)
                     <      	.define C_Timer_Setting_11K    	65536 - (SystemClock / 11000)
                     <      	.define C_Timer_Setting_12K    	65536 - (SystemClock / 12000)
                     <      	.define C_Timer_Setting_13K    	65536 - (SystemClock / 13000)
                     <      	.define C_Timer_Setting_14K    	65536 - (SystemClock / 14000)
                     <      	.define C_Timer_Setting_15K    	65536 - (SystemClock / 15000)
                     <      	.define C_Timer_Setting_16K    	65536 - (SystemClock / 16000)
                     <      	.define C_Timer_Setting_20K    	65536 - (SystemClock / 20000)
                     <      	.define C_Timer_Setting_24K    	65536 - (SystemClock / 24000)
                     <      	.define C_Timer_Setting_28K   	65536 - (SystemClock / 28000)
                     <      	.define C_Timer_Setting_32K    	65536 - (SystemClock / 32000)
                     <      	.define C_Timer_Setting_36K   	65536 - (SystemClock / 36000)
                     <      	.define C_Timer_Setting_40K   	65536 - (SystemClock / 40000)
                     <      	.define C_Timer_Setting_48K    	65536 - (SystemClock / 48000)
                     <      	.define C_Timer_Setting_64K    	65536 - (SystemClock / 64000)
                     <      	.define C_Timer_Setting_500K   	65536 - (SystemClock / 500000)
                     <      	.define C_Timer_Setting_15555  	65536 - (SystemClock / 15555)	// For FPGA Test
                     <      	.define C_Timer_Setting_17777  	65536 - (SystemClock / 17777)	// For FPGA Test
                     <      	
                     <      	
                     <      	//====================================================================================
                     <      	// P_PWM_Ctrl (0x2020)  IOPWM
                     <      	//====================================================================================
                     <      	// Bit[15] : IOPWM_CNT_Clear
                     <      	.define	C_IOPWM_CNT_Clear		0x8000
                     <      	// Bit[14:7] : Reserved
                     <      	// Bit[6] : IOPWM_Mask
                     <      	.define	C_IOPWM_Mask			0x0040
                     <      	.define	C_IOPWM_Mask_Disable	0x0000		//default
                     <      	.define	C_IOPWM_Mask_Enable		0x0040
                     <      	// Bit[5:4] : Clock Source for IOPWM
                     <      	.define	C_IOPWM_CLK_SRC			0x0030
                     <      	.define	C_IOPWM_SRC_FRTC_Div2	0x0000
                     <      	.define	C_IOPWM_SRC_TimerA		0x0010
                     <      	.define	C_IOPWM_SRC_TimerB		0x0020
                     <      	.define	C_IOPWM_SRC_TimerC		0x0030
                     <      	// Bit[3:0] : PWM_Duty
                     <      	.define	C_IOPWM_Duty			0x000F
                     <      	.define C_IOPWM_OFF				0x0000
                     <      	.define C_IOPWM_1_Div_16		0x0001
                     <      	.define C_IOPWM_2_Div_16		0x0002
                     <      	.define C_IOPWM_3_Div_16		0x0003
                     <      	.define C_IOPWM_4_Div_16		0x0004
                     <      	.define C_IOPWM_5_Div_16		0x0005
                     <      	.define C_IOPWM_6_Div_16		0x0006
                     <      	.define C_IOPWM_7_Div_16		0x0007
                     <      	.define C_IOPWM_8_Div_16		0x0008
                     <      	.define C_IOPWM_9_Div_16		0x0009
                     <      	.define C_IOPWM_10_Div_16		0x000A
                     <      	.define C_IOPWM_11_Div_16		0x000B
                     <      	.define C_IOPWM_12_Div_16		0x000C
                     <      	.define C_IOPWM_13_Div_16		0x000D
                     <      	.define C_IOPWM_14_Div_16		0x000E
                     <      	.define C_IOPWM_1_Div_2			0x000F
                     <      	
                     <      	//====================================================================================
                     <      	// P_System_Clock (0x2030)  
                     <      	// The System Clock can be configured form 24.576MHz to 49.152MHz
                     <      	//====================================================================================
                     <      	// Bit[7:5] : FOSC
                     <      	.define C_FOSC					0x00E0
                     <      	.define C_FOSC_24576KHz			0x0000
                     <      	.define C_FOSC_20480KHz			0x0020
                     <      	.define C_FOSC_32768KHz			0x0040
                     <      	.define C_FOSC_40960KHz			0x0060
                     <      	.define C_FOSC_49152KHz			0x0080
                     <      	.define C_FOSC_49152KHz_M1		0x00A0
                     <      	.define C_FOSC_49152KHz_M2		0x00C0
                     <      	.define C_FOSC_49152KHz_M3		0x00E0
                     <      	// Bit[4] : 32KHz Sleep Status
                     <      	.define	C_Sleep_RTC_Status		0x0010
                     <      	.define	C_Sleep_RTC_SLP_Off		0x0000
                     <      	.define	C_Sleep_RTC_SLP_Work	0x0010
                     <      	// Bit[3] : Strong Mode
                     <      	.define C_RTC_Mode_Sel			0x0008
                     <      	.define C_RTC_Mode_Weak			0x0000
                     <      	.define C_RTC_Mode_Strong		0x0008
                     <      	// Bit[2:0] : CPU Clock
                     <      	.define	C_CPU_CLK				0x0007
                     <      	.define	C_CPU_CLK_FOSC			0x0000
                     <      	.define	C_CPU_CLK_FOSC_DIV_2	0x0001
                     <      	.define	C_CPU_CLK_FOSC_DIV_4	0x0002
                     <      	.define	C_CPU_CLK_FOSC_DIV_8	0x0003			// Default Value
                     <      	.define	C_CPU_CLK_FOSC_DIV_16	0x0004
                     <      	.define	C_CPU_CLK_FOSC_DIV_32	0x0005
                     <      	.define	C_CPU_CLK_FOSC_DIV_64	0x0006
                     <      	.define	C_CPU_CLK_FOSC_DIV_128	0x0007
                     <      	
                     <      	// P_System_Sleep (0x2036)
                     <      	.define C_System_Sleep			0x5555
                     <      	// P_System_Reset (0x2031)
                     <      	.define C_Software_Reset		0x5555
                     <      	// P_TimeBase_Clear (0x2033)
                     <      	.define	C_TimeBase_Clear		0x5555			// Write any value to clear
                     <      	// P_Watchdog_Clear (0x2034)
                     <      	.define	C_Watchdog_Clear		0x5555
                     <      	
                     <      	//====================================================================================
                     <      	// P_Reset_LVD_Ctrl (0x2032)
                     <      	//====================================================================================
                     <      	// Bit[15]
                     <      	.define C_Watchdog_Reset_Flag	0x8000			// Flag
                     <      	// Bit[14]
                     <      	.define C_Software_Reset_Flag	0x4000			// Flag
                     <      	// Bit[13]
                     <      	.define C_Wathcdog_Reset_Err_Flag	0x2000			// Flag
                     <      	// Bit[12]
                     <      	.define C_ILL_Addr_Reset_Flag	0x1000			// Flag
                     <      	// Bit[11]
                     <      	.define C_LVD_Status_Flag		0x0800			// Flag
                     <      	// Bit[9:2] Reserved
                     <      	// Bit[1:0] : LVD_Ctrl
                     <      	.define	C_LVD_Ctrl				0x0003
                     <      	.define	C_LVD_Ctrl_3D2V			0x0000			// Default Value
                     <      	.define	C_LVD_Ctrl_3D0V			0x0001
                     <      	.define	C_LVD_Ctrl_2D8V			0x0002
                     <      	.define	C_LVD_Ctrl_2D6V			0x0003
                     <      	// LVR always setting 2.2v
                     <      	
                     <      	//====================================================================================
                     <      	// P_Wait_Ctrl (0x2035)
                     <      	//====================================================================================
                     <      	.define	C_Wait_State_Reg		0x000F
                     <      	.define C_Wait_State_2Cycles1	0x0000
                     <      	.define C_Wait_State_2Cycles2	0x0001
                     <      	.define C_Wait_State_2Cycles	0x0002
                     <      	.define C_Wait_State_3Cycles	0x0003			// Default Value
                     <      	.define C_Wait_State_4Cycles	0x0004
                     <      	.define C_Wait_State_5Cycles	0x0005
                     <      	.define C_Wait_State_6Cycles	0x0006
                     <      	.define C_Wait_State_7Cycles	0x0007
                     <      	.define C_Wait_State_8Cycles	0x0008
                     <      	.define C_Wait_State_9Cycles	0x0009
                     <      	.define C_Wait_State_10Cycles	0x000A
                     <      	.define C_Wait_State_11Cycles	0x000B
                     <      	.define C_Wait_State_12Cycles	0x000C
                     <      	.define C_Wait_State_13Cycles	0x000D
                     <      	.define C_Wait_State_14Cycles	0x000E
                     <      	.define C_Wait_State_15Cycles	0x000F
                     <      	
                     <      	//====================================================================================
                     <      	// P_DAC_Ctrl (0x2040)
                     <      	//====================================================================================
                     <      	// Bit[15:3] : Reserved
                     <      	// Bit[2] : DAC Enable
                     <      	.define	C_DAC_Disable			0x0000
                     <      	.define	C_DAC_Enable			0x0004
                     <      	// Bit[1:0] : DAC Timer Select
                     <      	.define C_DAC_TMR_Sel			0x0003
                     <      	.define C_DAC_TMR_Sel_Manual	0x0000
                     <      	.define C_DAC_TMR_Sel_TimerA	0x0001
                     <      	.define C_DAC_TMR_Sel_TimerB	0x0002
                     <      	.define C_DAC_TMR_Sel_TimerC	0x0003
                     <      	
                     <      	//====================================================================================
                     <      	// P_INT_Ctrl (0x2050)
                     <      	// P_INT_Status (0x2051)
                     <      	// P_FIQ_Sel (0x2052)
                     <      	//====================================================================================
                     <      	// Bit[15:13] : Reserve
                     <      	.define C_IRQ0_TMA					0x1000
                     <      	.define C_IRQ1_TMB					0x0800
                     <      	.define C_IRQ2_TMC					0x0400
                     <      	.define C_IRQ3_SPI					0x0200
                     <      	.define C_IRQ4_KEY					0x0100
                     <      	.define C_IRQ5_EXT1					0x0080
                     <      	.define C_IRQ5_EXT2					0x0040
                     <      	.define C_IRQ6_4096Hz				0x0020
                     <      	.define C_IRQ6_2048Hz				0x0010
                     <      	.define C_IRQ6_512Hz				0x0008
                     <      	.define C_IRQ7_64Hz					0x0004
                     <      	.define C_IRQ7_16Hz					0x0002
                     <      	.define C_IRQ7_2Hz					0x0001
                     <      	
                     <      	//====================================================================================
                     <      	// P_SPI_Ctrl (0x2060)
                     <      	//====================================================================================
                     <      	// Bit[2:0] : Master Mode clock selection : 111b is reserved
                     <      	.define C_SPI_SCK_SEL				0x0007
                     <      	.define C_SCKSEL_FPLL_Div_2			0x0000
                     <      	.define C_SCKSEL_FPLL_Div_4			0x0001
                     <      	.define C_SCKSEL_FPLL_Div_8			0x0002
                     <      	.define C_SCKSEL_FPLL_Div_16		0x0003
                     <      	.define C_SCKSEL_FPLL_Div_32		0x0004
                     <      	.define C_SCKSEL_FPLL_Div_64		0x0005	
                     <      	.define C_SCKSEL_FPLL_Div_128		0x0006
                     <      	// Bit3 : Reserved
                     <      	// Bit4 : SPI Clock Polarity
                     <      	.define	C_SPI_Clock_Pol				0x0010
                     <      	.define C_SPI_Clock_Pol_Normal		0x0000	// Clock Normal or Inverted 
                     <      	.define C_SPI_Clock_Pol_Inverse		0x0010
                     <      	// Bit5 : SPI Clock Phase
                     <      	.define C_SPI_Clock_Phase			0x0020
                     <      	.define C_SPI_Clock_Phase_Normal	0x0000	// Rising Edge Trigger or Falling Edge Trigger depend on Polarity
                     <      	.define C_SPI_Clock_Phase_Shift		0x0020  // (POL=0, PHA=1)
                     <      	// Bit[7:6] : Reserved
                     <      	// Bit8 : SPI Mode
                     <      	.define	C_SPI_Mode					0x0100
                     <      	.define C_MasterMode				0x0000
                     <      	.define C_SlaveMode  				0x0100
                     <      	// Bit[10:9] : Reserved
                     <      	// Bit11 : SPI Reset
                     <      	.define C_SPI_Reset					0x0800
                     <      	// Bit12 : Reserved
                     <      	// Bit13 : Loop Back Mode Selection
                     <      	.define	C_SPI_LBM_Normal			0x0000
                     <      	.define	C_SPI_LBM_Enable			0x2000
                     <      	// Bit14: Reserved
                     <      	// Bit15 : SPI Enable
                     <      	.define C_SPI_Disable				0x0000
                     <      	.define C_SPI_Enable				0x8000
                     <      	
                     <      	//====================================================================================
                     <      	// P_SPI_TX_Status (0x2061)
                     <      	//====================================================================================
                     <      	// Bit[3:0] : SPI TX Flag (read only) : Only 8 FIFOs  
                     <      	.define	C_SPI_TX_Flag				0x0007		// 0 ~ 7
                     <      	// Bit[7:4] : SPI TX level setting
                     <      	.define C_SPI_TX_FIFO_Level			0x0070		// 0 ~ 7
                     <      	.define C_SPI_TX_FIFO_Level_0		0x0000
                     <      	.define C_SPI_TX_FIFO_Level_1		0x0010
                     <      	.define C_SPI_TX_FIFO_Level_2		0x0020
                     <      	.define C_SPI_TX_FIFO_Level_3		0x0030
                     <      	.define C_SPI_TX_FIFO_Level_4		0x0040
                     <      	.define C_SPI_TX_FIFO_Level_5		0x0050
                     <      	.define C_SPI_TX_FIFO_Level_6		0x0060
                     <      	.define C_SPI_TX_FIFO_Level_7		0x0070
                     <      	// Bit[13:8] : Reserved
                     <      	// Bit14 : SPI TX interrupt enable
                     <      	.define C_SPI_TX_INT_DIS			0x0000
                     <      	.define C_SPI_TX_INT_EN				0x4000
                     <      	// Bit15 : SPI TX interrupt flag
                     <      	.define C_SPI_TX_INT_Flag			0x8000
                     <      	
                     <      	//====================================================================================
                     <      	// P_SPI_RX_Status (0x2063)
                     <      	//====================================================================================
                     <      	// Bit[3:0] : SPI RX Flag (read only)
                     <      	.define	C_SPI_RX_Flag				0x0007		// 0 ~ 7
                     <      	// Bit[7:4] : SPI RX full level setting
                     <      	.define C_SPI_RX_FIFO_Level			0x0070
                     <      	.define C_SPI_RX_FIFO_Level_1		0x0000
                     <      	.define C_SPI_RX_FIFO_Level_2		0x0010
                     <      	.define C_SPI_RX_FIFO_Level_3		0x0020
                     <      	.define C_SPI_RX_FIFO_Level_4		0x0030
                     <      	.define C_SPI_RX_FIFO_Level_5		0x0040
                     <      	.define C_SPI_RX_FIFO_Level_6		0x0050
                     <      	.define C_SPI_RX_FIFO_Level_7		0x0060
                     <      	.define C_SPI_RX_FIFO_Level_8		0x0070
                     <      	// Bit8 : SPI RX buffer overwrite (read only)
                     <      	.define C_SPI_RX_BUF_OVER_ERROR		0x0100
                     <      	// Bit9 : SPI RX buffer full (read only)
                     <      	.define C_SPI_RX_BUF_Full			0x0200
                     <      	// Bit[13:10] : Reserved
                     <      	// Bit14 : SPI Rx interrupt enable
                     <      	.define C_SPI_RX_INT_DIS			0x0000
                     <      	.define C_SPI_RX_INT_EN				0x4000
                     <      	// Bit15 : SPI RX interrupt flag
                     <      	.define C_SPI_RX_INT_Flag			0x8000
                     <      	
                     <      	//====================================================================================
                     <      	// P_SPI_Misc (0x2065)
                     <      	//====================================================================================
                     <      	// Bit0 : Transmit FIFO Empty Flag
                     <      	.define	C_SPI_TX_Empty_Flag				0x0001
                     <      	// Bit1 : Transmit FIFO Not Full Flag
                     <      	.define	C_SPI_TX_NonFull_Flag			0x0002
                     <      	// Bit2 : Receive FIFO Empty Flag
                     <      	.define	C_SPI_RX_Empty_Flag				0x0004
                     <      	// Bit3 : Receive FIFO Full Flag
                     <      	.define	C_SPI_RX_Full_Flag				0x0008
                     <      	// Bit4 : SPI Controller Busy Flag
                     <      	.define	C_SPI_Busy_Flag					0x0010
                     <      	// Bit[7:5] : Reserved
                     <      	// Bit8 : SPI FIFO Smart Mode Register
                     <      	.define	C_SPI_FIFO_Normal_Mode			0x0000
                     <      	.define	C_SPI_FIFO_Smart_Mode			0x0100
                     <      	// Bit9 : SPI FIFO Over Write Mode
                     <      	.define	C_SPI_FIFO_Full_Write_Skipped	0x0000
                     <      	.define	C_SPI_FIFO_Full_Overwrite		0x0200
                     <      	// Bit[15:10] : Reserved
                     <      	
                     <      	//====================================================================================
                     <      	// P_ADC_Ctrl (0x2070)
                     <      	//====================================================================================
                     <      	// Bit[1:0] : Conversion Cycle Select
                     <      	.define	C_ADC_Conv_Cycle				0x0003
                     <      	.define	C_ADC_Conv_Cyc_8				0x0000	// Default
                     <      	.define	C_ADC_Conv_Cyc_16				0x0001
                     <      	.define	C_ADC_Conv_Cyc_32				0x0002
                     <      	.define	C_ADC_Conv_Cyc_64				0x0003
                     <      	// Bit2 : ADC Enable 
                     <      	.define	C_ADC_Disable					0x0000
                     <      	.define	C_ADC_Enable					0x0004
                     <      	// Bit3 : AGC Enable 
                     <      	.define	C_AGC_Disable					0x0000
                     <      	.define	C_AGC_Enable					0x0008
                     <      	// Bit4 : A/D Input Select in Manual Mode
                     <      	.define C_ADC_Ch0_in_MIC 				0x0000
                     <      	.define C_ADC_Ch0_in_LineinPB0			0x0010
                     <      	// Bit5 : V_MIC Power Supply Enable
                     <      	.define	C_ADC_MIC_Disable				0x0000
                     <      	.define	C_ADC_MIC_Enable				0x0020
                     <      	// Bit6 : ADC Chip Enable for Bias Circuit
                     <      	.define	C_ADC_Bias_Disable				0x0000
                     <      	.define	C_ADC_Bias_Enable				0x0040
                     <      	// Bit[8:7] : ADC clock setting
                     <      	.define C_ADC_CLK_Sel					0x0180
                     <      	.define C_ADC_CLK_FPLL_Div_16			0x0000
                     <      	.define C_ADC_CLK_FPLL_Div_32			0x0080
                     <      	.define C_ADC_CLK_FPLL_Div_64			0x0100
                     <      	.define C_ADC_CLK_FPLL_Div_128			0x0180
                     <      	// Bit[11:9] : ADC manual mode channel setting
                     <      	.define C_ADC_Manual_AN0				0x0000
                     <      	.define C_ADC_Manual_AN1				0x0200
                     <      	.define C_ADC_Manual_AN2				0x0400
                     <      	.define C_ADC_Manual_AN3				0x0600
                     <      	.define C_ADC_Manual_AN4				0x0800
                     <      	.define C_ADC_Manual_AN5				0x0A00
                     <      	.define C_ADC_Manual_AN6				0x0C00
                     <      	.define C_ADC_Manual_AN7				0x0E00
                     <      	// Bit[13:12] : Timer select for auto scan mode
                     <      	.define C_ADC_Manual					0x0000
                     <      	.define C_ADC_Timer_A					0x1000
                     <      	.define C_ADC_Timer_B					0x2000
                     <      	.define C_ADC_Timer_C					0x3000
                     <      	// Bit14 : Auto scan busy (read only)
                     <      	.define C_ADC_Auto_Scan_Busy			0x4000
                     <      	// Bit15 : ADC busy (read only)
                     <      	.define C_ADC_Busy						0x8000
                     <      	
                     <      	//====================================================================================
                     <      	// P_ADC_LineIn_BitCtrl (0x2072)
                     <      	//====================================================================================
                     <      	.define	C_ADC_Linein_Enable				0x00FF
                     <      	.define	C_ADC_AN0_Enable				0x0001
                     <      	.define	C_ADC_AN1_Enable				0x0002
                     <      	.define	C_ADC_AN2_Enable				0x0004
                     <      	.define	C_ADC_AN3_Enable				0x0008
                     <      	.define	C_ADC_AN4_Enable				0x0010
                     <      	.define	C_ADC_AN5_Enable				0x0020
                     <      	.define	C_ADC_AN6_Enable				0x0040
                     <      	.define	C_ADC_AN7_Enable				0x0080
                     <      	
                     <      	//====================================================================================
                     <      	// P_Flash_Ctrl (0x26FF)
                     <      	//====================================================================================
                     <      	.define C_Flash_Enable_Access_CMD		0xAAAA
                     <      	.define C_Flash_PageErase_CMD			0x5511
                     <      	.define C_Flash_Program_CMD				0x5533
                     <      	
                     <      	//====================================================================================
                     <      	// Bits Definition
                     <      	//====================================================================================
                     <      	.define	C_Bit0							0x0001
                     <      	.define	C_Bit1							0x0002
                     <      	.define	C_Bit2							0x0004
                     <      	.define	C_Bit3							0x0008
                     <      	.define	C_Bit4							0x0010
                     <      	.define	C_Bit5							0x0020
                     <      	.define	C_Bit6							0x0040
                     <      	.define	C_Bit7							0x0080
                     <      	.define	C_Bit8							0x0100
                     <      	.define	C_Bit9							0x0200
                     <      	.define	C_Bit10							0x0400
                     <      	.define	C_Bit11							0x0800
                     <      	.define	C_Bit12							0x1000
                     <      	.define	C_Bit13							0x2000
                     <      	.define	C_Bit14							0x4000
                     <      	.define	C_Bit15							0x8000
                     <      	
                     <      	
                     <      	
                     <      	
                     <      	
                     <      	
                     <      	
                     <      	
                            	.include MS02.inc
                     <      	//==========================================================================
                     <      	// File Name   : MS02.inc
                     <      	// Description : SACM MS02 API declaration
                     <      	// Written by  : Ray Cheng
                     <      	// Last modified date:
                     <      	//              2005/12/26
                     <      	//==========================================================================
                     <      	.ifndef __MS02_INC__
                     <      	.define __MS02_INC__
                     <      	
                     <      	.external F_SACM_MS02_Initial
                     <      	.external F_SACM_MS02_Play
                     <      	.external F_SACM_MS02_Stop
                     <      	.external F_SACM_MS02_Volume
                     <      	.external F_SACM_MS02_Pause
                     <      	.external F_SACM_MS02_Resume
                     <      	.external F_SACM_MS02_Status
                     <      	.external F_SACM_MS02_ServiceLoop
                     <      	.external F_ISR_Service_SACM_MS02
                     <      	
                     <      	.endif
                     <      	//========================================================================================        
                     <      	// End of SACM_MS02.inc
                     <      	//========================================================================================
                            	
                            	//**************************************************************************
                            	// Contant Defintion Area
                            	//**************************************************************************
                            	.define Foreground		0
                            	.define Background		1
                            	.define ServiceType		Foreground
                            	//.define ServiceType		Background
                            	
                            	//**************************************************************************
                            	// Variable Publication Area
                            	//**************************************************************************
                            	
                            	//**************************************************************************
                            	// Function Call Publication Area
                            	//**************************************************************************
                            	.public _BREAK
                            	.public _FIQ
                            	.public _IRQ0
                            	.public _IRQ1
                            	.public _IRQ2
                            	.public _IRQ3
                            	.public _IRQ4
                            	.public _IRQ5
                            	.public _IRQ6
                            	.public _IRQ7
                            	
                            	//**************************************************************************
                            	// External Function Declaration
                            	//**************************************************************************
                            	
                            	//**************************************************************************
                            	// RAM Definition Area
                            	//**************************************************************************
                            	
                            	//**************************************************************************
                            	// CODE Definition Area
                            	//**************************************************************************
00000000                    	.text
                            	_FIQ:
00000000 A8 DA              	    push R1, R5 to [SP];
                            	
00000001 11 93 51 20        		R1 = [P_INT_Status];
00000003 09 C3 00 08        		test R1, C_IRQ1_TMB;
00000005 0B 4E              		jnz L_FIQ_TimerB;
00000006 09 C3 00 04        		test R1, C_IRQ2_TMC;
00000008 0E 4E              		jnz L_FIQ_TimerC;
                            	
                            	L_FIQ_TimerA:
                            	    //------------------------------------------------------------------
                            	    // hook Timer A FIQ subroutine here and define it to be external
                            	    // and returns as a flag to tell required process data or not
00000009 40 F0 00 00        	    call F_ISR_Service_SACM_MS02;
                            	
                            	// For Background Play
                            	.if ServiceType == Background
                            		test R1, 0x0001;
                            		jnz ?L_BackgroundService;
                            		
                            		R2 = C_IRQ0_TMA;
                            		[P_INT_Status] = R2;
                            	
                            		pop R1, R5 from [SP];
                            		reti;					// jump to L_ForBackgroundUsage
                            	
                            	?L_BackgroundService:
                            		R2 = offset L_ForBackgroundUsage
                            		push R2	to [SP];		// push PC
                            		push SR	to [SP];		// push CS
                            		R2 = FR;
                            		R2 |= 0x0040;
                            		push R2 to [SP];		// push FR
                            		
                            		R2 = C_IRQ0_TMA;
                            		[P_INT_Status] = R2;
                            		
                            		reti;					// jump to L_ForBackgroundUsage
                            	
                            	L_ForBackgroundUsage:
                            		////////////////////////////////////////////////////////////
                            		call F_SACM_MS02_ServiceLoop;	// SACM Service Loop
                            		////////////////////////////////////////////////////////////
                            		pop R1, R5 from [SP];
                            		reti;
                            	.endif
                            	
                            	.if ServiceType == Foreground
                            	L_ForForegroundUsage:
0000000B 09 93 00 10        		R1 = C_IRQ0_TMA;
0000000D 19 D3 51 20        		[P_INT_Status] = R1;
0000000F A8 90              		pop R1, R5 from [SP];
00000010 98 9A              		reti;
                            	.endif
                            	
                            	L_FIQ_TimerB:
                            	    //------------------------------------------------------------------
                            	    // hook Timer B FIQ subroutine here and define it to be external
                            	    //------------------------------------------------------------------
00000011 09 93 00 08        	    R1 = C_IRQ1_TMB;
00000013 19 D3 51 20        	    [P_INT_Status] = R1;
00000015 A8 90              	    pop R1, R5 from [sp];
00000016 98 9A              	    reti;
                            	
                            	L_FIQ_TimerC:
                            	    //------------------------------------------------------------------
                            	    // hook Timer C FIQ subroutine here and define it to be external
                            	    //------------------------------------------------------------------
00000017 09 93 00 04        	    R1 = C_IRQ2_TMC;
00000019 19 D3 51 20        	    [P_INT_Status] = R1;
0000001B A8 90              	    pop R1, R5 from [sp];
0000001C 98 9A              	    reti;
                            	
                            	//****************************************************************
                            	_BREAK:        
0000001D A8 DA              	    push R1, R5 to [SP];
                            	
0000001E A8 90              		pop R1, R5 from [SP];
0000001F 98 9A              		reti; 
                            	        
                            	_IRQ0:        
00000020 A8 DA              	    push R1, R5 to [SP];
                            	
00000021 A8 90              		pop R1, R5 from [SP];
00000022 98 9A              		reti; 
                            	        
                            	_IRQ1:        
00000023 A8 DA              	    push R1, R5 to [SP];
                            	
00000024 A8 90              		pop R1, R5 from [SP];
00000025 98 9A              		reti;  
                            	        
                            	_IRQ2:        
00000026 A8 DA              	    push R1, R5 to [SP];
                            	
00000027 A8 90              		pop R1, R5 from [SP];
00000028 98 9A              		reti;         
                            	        
                            	_IRQ3:        
00000029 A8 DA              	    push R1, R5 to [SP];
                            	
0000002A A8 90              		pop R1, R5 from [SP];
0000002B 98 9A              		reti;         
                            	        
                            	_IRQ4:        
0000002C A8 DA              	    push R1, R5 to [SP];
                            	
0000002D A8 90              		pop R1, R5 from [SP];
0000002E 98 9A              		reti;  
                            	        
                            	_IRQ5:        
0000002F A8 DA              	    push R1, R5 to [SP];
                            	
00000030 A8 90              		pop R1, R5 from [SP];
00000031 98 9A              		reti;         
                            	        
                            	_IRQ6:        
00000032 A8 DA              	    push R1, R5 to [SP];
                            	
00000033 A8 90              		pop R1, R5 from [SP];
00000034 98 9A              		reti;         
                            	        
                            	_IRQ7:        
00000035 A8 DA              	    push R1, R5 to [SP];
                            	
00000036 A8 90              		pop R1, R5 from [SP];
00000037 98 9A              		reti;
0 error(s), 0 warning(s).
