Generalplus u'nSP Assembler - Ver. 1.14.13.0

                            	// GCC for GeneralPlus u'nSP version 1.1.0.1
                            	// Command: C:\PROGRA~1\GENERA~1\UNSPID~1.3\toolchain\cc1.exe C:\DOCUME~1\joelo\LOCALS~1\Temp\ccwZkRcl.i -fkeep-inline-functions -quiet -dumpbase main.c -mglobal-var-iram -gstabs -o .\Debug/main.asm
                            		.external __sn_func_ptr_sec
                            	
                            	// gcc2_compiled.:
                            	
00000000                    	.debug
00000000 2E 00 73 00        		.dw '.stabs "D:/GPCE_Serial/GPCE063/SACM/MS02/",0x64,0,3,',0,0,offset Ltext0,seg Ltext0,0x0d,0x0a
         74 00 61 00
         62 00 73 00
         20 00 22 00
         44 00 3A 00
         2F 00 47 00
         50 00 43 00
         45 00 5F 00
         53 00 65 00
         72 00 69 00
         61 00 6C 00
         2F 00 47 00
         50 00 43 00
         45 00 30 00
         36 00 33 00
         2F 00 53 00
         41 00 43 00
         4D 00 2F 00
         4D 00 53 00
         30 00 32 00
         2F 00 22 00
         2C 00 30 00
         78 00 36 00
         34 00 2C 00
         30 00 2C 00
         33 00 2C 00
         00 00 00 00
         00 00 00 00
         0D 00 0A 00
00000000                    	.code
0000003A                    	.debug
0000003A 2E 00 73 00        		.dw '.stabs "D:/GPCE_Serial/GPCE063/SACM/MS02/main.c",0x64,0,3,',0,0,offset Ltext0,seg Ltext0,0x0d,0x0a
         74 00 61 00
         62 00 73 00
         20 00 22 00
         44 00 3A 00
         2F 00 47 00
         50 00 43 00
         45 00 5F 00
         53 00 65 00
         72 00 69 00
         61 00 6C 00
         2F 00 47 00
         50 00 43 00
         45 00 30 00
         36 00 33 00
         2F 00 53 00
         41 00 43 00
         4D 00 2F 00
         4D 00 53 00
         30 00 32 00
         2F 00 6D 00
         61 00 69 00
         6E 00 2E 00
         63 00 22 00
         2C 00 30 00
         78 00 36 00
         34 00 2C 00
         30 00 2C 00
         33 00 2C 00
         00 00 00 00
         00 00 00 00
         0D 00 0A 00
00000000                    	.code
00000000                    	.code
                            	Ltext0:
0000007A                    	.debug
0000007A 2E 00 73 00        		.dw '.stabs "int:t1=r1;-32768;32767;",128,0,0,0',0x0d,0x0a
         74 00 61 00
         62 00 73 00
         20 00 22 00
         69 00 6E 00
         74 00 3A 00
         74 00 31 00
         3D 00 72 00
         31 00 3B 00
         2D 00 33 00
         32 00 37 00
         36 00 38 00
         3B 00 33 00
         32 00 37 00
         36 00 37 00
         3B 00 22 00
         2C 00 31 00
         32 00 38 00
         2C 00 30 00
         2C 00 30 00
         2C 00 30 00
         0D 00 0A 00
00000000                    	.CODE
000000A6                    	.debug
000000A6 2E 00 73 00        		.dw '.stabs "char:t2=r2;0;127;",128,0,0,0',0x0d,0x0a
         74 00 61 00
         62 00 73 00
         20 00 22 00
         63 00 68 00
         61 00 72 00
         3A 00 74 00
         32 00 3D 00
         72 00 32 00
         3B 00 30 00
         3B 00 31 00
         32 00 37 00
         3B 00 22 00
         2C 00 31 00
         32 00 38 00
         2C 00 30 00
         2C 00 30 00
         2C 00 30 00
         0D 00 0A 00
00000000                    	.CODE
000000CC                    	.debug
000000CC 2E 00 73 00        		.dw '.stabs "long int:t3=r3;-2147483648;2147483647;",128,0,0,0',0x0d,0x0a
         74 00 61 00
         62 00 73 00
         20 00 22 00
         6C 00 6F 00
         6E 00 67 00
         20 00 69 00
         6E 00 74 00
         3A 00 74 00
         33 00 3D 00
         72 00 33 00
         3B 00 2D 00
         32 00 31 00
         34 00 37 00
         34 00 38 00
         33 00 36 00
         34 00 38 00
         3B 00 32 00
         31 00 34 00
         37 00 34 00
         38 00 33 00
         36 00 34 00
         37 00 3B 00
         22 00 2C 00
         31 00 32 00
         38 00 2C 00
         30 00 2C 00
         30 00 2C 00
         30 00 0D 00
         0A 00      
00000000                    	.CODE
00000107                    	.debug
00000107 2E 00 73 00        		.dw '.stabs "unsigned int:t4=r4;0;65535;",128,0,0,0',0x0d,0x0a
         74 00 61 00
         62 00 73 00
         20 00 22 00
         75 00 6E 00
         73 00 69 00
         67 00 6E 00
         65 00 64 00
         20 00 69 00
         6E 00 74 00
         3A 00 74 00
         34 00 3D 00
         72 00 34 00
         3B 00 30 00
         3B 00 36 00
         35 00 35 00
         33 00 35 00
         3B 00 22 00
         2C 00 31 00
         32 00 38 00
         2C 00 30 00
         2C 00 30 00
         2C 00 30 00
         0D 00 0A 00
00000000                    	.CODE
00000137                    	.debug
00000137 2E 00 73 00        		.dw '.stabs "long unsigned int:t5=r5;0;4294967295;",128,0,0,0',0x0d,0x0a
         74 00 61 00
         62 00 73 00
         20 00 22 00
         6C 00 6F 00
         6E 00 67 00
         20 00 75 00
         6E 00 73 00
         69 00 67 00
         6E 00 65 00
         64 00 20 00
         69 00 6E 00
         74 00 3A 00
         74 00 35 00
         3D 00 72 00
         35 00 3B 00
         30 00 3B 00
         34 00 32 00
         39 00 34 00
         39 00 36 00
         37 00 32 00
         39 00 35 00
         3B 00 22 00
         2C 00 31 00
         32 00 38 00
         2C 00 30 00
         2C 00 30 00
         2C 00 30 00
         0D 00 0A 00
00000000                    	.CODE
00000171                    	.debug
00000171 2E 00 73 00        		.dw '.stabs "long long int:t6=r6;-2147483648;2147483647;",128,0,0,0',0x0d,0x0a
         74 00 61 00
         62 00 73 00
         20 00 22 00
         6C 00 6F 00
         6E 00 67 00
         20 00 6C 00
         6F 00 6E 00
         67 00 20 00
         69 00 6E 00
         74 00 3A 00
         74 00 36 00
         3D 00 72 00
         36 00 3B 00
         2D 00 32 00
         31 00 34 00
         37 00 34 00
         38 00 33 00
         36 00 34 00
         38 00 3B 00
         32 00 31 00
         34 00 37 00
         34 00 38 00
         33 00 36 00
         34 00 37 00
         3B 00 22 00
         2C 00 31 00
         32 00 38 00
         2C 00 30 00
         2C 00 30 00
         2C 00 30 00
         0D 00 0A 00
00000000                    	.CODE
000001B1                    	.debug
000001B1 2E 00 73 00        		.dw '.stabs "long long unsigned int:t7=r7;0;4294967295;",128,0,0,0',0x0d,0x0a
         74 00 61 00
         62 00 73 00
         20 00 22 00
         6C 00 6F 00
         6E 00 67 00
         20 00 6C 00
         6F 00 6E 00
         67 00 20 00
         75 00 6E 00
         73 00 69 00
         67 00 6E 00
         65 00 64 00
         20 00 69 00
         6E 00 74 00
         3A 00 74 00
         37 00 3D 00
         72 00 37 00
         3B 00 30 00
         3B 00 34 00
         32 00 39 00
         34 00 39 00
         36 00 37 00
         32 00 39 00
         35 00 3B 00
         22 00 2C 00
         31 00 32 00
         38 00 2C 00
         30 00 2C 00
         30 00 2C 00
         30 00 0D 00
         0A 00      
00000000                    	.CODE
000001F0                    	.debug
000001F0 2E 00 73 00        		.dw '.stabs "short int:t8=r8;-32768;32767;",128,0,0,0',0x0d,0x0a
         74 00 61 00
         62 00 73 00
         20 00 22 00
         73 00 68 00
         6F 00 72 00
         74 00 20 00
         69 00 6E 00
         74 00 3A 00
         74 00 38 00
         3D 00 72 00
         38 00 3B 00
         2D 00 33 00
         32 00 37 00
         36 00 38 00
         3B 00 33 00
         32 00 37 00
         36 00 37 00
         3B 00 22 00
         2C 00 31 00
         32 00 38 00
         2C 00 30 00
         2C 00 30 00
         2C 00 30 00
         0D 00 0A 00
00000000                    	.CODE
00000222                    	.debug
00000222 2E 00 73 00        		.dw '.stabs "short unsigned int:t9=r9;0;65535;",128,0,0,0',0x0d,0x0a
         74 00 61 00
         62 00 73 00
         20 00 22 00
         73 00 68 00
         6F 00 72 00
         74 00 20 00
         75 00 6E 00
         73 00 69 00
         67 00 6E 00
         65 00 64 00
         20 00 69 00
         6E 00 74 00
         3A 00 74 00
         39 00 3D 00
         72 00 39 00
         3B 00 30 00
         3B 00 36 00
         35 00 35 00
         33 00 35 00
         3B 00 22 00
         2C 00 31 00
         32 00 38 00
         2C 00 30 00
         2C 00 30 00
         2C 00 30 00
         0D 00 0A 00
00000000                    	.CODE
00000258                    	.debug
00000258 2E 00 73 00        		.dw '.stabs "signed char:t10=r10;-32768;32767;",128,0,0,0',0x0d,0x0a
         74 00 61 00
         62 00 73 00
         20 00 22 00
         73 00 69 00
         67 00 6E 00
         65 00 64 00
         20 00 63 00
         68 00 61 00
         72 00 3A 00
         74 00 31 00
         30 00 3D 00
         72 00 31 00
         30 00 3B 00
         2D 00 33 00
         32 00 37 00
         36 00 38 00
         3B 00 33 00
         32 00 37 00
         36 00 37 00
         3B 00 22 00
         2C 00 31 00
         32 00 38 00
         2C 00 30 00
         2C 00 30 00
         2C 00 30 00
         0D 00 0A 00
00000000                    	.CODE
0000028E                    	.debug
0000028E 2E 00 73 00        		.dw '.stabs "unsigned char:t11=r11;0;65535;",128,0,0,0',0x0d,0x0a
         74 00 61 00
         62 00 73 00
         20 00 22 00
         75 00 6E 00
         73 00 69 00
         67 00 6E 00
         65 00 64 00
         20 00 63 00
         68 00 61 00
         72 00 3A 00
         74 00 31 00
         31 00 3D 00
         72 00 31 00
         31 00 3B 00
         30 00 3B 00
         36 00 35 00
         35 00 33 00
         35 00 3B 00
         22 00 2C 00
         31 00 32 00
         38 00 2C 00
         30 00 2C 00
         30 00 2C 00
         30 00 0D 00
         0A 00      
00000000                    	.CODE
000002C1                    	.debug
000002C1 2E 00 73 00        		.dw '.stabs "float:t12=r1;2;0;",128,0,0,0',0x0d,0x0a
         74 00 61 00
         62 00 73 00
         20 00 22 00
         66 00 6C 00
         6F 00 61 00
         74 00 3A 00
         74 00 31 00
         32 00 3D 00
         72 00 31 00
         3B 00 32 00
         3B 00 30 00
         3B 00 22 00
         2C 00 31 00
         32 00 38 00
         2C 00 30 00
         2C 00 30 00
         2C 00 30 00
         0D 00 0A 00
00000000                    	.CODE
000002E7                    	.debug
000002E7 2E 00 73 00        		.dw '.stabs "double:t13=r1;2;0;",128,0,0,0',0x0d,0x0a
         74 00 61 00
         62 00 73 00
         20 00 22 00
         64 00 6F 00
         75 00 62 00
         6C 00 65 00
         3A 00 74 00
         31 00 33 00
         3D 00 72 00
         31 00 3B 00
         32 00 3B 00
         30 00 3B 00
         22 00 2C 00
         31 00 32 00
         38 00 2C 00
         30 00 2C 00
         30 00 2C 00
         30 00 0D 00
         0A 00      
00000000                    	.CODE
0000030E                    	.debug
0000030E 2E 00 73 00        		.dw '.stabs "long double:t14=r1;2;0;",128,0,0,0',0x0d,0x0a
         74 00 61 00
         62 00 73 00
         20 00 22 00
         6C 00 6F 00
         6E 00 67 00
         20 00 64 00
         6F 00 75 00
         62 00 6C 00
         65 00 3A 00
         74 00 31 00
         34 00 3D 00
         72 00 31 00
         3B 00 32 00
         3B 00 30 00
         3B 00 22 00
         2C 00 31 00
         32 00 38 00
         2C 00 30 00
         2C 00 30 00
         2C 00 30 00
         0D 00 0A 00
00000000                    	.CODE
0000033A                    	.debug
0000033A 2E 00 73 00        		.dw '.stabs "complex int:t15=s2real:1,0,16;imag:1,16,16;;",128,0,0,0',0x0d,0x0a
         74 00 61 00
         62 00 73 00
         20 00 22 00
         63 00 6F 00
         6D 00 70 00
         6C 00 65 00
         78 00 20 00
         69 00 6E 00
         74 00 3A 00
         74 00 31 00
         35 00 3D 00
         73 00 32 00
         72 00 65 00
         61 00 6C 00
         3A 00 31 00
         2C 00 30 00
         2C 00 31 00
         36 00 3B 00
         69 00 6D 00
         61 00 67 00
         3A 00 31 00
         2C 00 31 00
         36 00 2C 00
         31 00 36 00
         3B 00 3B 00
         22 00 2C 00
         31 00 32 00
         38 00 2C 00
         30 00 2C 00
         30 00 2C 00
         30 00 0D 00
         0A 00      
00000000                    	.CODE
0000037B                    	.debug
0000037B 2E 00 73 00        		.dw '.stabs "complex float:t16=r16;2;0;",128,0,0,0',0x0d,0x0a
         74 00 61 00
         62 00 73 00
         20 00 22 00
         63 00 6F 00
         6D 00 70 00
         6C 00 65 00
         78 00 20 00
         66 00 6C 00
         6F 00 61 00
         74 00 3A 00
         74 00 31 00
         36 00 3D 00
         72 00 31 00
         36 00 3B 00
         32 00 3B 00
         30 00 3B 00
         22 00 2C 00
         31 00 32 00
         38 00 2C 00
         30 00 2C 00
         30 00 2C 00
         30 00 0D 00
         0A 00      
00000000                    	.CODE
000003AA                    	.debug
000003AA 2E 00 73 00        		.dw '.stabs "complex double:t17=r17;2;0;",128,0,0,0',0x0d,0x0a
         74 00 61 00
         62 00 73 00
         20 00 22 00
         63 00 6F 00
         6D 00 70 00
         6C 00 65 00
         78 00 20 00
         64 00 6F 00
         75 00 62 00
         6C 00 65 00
         3A 00 74 00
         31 00 37 00
         3D 00 72 00
         31 00 37 00
         3B 00 32 00
         3B 00 30 00
         3B 00 22 00
         2C 00 31 00
         32 00 38 00
         2C 00 30 00
         2C 00 30 00
         2C 00 30 00
         0D 00 0A 00
00000000                    	.CODE
000003DA                    	.debug
000003DA 2E 00 73 00        		.dw '.stabs "complex long double:t18=r18;2;0;",128,0,0,0',0x0d,0x0a
         74 00 61 00
         62 00 73 00
         20 00 22 00
         63 00 6F 00
         6D 00 70 00
         6C 00 65 00
         78 00 20 00
         6C 00 6F 00
         6E 00 67 00
         20 00 64 00
         6F 00 75 00
         62 00 6C 00
         65 00 3A 00
         74 00 31 00
         38 00 3D 00
         72 00 31 00
         38 00 3B 00
         32 00 3B 00
         30 00 3B 00
         22 00 2C 00
         31 00 32 00
         38 00 2C 00
         30 00 2C 00
         30 00 2C 00
         30 00 0D 00
         0A 00      
00000000                    	.CODE
0000040F                    	.debug
0000040F 2E 00 73 00        		.dw '.stabs "void:t19=19",128,0,0,0',0x0d,0x0a
         74 00 61 00
         62 00 73 00
         20 00 22 00
         76 00 6F 00
         69 00 64 00
         3A 00 74 00
         31 00 39 00
         3D 00 31 00
         39 00 22 00
         2C 00 31 00
         32 00 38 00
         2C 00 30 00
         2C 00 30 00
         2C 00 30 00
         0D 00 0A 00
00000000                    	.CODE
0000042F                    	.debug
0000042F 2E 00 73 00        		.dw '.stabs "Key:G1",32,0,0,',0,0,offset _Key,seg _Key,0x0d,0x0a
         74 00 61 00
         62 00 73 00
         20 00 22 00
         4B 00 65 00
         79 00 3A 00
         47 00 31 00
         22 00 2C 00
         33 00 32 00
         2C 00 30 00
         2C 00 30 00
         2C 00 00 00
         00 00 00 00
         00 00 0D 00
         0A 00      
00000000                    	.CODE
0000044C                    	.debug
0000044C 2E 00 73 00        		.dw '.stabs "MIDI_Index:G1",32,0,0,',0,0,offset _MIDI_Index,seg _MIDI_Index,0x0d,0x0a
         74 00 61 00
         62 00 73 00
         20 00 22 00
         4D 00 49 00
         44 00 49 00
         5F 00 49 00
         6E 00 64 00
         65 00 78 00
         3A 00 47 00
         31 00 22 00
         2C 00 33 00
         32 00 2C 00
         30 00 2C 00
         30 00 2C 00
         00 00 00 00
         01 00 00 00
         0D 00 0A 00
00000000                    	.CODE
00000470                    	.debug
00000470 2E 00 73 00        		.dw '.stabs "VolumeIndex:G1",32,0,0,',0,0,offset _VolumeIndex,seg _VolumeIndex,0x0d,0x0a
         74 00 61 00
         62 00 73 00
         20 00 22 00
         56 00 6F 00
         6C 00 75 00
         6D 00 65 00
         49 00 6E 00
         64 00 65 00
         78 00 3A 00
         47 00 31 00
         22 00 2C 00
         33 00 32 00
         2C 00 30 00
         2C 00 30 00
         2C 00 00 00
         00 00 02 00
         00 00 0D 00
         0A 00      
00000000                    	.CODE
00000495                    	.debug
00000495 2E 00 73 00        		.dw '.stabs "PauseFlag:G1",32,0,0,',0,0,offset _PauseFlag,seg _PauseFlag,0x0d,0x0a
         74 00 61 00
         62 00 73 00
         20 00 22 00
         50 00 61 00
         75 00 73 00
         65 00 46 00
         6C 00 61 00
         67 00 3A 00
         47 00 31 00
         22 00 2C 00
         33 00 32 00
         2C 00 30 00
         2C 00 30 00
         2C 00 00 00
         00 00 03 00
         00 00 0D 00
         0A 00      
00000000                    	.CODE
00000000                    	.code
000004B8                    	.debug
000004B8 2E 00 73 00        		.dw '.stabs "main:F1",36,0,0,',0,0,offset _main,seg _main,0x0d,0x0a
         74 00 61 00
         62 00 73 00
         20 00 22 00
         6D 00 61 00
         69 00 6E 00
         3A 00 46 00
         31 00 22 00
         2C 00 33 00
         36 00 2C 00
         30 00 2C 00
         30 00 2C 00
         00 00 00 00
         00 00 00 00
         0D 00 0A 00
00000000                    	.CODE
                            	.public _main
                            	_main:	.proc
000004D6                    	.debug
000004D6 2E 00 73 00        		.dw '.stabn 0x44,0,76,',0,0
         74 00 61 00
         62 00 6E 00
         20 00 30 00
         78 00 34 00
         34 00 2C 00
         30 00 2C 00
         37 00 36 00
         2C 00 00 00
         00 00      
000004E9 00 00 00 00        		.dd LM1-_main
000004EB 0D 00 0A 00        		.dw 0x0d,0x0a
00000000                    	.code
                            	LM1:
                            		// total=1, vars=1
                            		// frame_pointer_needed: 1
000004ED                    	.debug
000004ED 2E 00 73 00        		.dw '.stabn 0xa6,0,0,1',0x0d, 0x0a
         74 00 61 00
         62 00 6E 00
         20 00 30 00
         78 00 61 00
         36 00 2C 00
         30 00 2C 00
         30 00 2C 00
         31 00 0D 00
         0A 00      
00000000                    	.code
00000000 88 DA              		PUSH BP to [SP]
00000001 41 20              		SP-=1
00000002 08 0B 01 00        		BP=SP+1
                            	
00000004 0D 03 04 00        		R1=BP+4
00000006 C5 D2              		[BP]=R1	// QImode move
00000500                    	.debug
00000500 2E 00 73 00        		.dw '.stabn 0x44,0,77,',0,0
         74 00 61 00
         62 00 6E 00
         20 00 30 00
         78 00 34 00
         34 00 2C 00
         30 00 2C 00
         37 00 37 00
         2C 00 00 00
         00 00      
00000513 07 00 00 00        		.dd LM2-_main
00000515 0D 00 0A 00        		.dw 0x0d,0x0a
00000007                    	.code
                            	LM2:
                            	LBB2:
00000007 40 92              		R1=0	// QImode move
00000008 19 D3 00 00        		[_Key]=R1	// QImode move
00000517                    	.debug
00000517 2E 00 73 00        		.dw '.stabn 0x44,0,78,',0,0
         74 00 61 00
         62 00 6E 00
         20 00 30 00
         78 00 34 00
         34 00 2C 00
         30 00 2C 00
         37 00 38 00
         2C 00 00 00
         00 00      
0000052A 0A 00 00 00        		.dd LM3-_main
0000052C 0D 00 0A 00        		.dw 0x0d,0x0a
0000000A                    	.code
                            	LM3:
0000000A 41 92              		R1=1	// QImode move
0000000B 19 D3 01 00        		[_MIDI_Index]=R1	// QImode move
0000052E                    	.debug
0000052E 2E 00 73 00        		.dw '.stabn 0x44,0,79,',0,0
         74 00 61 00
         62 00 6E 00
         20 00 30 00
         78 00 34 00
         34 00 2C 00
         30 00 2C 00
         37 00 39 00
         2C 00 00 00
         00 00      
00000541 0D 00 00 00        		.dd LM4-_main
00000543 0D 00 0A 00        		.dw 0x0d,0x0a
0000000D                    	.code
                            	LM4:
0000000D 49 92              		R1=9	// QImode move
0000000E 19 D3 02 00        		[_VolumeIndex]=R1	// QImode move
00000545                    	.debug
00000545 2E 00 73 00        		.dw '.stabn 0x44,0,80,',0,0
         74 00 61 00
         62 00 6E 00
         20 00 30 00
         78 00 34 00
         34 00 2C 00
         30 00 2C 00
         38 00 30 00
         2C 00 00 00
         00 00      
00000558 10 00 00 00        		.dd LM5-_main
0000055A 0D 00 0A 00        		.dw 0x0d,0x0a
00000010                    	.code
                            	LM5:
00000010 40 92              		R1=0	// QImode move
00000011 19 D3 03 00        		[_PauseFlag]=R1	// QImode move
0000055C                    	.debug
0000055C 2E 00 73 00        		.dw '.stabn 0x44,0,82,',0,0
         74 00 61 00
         62 00 6E 00
         20 00 30 00
         78 00 34 00
         34 00 2C 00
         30 00 2C 00
         38 00 32 00
         2C 00 00 00
         00 00      
0000056F 13 00 00 00        		.dd LM6-_main
00000571 0D 00 0A 00        		.dw 0x0d,0x0a
00000013                    	.code
                            	LM6:
00000013 40 F0 00 00        		CALL _System_Initial	// call without return value
00000573                    	.debug
00000573 2E 00 73 00        		.dw '.stabn 0x44,0,83,',0,0
         74 00 61 00
         62 00 6E 00
         20 00 30 00
         78 00 34 00
         34 00 2C 00
         30 00 2C 00
         38 00 33 00
         2C 00 00 00
         00 00      
00000586 15 00 00 00        		.dd LM7-_main
00000588 0D 00 0A 00        		.dw 0x0d,0x0a
00000015                    	.code
                            	LM7:
00000015 40 F0 00 00        		CALL _SPI_Initial	// call without return value
0000058A                    	.debug
0000058A 2E 00 73 00        		.dw '.stabn 0x44,0,84,',0,0
         74 00 61 00
         62 00 6E 00
         20 00 30 00
         78 00 34 00
         34 00 2C 00
         30 00 2C 00
         38 00 34 00
         2C 00 00 00
         00 00      
0000059D 17 00 00 00        		.dd LM8-_main
0000059F 0D 00 0A 00        		.dw 0x0d,0x0a
00000017                    	.code
                            	LM8:
00000017 48 92              		R1=8	// QImode move
00000018 C8 D2              		[SP--]=R1	// QImode move
00000019 43 92              		R1=3	// QImode move
0000001A C8 D2              		[SP--]=R1	// QImode move
0000001B 40 F0 00 00        		CALL _SACM_MS02_Initial	// call without return value
0000001D 42 00              		SP = SP + 2	//SP
000005A1                    	.debug
000005A1 2E 00 73 00        		.dw '.stabn 0x44,0,85,',0,0
         74 00 61 00
         62 00 6E 00
         20 00 30 00
         78 00 34 00
         34 00 2C 00
         30 00 2C 00
         38 00 35 00
         2C 00 00 00
         00 00      
000005B4 1E 00 00 00        		.dd LM9-_main
000005B6 0D 00 0A 00        		.dw 0x0d,0x0a
0000001E                    	.code
                            	LM9:
0000001E 43 92              		R1=3	// QImode move
0000001F C8 D2              		[SP--]=R1	// QImode move
00000020 41 92              		R1=1	// QImode move
00000021 C8 D2              		[SP--]=R1	// QImode move
00000022 11 93 01 00        		R1=[_MIDI_Index]	// QImode move
00000024 C8 D2              		[SP--]=R1	// QImode move
00000025 40 F0 00 00        		CALL _SACM_MS02_Play	// call without return value
00000027 43 00              		SP = SP + 3	//SP
000005B8                    	.debug
000005B8 2E 00 73 00        		.dw '.stabn 0x44,0,86,',0,0
         74 00 61 00
         62 00 6E 00
         20 00 30 00
         78 00 34 00
         34 00 2C 00
         30 00 2C 00
         38 00 36 00
         2C 00 00 00
         00 00      
000005CB 28 00 00 00        		.dd LM10-_main
000005CD 0D 00 0A 00        		.dw 0x0d,0x0a
00000028                    	.code
                            	LM10:
                            	L3:
00000028 0F 9F 2C 00        		PC=L5	// jump
0000002A 0F 9F 04 01        		PC=L4	// jump
                            	L5:
000005CF                    	.debug
000005CF 2E 00 73 00        		.dw '.stabn 0x44,0,88,',0,0
         74 00 61 00
         62 00 6E 00
         20 00 30 00
         78 00 34 00
         34 00 2C 00
         30 00 2C 00
         38 00 38 00
         2C 00 00 00
         00 00      
000005E2 2C 00 00 00        		.dd LM11-_main
000005E4 0D 00 0A 00        		.dw 0x0d,0x0a
0000002C                    	.code
                            	LM11:
0000002C 40 F0 00 00        		CALL _SP_GetCh	// call with return value
0000002E 19 D3 00 00        		[_Key]=R1	// QImode move
000005E6                    	.debug
000005E6 2E 00 73 00        		.dw '.stabn 0x44,0,89,',0,0
         74 00 61 00
         62 00 6E 00
         20 00 30 00
         78 00 34 00
         34 00 2C 00
         30 00 2C 00
         38 00 39 00
         2C 00 00 00
         00 00      
000005F9 30 00 00 00        		.dd LM12-_main
000005FB 0D 00 0A 00        		.dw 0x0d,0x0a
00000030                    	.code
                            	LM12:
00000030 11 93 00 00        		R1=[_Key]	// QImode move
00000032 09 43 00 04        		CMP R1,1024	// QImode compare
00000034 02 4E 0F 9F        		NSJZ L10	//QImode EQ
         86 00      
00000037 09 43 00 04        		CMP R1,1024	// QImode compare
00000039 1D BE 01 EE        		NSJG L23	//QImode GT
         00 EE      
0000003C 40 42              		CMP R1,0	// QImode test
0000003D 36 5E 01 EE        		NSJZ L7	//QImode EQ
         00 EE      
00000040 40 42              		CMP R1,0	// QImode test
00000041 09 BE 01 EE        		NSJG L24	//QImode GT
         00 EE      
00000044 09 43 00 80        		CMP R1,(-32768)	// QImode compare
00000046 02 4E 0F 9F        		NSJZ L19	//QImode EQ
         E6 00      
00000049 0F 9F FC 00        		PC=L21	// jump
                            	L24:
0000004B 09 43 00 01        		CMP R1,256	// QImode compare
0000004D 28 5E 01 EE        		NSJZ L8	//QImode EQ
         00 EE      
00000050 09 43 00 02        		CMP R1,512	// QImode compare
00000052 2F 5E 01 EE        		NSJZ L9	//QImode EQ
         00 EE      
00000055 0F 9F FC 00        		PC=L21	// jump
                            	L23:
00000057 09 43 00 10        		CMP R1,4096	// QImode compare
00000059 02 4E 0F 9F        		NSJZ L15	//QImode EQ
         B3 00      
0000005C 09 43 00 10        		CMP R1,4096	// QImode compare
0000005E 09 BE 01 EE        		NSJG L25	//QImode GT
         00 EE      
00000061 09 43 00 08        		CMP R1,2048	// QImode compare
00000063 35 5E 01 EE        		NSJZ L13	//QImode EQ
         00 EE      
00000066 0F 9F FC 00        		PC=L21	// jump
                            	L25:
00000068 09 43 00 20        		CMP R1,8192	// QImode compare
0000006A 02 4E 0F 9F        		NSJZ L16	//QImode EQ
         C9 00      
0000006D 09 43 00 40        		CMP R1,16384	// QImode compare
0000006F 02 4E 0F 9F        		NSJZ L17	//QImode EQ
         D0 00      
00000072 0F 9F FC 00        		PC=L21	// jump
                            	LBB3:
                            	L7:
000005FD                    	.debug
000005FD 2E 00 73 00        		.dw '.stabn 0x44,0,92,',0,0
         74 00 61 00
         62 00 6E 00
         20 00 30 00
         78 00 34 00
         34 00 2C 00
         30 00 2C 00
         39 00 32 00
         2C 00 00 00
         00 00      
00000610 74 00 00 00        		.dd LM13-_main
00000612 0D 00 0A 00        		.dw 0x0d,0x0a
00000074                    	.code
                            	LM13:
00000074 0F 9F FE 00        		PC=L6	// jump
                            	L8:
00000614                    	.debug
00000614 2E 00 73 00        		.dw '.stabn 0x44,0,95,',0,0
         74 00 61 00
         62 00 6E 00
         20 00 30 00
         78 00 34 00
         34 00 2C 00
         30 00 2C 00
         39 00 35 00
         2C 00 00 00
         00 00      
00000627 76 00 00 00        		.dd LM14-_main
00000629 0D 00 0A 00        		.dw 0x0d,0x0a
00000076                    	.code
                            	LM14:
00000076 43 92              		R1=3	// QImode move
00000077 C8 D2              		[SP--]=R1	// QImode move
00000078 41 92              		R1=1	// QImode move
00000079 C8 D2              		[SP--]=R1	// QImode move
0000007A 11 93 01 00        		R1=[_MIDI_Index]	// QImode move
0000007C C8 D2              		[SP--]=R1	// QImode move
0000007D 40 F0 00 00        		CALL _SACM_MS02_Play	// call without return value
0000007F 43 00              		SP = SP + 3	//SP
0000062B                    	.debug
0000062B 2E 00 73 00        		.dw '.stabn 0x44,0,96,',0,0
         74 00 61 00
         62 00 6E 00
         20 00 30 00
         78 00 34 00
         34 00 2C 00
         30 00 2C 00
         39 00 36 00
         2C 00 00 00
         00 00      
0000063E 80 00 00 00        		.dd LM15-_main
00000640 0D 00 0A 00        		.dw 0x0d,0x0a
00000080                    	.code
                            	LM15:
00000080 0F 9F FE 00        		PC=L6	// jump
                            	L9:
00000642                    	.debug
00000642 2E 00 73 00        		.dw '.stabn 0x44,0,99,',0,0
         74 00 61 00
         62 00 6E 00
         20 00 30 00
         78 00 34 00
         34 00 2C 00
         30 00 2C 00
         39 00 39 00
         2C 00 00 00
         00 00      
00000655 82 00 00 00        		.dd LM16-_main
00000657 0D 00 0A 00        		.dw 0x0d,0x0a
00000082                    	.code
                            	LM16:
00000082 40 F0 00 00        		CALL _SACM_MS02_Stop	// call without return value
00000659                    	.debug
00000659 2E 00 73 00        		.dw '.stabn 0x44,0,100,',0,0
         74 00 61 00
         62 00 6E 00
         20 00 30 00
         78 00 34 00
         34 00 2C 00
         30 00 2C 00
         31 00 30 00
         30 00 2C 00
         00 00 00 00
0000066D 84 00 00 00        		.dd LM17-_main
0000066F 0D 00 0A 00        		.dw 0x0d,0x0a
00000084                    	.code
                            	LM17:
00000084 0F 9F FE 00        		PC=L6	// jump
                            	L10:
00000671                    	.debug
00000671 2E 00 73 00        		.dw '.stabn 0x44,0,103,',0,0
         74 00 61 00
         62 00 6E 00
         20 00 30 00
         78 00 34 00
         34 00 2C 00
         30 00 2C 00
         31 00 30 00
         33 00 2C 00
         00 00 00 00
00000685 86 00 00 00        		.dd LM18-_main
00000687 0D 00 0A 00        		.dw 0x0d,0x0a
00000086                    	.code
                            	LM18:
00000086 11 93 03 00        		R1=[_PauseFlag]	// QImode move
00000088 41 82              		R1=R1^1
00000089 19 D3 03 00        		[_PauseFlag]=R1	// QImode move
00000689                    	.debug
00000689 2E 00 73 00        		.dw '.stabn 0x44,0,104,',0,0
         74 00 61 00
         62 00 6E 00
         20 00 30 00
         78 00 34 00
         34 00 2C 00
         30 00 2C 00
         31 00 30 00
         34 00 2C 00
         00 00 00 00
0000069D 8B 00 00 00        		.dd LM19-_main
0000069F 0D 00 0A 00        		.dw 0x0d,0x0a
0000008B                    	.code
                            	LM19:
0000008B 11 93 03 00        		R1=[_PauseFlag]	// QImode move
0000008D 40 42              		CMP R1,0	// QImode test
0000008E 06 5E 01 EE        		NSJZ L11	//QImode EQ
         00 EE      
000006A1                    	.debug
000006A1 2E 00 73 00        		.dw '.stabn 0x44,0,105,',0,0
         74 00 61 00
         62 00 6E 00
         20 00 30 00
         78 00 34 00
         34 00 2C 00
         30 00 2C 00
         31 00 30 00
         35 00 2C 00
         00 00 00 00
000006B5 91 00 00 00        		.dd LM20-_main
000006B7 0D 00 0A 00        		.dw 0x0d,0x0a
00000091                    	.code
                            	LM20:
00000091 40 F0 00 00        		CALL _SACM_MS02_Pause	// call without return value
00000093 0F 9F 97 00        		PC=L12	// jump
                            	L11:
000006B9                    	.debug
000006B9 2E 00 73 00        		.dw '.stabn 0x44,0,107,',0,0
         74 00 61 00
         62 00 6E 00
         20 00 30 00
         78 00 34 00
         34 00 2C 00
         30 00 2C 00
         31 00 30 00
         37 00 2C 00
         00 00 00 00
000006CD 95 00 00 00        		.dd LM21-_main
000006CF 0D 00 0A 00        		.dw 0x0d,0x0a
00000095                    	.code
                            	LM21:
00000095 40 F0 00 00        		CALL _SACM_MS02_Resume	// call without return value
                            	L12:
000006D1                    	.debug
000006D1 2E 00 73 00        		.dw '.stabn 0x44,0,108,',0,0
         74 00 61 00
         62 00 6E 00
         20 00 30 00
         78 00 34 00
         34 00 2C 00
         30 00 2C 00
         31 00 30 00
         38 00 2C 00
         00 00 00 00
000006E5 97 00 00 00        		.dd LM22-_main
000006E7 0D 00 0A 00        		.dw 0x0d,0x0a
00000097                    	.code
                            	LM22:
00000097 0F 9F FE 00        		PC=L6	// jump
                            	L13:
000006E9                    	.debug
000006E9 2E 00 73 00        		.dw '.stabn 0x44,0,111,',0,0
         74 00 61 00
         62 00 6E 00
         20 00 30 00
         78 00 34 00
         34 00 2C 00
         30 00 2C 00
         31 00 31 00
         31 00 2C 00
         00 00 00 00
000006FD 99 00 00 00        		.dd LM23-_main
000006FF 0D 00 0A 00        		.dw 0x0d,0x0a
00000099                    	.code
                            	LM23:
00000099 12 95 01 00        		R2=[_MIDI_Index]	// QImode move
0000009B 0A 03 01 00        		R1=R2+1
0000009D 01 95              		R2=R1	// QImode move
0000009E 1A D5 01 00        		[_MIDI_Index]=R2	// QImode move
000000A0 41 44              		CMP R2,1	// QImode compare
000000A1 05 AE 01 EE        		NSJNG L14	//QImode LE
         00 EE      
00000701                    	.debug
00000701 2E 00 73 00        		.dw '.stabn 0x44,0,112,',0,0
         74 00 61 00
         62 00 6E 00
         20 00 30 00
         78 00 34 00
         34 00 2C 00
         30 00 2C 00
         31 00 31 00
         32 00 2C 00
         00 00 00 00
00000715 A4 00 00 00        		.dd LM24-_main
00000717 0D 00 0A 00        		.dw 0x0d,0x0a
000000A4                    	.code
                            	LM24:
000000A4 40 92              		R1=0	// QImode move
000000A5 19 D3 01 00        		[_MIDI_Index]=R1	// QImode move
                            	L14:
00000719                    	.debug
00000719 2E 00 73 00        		.dw '.stabn 0x44,0,113,',0,0
         74 00 61 00
         62 00 6E 00
         20 00 30 00
         78 00 34 00
         34 00 2C 00
         30 00 2C 00
         31 00 31 00
         33 00 2C 00
         00 00 00 00
0000072D A7 00 00 00        		.dd LM25-_main
0000072F 0D 00 0A 00        		.dw 0x0d,0x0a
000000A7                    	.code
                            	LM25:
000000A7 43 92              		R1=3	// QImode move
000000A8 C8 D2              		[SP--]=R1	// QImode move
000000A9 41 92              		R1=1	// QImode move
000000AA C8 D2              		[SP--]=R1	// QImode move
000000AB 11 93 01 00        		R1=[_MIDI_Index]	// QImode move
000000AD C8 D2              		[SP--]=R1	// QImode move
000000AE 40 F0 00 00        		CALL _SACM_MS02_Play	// call without return value
000000B0 43 00              		SP = SP + 3	//SP
00000731                    	.debug
00000731 2E 00 73 00        		.dw '.stabn 0x44,0,114,',0,0
         74 00 61 00
         62 00 6E 00
         20 00 30 00
         78 00 34 00
         34 00 2C 00
         30 00 2C 00
         31 00 31 00
         34 00 2C 00
         00 00 00 00
00000745 B1 00 00 00        		.dd LM26-_main
00000747 0D 00 0A 00        		.dw 0x0d,0x0a
000000B1                    	.code
                            	LM26:
000000B1 0F 9F FE 00        		PC=L6	// jump
                            	L15:
00000749                    	.debug
00000749 2E 00 73 00        		.dw '.stabn 0x44,0,117,',0,0
         74 00 61 00
         62 00 6E 00
         20 00 30 00
         78 00 34 00
         34 00 2C 00
         30 00 2C 00
         31 00 31 00
         37 00 2C 00
         00 00 00 00
0000075D B3 00 00 00        		.dd LM27-_main
0000075F 0D 00 0A 00        		.dw 0x0d,0x0a
000000B3                    	.code
                            	LM27:
000000B3 44 92              		R1=4	// QImode move
000000B4 C8 D2              		[SP--]=R1	// QImode move
000000B5 40 92              		R1=0	// QImode move
000000B6 C8 D2              		[SP--]=R1	// QImode move
000000B7 40 F0 00 00        		CALL _SACM_MS02_ChangeInstru	// call with return value
000000B9 42 00              		SP = SP + 2	//SP
00000761                    	.debug
00000761 2E 00 73 00        		.dw '.stabn 0x44,0,118,',0,0
         74 00 61 00
         62 00 6E 00
         20 00 30 00
         78 00 34 00
         34 00 2C 00
         30 00 2C 00
         31 00 31 00
         38 00 2C 00
         00 00 00 00
00000775 BA 00 00 00        		.dd LM28-_main
00000777 0D 00 0A 00        		.dw 0x0d,0x0a
000000BA                    	.code
                            	LM28:
000000BA 09 93 FF 00        		R1=255	// QImode move
000000BC C8 D2              		[SP--]=R1	// QImode move
000000BD 09 93 7F 00        		R1=127	// QImode move
000000BF C8 D2              		[SP--]=R1	// QImode move
000000C0 7F 92              		R1=63	// QImode move
000000C1 C8 D2              		[SP--]=R1	// QImode move
000000C2 40 92              		R1=0	// QImode move
000000C3 C8 D2              		[SP--]=R1	// QImode move
000000C4 40 F0 00 00        		CALL _SACM_MS02_PlayNote	// call with return value
000000C6 44 00              		SP = SP + 4	//SP
00000779                    	.debug
00000779 2E 00 73 00        		.dw '.stabn 0x44,0,119,',0,0
         74 00 61 00
         62 00 6E 00
         20 00 30 00
         78 00 34 00
         34 00 2C 00
         30 00 2C 00
         31 00 31 00
         39 00 2C 00
         00 00 00 00
0000078D C7 00 00 00        		.dd LM29-_main
0000078F 0D 00 0A 00        		.dw 0x0d,0x0a
000000C7                    	.code
                            	LM29:
000000C7 0F 9F FE 00        		PC=L6	// jump
                            	L16:
00000791                    	.debug
00000791 2E 00 73 00        		.dw '.stabn 0x44,0,122,',0,0
         74 00 61 00
         62 00 6E 00
         20 00 30 00
         78 00 34 00
         34 00 2C 00
         30 00 2C 00
         31 00 32 00
         32 00 2C 00
         00 00 00 00
000007A5 C9 00 00 00        		.dd LM30-_main
000007A7 0D 00 0A 00        		.dw 0x0d,0x0a
000000C9                    	.code
                            	LM30:
000000C9 40 92              		R1=0	// QImode move
000000CA C8 D2              		[SP--]=R1	// QImode move
000000CB 40 F0 00 00        		CALL _SACM_MS02_ChannelOff	// call with return value
000000CD 41 00              		SP = SP + 1	//SP
000007A9                    	.debug
000007A9 2E 00 73 00        		.dw '.stabn 0x44,0,123,',0,0
         74 00 61 00
         62 00 6E 00
         20 00 30 00
         78 00 34 00
         34 00 2C 00
         30 00 2C 00
         31 00 32 00
         33 00 2C 00
         00 00 00 00
000007BD CE 00 00 00        		.dd LM31-_main
000007BF 0D 00 0A 00        		.dw 0x0d,0x0a
000000CE                    	.code
                            	LM31:
000000CE 0F 9F FE 00        		PC=L6	// jump
                            	L17:
000007C1                    	.debug
000007C1 2E 00 73 00        		.dw '.stabn 0x44,0,126,',0,0
         74 00 61 00
         62 00 6E 00
         20 00 30 00
         78 00 34 00
         34 00 2C 00
         30 00 2C 00
         31 00 32 00
         36 00 2C 00
         00 00 00 00
000007D5 D0 00 00 00        		.dd LM32-_main
000007D7 0D 00 0A 00        		.dw 0x0d,0x0a
000000D0                    	.code
                            	LM32:
000000D0 12 95 02 00        		R2=[_VolumeIndex]	// QImode move
000000D2 0A 03 01 00        		R1=R2+1
000000D4 01 95              		R2=R1	// QImode move
000000D5 1A D5 02 00        		[_VolumeIndex]=R2	// QImode move
000000D7 4F 44              		CMP R2,15	// QImode compare
000000D8 05 AE 01 EE        		NSJNG L18	//QImode LE
         00 EE      
000007D9                    	.debug
000007D9 2E 00 73 00        		.dw '.stabn 0x44,0,127,',0,0
         74 00 61 00
         62 00 6E 00
         20 00 30 00
         78 00 34 00
         34 00 2C 00
         30 00 2C 00
         31 00 32 00
         37 00 2C 00
         00 00 00 00
000007ED DB 00 00 00        		.dd LM33-_main
000007EF 0D 00 0A 00        		.dw 0x0d,0x0a
000000DB                    	.code
                            	LM33:
000000DB 4F 92              		R1=15	// QImode move
000000DC 19 D3 02 00        		[_VolumeIndex]=R1	// QImode move
                            	L18:
000007F1                    	.debug
000007F1 2E 00 73 00        		.dw '.stabn 0x44,0,128,',0,0
         74 00 61 00
         62 00 6E 00
         20 00 30 00
         78 00 34 00
         34 00 2C 00
         30 00 2C 00
         31 00 32 00
         38 00 2C 00
         00 00 00 00
00000805 DE 00 00 00        		.dd LM34-_main
00000807 0D 00 0A 00        		.dw 0x0d,0x0a
000000DE                    	.code
                            	LM34:
000000DE 11 93 02 00        		R1=[_VolumeIndex]	// QImode move
000000E0 C8 D2              		[SP--]=R1	// QImode move
000000E1 40 F0 00 00        		CALL _USER_MS02_Volume	// call without return value
000000E3 41 00              		SP = SP + 1	//SP
00000809                    	.debug
00000809 2E 00 73 00        		.dw '.stabn 0x44,0,129,',0,0
         74 00 61 00
         62 00 6E 00
         20 00 30 00
         78 00 34 00
         34 00 2C 00
         30 00 2C 00
         31 00 32 00
         39 00 2C 00
         00 00 00 00
0000081D E4 00 00 00        		.dd LM35-_main
0000081F 0D 00 0A 00        		.dw 0x0d,0x0a
000000E4                    	.code
                            	LM35:
000000E4 0F 9F FE 00        		PC=L6	// jump
                            	L19:
00000821                    	.debug
00000821 2E 00 73 00        		.dw '.stabn 0x44,0,132,',0,0
         74 00 61 00
         62 00 6E 00
         20 00 30 00
         78 00 34 00
         34 00 2C 00
         30 00 2C 00
         31 00 33 00
         32 00 2C 00
         00 00 00 00
00000835 E6 00 00 00        		.dd LM36-_main
00000837 0D 00 0A 00        		.dw 0x0d,0x0a
000000E6                    	.code
                            	LM36:
000000E6 12 95 02 00        		R2=[_VolumeIndex]	// QImode move
000000E8 0A 03 FF FF        		R1=R2+(-1)
000000EA 01 95              		R2=R1	// QImode move
000000EB 1A D5 02 00        		[_VolumeIndex]=R2	// QImode move
000000ED 40 44              		CMP R2,0	// QImode test
000000EE 05 BE 01 EE        		NSJG L20	//QImode GT
         00 EE      
00000839                    	.debug
00000839 2E 00 73 00        		.dw '.stabn 0x44,0,133,',0,0
         74 00 61 00
         62 00 6E 00
         20 00 30 00
         78 00 34 00
         34 00 2C 00
         30 00 2C 00
         31 00 33 00
         33 00 2C 00
         00 00 00 00
0000084D F1 00 00 00        		.dd LM37-_main
0000084F 0D 00 0A 00        		.dw 0x0d,0x0a
000000F1                    	.code
                            	LM37:
000000F1 40 92              		R1=0	// QImode move
000000F2 19 D3 02 00        		[_VolumeIndex]=R1	// QImode move
                            	L20:
00000851                    	.debug
00000851 2E 00 73 00        		.dw '.stabn 0x44,0,134,',0,0
         74 00 61 00
         62 00 6E 00
         20 00 30 00
         78 00 34 00
         34 00 2C 00
         30 00 2C 00
         31 00 33 00
         34 00 2C 00
         00 00 00 00
00000865 F4 00 00 00        		.dd LM38-_main
00000867 0D 00 0A 00        		.dw 0x0d,0x0a
000000F4                    	.code
                            	LM38:
000000F4 11 93 02 00        		R1=[_VolumeIndex]	// QImode move
000000F6 C8 D2              		[SP--]=R1	// QImode move
000000F7 40 F0 00 00        		CALL _USER_MS02_Volume	// call without return value
000000F9 41 00              		SP = SP + 1	//SP
00000869                    	.debug
00000869 2E 00 73 00        		.dw '.stabn 0x44,0,135,',0,0
         74 00 61 00
         62 00 6E 00
         20 00 30 00
         78 00 34 00
         34 00 2C 00
         30 00 2C 00
         31 00 33 00
         35 00 2C 00
         00 00 00 00
0000087D FA 00 00 00        		.dd LM39-_main
0000087F 0D 00 0A 00        		.dw 0x0d,0x0a
000000FA                    	.code
                            	LM39:
000000FA 0F 9F FE 00        		PC=L6	// jump
                            	L21:
00000881                    	.debug
00000881 2E 00 73 00        		.dw '.stabn 0x44,0,138,',0,0
         74 00 61 00
         62 00 6E 00
         20 00 30 00
         78 00 34 00
         34 00 2C 00
         30 00 2C 00
         31 00 33 00
         38 00 2C 00
         00 00 00 00
00000895 FC 00 00 00        		.dd LM40-_main
00000897 0D 00 0A 00        		.dw 0x0d,0x0a
000000FC                    	.code
                            	LM40:
000000FC 0F 9F FE 00        		PC=L6	// jump
00000899                    	.debug
00000899 2E 00 73 00        		.dw '.stabn 0x44,0,139,',0,0
         74 00 61 00
         62 00 6E 00
         20 00 30 00
         78 00 34 00
         34 00 2C 00
         30 00 2C 00
         31 00 33 00
         39 00 2C 00
         00 00 00 00
000008AD FE 00 00 00        		.dd LM41-_main
000008AF 0D 00 0A 00        		.dw 0x0d,0x0a
000000FE                    	.code
                            	LM41:
                            	LBE3:
                            	L6:
000008B1                    	.debug
000008B1 2E 00 73 00        		.dw '.stabn 0x44,0,141,',0,0
         74 00 61 00
         62 00 6E 00
         20 00 30 00
         78 00 34 00
         34 00 2C 00
         30 00 2C 00
         31 00 34 00
         31 00 2C 00
         00 00 00 00
000008C5 FE 00 00 00        		.dd LM42-_main
000008C7 0D 00 0A 00        		.dw 0x0d,0x0a
000000FE                    	.code
                            	LM42:
000000FE 40 F0 00 00        		CALL _SACM_MS02_ServiceLoop	// call without return value
                            	L26:
000008C9                    	.debug
000008C9 2E 00 73 00        		.dw '.stabn 0x44,0,142,',0,0
         74 00 61 00
         62 00 6E 00
         20 00 30 00
         78 00 34 00
         34 00 2C 00
         30 00 2C 00
         31 00 34 00
         32 00 2C 00
         00 00 00 00
000008DD 00 01 00 00        		.dd LM43-_main
000008DF 0D 00 0A 00        		.dw 0x0d,0x0a
00000100                    	.code
                            	LM43:
00000100 40 F0 00 00        		CALL _System_ServiceLoop	// call without return value
000008E1                    	.debug
000008E1 2E 00 73 00        		.dw '.stabn 0x44,0,143,',0,0
         74 00 61 00
         62 00 6E 00
         20 00 30 00
         78 00 34 00
         34 00 2C 00
         30 00 2C 00
         31 00 34 00
         33 00 2C 00
         00 00 00 00
000008F5 02 01 00 00        		.dd LM44-_main
000008F7 0D 00 0A 00        		.dw 0x0d,0x0a
00000102                    	.code
                            	LM44:
00000102 0F 9F 28 00        		PC=L3	// jump
                            	L4:
000008F9                    	.debug
000008F9 2E 00 73 00        		.dw '.stabn 0x44,0,144,',0,0
         74 00 61 00
         62 00 6E 00
         20 00 30 00
         78 00 34 00
         34 00 2C 00
         30 00 2C 00
         31 00 34 00
         34 00 2C 00
         00 00 00 00
0000090D 04 01 00 00        		.dd LM45-_main
0000090F 0D 00 0A 00        		.dw 0x0d,0x0a
00000104                    	.code
                            	LM45:
00000104 40 92              		R1=0	// QImode move
00000105 0F 9F 07 01        		PC=L2	// jump
00000911                    	.debug
00000911 2E 00 73 00        		.dw '.stabn 0x44,0,145,',0,0
         74 00 61 00
         62 00 6E 00
         20 00 30 00
         78 00 34 00
         34 00 2C 00
         30 00 2C 00
         31 00 34 00
         35 00 2C 00
         00 00 00 00
00000925 07 01 00 00        		.dd LM46-_main
00000927 0D 00 0A 00        		.dw 0x0d,0x0a
00000107                    	.code
                            	LM46:
                            	LBE2:
00000929                    	.debug
00000929 2E 00 73 00        		.dw '.stabn 0x44,0,145,',0,0
         74 00 61 00
         62 00 6E 00
         20 00 30 00
         78 00 34 00
         34 00 2C 00
         30 00 2C 00
         31 00 34 00
         35 00 2C 00
         00 00 00 00
0000093D 07 01 00 00        		.dd LM47-_main
0000093F 0D 00 0A 00        		.dw 0x0d,0x0a
00000107                    	.code
                            	LM47:
                            	L2:
                            	
00000107 41 00              		SP+=1
00000108 88 98              		POP BP from [SP]
00000109 90 9A              		RETF
                            		.endp	// end of main
                            	
00000941                    	.debug
00000941 2E 00 73 00        		.dw '.stabn 0xc0,0,0,',0,0
         74 00 61 00
         62 00 6E 00
         20 00 30 00
         78 00 63 00
         30 00 2C 00
         30 00 2C 00
         30 00 2C 00
         00 00 00 00
00000953 07 00 00 00        		.dd LBB2-_main
00000955 0D 00 0A 00        		.dw 0x0d,0x0a
0000010A                    	.code
00000957                    	.debug
00000957 2E 00 73 00        		.dw '.stabn 0xc0,0,0,',0,0
         74 00 61 00
         62 00 6E 00
         20 00 30 00
         78 00 63 00
         30 00 2C 00
         30 00 2C 00
         30 00 2C 00
         00 00 00 00
00000969 74 00 00 00        		.dd LBB3-_main
0000096B 0D 00 0A 00        		.dw 0x0d,0x0a
0000010A                    	.code
0000096D                    	.debug
0000096D 2E 00 73 00        		.dw '.stabn 0xe0,0,0,',0,0
         74 00 61 00
         62 00 6E 00
         20 00 30 00
         78 00 65 00
         30 00 2C 00
         30 00 2C 00
         30 00 2C 00
         00 00 00 00
0000097F FE 00 00 00        		.dd LBE3-_main
00000981 0D 00 0A 00        		.dw 0x0d,0x0a
0000010A                    	.code
00000983                    	.debug
00000983 2E 00 73 00        		.dw '.stabn 0xe0,0,0,',0,0
         74 00 61 00
         62 00 6E 00
         20 00 30 00
         78 00 65 00
         30 00 2C 00
         30 00 2C 00
         30 00 2C 00
         00 00 00 00
00000995 07 01 00 00        		.dd LBE2-_main
00000997 0D 00 0A 00        		.dw 0x0d,0x0a
0000010A                    	.code
00000999                    	.debug
00000999 2E 00 73 00        		.dw '.stabf ',0,0
         74 00 61 00
         62 00 66 00
         20 00 00 00
         00 00      
000009A2 0A 01 00 00        		.dd LME1-_main
000009A4 0D 00 0A 00        		.dw 0x0d,0x0a
0000010A                    	.code
                            	LME1:
00000000                    	.iram
                            	.public _Key
                            	_Key:
00000000 00 00              		.dw 0
00000001                    	.iram
                            	.public _MIDI_Index
                            	_MIDI_Index:
00000001 00 00              		.dw 0
00000002                    	.iram
                            	.public _VolumeIndex
                            	_VolumeIndex:
00000002 00 00              		.dw 0
00000003                    	.iram
                            	.public _PauseFlag
                            	_PauseFlag:
00000003 00 00              		.dw 0
                            	.external _System_ServiceLoop
                            	.external _SACM_MS02_ServiceLoop
                            	.external _USER_MS02_Volume
                            	.external _SACM_MS02_ChannelOff
                            	.external _SACM_MS02_PlayNote
                            	.external _SACM_MS02_ChangeInstru
                            	.external _SACM_MS02_Resume
                            	.external _SACM_MS02_Pause
                            	.external _SACM_MS02_Stop
                            	.external _SP_GetCh
                            	.external _SACM_MS02_Play
                            	.external _SACM_MS02_Initial
                            	.external _SPI_Initial
                            	.external _System_Initial
                            		.end
0 error(s), 0 warning(s).
