Generalplus u'nSP Assembler - Ver. 1.14.13.0

                            	// GCC for GeneralPlus u'nSP version 1.1.0.3
                            	// Command: C:\PROGRA~1\GENERA~1\UNSPID~1.4\toolchain\cc1.exe C:\DOCUME~1\raycheng\LOCALS~1\Temp\ccXW7NSZ.i -fkeep-inline-functions -quiet -dumpbase main.c -mglobal-var-iram -gstabs -o .\Debug/main.asm
                            		.external __sn_func_ptr_sec
                            	
                            	// gcc2_compiled.:
                            	
00000000                    	.debug
00000000 2E 00 73 00        		.dw '.stabs "D:/WorkingFolder/Library_Release/SACMV41b_Beta/GPCE063A_Example_V41b/GPCE063A Example Code/A1601/",0x64,0,3,',0,0,offset Ltext0,seg Ltext0,0x0d,0x0a
         74 00 61 00
         62 00 73 00
         20 00 22 00
         44 00 3A 00
         2F 00 57 00
         6F 00 72 00
         6B 00 69 00
         6E 00 67 00
         46 00 6F 00
         6C 00 64 00
         65 00 72 00
         2F 00 4C 00
         69 00 62 00
         72 00 61 00
         72 00 79 00
         5F 00 52 00
         65 00 6C 00
         65 00 61 00
         73 00 65 00
         2F 00 53 00
         41 00 43 00
         4D 00 56 00
         34 00 31 00
         62 00 5F 00
         42 00 65 00
         74 00 61 00
         2F 00 47 00
         50 00 43 00
         45 00 30 00
         36 00 33 00
         41 00 5F 00
         45 00 78 00
         61 00 6D 00
         70 00 6C 00
         65 00 5F 00
         56 00 34 00
         31 00 62 00
         2F 00 47 00
         50 00 43 00
         45 00 30 00
         36 00 33 00
         41 00 20 00
         45 00 78 00
         61 00 6D 00
         70 00 6C 00
         65 00 20 00
         43 00 6F 00
         64 00 65 00
         2F 00 41 00
         31 00 36 00
         30 00 31 00
         2F 00 22 00
         2C 00 30 00
         78 00 36 00
         34 00 2C 00
         30 00 2C 00
         33 00 2C 00
         00 00 00 00
         00 00 00 00
         0D 00 0A 00
00000000                    	.code
0000007A                    	.debug
0000007A 2E 00 73 00        		.dw '.stabs "D:/WorkingFolder/Library_Release/SACMV41b_Beta/GPCE063A_Example_V41b/GPCE063A Example Code/A1601/main.c",0x64,0,3,',0,0,offset Ltext0,seg Ltext0,0x0d,0x0a
         74 00 61 00
         62 00 73 00
         20 00 22 00
         44 00 3A 00
         2F 00 57 00
         6F 00 72 00
         6B 00 69 00
         6E 00 67 00
         46 00 6F 00
         6C 00 64 00
         65 00 72 00
         2F 00 4C 00
         69 00 62 00
         72 00 61 00
         72 00 79 00
         5F 00 52 00
         65 00 6C 00
         65 00 61 00
         73 00 65 00
         2F 00 53 00
         41 00 43 00
         4D 00 56 00
         34 00 31 00
         62 00 5F 00
         42 00 65 00
         74 00 61 00
         2F 00 47 00
         50 00 43 00
         45 00 30 00
         36 00 33 00
         41 00 5F 00
         45 00 78 00
         61 00 6D 00
         70 00 6C 00
         65 00 5F 00
         56 00 34 00
         31 00 62 00
         2F 00 47 00
         50 00 43 00
         45 00 30 00
         36 00 33 00
         41 00 20 00
         45 00 78 00
         61 00 6D 00
         70 00 6C 00
         65 00 20 00
         43 00 6F 00
         64 00 65 00
         2F 00 41 00
         31 00 36 00
         30 00 31 00
         2F 00 6D 00
         61 00 69 00
         6E 00 2E 00
         63 00 22 00
         2C 00 30 00
         78 00 36 00
         34 00 2C 00
         30 00 2C 00
         33 00 2C 00
         00 00 00 00
         00 00 00 00
         0D 00 0A 00
00000000                    	.code
00000000                    	.code
                            	Ltext0:
000000FA                    	.debug
000000FA 2E 00 73 00        		.dw '.stabs "int:t1=r1;-32768;32767;",128,0,0,0',0x0d,0x0a
         74 00 61 00
         62 00 73 00
         20 00 22 00
         69 00 6E 00
         74 00 3A 00
         74 00 31 00
         3D 00 72 00
         31 00 3B 00
         2D 00 33 00
         32 00 37 00
         36 00 38 00
         3B 00 33 00
         32 00 37 00
         36 00 37 00
         3B 00 22 00
         2C 00 31 00
         32 00 38 00
         2C 00 30 00
         2C 00 30 00
         2C 00 30 00
         0D 00 0A 00
00000000                    	.CODE
00000126                    	.debug
00000126 2E 00 73 00        		.dw '.stabs "char:t2=r2;0;127;",128,0,0,0',0x0d,0x0a
         74 00 61 00
         62 00 73 00
         20 00 22 00
         63 00 68 00
         61 00 72 00
         3A 00 74 00
         32 00 3D 00
         72 00 32 00
         3B 00 30 00
         3B 00 31 00
         32 00 37 00
         3B 00 22 00
         2C 00 31 00
         32 00 38 00
         2C 00 30 00
         2C 00 30 00
         2C 00 30 00
         0D 00 0A 00
00000000                    	.CODE
0000014C                    	.debug
0000014C 2E 00 73 00        		.dw '.stabs "long int:t3=r3;-2147483648;2147483647;",128,0,0,0',0x0d,0x0a
         74 00 61 00
         62 00 73 00
         20 00 22 00
         6C 00 6F 00
         6E 00 67 00
         20 00 69 00
         6E 00 74 00
         3A 00 74 00
         33 00 3D 00
         72 00 33 00
         3B 00 2D 00
         32 00 31 00
         34 00 37 00
         34 00 38 00
         33 00 36 00
         34 00 38 00
         3B 00 32 00
         31 00 34 00
         37 00 34 00
         38 00 33 00
         36 00 34 00
         37 00 3B 00
         22 00 2C 00
         31 00 32 00
         38 00 2C 00
         30 00 2C 00
         30 00 2C 00
         30 00 0D 00
         0A 00      
00000000                    	.CODE
00000187                    	.debug
00000187 2E 00 73 00        		.dw '.stabs "unsigned int:t4=r4;0;65535;",128,0,0,0',0x0d,0x0a
         74 00 61 00
         62 00 73 00
         20 00 22 00
         75 00 6E 00
         73 00 69 00
         67 00 6E 00
         65 00 64 00
         20 00 69 00
         6E 00 74 00
         3A 00 74 00
         34 00 3D 00
         72 00 34 00
         3B 00 30 00
         3B 00 36 00
         35 00 35 00
         33 00 35 00
         3B 00 22 00
         2C 00 31 00
         32 00 38 00
         2C 00 30 00
         2C 00 30 00
         2C 00 30 00
         0D 00 0A 00
00000000                    	.CODE
000001B7                    	.debug
000001B7 2E 00 73 00        		.dw '.stabs "long unsigned int:t5=r5;0;4294967295;",128,0,0,0',0x0d,0x0a
         74 00 61 00
         62 00 73 00
         20 00 22 00
         6C 00 6F 00
         6E 00 67 00
         20 00 75 00
         6E 00 73 00
         69 00 67 00
         6E 00 65 00
         64 00 20 00
         69 00 6E 00
         74 00 3A 00
         74 00 35 00
         3D 00 72 00
         35 00 3B 00
         30 00 3B 00
         34 00 32 00
         39 00 34 00
         39 00 36 00
         37 00 32 00
         39 00 35 00
         3B 00 22 00
         2C 00 31 00
         32 00 38 00
         2C 00 30 00
         2C 00 30 00
         2C 00 30 00
         0D 00 0A 00
00000000                    	.CODE
000001F1                    	.debug
000001F1 2E 00 73 00        		.dw '.stabs "long long int:t6=r6;-2147483648;2147483647;",128,0,0,0',0x0d,0x0a
         74 00 61 00
         62 00 73 00
         20 00 22 00
         6C 00 6F 00
         6E 00 67 00
         20 00 6C 00
         6F 00 6E 00
         67 00 20 00
         69 00 6E 00
         74 00 3A 00
         74 00 36 00
         3D 00 72 00
         36 00 3B 00
         2D 00 32 00
         31 00 34 00
         37 00 34 00
         38 00 33 00
         36 00 34 00
         38 00 3B 00
         32 00 31 00
         34 00 37 00
         34 00 38 00
         33 00 36 00
         34 00 37 00
         3B 00 22 00
         2C 00 31 00
         32 00 38 00
         2C 00 30 00
         2C 00 30 00
         2C 00 30 00
         0D 00 0A 00
00000000                    	.CODE
00000231                    	.debug
00000231 2E 00 73 00        		.dw '.stabs "long long unsigned int:t7=r7;0;4294967295;",128,0,0,0',0x0d,0x0a
         74 00 61 00
         62 00 73 00
         20 00 22 00
         6C 00 6F 00
         6E 00 67 00
         20 00 6C 00
         6F 00 6E 00
         67 00 20 00
         75 00 6E 00
         73 00 69 00
         67 00 6E 00
         65 00 64 00
         20 00 69 00
         6E 00 74 00
         3A 00 74 00
         37 00 3D 00
         72 00 37 00
         3B 00 30 00
         3B 00 34 00
         32 00 39 00
         34 00 39 00
         36 00 37 00
         32 00 39 00
         35 00 3B 00
         22 00 2C 00
         31 00 32 00
         38 00 2C 00
         30 00 2C 00
         30 00 2C 00
         30 00 0D 00
         0A 00      
00000000                    	.CODE
00000270                    	.debug
00000270 2E 00 73 00        		.dw '.stabs "short int:t8=r8;-32768;32767;",128,0,0,0',0x0d,0x0a
         74 00 61 00
         62 00 73 00
         20 00 22 00
         73 00 68 00
         6F 00 72 00
         74 00 20 00
         69 00 6E 00
         74 00 3A 00
         74 00 38 00
         3D 00 72 00
         38 00 3B 00
         2D 00 33 00
         32 00 37 00
         36 00 38 00
         3B 00 33 00
         32 00 37 00
         36 00 37 00
         3B 00 22 00
         2C 00 31 00
         32 00 38 00
         2C 00 30 00
         2C 00 30 00
         2C 00 30 00
         0D 00 0A 00
00000000                    	.CODE
000002A2                    	.debug
000002A2 2E 00 73 00        		.dw '.stabs "short unsigned int:t9=r9;0;65535;",128,0,0,0',0x0d,0x0a
         74 00 61 00
         62 00 73 00
         20 00 22 00
         73 00 68 00
         6F 00 72 00
         74 00 20 00
         75 00 6E 00
         73 00 69 00
         67 00 6E 00
         65 00 64 00
         20 00 69 00
         6E 00 74 00
         3A 00 74 00
         39 00 3D 00
         72 00 39 00
         3B 00 30 00
         3B 00 36 00
         35 00 35 00
         33 00 35 00
         3B 00 22 00
         2C 00 31 00
         32 00 38 00
         2C 00 30 00
         2C 00 30 00
         2C 00 30 00
         0D 00 0A 00
00000000                    	.CODE
000002D8                    	.debug
000002D8 2E 00 73 00        		.dw '.stabs "signed char:t10=r10;-32768;32767;",128,0,0,0',0x0d,0x0a
         74 00 61 00
         62 00 73 00
         20 00 22 00
         73 00 69 00
         67 00 6E 00
         65 00 64 00
         20 00 63 00
         68 00 61 00
         72 00 3A 00
         74 00 31 00
         30 00 3D 00
         72 00 31 00
         30 00 3B 00
         2D 00 33 00
         32 00 37 00
         36 00 38 00
         3B 00 33 00
         32 00 37 00
         36 00 37 00
         3B 00 22 00
         2C 00 31 00
         32 00 38 00
         2C 00 30 00
         2C 00 30 00
         2C 00 30 00
         0D 00 0A 00
00000000                    	.CODE
0000030E                    	.debug
0000030E 2E 00 73 00        		.dw '.stabs "unsigned char:t11=r11;0;65535;",128,0,0,0',0x0d,0x0a
         74 00 61 00
         62 00 73 00
         20 00 22 00
         75 00 6E 00
         73 00 69 00
         67 00 6E 00
         65 00 64 00
         20 00 63 00
         68 00 61 00
         72 00 3A 00
         74 00 31 00
         31 00 3D 00
         72 00 31 00
         31 00 3B 00
         30 00 3B 00
         36 00 35 00
         35 00 33 00
         35 00 3B 00
         22 00 2C 00
         31 00 32 00
         38 00 2C 00
         30 00 2C 00
         30 00 2C 00
         30 00 0D 00
         0A 00      
00000000                    	.CODE
00000341                    	.debug
00000341 2E 00 73 00        		.dw '.stabs "float:t12=r1;2;0;",128,0,0,0',0x0d,0x0a
         74 00 61 00
         62 00 73 00
         20 00 22 00
         66 00 6C 00
         6F 00 61 00
         74 00 3A 00
         74 00 31 00
         32 00 3D 00
         72 00 31 00
         3B 00 32 00
         3B 00 30 00
         3B 00 22 00
         2C 00 31 00
         32 00 38 00
         2C 00 30 00
         2C 00 30 00
         2C 00 30 00
         0D 00 0A 00
00000000                    	.CODE
00000367                    	.debug
00000367 2E 00 73 00        		.dw '.stabs "double:t13=r1;2;0;",128,0,0,0',0x0d,0x0a
         74 00 61 00
         62 00 73 00
         20 00 22 00
         64 00 6F 00
         75 00 62 00
         6C 00 65 00
         3A 00 74 00
         31 00 33 00
         3D 00 72 00
         31 00 3B 00
         32 00 3B 00
         30 00 3B 00
         22 00 2C 00
         31 00 32 00
         38 00 2C 00
         30 00 2C 00
         30 00 2C 00
         30 00 0D 00
         0A 00      
00000000                    	.CODE
0000038E                    	.debug
0000038E 2E 00 73 00        		.dw '.stabs "long double:t14=r1;2;0;",128,0,0,0',0x0d,0x0a
         74 00 61 00
         62 00 73 00
         20 00 22 00
         6C 00 6F 00
         6E 00 67 00
         20 00 64 00
         6F 00 75 00
         62 00 6C 00
         65 00 3A 00
         74 00 31 00
         34 00 3D 00
         72 00 31 00
         3B 00 32 00
         3B 00 30 00
         3B 00 22 00
         2C 00 31 00
         32 00 38 00
         2C 00 30 00
         2C 00 30 00
         2C 00 30 00
         0D 00 0A 00
00000000                    	.CODE
000003BA                    	.debug
000003BA 2E 00 73 00        		.dw '.stabs "complex int:t15=s2real:1,0,16;imag:1,16,16;;",128,0,0,0',0x0d,0x0a
         74 00 61 00
         62 00 73 00
         20 00 22 00
         63 00 6F 00
         6D 00 70 00
         6C 00 65 00
         78 00 20 00
         69 00 6E 00
         74 00 3A 00
         74 00 31 00
         35 00 3D 00
         73 00 32 00
         72 00 65 00
         61 00 6C 00
         3A 00 31 00
         2C 00 30 00
         2C 00 31 00
         36 00 3B 00
         69 00 6D 00
         61 00 67 00
         3A 00 31 00
         2C 00 31 00
         36 00 2C 00
         31 00 36 00
         3B 00 3B 00
         22 00 2C 00
         31 00 32 00
         38 00 2C 00
         30 00 2C 00
         30 00 2C 00
         30 00 0D 00
         0A 00      
00000000                    	.CODE
000003FB                    	.debug
000003FB 2E 00 73 00        		.dw '.stabs "complex float:t16=r16;2;0;",128,0,0,0',0x0d,0x0a
         74 00 61 00
         62 00 73 00
         20 00 22 00
         63 00 6F 00
         6D 00 70 00
         6C 00 65 00
         78 00 20 00
         66 00 6C 00
         6F 00 61 00
         74 00 3A 00
         74 00 31 00
         36 00 3D 00
         72 00 31 00
         36 00 3B 00
         32 00 3B 00
         30 00 3B 00
         22 00 2C 00
         31 00 32 00
         38 00 2C 00
         30 00 2C 00
         30 00 2C 00
         30 00 0D 00
         0A 00      
00000000                    	.CODE
0000042A                    	.debug
0000042A 2E 00 73 00        		.dw '.stabs "complex double:t17=r17;2;0;",128,0,0,0',0x0d,0x0a
         74 00 61 00
         62 00 73 00
         20 00 22 00
         63 00 6F 00
         6D 00 70 00
         6C 00 65 00
         78 00 20 00
         64 00 6F 00
         75 00 62 00
         6C 00 65 00
         3A 00 74 00
         31 00 37 00
         3D 00 72 00
         31 00 37 00
         3B 00 32 00
         3B 00 30 00
         3B 00 22 00
         2C 00 31 00
         32 00 38 00
         2C 00 30 00
         2C 00 30 00
         2C 00 30 00
         0D 00 0A 00
00000000                    	.CODE
0000045A                    	.debug
0000045A 2E 00 73 00        		.dw '.stabs "complex long double:t18=r18;2;0;",128,0,0,0',0x0d,0x0a
         74 00 61 00
         62 00 73 00
         20 00 22 00
         63 00 6F 00
         6D 00 70 00
         6C 00 65 00
         78 00 20 00
         6C 00 6F 00
         6E 00 67 00
         20 00 64 00
         6F 00 75 00
         62 00 6C 00
         65 00 3A 00
         74 00 31 00
         38 00 3D 00
         72 00 31 00
         38 00 3B 00
         32 00 3B 00
         30 00 3B 00
         22 00 2C 00
         31 00 32 00
         38 00 2C 00
         30 00 2C 00
         30 00 2C 00
         30 00 0D 00
         0A 00      
00000000                    	.CODE
0000048F                    	.debug
0000048F 2E 00 73 00        		.dw '.stabs "void:t19=19",128,0,0,0',0x0d,0x0a
         74 00 61 00
         62 00 73 00
         20 00 22 00
         76 00 6F 00
         69 00 64 00
         3A 00 74 00
         31 00 39 00
         3D 00 31 00
         39 00 22 00
         2C 00 31 00
         32 00 38 00
         2C 00 30 00
         2C 00 30 00
         2C 00 30 00
         0D 00 0A 00
00000000                    	.CODE
000004AF                    	.debug
000004AF 2E 00 73 00        		.dw '.stabs "Key:G4",32,0,0,',0,0,offset _Key,seg _Key,0x0d,0x0a
         74 00 61 00
         62 00 73 00
         20 00 22 00
         4B 00 65 00
         79 00 3A 00
         47 00 34 00
         22 00 2C 00
         33 00 32 00
         2C 00 30 00
         2C 00 30 00
         2C 00 00 00
         00 00 00 00
         00 00 0D 00
         0A 00      
00000000                    	.CODE
000004CC                    	.debug
000004CC 2E 00 73 00        		.dw '.stabs "SpeechIndex:G4",32,0,0,',0,0,offset _SpeechIndex,seg _SpeechIndex,0x0d,0x0a
         74 00 61 00
         62 00 73 00
         20 00 22 00
         53 00 70 00
         65 00 65 00
         63 00 68 00
         49 00 6E 00
         64 00 65 00
         78 00 3A 00
         47 00 34 00
         22 00 2C 00
         33 00 32 00
         2C 00 30 00
         2C 00 30 00
         2C 00 00 00
         00 00 01 00
         00 00 0D 00
         0A 00      
00000000                    	.CODE
000004F1                    	.debug
000004F1 2E 00 73 00        		.dw '.stabs "VolumeIndex:G4",32,0,0,',0,0,offset _VolumeIndex,seg _VolumeIndex,0x0d,0x0a
         74 00 61 00
         62 00 73 00
         20 00 22 00
         56 00 6F 00
         6C 00 75 00
         6D 00 65 00
         49 00 6E 00
         64 00 65 00
         78 00 3A 00
         47 00 34 00
         22 00 2C 00
         33 00 32 00
         2C 00 30 00
         2C 00 30 00
         2C 00 00 00
         00 00 02 00
         00 00 0D 00
         0A 00      
00000000                    	.CODE
00000516                    	.debug
00000516 2E 00 73 00        		.dw '.stabs "DAC_FIR_Type:G4",32,0,0,',0,0,offset _DAC_FIR_Type,seg _DAC_FIR_Type,0x0d,0x0a
         74 00 61 00
         62 00 73 00
         20 00 22 00
         44 00 41 00
         43 00 5F 00
         46 00 49 00
         52 00 5F 00
         54 00 79 00
         70 00 65 00
         3A 00 47 00
         34 00 22 00
         2C 00 33 00
         32 00 2C 00
         30 00 2C 00
         30 00 2C 00
         00 00 00 00
         03 00 00 00
         0D 00 0A 00
00000000                    	.CODE
0000053C                    	.debug
0000053C 2E 00 73 00        		.dw '.stabs "PauseFlag:G4",32,0,0,',0,0,offset _PauseFlag,seg _PauseFlag,0x0d,0x0a
         74 00 61 00
         62 00 73 00
         20 00 22 00
         50 00 61 00
         75 00 73 00
         65 00 46 00
         6C 00 61 00
         67 00 3A 00
         47 00 34 00
         22 00 2C 00
         33 00 32 00
         2C 00 30 00
         2C 00 30 00
         2C 00 00 00
         00 00 04 00
         00 00 0D 00
         0A 00      
00000000                    	.CODE
0000055F                    	.debug
0000055F 2E 00 73 00        		.dw '.stabs "PlayCon:G4",32,0,0,',0,0,offset _PlayCon,seg _PlayCon,0x0d,0x0a
         74 00 61 00
         62 00 73 00
         20 00 22 00
         50 00 6C 00
         61 00 79 00
         43 00 6F 00
         6E 00 3A 00
         47 00 34 00
         22 00 2C 00
         33 00 32 00
         2C 00 30 00
         2C 00 30 00
         2C 00 00 00
         00 00 05 00
         00 00 0D 00
         0A 00      
00000000                    	.CODE
00000000                    	.code
00000580                    	.debug
00000580 2E 00 73 00        		.dw '.stabs "main:F1",36,0,0,',0,0,offset _main,seg _main,0x0d,0x0a
         74 00 61 00
         62 00 73 00
         20 00 22 00
         6D 00 61 00
         69 00 6E 00
         3A 00 46 00
         31 00 22 00
         2C 00 33 00
         36 00 2C 00
         30 00 2C 00
         30 00 2C 00
         00 00 00 00
         00 00 00 00
         0D 00 0A 00
00000000                    	.CODE
                            	.public _main
                            	_main:	.proc
0000059E                    	.debug
0000059E 2E 00 73 00        		.dw '.stabn 0x44,0,77,',0,0
         74 00 61 00
         62 00 6E 00
         20 00 30 00
         78 00 34 00
         34 00 2C 00
         30 00 2C 00
         37 00 37 00
         2C 00 00 00
         00 00      
000005B1 00 00 00 00        		.dd LM1-_main
000005B3 0D 00 0A 00        		.dw 0x0d,0x0a
00000000                    	.code
                            	LM1:
                            		// total=1, vars=1
                            		// frame_pointer_needed: 1
000005B5                    	.debug
000005B5 2E 00 73 00        		.dw '.stabn 0xa6,0,0,1',0x0d, 0x0a
         74 00 61 00
         62 00 6E 00
         20 00 30 00
         78 00 61 00
         36 00 2C 00
         30 00 2C 00
         30 00 2C 00
         31 00 0D 00
         0A 00      
00000000                    	.code
00000000 88 DA              		PUSH BP to [SP]
00000001 41 20              		SP-=1
00000002 08 0B 01 00        		BP=SP+1
                            	
00000004 0D 03 04 00        		R1=BP+4
00000006 C5 D2              		[BP]=R1	// QImode move
000005C8                    	.debug
000005C8 2E 00 73 00        		.dw '.stabn 0x44,0,78,',0,0
         74 00 61 00
         62 00 6E 00
         20 00 30 00
         78 00 34 00
         34 00 2C 00
         30 00 2C 00
         37 00 38 00
         2C 00 00 00
         00 00      
000005DB 07 00 00 00        		.dd LM2-_main
000005DD 0D 00 0A 00        		.dw 0x0d,0x0a
00000007                    	.code
                            	LM2:
                            	LBB2:
00000007 40 92              		R1=0	// QImode move
00000008 19 D3 00 00        		[_Key]=R1	// QImode move
000005DF                    	.debug
000005DF 2E 00 73 00        		.dw '.stabn 0x44,0,79,',0,0
         74 00 61 00
         62 00 6E 00
         20 00 30 00
         78 00 34 00
         34 00 2C 00
         30 00 2C 00
         37 00 39 00
         2C 00 00 00
         00 00      
000005F2 0A 00 00 00        		.dd LM3-_main
000005F4 0D 00 0A 00        		.dw 0x0d,0x0a
0000000A                    	.code
                            	LM3:
0000000A 40 92              		R1=0	// QImode move
0000000B 19 D3 01 00        		[_SpeechIndex]=R1	// QImode move
000005F6                    	.debug
000005F6 2E 00 73 00        		.dw '.stabn 0x44,0,80,',0,0
         74 00 61 00
         62 00 6E 00
         20 00 30 00
         78 00 34 00
         34 00 2C 00
         30 00 2C 00
         38 00 30 00
         2C 00 00 00
         00 00      
00000609 0D 00 00 00        		.dd LM4-_main
0000060B 0D 00 0A 00        		.dw 0x0d,0x0a
0000000D                    	.code
                            	LM4:
0000000D 49 92              		R1=9	// QImode move
0000000E 19 D3 02 00        		[_VolumeIndex]=R1	// QImode move
0000060D                    	.debug
0000060D 2E 00 73 00        		.dw '.stabn 0x44,0,81,',0,0
         74 00 61 00
         62 00 6E 00
         20 00 30 00
         78 00 34 00
         34 00 2C 00
         30 00 2C 00
         38 00 31 00
         2C 00 00 00
         00 00      
00000620 10 00 00 00        		.dd LM5-_main
00000622 0D 00 0A 00        		.dw 0x0d,0x0a
00000010                    	.code
                            	LM5:
00000010 40 92              		R1=0	// QImode move
00000011 19 D3 04 00        		[_PauseFlag]=R1	// QImode move
00000624                    	.debug
00000624 2E 00 73 00        		.dw '.stabn 0x44,0,82,',0,0
         74 00 61 00
         62 00 6E 00
         20 00 30 00
         78 00 34 00
         34 00 2C 00
         30 00 2C 00
         38 00 32 00
         2C 00 00 00
         00 00      
00000637 13 00 00 00        		.dd LM6-_main
00000639 0D 00 0A 00        		.dw 0x0d,0x0a
00000013                    	.code
                            	LM6:
00000013 42 92              		R1=2	// QImode move
00000014 19 D3 03 00        		[_DAC_FIR_Type]=R1	// QImode move
0000063B                    	.debug
0000063B 2E 00 73 00        		.dw '.stabn 0x44,0,83,',0,0
         74 00 61 00
         62 00 6E 00
         20 00 30 00
         78 00 34 00
         34 00 2C 00
         30 00 2C 00
         38 00 33 00
         2C 00 00 00
         00 00      
0000064E 16 00 00 00        		.dd LM7-_main
00000650 0D 00 0A 00        		.dw 0x0d,0x0a
00000016                    	.code
                            	LM7:
00000016 40 92              		R1=0	// QImode move
00000017 19 D3 05 00        		[_PlayCon]=R1	// QImode move
00000652                    	.debug
00000652 2E 00 73 00        		.dw '.stabn 0x44,0,85,',0,0
         74 00 61 00
         62 00 6E 00
         20 00 30 00
         78 00 34 00
         34 00 2C 00
         30 00 2C 00
         38 00 35 00
         2C 00 00 00
         00 00      
00000665 19 00 00 00        		.dd LM8-_main
00000667 0D 00 0A 00        		.dw 0x0d,0x0a
00000019                    	.code
                            	LM8:
00000019 40 F0 00 00        		CALL _System_Initial	// call without return value
00000669                    	.debug
00000669 2E 00 73 00        		.dw '.stabn 0x44,0,86,',0,0
         74 00 61 00
         62 00 6E 00
         20 00 30 00
         78 00 34 00
         34 00 2C 00
         30 00 2C 00
         38 00 36 00
         2C 00 00 00
         00 00      
0000067C 1B 00 00 00        		.dd LM9-_main
0000067E 0D 00 0A 00        		.dw 0x0d,0x0a
0000001B                    	.code
                            	LM9:
0000001B 40 F0 00 00        		CALL _SPI_Initial	// call with return value
00000680                    	.debug
00000680 2E 00 73 00        		.dw '.stabn 0x44,0,87,',0,0
         74 00 61 00
         62 00 6E 00
         20 00 30 00
         78 00 34 00
         34 00 2C 00
         30 00 2C 00
         38 00 37 00
         2C 00 00 00
         00 00      
00000693 1D 00 00 00        		.dd LM10-_main
00000695 0D 00 0A 00        		.dw 0x0d,0x0a
0000001D                    	.code
                            	LM10:
0000001D 40 F0 00 00        		CALL _SACM_A1601_Initial	// call without return value
00000697                    	.debug
00000697 2E 00 73 00        		.dw '.stabn 0x44,0,88,',0,0
         74 00 61 00
         62 00 6E 00
         20 00 30 00
         78 00 34 00
         34 00 2C 00
         30 00 2C 00
         38 00 38 00
         2C 00 00 00
         00 00      
000006AA 1F 00 00 00        		.dd LM11-_main
000006AC 0D 00 0A 00        		.dw 0x0d,0x0a
0000001F                    	.code
                            	LM11:
0000001F 43 92              		R1=3	// QImode move
00000020 C8 D2              		[SP--]=R1	// QImode move
00000021 43 92              		R1=3	// QImode move
00000022 C8 D2              		[SP--]=R1	// QImode move
00000023 11 93 01 00        		R1=[_SpeechIndex]	// QImode move
00000025 C8 D2              		[SP--]=R1	// QImode move
00000026 40 F0 00 00        		CALL _SACM_A1601_Play	// call without return value
00000028 43 00              		SP = SP + 3	//SP
000006AE                    	.debug
000006AE 2E 00 73 00        		.dw '.stabn 0x44,0,89,',0,0
         74 00 61 00
         62 00 6E 00
         20 00 30 00
         78 00 34 00
         34 00 2C 00
         30 00 2C 00
         38 00 39 00
         2C 00 00 00
         00 00      
000006C1 29 00 00 00        		.dd LM12-_main
000006C3 0D 00 0A 00        		.dw 0x0d,0x0a
00000029                    	.code
                            	LM12:
                            	L3:
00000029 0F 9F 2D 00        		PC=L5	// jump
0000002B 0F 9F 19 01        		PC=L4	// jump
                            	L5:
000006C5                    	.debug
000006C5 2E 00 73 00        		.dw '.stabn 0x44,0,91,',0,0
         74 00 61 00
         62 00 6E 00
         20 00 30 00
         78 00 34 00
         34 00 2C 00
         30 00 2C 00
         39 00 31 00
         2C 00 00 00
         00 00      
000006D8 2D 00 00 00        		.dd LM13-_main
000006DA 0D 00 0A 00        		.dw 0x0d,0x0a
0000002D                    	.code
                            	LM13:
0000002D 40 F0 00 00        		CALL _SP_GetCh	// call with return value
0000002F 19 D3 00 00        		[_Key]=R1	// QImode move
000006DC                    	.debug
000006DC 2E 00 73 00        		.dw '.stabn 0x44,0,92,',0,0
         74 00 61 00
         62 00 6E 00
         20 00 30 00
         78 00 34 00
         34 00 2C 00
         30 00 2C 00
         39 00 32 00
         2C 00 00 00
         00 00      
000006EF 31 00 00 00        		.dd LM14-_main
000006F1 0D 00 0A 00        		.dw 0x0d,0x0a
00000031                    	.code
                            	LM14:
00000031 11 93 00 00        		R1=[_Key]	// QImode move
00000033 48 42              		CMP R1,8	// QImode compare
00000034 02 4E 0F 9F        		NSJZ L11	//QImode EQ
         83 00      
00000037 48 42              		CMP R1,8	// QImode compare
00000038 14 9E 01 EE        		NSJA L21	//QImode GTU
         00 EE      
0000003B 41 42              		CMP R1,1	// QImode compare
0000003C 2C 5E 01 EE        		NSJZ L8	//QImode EQ
         00 EE      
0000003F 41 42              		CMP R1,1	// QImode compare
00000040 26 0E 01 EE        		NSJB L7	//QImode LTU
         00 EE      
00000043 42 42              		CMP R1,2	// QImode compare
00000044 33 5E 01 EE        		NSJZ L9	//QImode EQ
         00 EE      
00000047 44 42              		CMP R1,4	// QImode compare
00000048 36 5E 01 EE        		NSJZ L10	//QImode EQ
         00 EE      
0000004B 0F 9F E7 00        		PC=L19	// jump
                            	L21:
0000004D 60 42              		CMP R1,32	// QImode compare
0000004E 02 4E 0F 9F        		NSJZ L14	//QImode EQ
         A4 00      
00000051 60 42              		CMP R1,32	// QImode compare
00000052 08 9E 01 EE        		NSJA L22	//QImode GTU
         00 EE      
00000055 50 42              		CMP R1,16	// QImode compare
00000056 30 5E 01 EE        		NSJZ L12	//QImode EQ
         00 EE      
00000059 0F 9F E7 00        		PC=L19	// jump
                            	L22:
0000005B 09 43 40 00        		CMP R1,64	// QImode compare
0000005D 02 4E 0F 9F        		NSJZ L16	//QImode EQ
         BA 00      
00000060 09 43 80 00        		CMP R1,128	// QImode compare
00000062 02 4E 0F 9F        		NSJZ L18	//QImode EQ
         D0 00      
00000065 0F 9F E7 00        		PC=L19	// jump
                            	LBB3:
                            	L7:
000006F3                    	.debug
000006F3 2E 00 73 00        		.dw '.stabn 0x44,0,95,',0,0
         74 00 61 00
         62 00 6E 00
         20 00 30 00
         78 00 34 00
         34 00 2C 00
         30 00 2C 00
         39 00 35 00
         2C 00 00 00
         00 00      
00000706 67 00 00 00        		.dd LM15-_main
00000708 0D 00 0A 00        		.dw 0x0d,0x0a
00000067                    	.code
                            	LM15:
00000067 0F 9F E9 00        		PC=L6	// jump
                            	L8:
0000070A                    	.debug
0000070A 2E 00 73 00        		.dw '.stabn 0x44,0,98,',0,0
         74 00 61 00
         62 00 6E 00
         20 00 30 00
         78 00 34 00
         34 00 2C 00
         30 00 2C 00
         39 00 38 00
         2C 00 00 00
         00 00      
0000071D 69 00 00 00        		.dd LM16-_main
0000071F 0D 00 0A 00        		.dw 0x0d,0x0a
00000069                    	.code
                            	LM16:
00000069 40 92              		R1=0	// QImode move
0000006A 19 D3 05 00        		[_PlayCon]=R1	// QImode move
00000721                    	.debug
00000721 2E 00 73 00        		.dw '.stabn 0x44,0,99,',0,0
         74 00 61 00
         62 00 6E 00
         20 00 30 00
         78 00 34 00
         34 00 2C 00
         30 00 2C 00
         39 00 39 00
         2C 00 00 00
         00 00      
00000734 6C 00 00 00        		.dd LM17-_main
00000736 0D 00 0A 00        		.dw 0x0d,0x0a
0000006C                    	.code
                            	LM17:
0000006C 43 92              		R1=3	// QImode move
0000006D C8 D2              		[SP--]=R1	// QImode move
0000006E 43 92              		R1=3	// QImode move
0000006F C8 D2              		[SP--]=R1	// QImode move
00000070 11 93 01 00        		R1=[_SpeechIndex]	// QImode move
00000072 C8 D2              		[SP--]=R1	// QImode move
00000073 40 F0 00 00        		CALL _SACM_A1601_Play	// call without return value
00000075 43 00              		SP = SP + 3	//SP
00000738                    	.debug
00000738 2E 00 73 00        		.dw '.stabn 0x44,0,100,',0,0
         74 00 61 00
         62 00 6E 00
         20 00 30 00
         78 00 34 00
         34 00 2C 00
         30 00 2C 00
         31 00 30 00
         30 00 2C 00
         00 00 00 00
0000074C 76 00 00 00        		.dd LM18-_main
0000074E 0D 00 0A 00        		.dw 0x0d,0x0a
00000076                    	.code
                            	LM18:
00000076 0F 9F E9 00        		PC=L6	// jump
                            	L9:
00000750                    	.debug
00000750 2E 00 73 00        		.dw '.stabn 0x44,0,103,',0,0
         74 00 61 00
         62 00 6E 00
         20 00 30 00
         78 00 34 00
         34 00 2C 00
         30 00 2C 00
         31 00 30 00
         33 00 2C 00
         00 00 00 00
00000764 78 00 00 00        		.dd LM19-_main
00000766 0D 00 0A 00        		.dw 0x0d,0x0a
00000078                    	.code
                            	LM19:
00000078 40 92              		R1=0	// QImode move
00000079 19 D3 05 00        		[_PlayCon]=R1	// QImode move
00000768                    	.debug
00000768 2E 00 73 00        		.dw '.stabn 0x44,0,104,',0,0
         74 00 61 00
         62 00 6E 00
         20 00 30 00
         78 00 34 00
         34 00 2C 00
         30 00 2C 00
         31 00 30 00
         34 00 2C 00
         00 00 00 00
0000077C 7B 00 00 00        		.dd LM20-_main
0000077E 0D 00 0A 00        		.dw 0x0d,0x0a
0000007B                    	.code
                            	LM20:
0000007B 40 F0 00 00        		CALL _SACM_A1601_Stop	// call without return value
00000780                    	.debug
00000780 2E 00 73 00        		.dw '.stabn 0x44,0,105,',0,0
         74 00 61 00
         62 00 6E 00
         20 00 30 00
         78 00 34 00
         34 00 2C 00
         30 00 2C 00
         31 00 30 00
         35 00 2C 00
         00 00 00 00
00000794 7D 00 00 00        		.dd LM21-_main
00000796 0D 00 0A 00        		.dw 0x0d,0x0a
0000007D                    	.code
                            	LM21:
0000007D 0F 9F E9 00        		PC=L6	// jump
                            	L10:
00000798                    	.debug
00000798 2E 00 73 00        		.dw '.stabn 0x44,0,108,',0,0
         74 00 61 00
         62 00 6E 00
         20 00 30 00
         78 00 34 00
         34 00 2C 00
         30 00 2C 00
         31 00 30 00
         38 00 2C 00
         00 00 00 00
000007AC 7F 00 00 00        		.dd LM22-_main
000007AE 0D 00 0A 00        		.dw 0x0d,0x0a
0000007F                    	.code
                            	LM22:
0000007F 40 F0 00 00        		CALL _SACM_A1601_Pause	// call without return value
000007B0                    	.debug
000007B0 2E 00 73 00        		.dw '.stabn 0x44,0,109,',0,0
         74 00 61 00
         62 00 6E 00
         20 00 30 00
         78 00 34 00
         34 00 2C 00
         30 00 2C 00
         31 00 30 00
         39 00 2C 00
         00 00 00 00
000007C4 81 00 00 00        		.dd LM23-_main
000007C6 0D 00 0A 00        		.dw 0x0d,0x0a
00000081                    	.code
                            	LM23:
00000081 0F 9F E9 00        		PC=L6	// jump
                            	L11:
000007C8                    	.debug
000007C8 2E 00 73 00        		.dw '.stabn 0x44,0,112,',0,0
         74 00 61 00
         62 00 6E 00
         20 00 30 00
         78 00 34 00
         34 00 2C 00
         30 00 2C 00
         31 00 31 00
         32 00 2C 00
         00 00 00 00
000007DC 83 00 00 00        		.dd LM24-_main
000007DE 0D 00 0A 00        		.dw 0x0d,0x0a
00000083                    	.code
                            	LM24:
00000083 40 F0 00 00        		CALL _SACM_A1601_Resume	// call without return value
000007E0                    	.debug
000007E0 2E 00 73 00        		.dw '.stabn 0x44,0,113,',0,0
         74 00 61 00
         62 00 6E 00
         20 00 30 00
         78 00 34 00
         34 00 2C 00
         30 00 2C 00
         31 00 31 00
         33 00 2C 00
         00 00 00 00
000007F4 85 00 00 00        		.dd LM25-_main
000007F6 0D 00 0A 00        		.dw 0x0d,0x0a
00000085                    	.code
                            	LM25:
00000085 0F 9F E9 00        		PC=L6	// jump
                            	L12:
000007F8                    	.debug
000007F8 2E 00 73 00        		.dw '.stabn 0x44,0,116,',0,0
         74 00 61 00
         62 00 6E 00
         20 00 30 00
         78 00 34 00
         34 00 2C 00
         30 00 2C 00
         31 00 31 00
         36 00 2C 00
         00 00 00 00
0000080C 87 00 00 00        		.dd LM26-_main
0000080E 0D 00 0A 00        		.dw 0x0d,0x0a
00000087                    	.code
                            	LM26:
00000087 12 95 01 00        		R2=[_SpeechIndex]	// QImode move
00000089 0A 03 01 00        		R1=R2+1
0000008B 01 95              		R2=R1	// QImode move
0000008C 1A D5 01 00        		[_SpeechIndex]=R2	// QImode move
0000008E 42 44              		CMP R2,2	// QImode compare
0000008F 05 8E 01 EE        		NSJNA L13	//QImode LEU
         00 EE      
00000810                    	.debug
00000810 2E 00 73 00        		.dw '.stabn 0x44,0,117,',0,0
         74 00 61 00
         62 00 6E 00
         20 00 30 00
         78 00 34 00
         34 00 2C 00
         30 00 2C 00
         31 00 31 00
         37 00 2C 00
         00 00 00 00
00000824 92 00 00 00        		.dd LM27-_main
00000826 0D 00 0A 00        		.dw 0x0d,0x0a
00000092                    	.code
                            	LM27:
00000092 40 92              		R1=0	// QImode move
00000093 19 D3 01 00        		[_SpeechIndex]=R1	// QImode move
                            	L13:
00000828                    	.debug
00000828 2E 00 73 00        		.dw '.stabn 0x44,0,118,',0,0
         74 00 61 00
         62 00 6E 00
         20 00 30 00
         78 00 34 00
         34 00 2C 00
         30 00 2C 00
         31 00 31 00
         38 00 2C 00
         00 00 00 00
0000083C 95 00 00 00        		.dd LM28-_main
0000083E 0D 00 0A 00        		.dw 0x0d,0x0a
00000095                    	.code
                            	LM28:
00000095 40 92              		R1=0	// QImode move
00000096 19 D3 05 00        		[_PlayCon]=R1	// QImode move
00000840                    	.debug
00000840 2E 00 73 00        		.dw '.stabn 0x44,0,119,',0,0
         74 00 61 00
         62 00 6E 00
         20 00 30 00
         78 00 34 00
         34 00 2C 00
         30 00 2C 00
         31 00 31 00
         39 00 2C 00
         00 00 00 00
00000854 98 00 00 00        		.dd LM29-_main
00000856 0D 00 0A 00        		.dw 0x0d,0x0a
00000098                    	.code
                            	LM29:
00000098 43 92              		R1=3	// QImode move
00000099 C8 D2              		[SP--]=R1	// QImode move
0000009A 43 92              		R1=3	// QImode move
0000009B C8 D2              		[SP--]=R1	// QImode move
0000009C 11 93 01 00        		R1=[_SpeechIndex]	// QImode move
0000009E C8 D2              		[SP--]=R1	// QImode move
0000009F 40 F0 00 00        		CALL _SACM_A1601_Play	// call without return value
000000A1 43 00              		SP = SP + 3	//SP
00000858                    	.debug
00000858 2E 00 73 00        		.dw '.stabn 0x44,0,120,',0,0
         74 00 61 00
         62 00 6E 00
         20 00 30 00
         78 00 34 00
         34 00 2C 00
         30 00 2C 00
         31 00 32 00
         30 00 2C 00
         00 00 00 00
0000086C A2 00 00 00        		.dd LM30-_main
0000086E 0D 00 0A 00        		.dw 0x0d,0x0a
000000A2                    	.code
                            	LM30:
000000A2 0F 9F E9 00        		PC=L6	// jump
                            	L14:
00000870                    	.debug
00000870 2E 00 73 00        		.dw '.stabn 0x44,0,123,',0,0
         74 00 61 00
         62 00 6E 00
         20 00 30 00
         78 00 34 00
         34 00 2C 00
         30 00 2C 00
         31 00 32 00
         33 00 2C 00
         00 00 00 00
00000884 A4 00 00 00        		.dd LM31-_main
00000886 0D 00 0A 00        		.dw 0x0d,0x0a
000000A4                    	.code
                            	LM31:
000000A4 12 95 02 00        		R2=[_VolumeIndex]	// QImode move
000000A6 0A 03 01 00        		R1=R2+1
000000A8 01 95              		R2=R1	// QImode move
000000A9 1A D5 02 00        		[_VolumeIndex]=R2	// QImode move
000000AB 4F 44              		CMP R2,15	// QImode compare
000000AC 05 8E 01 EE        		NSJNA L15	//QImode LEU
         00 EE      
00000888                    	.debug
00000888 2E 00 73 00        		.dw '.stabn 0x44,0,124,',0,0
         74 00 61 00
         62 00 6E 00
         20 00 30 00
         78 00 34 00
         34 00 2C 00
         30 00 2C 00
         31 00 32 00
         34 00 2C 00
         00 00 00 00
0000089C AF 00 00 00        		.dd LM32-_main
0000089E 0D 00 0A 00        		.dw 0x0d,0x0a
000000AF                    	.code
                            	LM32:
000000AF 40 92              		R1=0	// QImode move
000000B0 19 D3 02 00        		[_VolumeIndex]=R1	// QImode move
                            	L15:
000008A0                    	.debug
000008A0 2E 00 73 00        		.dw '.stabn 0x44,0,125,',0,0
         74 00 61 00
         62 00 6E 00
         20 00 30 00
         78 00 34 00
         34 00 2C 00
         30 00 2C 00
         31 00 32 00
         35 00 2C 00
         00 00 00 00
000008B4 B2 00 00 00        		.dd LM33-_main
000008B6 0D 00 0A 00        		.dw 0x0d,0x0a
000000B2                    	.code
                            	LM33:
000000B2 11 93 02 00        		R1=[_VolumeIndex]	// QImode move
000000B4 C8 D2              		[SP--]=R1	// QImode move
000000B5 40 F0 00 00        		CALL _USER_A1601_Volume	// call without return value
000000B7 41 00              		SP = SP + 1	//SP
000008B8                    	.debug
000008B8 2E 00 73 00        		.dw '.stabn 0x44,0,126,',0,0
         74 00 61 00
         62 00 6E 00
         20 00 30 00
         78 00 34 00
         34 00 2C 00
         30 00 2C 00
         31 00 32 00
         36 00 2C 00
         00 00 00 00
000008CC B8 00 00 00        		.dd LM34-_main
000008CE 0D 00 0A 00        		.dw 0x0d,0x0a
000000B8                    	.code
                            	LM34:
000000B8 0F 9F E9 00        		PC=L6	// jump
                            	L16:
000008D0                    	.debug
000008D0 2E 00 73 00        		.dw '.stabn 0x44,0,129,',0,0
         74 00 61 00
         62 00 6E 00
         20 00 30 00
         78 00 34 00
         34 00 2C 00
         30 00 2C 00
         31 00 32 00
         39 00 2C 00
         00 00 00 00
000008E4 BA 00 00 00        		.dd LM35-_main
000008E6 0D 00 0A 00        		.dw 0x0d,0x0a
000000BA                    	.code
                            	LM35:
000000BA 12 95 03 00        		R2=[_DAC_FIR_Type]	// QImode move
000000BC 0A 03 01 00        		R1=R2+1
000000BE 01 95              		R2=R1	// QImode move
000000BF 1A D5 03 00        		[_DAC_FIR_Type]=R2	// QImode move
000000C1 43 44              		CMP R2,3	// QImode compare
000000C2 05 8E 01 EE        		NSJNA L17	//QImode LEU
         00 EE      
000008E8                    	.debug
000008E8 2E 00 73 00        		.dw '.stabn 0x44,0,130,',0,0
         74 00 61 00
         62 00 6E 00
         20 00 30 00
         78 00 34 00
         34 00 2C 00
         30 00 2C 00
         31 00 33 00
         30 00 2C 00
         00 00 00 00
000008FC C5 00 00 00        		.dd LM36-_main
000008FE 0D 00 0A 00        		.dw 0x0d,0x0a
000000C5                    	.code
                            	LM36:
000000C5 40 92              		R1=0	// QImode move
000000C6 19 D3 03 00        		[_DAC_FIR_Type]=R1	// QImode move
                            	L17:
00000900                    	.debug
00000900 2E 00 73 00        		.dw '.stabn 0x44,0,131,',0,0
         74 00 61 00
         62 00 6E 00
         20 00 30 00
         78 00 34 00
         34 00 2C 00
         30 00 2C 00
         31 00 33 00
         31 00 2C 00
         00 00 00 00
00000914 C8 00 00 00        		.dd LM37-_main
00000916 0D 00 0A 00        		.dw 0x0d,0x0a
000000C8                    	.code
                            	LM37:
000000C8 11 93 03 00        		R1=[_DAC_FIR_Type]	// QImode move
000000CA C8 D2              		[SP--]=R1	// QImode move
000000CB 40 F0 00 00        		CALL _SACM_A1601_DA_FIRType	// call without return value
000000CD 41 00              		SP = SP + 1	//SP
00000918                    	.debug
00000918 2E 00 73 00        		.dw '.stabn 0x44,0,132,',0,0
         74 00 61 00
         62 00 6E 00
         20 00 30 00
         78 00 34 00
         34 00 2C 00
         30 00 2C 00
         31 00 33 00
         32 00 2C 00
         00 00 00 00
0000092C CE 00 00 00        		.dd LM38-_main
0000092E 0D 00 0A 00        		.dw 0x0d,0x0a
000000CE                    	.code
                            	LM38:
000000CE 0F 9F E9 00        		PC=L6	// jump
                            	L18:
00000930                    	.debug
00000930 2E 00 73 00        		.dw '.stabn 0x44,0,135,',0,0
         74 00 61 00
         62 00 6E 00
         20 00 30 00
         78 00 34 00
         34 00 2C 00
         30 00 2C 00
         31 00 33 00
         35 00 2C 00
         00 00 00 00
00000944 D0 00 00 00        		.dd LM39-_main
00000946 0D 00 0A 00        		.dw 0x0d,0x0a
000000D0                    	.code
                            	LM39:
000000D0 41 92              		R1=1	// QImode move
000000D1 19 D3 05 00        		[_PlayCon]=R1	// QImode move
00000948                    	.debug
00000948 2E 00 73 00        		.dw '.stabn 0x44,0,136,',0,0
         74 00 61 00
         62 00 6E 00
         20 00 30 00
         78 00 34 00
         34 00 2C 00
         30 00 2C 00
         31 00 33 00
         36 00 2C 00
         00 00 00 00
0000095C D3 00 00 00        		.dd LM40-_main
0000095E 0D 00 0A 00        		.dw 0x0d,0x0a
000000D3                    	.code
                            	LM40:
000000D3 40 92              		R1=0	// QImode move
000000D4 19 D3 01 00        		[_SpeechIndex]=R1	// QImode move
00000960                    	.debug
00000960 2E 00 73 00        		.dw '.stabn 0x44,0,137,',0,0
         74 00 61 00
         62 00 6E 00
         20 00 30 00
         78 00 34 00
         34 00 2C 00
         30 00 2C 00
         31 00 33 00
         37 00 2C 00
         00 00 00 00
00000974 D6 00 00 00        		.dd LM41-_main
00000976 0D 00 0A 00        		.dw 0x0d,0x0a
000000D6                    	.code
                            	LM41:
000000D6 11 93 01 00        		R1=[_SpeechIndex]	// QImode move
000000D8 C8 D2              		[SP--]=R1	// QImode move
000000D9 40 F0 00 00        		CALL _USER_A1601_SetStartAddr	// call with return value
000000DB 41 00              		SP = SP + 1	//SP
00000978                    	.debug
00000978 2E 00 73 00        		.dw '.stabn 0x44,0,138,',0,0
         74 00 61 00
         62 00 6E 00
         20 00 30 00
         78 00 34 00
         34 00 2C 00
         30 00 2C 00
         31 00 33 00
         38 00 2C 00
         00 00 00 00
0000098C DC 00 00 00        		.dd LM42-_main
0000098E 0D 00 0A 00        		.dw 0x0d,0x0a
000000DC                    	.code
                            	LM42:
000000DC 41 92              		R1=1	// QImode move
000000DD C8 D2              		[SP--]=R1	// QImode move
000000DE 43 92              		R1=3	// QImode move
000000DF C8 D2              		[SP--]=R1	// QImode move
000000E0 41 62              		R1=(-1)	// QImode move
000000E1 C8 D2              		[SP--]=R1	// QImode move
000000E2 40 F0 00 00        		CALL _SACM_A1601_Play	// call without return value
000000E4 43 00              		SP = SP + 3	//SP
00000990                    	.debug
00000990 2E 00 73 00        		.dw '.stabn 0x44,0,139,',0,0
         74 00 61 00
         62 00 6E 00
         20 00 30 00
         78 00 34 00
         34 00 2C 00
         30 00 2C 00
         31 00 33 00
         39 00 2C 00
         00 00 00 00
000009A4 E5 00 00 00        		.dd LM43-_main
000009A6 0D 00 0A 00        		.dw 0x0d,0x0a
000000E5                    	.code
                            	LM43:
000000E5 0F 9F E9 00        		PC=L6	// jump
                            	L19:
000009A8                    	.debug
000009A8 2E 00 73 00        		.dw '.stabn 0x44,0,142,',0,0
         74 00 61 00
         62 00 6E 00
         20 00 30 00
         78 00 34 00
         34 00 2C 00
         30 00 2C 00
         31 00 34 00
         32 00 2C 00
         00 00 00 00
000009BC E7 00 00 00        		.dd LM44-_main
000009BE 0D 00 0A 00        		.dw 0x0d,0x0a
000000E7                    	.code
                            	LM44:
000000E7 0F 9F E9 00        		PC=L6	// jump
000009C0                    	.debug
000009C0 2E 00 73 00        		.dw '.stabn 0x44,0,143,',0,0
         74 00 61 00
         62 00 6E 00
         20 00 30 00
         78 00 34 00
         34 00 2C 00
         30 00 2C 00
         31 00 34 00
         33 00 2C 00
         00 00 00 00
000009D4 E9 00 00 00        		.dd LM45-_main
000009D6 0D 00 0A 00        		.dw 0x0d,0x0a
000000E9                    	.code
                            	LM45:
                            	LBE3:
                            	L6:
000009D8                    	.debug
000009D8 2E 00 73 00        		.dw '.stabn 0x44,0,144,',0,0
         74 00 61 00
         62 00 6E 00
         20 00 30 00
         78 00 34 00
         34 00 2C 00
         30 00 2C 00
         31 00 34 00
         34 00 2C 00
         00 00 00 00
000009EC E9 00 00 00        		.dd LM46-_main
000009EE 0D 00 0A 00        		.dw 0x0d,0x0a
000000E9                    	.code
                            	LM46:
000000E9 11 93 05 00        		R1=[_PlayCon]	// QImode move
000000EB 40 42              		CMP R1,0	// QImode test
000000EC 26 5E 01 EE        		NSJZ L23	//QImode EQ
         00 EE      
000009F0                    	.debug
000009F0 2E 00 73 00        		.dw '.stabn 0x44,0,146,',0,0
         74 00 61 00
         62 00 6E 00
         20 00 30 00
         78 00 34 00
         34 00 2C 00
         30 00 2C 00
         31 00 34 00
         36 00 2C 00
         00 00 00 00
00000A04 EF 00 00 00        		.dd LM47-_main
00000A06 0D 00 0A 00        		.dw 0x0d,0x0a
000000EF                    	.code
                            	LM47:
000000EF 40 F0 00 00        		CALL _SACM_A1601_Check_Con	// call with return value
000000F1 09 43 FF FF        		CMP R1,(-1)	// QImode compare
000000F3 1F 4E 01 EE        		NSJNZ L23	//QImode NE
         00 EE      
00000A08                    	.debug
00000A08 2E 00 73 00        		.dw '.stabn 0x44,0,148,',0,0
         74 00 61 00
         62 00 6E 00
         20 00 30 00
         78 00 34 00
         34 00 2C 00
         30 00 2C 00
         31 00 34 00
         38 00 2C 00
         00 00 00 00
00000A1C F6 00 00 00        		.dd LM48-_main
00000A1E 0D 00 0A 00        		.dw 0x0d,0x0a
000000F6                    	.code
                            	LM48:
                            	LBB4:
000000F6 12 95 01 00        		R2=[_SpeechIndex]	// QImode move
000000F8 0A 03 01 00        		R1=R2+1
000000FA 01 95              		R2=R1	// QImode move
000000FB 1A D5 01 00        		[_SpeechIndex]=R2	// QImode move
000000FD 42 44              		CMP R2,2	// QImode compare
000000FE 05 8E 01 EE        		NSJNA L25	//QImode LEU
         00 EE      
00000A20                    	.debug
00000A20 2E 00 73 00        		.dw '.stabn 0x44,0,149,',0,0
         74 00 61 00
         62 00 6E 00
         20 00 30 00
         78 00 34 00
         34 00 2C 00
         30 00 2C 00
         31 00 34 00
         39 00 2C 00
         00 00 00 00
00000A34 01 01 00 00        		.dd LM49-_main
00000A36 0D 00 0A 00        		.dw 0x0d,0x0a
00000101                    	.code
                            	LM49:
00000101 40 92              		R1=0	// QImode move
00000102 19 D3 01 00        		[_SpeechIndex]=R1	// QImode move
                            	L25:
00000A38                    	.debug
00000A38 2E 00 73 00        		.dw '.stabn 0x44,0,150,',0,0
         74 00 61 00
         62 00 6E 00
         20 00 30 00
         78 00 34 00
         34 00 2C 00
         30 00 2C 00
         31 00 35 00
         30 00 2C 00
         00 00 00 00
00000A4C 04 01 00 00        		.dd LM50-_main
00000A4E 0D 00 0A 00        		.dw 0x0d,0x0a
00000104                    	.code
                            	LM50:
00000104 11 93 01 00        		R1=[_SpeechIndex]	// QImode move
00000106 C8 D2              		[SP--]=R1	// QImode move
00000107 40 F0 00 00        		CALL _USER_A1601_SetStartAddr_Con	// call with return value
00000109 41 00              		SP = SP + 1	//SP
00000A50                    	.debug
00000A50 2E 00 73 00        		.dw '.stabn 0x44,0,151,',0,0
         74 00 61 00
         62 00 6E 00
         20 00 30 00
         78 00 34 00
         34 00 2C 00
         30 00 2C 00
         31 00 35 00
         31 00 2C 00
         00 00 00 00
00000A64 0A 01 00 00        		.dd LM51-_main
00000A66 0D 00 0A 00        		.dw 0x0d,0x0a
0000010A                    	.code
                            	LM51:
0000010A 42 92              		R1=2	// QImode move
0000010B C8 D2              		[SP--]=R1	// QImode move
0000010C 43 92              		R1=3	// QImode move
0000010D C8 D2              		[SP--]=R1	// QImode move
0000010E 41 62              		R1=(-1)	// QImode move
0000010F C8 D2              		[SP--]=R1	// QImode move
00000110 40 F0 00 00        		CALL _SACM_A1601_Play_Con	// call without return value
00000112 43 00              		SP = SP + 3	//SP
00000A68                    	.debug
00000A68 2E 00 73 00        		.dw '.stabn 0x44,0,152,',0,0
         74 00 61 00
         62 00 6E 00
         20 00 30 00
         78 00 34 00
         34 00 2C 00
         30 00 2C 00
         31 00 35 00
         32 00 2C 00
         00 00 00 00
00000A7C 13 01 00 00        		.dd LM52-_main
00000A7E 0D 00 0A 00        		.dw 0x0d,0x0a
00000113                    	.code
                            	LM52:
                            	LBE4:
                            	L24:
                            	L23:
00000A80                    	.debug
00000A80 2E 00 73 00        		.dw '.stabn 0x44,0,155,',0,0
         74 00 61 00
         62 00 6E 00
         20 00 30 00
         78 00 34 00
         34 00 2C 00
         30 00 2C 00
         31 00 35 00
         35 00 2C 00
         00 00 00 00
00000A94 13 01 00 00        		.dd LM53-_main
00000A96 0D 00 0A 00        		.dw 0x0d,0x0a
00000113                    	.code
                            	LM53:
00000113 40 F0 00 00        		CALL _SACM_A1601_ServiceLoop	// call without return value
                            	L26:
00000A98                    	.debug
00000A98 2E 00 73 00        		.dw '.stabn 0x44,0,156,',0,0
         74 00 61 00
         62 00 6E 00
         20 00 30 00
         78 00 34 00
         34 00 2C 00
         30 00 2C 00
         31 00 35 00
         36 00 2C 00
         00 00 00 00
00000AAC 15 01 00 00        		.dd LM54-_main
00000AAE 0D 00 0A 00        		.dw 0x0d,0x0a
00000115                    	.code
                            	LM54:
00000115 40 F0 00 00        		CALL _System_ServiceLoop	// call without return value
00000AB0                    	.debug
00000AB0 2E 00 73 00        		.dw '.stabn 0x44,0,157,',0,0
         74 00 61 00
         62 00 6E 00
         20 00 30 00
         78 00 34 00
         34 00 2C 00
         30 00 2C 00
         31 00 35 00
         37 00 2C 00
         00 00 00 00
00000AC4 17 01 00 00        		.dd LM55-_main
00000AC6 0D 00 0A 00        		.dw 0x0d,0x0a
00000117                    	.code
                            	LM55:
00000117 0F 9F 29 00        		PC=L3	// jump
                            	L4:
00000AC8                    	.debug
00000AC8 2E 00 73 00        		.dw '.stabn 0x44,0,158,',0,0
         74 00 61 00
         62 00 6E 00
         20 00 30 00
         78 00 34 00
         34 00 2C 00
         30 00 2C 00
         31 00 35 00
         38 00 2C 00
         00 00 00 00
00000ADC 19 01 00 00        		.dd LM56-_main
00000ADE 0D 00 0A 00        		.dw 0x0d,0x0a
00000119                    	.code
                            	LM56:
00000119 40 92              		R1=0	// QImode move
0000011A 0F 9F 1C 01        		PC=L2	// jump
00000AE0                    	.debug
00000AE0 2E 00 73 00        		.dw '.stabn 0x44,0,159,',0,0
         74 00 61 00
         62 00 6E 00
         20 00 30 00
         78 00 34 00
         34 00 2C 00
         30 00 2C 00
         31 00 35 00
         39 00 2C 00
         00 00 00 00
00000AF4 1C 01 00 00        		.dd LM57-_main
00000AF6 0D 00 0A 00        		.dw 0x0d,0x0a
0000011C                    	.code
                            	LM57:
                            	LBE2:
00000AF8                    	.debug
00000AF8 2E 00 73 00        		.dw '.stabn 0x44,0,159,',0,0
         74 00 61 00
         62 00 6E 00
         20 00 30 00
         78 00 34 00
         34 00 2C 00
         30 00 2C 00
         31 00 35 00
         39 00 2C 00
         00 00 00 00
00000B0C 1C 01 00 00        		.dd LM58-_main
00000B0E 0D 00 0A 00        		.dw 0x0d,0x0a
0000011C                    	.code
                            	LM58:
                            	L2:
                            	
0000011C 41 00              		SP+=1
0000011D 88 98              		POP BP from [SP]
0000011E 90 9A              		RETF
                            		.endp	// end of main
                            	
00000B10                    	.debug
00000B10 2E 00 73 00        		.dw '.stabn 0xc0,0,0,',0,0
         74 00 61 00
         62 00 6E 00
         20 00 30 00
         78 00 63 00
         30 00 2C 00
         30 00 2C 00
         30 00 2C 00
         00 00 00 00
00000B22 07 00 00 00        		.dd LBB2-_main
00000B24 0D 00 0A 00        		.dw 0x0d,0x0a
0000011F                    	.code
00000B26                    	.debug
00000B26 2E 00 73 00        		.dw '.stabn 0xc0,0,0,',0,0
         74 00 61 00
         62 00 6E 00
         20 00 30 00
         78 00 63 00
         30 00 2C 00
         30 00 2C 00
         30 00 2C 00
         00 00 00 00
00000B38 67 00 00 00        		.dd LBB3-_main
00000B3A 0D 00 0A 00        		.dw 0x0d,0x0a
0000011F                    	.code
00000B3C                    	.debug
00000B3C 2E 00 73 00        		.dw '.stabn 0xe0,0,0,',0,0
         74 00 61 00
         62 00 6E 00
         20 00 30 00
         78 00 65 00
         30 00 2C 00
         30 00 2C 00
         30 00 2C 00
         00 00 00 00
00000B4E E9 00 00 00        		.dd LBE3-_main
00000B50 0D 00 0A 00        		.dw 0x0d,0x0a
0000011F                    	.code
00000B52                    	.debug
00000B52 2E 00 73 00        		.dw '.stabn 0xc0,0,0,',0,0
         74 00 61 00
         62 00 6E 00
         20 00 30 00
         78 00 63 00
         30 00 2C 00
         30 00 2C 00
         30 00 2C 00
         00 00 00 00
00000B64 F6 00 00 00        		.dd LBB4-_main
00000B66 0D 00 0A 00        		.dw 0x0d,0x0a
0000011F                    	.code
00000B68                    	.debug
00000B68 2E 00 73 00        		.dw '.stabn 0xe0,0,0,',0,0
         74 00 61 00
         62 00 6E 00
         20 00 30 00
         78 00 65 00
         30 00 2C 00
         30 00 2C 00
         30 00 2C 00
         00 00 00 00
00000B7A 13 01 00 00        		.dd LBE4-_main
00000B7C 0D 00 0A 00        		.dw 0x0d,0x0a
0000011F                    	.code
00000B7E                    	.debug
00000B7E 2E 00 73 00        		.dw '.stabn 0xe0,0,0,',0,0
         74 00 61 00
         62 00 6E 00
         20 00 30 00
         78 00 65 00
         30 00 2C 00
         30 00 2C 00
         30 00 2C 00
         00 00 00 00
00000B90 1C 01 00 00        		.dd LBE2-_main
00000B92 0D 00 0A 00        		.dw 0x0d,0x0a
0000011F                    	.code
00000B94                    	.debug
00000B94 2E 00 73 00        		.dw '.stabf ',0,0
         74 00 61 00
         62 00 66 00
         20 00 00 00
         00 00      
00000B9D 1F 01 00 00        		.dd LME1-_main
00000B9F 0D 00 0A 00        		.dw 0x0d,0x0a
0000011F                    	.code
                            	LME1:
00000000                    	.iram
                            	.public _Key
                            	_Key:
00000000 00 00              		.dw 0
00000001                    	.iram
                            	.public _SpeechIndex
                            	_SpeechIndex:
00000001 00 00              		.dw 0
00000002                    	.iram
                            	.public _VolumeIndex
                            	_VolumeIndex:
00000002 00 00              		.dw 0
00000003                    	.iram
                            	.public _DAC_FIR_Type
                            	_DAC_FIR_Type:
00000003 00 00              		.dw 0
00000004                    	.iram
                            	.public _PauseFlag
                            	_PauseFlag:
00000004 00 00              		.dw 0
00000005                    	.iram
                            	.public _PlayCon
                            	_PlayCon:
00000005 00 00              		.dw 0
                            	.external _System_ServiceLoop
                            	.external _SACM_A1601_ServiceLoop
                            	.external _SACM_A1601_Play_Con
                            	.external _USER_A1601_SetStartAddr_Con
                            	.external _SACM_A1601_Check_Con
                            	.external _USER_A1601_SetStartAddr
                            	.external _SACM_A1601_DA_FIRType
                            	.external _USER_A1601_Volume
                            	.external _SACM_A1601_Resume
                            	.external _SACM_A1601_Pause
                            	.external _SACM_A1601_Stop
                            	.external _SP_GetCh
                            	.external _SACM_A1601_Play
                            	.external _SACM_A1601_Initial
                            	.external _SPI_Initial
                            	.external _System_Initial
                            		.end
0 error(s), 0 warning(s).
