Generalplus u'nSP Assembler - Ver. 1.14.13.0
              Listing File Has Been Relocated
                            	// GCC for GeneralPlus u'nSP version 1.1.0.1
                            	// Command: C:\PROGRA~1\GENERA~1\UNSPID~1.1\toolchain\cc1.exe C:\DOCUME~1\chimc\LOCALS~1\Temp\ccIWk2dl.i -fkeep-inline-functions -quiet -dumpbase main.c -mglobal-var-iram -gstabs -o .\Debug/main.asm
                            		.external __sn_func_ptr_sec
                            	
                            	// gcc2_compiled.:
                            	
00000000                    	.debug
00000000 2E 00 73 00        		.dw '.stabs "V:/svn/Library/16-bit/SACM_Library/Example Code/SACM Example Code/GPCE063A Example Code/DVR4800/",0x64,0,3,',0,0,offset Ltext0,seg Ltext0,0x0d,0x0a
         74 00 61 00
         62 00 73 00
         20 00 22 00
         56 00 3A 00
         2F 00 73 00
         76 00 6E 00
         2F 00 4C 00
         69 00 62 00
         72 00 61 00
         72 00 79 00
         2F 00 31 00
         36 00 2D 00
         62 00 69 00
         74 00 2F 00
         53 00 41 00
         43 00 4D 00
         5F 00 4C 00
         69 00 62 00
         72 00 61 00
         72 00 79 00
         2F 00 45 00
         78 00 61 00
         6D 00 70 00
         6C 00 65 00
         20 00 43 00
         6F 00 64 00
         65 00 2F 00
         53 00 41 00
         43 00 4D 00
         20 00 45 00
         78 00 61 00
         6D 00 70 00
         6C 00 65 00
         20 00 43 00
         6F 00 64 00
         65 00 2F 00
         47 00 50 00
         43 00 45 00
         30 00 36 00
         33 00 41 00
         20 00 45 00
         78 00 61 00
         6D 00 70 00
         6C 00 65 00
         20 00 43 00
         6F 00 64 00
         65 00 2F 00
         44 00 56 00
         52 00 34 00
         38 00 30 00
         30 00 2F 00
         22 00 2C 00
         30 00 78 00
         36 00 34 00
         2C 00 30 00
         2C 00 33 00
         2C 00 00 00
         00 00 00 00
         00 00 0D 00
         0A 00      
0000A13D                    	.code
00000079                    	.debug
00000079 2E 00 73 00        		.dw '.stabs "V:/svn/Library/16-bit/SACM_Library/Example Code/SACM Example Code/GPCE063A Example Code/DVR4800/main.c",0x64,0,3,',0,0,offset Ltext0,seg Ltext0,0x0d,0x0a
         74 00 61 00
         62 00 73 00
         20 00 22 00
         56 00 3A 00
         2F 00 73 00
         76 00 6E 00
         2F 00 4C 00
         69 00 62 00
         72 00 61 00
         72 00 79 00
         2F 00 31 00
         36 00 2D 00
         62 00 69 00
         74 00 2F 00
         53 00 41 00
         43 00 4D 00
         5F 00 4C 00
         69 00 62 00
         72 00 61 00
         72 00 79 00
         2F 00 45 00
         78 00 61 00
         6D 00 70 00
         6C 00 65 00
         20 00 43 00
         6F 00 64 00
         65 00 2F 00
         53 00 41 00
         43 00 4D 00
         20 00 45 00
         78 00 61 00
         6D 00 70 00
         6C 00 65 00
         20 00 43 00
         6F 00 64 00
         65 00 2F 00
         47 00 50 00
         43 00 45 00
         30 00 36 00
         33 00 41 00
         20 00 45 00
         78 00 61 00
         6D 00 70 00
         6C 00 65 00
         20 00 43 00
         6F 00 64 00
         65 00 2F 00
         44 00 56 00
         52 00 34 00
         38 00 30 00
         30 00 2F 00
         6D 00 61 00
         69 00 6E 00
         2E 00 63 00
         22 00 2C 00
         30 00 78 00
         36 00 34 00
         2C 00 30 00
         2C 00 33 00
         2C 00 00 00
         00 00 00 00
         00 00 0D 00
         0A 00      
0000A13D                    	.code
0000A13D                    	.code
                            	Ltext0:
000000F8                    	.debug
000000F8 2E 00 73 00        		.dw '.stabs "int:t1=r1;-32768;32767;",128,0,0,0',0x0d,0x0a
         74 00 61 00
         62 00 73 00
         20 00 22 00
         69 00 6E 00
         74 00 3A 00
         74 00 31 00
         3D 00 72 00
         31 00 3B 00
         2D 00 33 00
         32 00 37 00
         36 00 38 00
         3B 00 33 00
         32 00 37 00
         36 00 37 00
         3B 00 22 00
         2C 00 31 00
         32 00 38 00
         2C 00 30 00
         2C 00 30 00
         2C 00 30 00
         0D 00 0A 00
0000A13D                    	.CODE
00000124                    	.debug
00000124 2E 00 73 00        		.dw '.stabs "char:t2=r2;0;127;",128,0,0,0',0x0d,0x0a
         74 00 61 00
         62 00 73 00
         20 00 22 00
         63 00 68 00
         61 00 72 00
         3A 00 74 00
         32 00 3D 00
         72 00 32 00
         3B 00 30 00
         3B 00 31 00
         32 00 37 00
         3B 00 22 00
         2C 00 31 00
         32 00 38 00
         2C 00 30 00
         2C 00 30 00
         2C 00 30 00
         0D 00 0A 00
0000A13D                    	.CODE
0000014A                    	.debug
0000014A 2E 00 73 00        		.dw '.stabs "long int:t3=r3;-2147483648;2147483647;",128,0,0,0',0x0d,0x0a
         74 00 61 00
         62 00 73 00
         20 00 22 00
         6C 00 6F 00
         6E 00 67 00
         20 00 69 00
         6E 00 74 00
         3A 00 74 00
         33 00 3D 00
         72 00 33 00
         3B 00 2D 00
         32 00 31 00
         34 00 37 00
         34 00 38 00
         33 00 36 00
         34 00 38 00
         3B 00 32 00
         31 00 34 00
         37 00 34 00
         38 00 33 00
         36 00 34 00
         37 00 3B 00
         22 00 2C 00
         31 00 32 00
         38 00 2C 00
         30 00 2C 00
         30 00 2C 00
         30 00 0D 00
         0A 00      
0000A13D                    	.CODE
00000185                    	.debug
00000185 2E 00 73 00        		.dw '.stabs "unsigned int:t4=r4;0;65535;",128,0,0,0',0x0d,0x0a
         74 00 61 00
         62 00 73 00
         20 00 22 00
         75 00 6E 00
         73 00 69 00
         67 00 6E 00
         65 00 64 00
         20 00 69 00
         6E 00 74 00
         3A 00 74 00
         34 00 3D 00
         72 00 34 00
         3B 00 30 00
         3B 00 36 00
         35 00 35 00
         33 00 35 00
         3B 00 22 00
         2C 00 31 00
         32 00 38 00
         2C 00 30 00
         2C 00 30 00
         2C 00 30 00
         0D 00 0A 00
0000A13D                    	.CODE
000001B5                    	.debug
000001B5 2E 00 73 00        		.dw '.stabs "long unsigned int:t5=r5;0;4294967295;",128,0,0,0',0x0d,0x0a
         74 00 61 00
         62 00 73 00
         20 00 22 00
         6C 00 6F 00
         6E 00 67 00
         20 00 75 00
         6E 00 73 00
         69 00 67 00
         6E 00 65 00
         64 00 20 00
         69 00 6E 00
         74 00 3A 00
         74 00 35 00
         3D 00 72 00
         35 00 3B 00
         30 00 3B 00
         34 00 32 00
         39 00 34 00
         39 00 36 00
         37 00 32 00
         39 00 35 00
         3B 00 22 00
         2C 00 31 00
         32 00 38 00
         2C 00 30 00
         2C 00 30 00
         2C 00 30 00
         0D 00 0A 00
0000A13D                    	.CODE
000001EF                    	.debug
000001EF 2E 00 73 00        		.dw '.stabs "long long int:t6=r6;-2147483648;2147483647;",128,0,0,0',0x0d,0x0a
         74 00 61 00
         62 00 73 00
         20 00 22 00
         6C 00 6F 00
         6E 00 67 00
         20 00 6C 00
         6F 00 6E 00
         67 00 20 00
         69 00 6E 00
         74 00 3A 00
         74 00 36 00
         3D 00 72 00
         36 00 3B 00
         2D 00 32 00
         31 00 34 00
         37 00 34 00
         38 00 33 00
         36 00 34 00
         38 00 3B 00
         32 00 31 00
         34 00 37 00
         34 00 38 00
         33 00 36 00
         34 00 37 00
         3B 00 22 00
         2C 00 31 00
         32 00 38 00
         2C 00 30 00
         2C 00 30 00
         2C 00 30 00
         0D 00 0A 00
0000A13D                    	.CODE
0000022F                    	.debug
0000022F 2E 00 73 00        		.dw '.stabs "long long unsigned int:t7=r7;0;4294967295;",128,0,0,0',0x0d,0x0a
         74 00 61 00
         62 00 73 00
         20 00 22 00
         6C 00 6F 00
         6E 00 67 00
         20 00 6C 00
         6F 00 6E 00
         67 00 20 00
         75 00 6E 00
         73 00 69 00
         67 00 6E 00
         65 00 64 00
         20 00 69 00
         6E 00 74 00
         3A 00 74 00
         37 00 3D 00
         72 00 37 00
         3B 00 30 00
         3B 00 34 00
         32 00 39 00
         34 00 39 00
         36 00 37 00
         32 00 39 00
         35 00 3B 00
         22 00 2C 00
         31 00 32 00
         38 00 2C 00
         30 00 2C 00
         30 00 2C 00
         30 00 0D 00
         0A 00      
0000A13D                    	.CODE
0000026E                    	.debug
0000026E 2E 00 73 00        		.dw '.stabs "short int:t8=r8;-32768;32767;",128,0,0,0',0x0d,0x0a
         74 00 61 00
         62 00 73 00
         20 00 22 00
         73 00 68 00
         6F 00 72 00
         74 00 20 00
         69 00 6E 00
         74 00 3A 00
         74 00 38 00
         3D 00 72 00
         38 00 3B 00
         2D 00 33 00
         32 00 37 00
         36 00 38 00
         3B 00 33 00
         32 00 37 00
         36 00 37 00
         3B 00 22 00
         2C 00 31 00
         32 00 38 00
         2C 00 30 00
         2C 00 30 00
         2C 00 30 00
         0D 00 0A 00
0000A13D                    	.CODE
000002A0                    	.debug
000002A0 2E 00 73 00        		.dw '.stabs "short unsigned int:t9=r9;0;65535;",128,0,0,0',0x0d,0x0a
         74 00 61 00
         62 00 73 00
         20 00 22 00
         73 00 68 00
         6F 00 72 00
         74 00 20 00
         75 00 6E 00
         73 00 69 00
         67 00 6E 00
         65 00 64 00
         20 00 69 00
         6E 00 74 00
         3A 00 74 00
         39 00 3D 00
         72 00 39 00
         3B 00 30 00
         3B 00 36 00
         35 00 35 00
         33 00 35 00
         3B 00 22 00
         2C 00 31 00
         32 00 38 00
         2C 00 30 00
         2C 00 30 00
         2C 00 30 00
         0D 00 0A 00
0000A13D                    	.CODE
000002D6                    	.debug
000002D6 2E 00 73 00        		.dw '.stabs "signed char:t10=r10;-32768;32767;",128,0,0,0',0x0d,0x0a
         74 00 61 00
         62 00 73 00
         20 00 22 00
         73 00 69 00
         67 00 6E 00
         65 00 64 00
         20 00 63 00
         68 00 61 00
         72 00 3A 00
         74 00 31 00
         30 00 3D 00
         72 00 31 00
         30 00 3B 00
         2D 00 33 00
         32 00 37 00
         36 00 38 00
         3B 00 33 00
         32 00 37 00
         36 00 37 00
         3B 00 22 00
         2C 00 31 00
         32 00 38 00
         2C 00 30 00
         2C 00 30 00
         2C 00 30 00
         0D 00 0A 00
0000A13D                    	.CODE
0000030C                    	.debug
0000030C 2E 00 73 00        		.dw '.stabs "unsigned char:t11=r11;0;65535;",128,0,0,0',0x0d,0x0a
         74 00 61 00
         62 00 73 00
         20 00 22 00
         75 00 6E 00
         73 00 69 00
         67 00 6E 00
         65 00 64 00
         20 00 63 00
         68 00 61 00
         72 00 3A 00
         74 00 31 00
         31 00 3D 00
         72 00 31 00
         31 00 3B 00
         30 00 3B 00
         36 00 35 00
         35 00 33 00
         35 00 3B 00
         22 00 2C 00
         31 00 32 00
         38 00 2C 00
         30 00 2C 00
         30 00 2C 00
         30 00 0D 00
         0A 00      
0000A13D                    	.CODE
0000033F                    	.debug
0000033F 2E 00 73 00        		.dw '.stabs "float:t12=r1;2;0;",128,0,0,0',0x0d,0x0a
         74 00 61 00
         62 00 73 00
         20 00 22 00
         66 00 6C 00
         6F 00 61 00
         74 00 3A 00
         74 00 31 00
         32 00 3D 00
         72 00 31 00
         3B 00 32 00
         3B 00 30 00
         3B 00 22 00
         2C 00 31 00
         32 00 38 00
         2C 00 30 00
         2C 00 30 00
         2C 00 30 00
         0D 00 0A 00
0000A13D                    	.CODE
00000365                    	.debug
00000365 2E 00 73 00        		.dw '.stabs "double:t13=r1;2;0;",128,0,0,0',0x0d,0x0a
         74 00 61 00
         62 00 73 00
         20 00 22 00
         64 00 6F 00
         75 00 62 00
         6C 00 65 00
         3A 00 74 00
         31 00 33 00
         3D 00 72 00
         31 00 3B 00
         32 00 3B 00
         30 00 3B 00
         22 00 2C 00
         31 00 32 00
         38 00 2C 00
         30 00 2C 00
         30 00 2C 00
         30 00 0D 00
         0A 00      
0000A13D                    	.CODE
0000038C                    	.debug
0000038C 2E 00 73 00        		.dw '.stabs "long double:t14=r1;2;0;",128,0,0,0',0x0d,0x0a
         74 00 61 00
         62 00 73 00
         20 00 22 00
         6C 00 6F 00
         6E 00 67 00
         20 00 64 00
         6F 00 75 00
         62 00 6C 00
         65 00 3A 00
         74 00 31 00
         34 00 3D 00
         72 00 31 00
         3B 00 32 00
         3B 00 30 00
         3B 00 22 00
         2C 00 31 00
         32 00 38 00
         2C 00 30 00
         2C 00 30 00
         2C 00 30 00
         0D 00 0A 00
0000A13D                    	.CODE
000003B8                    	.debug
000003B8 2E 00 73 00        		.dw '.stabs "complex int:t15=s2real:1,0,16;imag:1,16,16;;",128,0,0,0',0x0d,0x0a
         74 00 61 00
         62 00 73 00
         20 00 22 00
         63 00 6F 00
         6D 00 70 00
         6C 00 65 00
         78 00 20 00
         69 00 6E 00
         74 00 3A 00
         74 00 31 00
         35 00 3D 00
         73 00 32 00
         72 00 65 00
         61 00 6C 00
         3A 00 31 00
         2C 00 30 00
         2C 00 31 00
         36 00 3B 00
         69 00 6D 00
         61 00 67 00
         3A 00 31 00
         2C 00 31 00
         36 00 2C 00
         31 00 36 00
         3B 00 3B 00
         22 00 2C 00
         31 00 32 00
         38 00 2C 00
         30 00 2C 00
         30 00 2C 00
         30 00 0D 00
         0A 00      
0000A13D                    	.CODE
000003F9                    	.debug
000003F9 2E 00 73 00        		.dw '.stabs "complex float:t16=r16;2;0;",128,0,0,0',0x0d,0x0a
         74 00 61 00
         62 00 73 00
         20 00 22 00
         63 00 6F 00
         6D 00 70 00
         6C 00 65 00
         78 00 20 00
         66 00 6C 00
         6F 00 61 00
         74 00 3A 00
         74 00 31 00
         36 00 3D 00
         72 00 31 00
         36 00 3B 00
         32 00 3B 00
         30 00 3B 00
         22 00 2C 00
         31 00 32 00
         38 00 2C 00
         30 00 2C 00
         30 00 2C 00
         30 00 0D 00
         0A 00      
0000A13D                    	.CODE
00000428                    	.debug
00000428 2E 00 73 00        		.dw '.stabs "complex double:t17=r17;2;0;",128,0,0,0',0x0d,0x0a
         74 00 61 00
         62 00 73 00
         20 00 22 00
         63 00 6F 00
         6D 00 70 00
         6C 00 65 00
         78 00 20 00
         64 00 6F 00
         75 00 62 00
         6C 00 65 00
         3A 00 74 00
         31 00 37 00
         3D 00 72 00
         31 00 37 00
         3B 00 32 00
         3B 00 30 00
         3B 00 22 00
         2C 00 31 00
         32 00 38 00
         2C 00 30 00
         2C 00 30 00
         2C 00 30 00
         0D 00 0A 00
0000A13D                    	.CODE
00000458                    	.debug
00000458 2E 00 73 00        		.dw '.stabs "complex long double:t18=r18;2;0;",128,0,0,0',0x0d,0x0a
         74 00 61 00
         62 00 73 00
         20 00 22 00
         63 00 6F 00
         6D 00 70 00
         6C 00 65 00
         78 00 20 00
         6C 00 6F 00
         6E 00 67 00
         20 00 64 00
         6F 00 75 00
         62 00 6C 00
         65 00 3A 00
         74 00 31 00
         38 00 3D 00
         72 00 31 00
         38 00 3B 00
         32 00 3B 00
         30 00 3B 00
         22 00 2C 00
         31 00 32 00
         38 00 2C 00
         30 00 2C 00
         30 00 2C 00
         30 00 0D 00
         0A 00      
0000A13D                    	.CODE
0000048D                    	.debug
0000048D 2E 00 73 00        		.dw '.stabs "void:t19=19",128,0,0,0',0x0d,0x0a
         74 00 61 00
         62 00 73 00
         20 00 22 00
         76 00 6F 00
         69 00 64 00
         3A 00 74 00
         31 00 39 00
         3D 00 31 00
         39 00 22 00
         2C 00 31 00
         32 00 38 00
         2C 00 30 00
         2C 00 30 00
         2C 00 30 00
         0D 00 0A 00
0000A13D                    	.CODE
000004AD                    	.debug
000004AD 2E 00 73 00        		.dw '.stabs "Key:G4",32,0,0,',0,0,offset _Key,seg _Key,0x0d,0x0a
         74 00 61 00
         62 00 73 00
         20 00 22 00
         4B 00 65 00
         79 00 3A 00
         47 00 34 00
         22 00 2C 00
         33 00 32 00
         2C 00 30 00
         2C 00 30 00
         2C 00 00 00
         00 00 00 00
         00 00 0D 00
         0A 00      
0000A13D                    	.CODE
000004CA                    	.debug
000004CA 2E 00 73 00        		.dw '.stabs "SpeechIndex:G4",32,0,0,',0,0,offset _SpeechIndex,seg _SpeechIndex,0x0d,0x0a
         74 00 61 00
         62 00 73 00
         20 00 22 00
         53 00 70 00
         65 00 65 00
         63 00 68 00
         49 00 6E 00
         64 00 65 00
         78 00 3A 00
         47 00 34 00
         22 00 2C 00
         33 00 32 00
         2C 00 30 00
         2C 00 30 00
         2C 00 00 00
         00 00 01 00
         00 00 0D 00
         0A 00      
0000A13D                    	.CODE
000004EF                    	.debug
000004EF 2E 00 73 00        		.dw '.stabs "VolumeIndex:G4",32,0,0,',0,0,offset _VolumeIndex,seg _VolumeIndex,0x0d,0x0a
         74 00 61 00
         62 00 73 00
         20 00 22 00
         56 00 6F 00
         6C 00 75 00
         6D 00 65 00
         49 00 6E 00
         64 00 65 00
         78 00 3A 00
         47 00 34 00
         22 00 2C 00
         33 00 32 00
         2C 00 30 00
         2C 00 30 00
         2C 00 00 00
         00 00 02 00
         00 00 0D 00
         0A 00      
0000A13D                    	.CODE
00000514                    	.debug
00000514 2E 00 73 00        		.dw '.stabs "BitRate:G4",32,0,0,',0,0,offset _BitRate,seg _BitRate,0x0d,0x0a
         74 00 61 00
         62 00 73 00
         20 00 22 00
         42 00 69 00
         74 00 52 00
         61 00 74 00
         65 00 3A 00
         47 00 34 00
         22 00 2C 00
         33 00 32 00
         2C 00 30 00
         2C 00 30 00
         2C 00 00 00
         00 00 03 00
         00 00 0D 00
         0A 00      
0000A13D                    	.CODE
00000535                    	.debug
00000535 2E 00 73 00        		.dw '.stabs "ADC_Channel:G4",32,0,0,',0,0,offset _ADC_Channel,seg _ADC_Channel,0x0d,0x0a
         74 00 61 00
         62 00 73 00
         20 00 22 00
         41 00 44 00
         43 00 5F 00
         43 00 68 00
         61 00 6E 00
         6E 00 65 00
         6C 00 3A 00
         47 00 34 00
         22 00 2C 00
         33 00 32 00
         2C 00 30 00
         2C 00 30 00
         2C 00 00 00
         00 00 04 00
         00 00 0D 00
         0A 00      
0000A13D                    	.CODE
0000055A                    	.debug
0000055A 2E 00 73 00        		.dw '.stabs "ADC_FIR_Type:G4",32,0,0,',0,0,offset _ADC_FIR_Type,seg _ADC_FIR_Type,0x0d,0x0a
         74 00 61 00
         62 00 73 00
         20 00 22 00
         41 00 44 00
         43 00 5F 00
         46 00 49 00
         52 00 5F 00
         54 00 79 00
         70 00 65 00
         3A 00 47 00
         34 00 22 00
         2C 00 33 00
         32 00 2C 00
         30 00 2C 00
         30 00 2C 00
         00 00 00 00
         05 00 00 00
         0D 00 0A 00
0000A13D                    	.CODE
00000580                    	.debug
00000580 2E 00 73 00        		.dw '.stabs "DAC_FIR_Type:G4",32,0,0,',0,0,offset _DAC_FIR_Type,seg _DAC_FIR_Type,0x0d,0x0a
         74 00 61 00
         62 00 73 00
         20 00 22 00
         44 00 41 00
         43 00 5F 00
         46 00 49 00
         52 00 5F 00
         54 00 79 00
         70 00 65 00
         3A 00 47 00
         34 00 22 00
         2C 00 33 00
         32 00 2C 00
         30 00 2C 00
         30 00 2C 00
         00 00 00 00
         06 00 00 00
         0D 00 0A 00
0000A13D                    	.CODE
000005A6                    	.debug
000005A6 2E 00 73 00        		.dw '.stabs "PauseFlag:G4",32,0,0,',0,0,offset _PauseFlag,seg _PauseFlag,0x0d,0x0a
         74 00 61 00
         62 00 73 00
         20 00 22 00
         50 00 61 00
         75 00 73 00
         65 00 46 00
         6C 00 61 00
         67 00 3A 00
         47 00 34 00
         22 00 2C 00
         33 00 32 00
         2C 00 30 00
         2C 00 30 00
         2C 00 00 00
         00 00 07 00
         00 00 0D 00
         0A 00      
0000A13D                    	.CODE
000005C9                    	.debug
000005C9 2E 00 73 00        		.dw '.stabs "PlayCon:G4",32,0,0,',0,0,offset _PlayCon,seg _PlayCon,0x0d,0x0a
         74 00 61 00
         62 00 73 00
         20 00 22 00
         50 00 6C 00
         61 00 79 00
         43 00 6F 00
         6E 00 3A 00
         47 00 34 00
         22 00 2C 00
         33 00 32 00
         2C 00 30 00
         2C 00 30 00
         2C 00 00 00
         00 00 08 00
         00 00 0D 00
         0A 00      
0000A13D                    	.CODE
000005EA                    	.debug
000005EA 2E 00 73 00        		.dw '.stabs "Mode:G4",32,0,0,',0,0,offset _Mode,seg _Mode,0x0d,0x0a
         74 00 61 00
         62 00 73 00
         20 00 22 00
         4D 00 6F 00
         64 00 65 00
         3A 00 47 00
         34 00 22 00
         2C 00 33 00
         32 00 2C 00
         30 00 2C 00
         30 00 2C 00
         00 00 00 00
         09 00 00 00
         0D 00 0A 00
0000A13D                    	.CODE
0000A13D                    	.code
00000608                    	.debug
00000608 2E 00 73 00        		.dw '.stabs "main:F1",36,0,0,',0,0,offset _main,seg _main,0x0d,0x0a
         74 00 61 00
         62 00 73 00
         20 00 22 00
         6D 00 61 00
         69 00 6E 00
         3A 00 46 00
         31 00 22 00
         2C 00 33 00
         36 00 2C 00
         30 00 2C 00
         30 00 2C 00
         00 00 00 00
         00 00 00 00
         0D 00 0A 00
0000A13D                    	.CODE
                            	.public _main
                            	_main:	.proc
00000626                    	.debug
00000626 2E 00 73 00        		.dw '.stabn 0x44,0,102,',0,0
         74 00 61 00
         62 00 6E 00
         20 00 30 00
         78 00 34 00
         34 00 2C 00
         30 00 2C 00
         31 00 30 00
         32 00 2C 00
         00 00 00 00
0000063A 00 00 00 00        		.dd LM1-_main
0000063C 0D 00 0A 00        		.dw 0x0d,0x0a
0000A13D                    	.code
                            	LM1:
                            		// total=1, vars=1
                            		// frame_pointer_needed: 1
0000063E                    	.debug
0000063E 2E 00 73 00        		.dw '.stabn 0xa6,0,0,1',0x0d, 0x0a
         74 00 61 00
         62 00 6E 00
         20 00 30 00
         78 00 61 00
         36 00 2C 00
         30 00 2C 00
         30 00 2C 00
         31 00 0D 00
         0A 00      
0000A13D                    	.code
0000A13D 88 DA              		PUSH BP to [SP]
0000A13E 41 20              		SP-=1
0000A13F 08 0B 01 00        		BP=SP+1
                            	
0000A141 0D 03 04 00        		R1=BP+4
0000A143 C5 D2              		[BP]=R1	// QImode move
00000651                    	.debug
00000651 2E 00 73 00        		.dw '.stabn 0x44,0,103,',0,0
         74 00 61 00
         62 00 6E 00
         20 00 30 00
         78 00 34 00
         34 00 2C 00
         30 00 2C 00
         31 00 30 00
         33 00 2C 00
         00 00 00 00
00000665 07 00 00 00        		.dd LM2-_main
00000667 0D 00 0A 00        		.dw 0x0d,0x0a
0000A144                    	.code
                            	LM2:
                            	LBB2:
0000A144 40 92              		R1=0	// QImode move
0000A145 19 D3 1B 04        		[_Key]=R1	// QImode move
00000669                    	.debug
00000669 2E 00 73 00        		.dw '.stabn 0x44,0,104,',0,0
         74 00 61 00
         62 00 6E 00
         20 00 30 00
         78 00 34 00
         34 00 2C 00
         30 00 2C 00
         31 00 30 00
         34 00 2C 00
         00 00 00 00
0000067D 0A 00 00 00        		.dd LM3-_main
0000067F 0D 00 0A 00        		.dw 0x0d,0x0a
0000A147                    	.code
                            	LM3:
0000A147 40 92              		R1=0	// QImode move
0000A148 19 D3 1C 04        		[_SpeechIndex]=R1	// QImode move
00000681                    	.debug
00000681 2E 00 73 00        		.dw '.stabn 0x44,0,105,',0,0
         74 00 61 00
         62 00 6E 00
         20 00 30 00
         78 00 34 00
         34 00 2C 00
         30 00 2C 00
         31 00 30 00
         35 00 2C 00
         00 00 00 00
00000695 0D 00 00 00        		.dd LM4-_main
00000697 0D 00 0A 00        		.dw 0x0d,0x0a
0000A14A                    	.code
                            	LM4:
0000A14A 49 92              		R1=9	// QImode move
0000A14B 19 D3 1D 04        		[_VolumeIndex]=R1	// QImode move
00000699                    	.debug
00000699 2E 00 73 00        		.dw '.stabn 0x44,0,106,',0,0
         74 00 61 00
         62 00 6E 00
         20 00 30 00
         78 00 34 00
         34 00 2C 00
         30 00 2C 00
         31 00 30 00
         36 00 2C 00
         00 00 00 00
000006AD 10 00 00 00        		.dd LM5-_main
000006AF 0D 00 0A 00        		.dw 0x0d,0x0a
0000A14D                    	.code
                            	LM5:
0000A14D 40 92              		R1=0	// QImode move
0000A14E 19 D3 22 04        		[_PauseFlag]=R1	// QImode move
000006B1                    	.debug
000006B1 2E 00 73 00        		.dw '.stabn 0x44,0,107,',0,0
         74 00 61 00
         62 00 6E 00
         20 00 30 00
         78 00 34 00
         34 00 2C 00
         30 00 2C 00
         31 00 30 00
         37 00 2C 00
         00 00 00 00
000006C5 13 00 00 00        		.dd LM6-_main
000006C7 0D 00 0A 00        		.dw 0x0d,0x0a
0000A150                    	.code
                            	LM6:
0000A150 42 92              		R1=2	// QImode move
0000A151 19 D3 21 04        		[_DAC_FIR_Type]=R1	// QImode move
000006C9                    	.debug
000006C9 2E 00 73 00        		.dw '.stabn 0x44,0,108,',0,0
         74 00 61 00
         62 00 6E 00
         20 00 30 00
         78 00 34 00
         34 00 2C 00
         30 00 2C 00
         31 00 30 00
         38 00 2C 00
         00 00 00 00
000006DD 16 00 00 00        		.dd LM7-_main
000006DF 0D 00 0A 00        		.dw 0x0d,0x0a
0000A153                    	.code
                            	LM7:
0000A153 40 92              		R1=0	// QImode move
0000A154 19 D3 20 04        		[_ADC_FIR_Type]=R1	// QImode move
000006E1                    	.debug
000006E1 2E 00 73 00        		.dw '.stabn 0x44,0,109,',0,0
         74 00 61 00
         62 00 6E 00
         20 00 30 00
         78 00 34 00
         34 00 2C 00
         30 00 2C 00
         31 00 30 00
         39 00 2C 00
         00 00 00 00
000006F5 19 00 00 00        		.dd LM8-_main
000006F7 0D 00 0A 00        		.dw 0x0d,0x0a
0000A156                    	.code
                            	LM8:
0000A156 40 92              		R1=0	// QImode move
0000A157 19 D3 23 04        		[_PlayCon]=R1	// QImode move
000006F9                    	.debug
000006F9 2E 00 73 00        		.dw '.stabn 0x44,0,110,',0,0
         74 00 61 00
         62 00 6E 00
         20 00 30 00
         78 00 34 00
         34 00 2C 00
         30 00 2C 00
         31 00 31 00
         30 00 2C 00
         00 00 00 00
0000070D 1C 00 00 00        		.dd LM9-_main
0000070F 0D 00 0A 00        		.dw 0x0d,0x0a
0000A159                    	.code
                            	LM9:
0000A159 40 92              		R1=0	// QImode move
0000A15A 19 D3 24 04        		[_Mode]=R1	// QImode move
00000711                    	.debug
00000711 2E 00 73 00        		.dw '.stabn 0x44,0,112,',0,0
         74 00 61 00
         62 00 6E 00
         20 00 30 00
         78 00 34 00
         34 00 2C 00
         30 00 2C 00
         31 00 31 00
         32 00 2C 00
         00 00 00 00
00000725 1F 00 00 00        		.dd LM10-_main
00000727 0D 00 0A 00        		.dw 0x0d,0x0a
0000A15C                    	.code
                            	LM10:
0000A15C 40 F0 EA A4        		CALL _System_Initial	// call without return value
00000729                    	.debug
00000729 2E 00 73 00        		.dw '.stabn 0x44,0,113,',0,0
         74 00 61 00
         62 00 6E 00
         20 00 30 00
         78 00 34 00
         34 00 2C 00
         30 00 2C 00
         31 00 31 00
         33 00 2C 00
         00 00 00 00
0000073D 21 00 00 00        		.dd LM11-_main
0000073F 0D 00 0A 00        		.dw 0x0d,0x0a
0000A15E                    	.code
                            	LM11:
0000A15E 40 F0 39 9F        		CALL _SPI_Initial	// call with return value
00000741                    	.debug
00000741 2E 00 73 00        		.dw '.stabn 0x44,0,114,',0,0
         74 00 61 00
         62 00 6E 00
         20 00 30 00
         78 00 34 00
         34 00 2C 00
         30 00 2C 00
         31 00 31 00
         34 00 2C 00
         00 00 00 00
00000755 23 00 00 00        		.dd LM12-_main
00000757 0D 00 0A 00        		.dw 0x0d,0x0a
0000A160                    	.code
                            	LM12:
0000A160 40 F0 F0 9C        		CALL _SACM_DVR4800_Initial	// call without return value
00000759                    	.debug
00000759 2E 00 73 00        		.dw '.stabn 0x44,0,115,',0,0
         74 00 61 00
         62 00 6E 00
         20 00 30 00
         78 00 34 00
         34 00 2C 00
         30 00 2C 00
         31 00 31 00
         35 00 2C 00
         00 00 00 00
0000076D 25 00 00 00        		.dd LM13-_main
0000076F 0D 00 0A 00        		.dw 0x0d,0x0a
0000A162                    	.code
                            	LM13:
0000A162 43 92              		R1=3	// QImode move
0000A163 C8 D2              		[SP--]=R1	// QImode move
0000A164 43 92              		R1=3	// QImode move
0000A165 C8 D2              		[SP--]=R1	// QImode move
0000A166 11 93 1C 04        		R1=[_SpeechIndex]	// QImode move
0000A168 C8 D2              		[SP--]=R1	// QImode move
0000A169 40 F0 2F 9D        		CALL _SACM_DVR4800_Play	// call without return value
0000A16B 43 00              		SP = SP + 3	//SP
00000771                    	.debug
00000771 2E 00 73 00        		.dw '.stabn 0x44,0,116,',0,0
         74 00 61 00
         62 00 6E 00
         20 00 30 00
         78 00 34 00
         34 00 2C 00
         30 00 2C 00
         31 00 31 00
         36 00 2C 00
         00 00 00 00
00000785 2F 00 00 00        		.dd LM14-_main
00000787 0D 00 0A 00        		.dw 0x0d,0x0a
0000A16C                    	.code
                            	LM14:
                            	L3:
0000A16C 0F 9F 70 A1        		PC=L5	// jump
0000A16E 0F 9F 9D A2        		PC=L4	// jump
                            	L5:
00000789                    	.debug
00000789 2E 00 73 00        		.dw '.stabn 0x44,0,118,',0,0
         74 00 61 00
         62 00 6E 00
         20 00 30 00
         78 00 34 00
         34 00 2C 00
         30 00 2C 00
         31 00 31 00
         38 00 2C 00
         00 00 00 00
0000079D 33 00 00 00        		.dd LM15-_main
0000079F 0D 00 0A 00        		.dw 0x0d,0x0a
0000A170                    	.code
                            	LM15:
0000A170 40 F0 46 A5        		CALL _SP_GetCh	// call with return value
0000A172 19 D3 1B 04        		[_Key]=R1	// QImode move
000007A1                    	.debug
000007A1 2E 00 73 00        		.dw '.stabn 0x44,0,119,',0,0
         74 00 61 00
         62 00 6E 00
         20 00 30 00
         78 00 34 00
         34 00 2C 00
         30 00 2C 00
         31 00 31 00
         39 00 2C 00
         00 00 00 00
000007B5 37 00 00 00        		.dd LM16-_main
000007B7 0D 00 0A 00        		.dw 0x0d,0x0a
0000A174                    	.code
                            	LM16:
0000A174 11 93 1B 04        		R1=[_Key]	// QImode move
0000A176 48 42              		CMP R1,8	// QImode compare
0000A177 02 4E 0F 9F        		NSJZ L11	//QImode EQ
         F0 A1      
0000A17A 48 42              		CMP R1,8	// QImode compare
0000A17B 14 9E 01 EE        		NSJA L23	//QImode GTU
         00 EE      
0000A17E 41 42              		CMP R1,1	// QImode compare
0000A17F 2C 5E 01 EE        		NSJZ L8	//QImode EQ
         00 EE      
0000A182 41 42              		CMP R1,1	// QImode compare
0000A183 26 0E 01 EE        		NSJB L7	//QImode LTU
         00 EE      
0000A186 42 42              		CMP R1,2	// QImode compare
0000A187 02 4E 0F 9F        		NSJZ L9	//QImode EQ
         D1 A1      
0000A18A 44 42              		CMP R1,4	// QImode compare
0000A18B 02 4E 0F 9F        		NSJZ L10	//QImode EQ
         D8 A1      
0000A18E 0F 9F 69 A2        		PC=L21	// jump
                            	L23:
0000A190 60 42              		CMP R1,32	// QImode compare
0000A191 02 4E 0F 9F        		NSJZ L16	//QImode EQ
         23 A2      
0000A194 60 42              		CMP R1,32	// QImode compare
0000A195 08 9E 01 EE        		NSJA L24	//QImode GTU
         00 EE      
0000A198 50 42              		CMP R1,16	// QImode compare
0000A199 02 4E 0F 9F        		NSJZ L13	//QImode EQ
         10 A2      
0000A19C 0F 9F 69 A2        		PC=L21	// jump
                            	L24:
0000A19E 09 43 40 00        		CMP R1,64	// QImode compare
0000A1A0 02 4E 0F 9F        		NSJZ L18	//QImode EQ
         39 A2      
0000A1A3 09 43 80 00        		CMP R1,128	// QImode compare
0000A1A5 02 4E 0F 9F        		NSJZ L20	//QImode EQ
         4F A2      
0000A1A8 0F 9F 69 A2        		PC=L21	// jump
                            	LBB3:
                            	L7:
000007B9                    	.debug
000007B9 2E 00 73 00        		.dw '.stabn 0x44,0,122,',0,0
         74 00 61 00
         62 00 6E 00
         20 00 30 00
         78 00 34 00
         34 00 2C 00
         30 00 2C 00
         31 00 32 00
         32 00 2C 00
         00 00 00 00
000007CD 6D 00 00 00        		.dd LM17-_main
000007CF 0D 00 0A 00        		.dw 0x0d,0x0a
0000A1AA                    	.code
                            	LM17:
0000A1AA 0F 9F 6B A2        		PC=L6	// jump
                            	L8:
000007D1                    	.debug
000007D1 2E 00 73 00        		.dw '.stabn 0x44,0,125,',0,0
         74 00 61 00
         62 00 6E 00
         20 00 30 00
         78 00 34 00
         34 00 2C 00
         30 00 2C 00
         31 00 32 00
         35 00 2C 00
         00 00 00 00
000007E5 6F 00 00 00        		.dd LM18-_main
000007E7 0D 00 0A 00        		.dw 0x0d,0x0a
0000A1AC                    	.code
                            	LM18:
0000A1AC 40 92              		R1=0	// QImode move
0000A1AD 19 D3 23 04        		[_PlayCon]=R1	// QImode move
000007E9                    	.debug
000007E9 2E 00 73 00        		.dw '.stabn 0x44,0,126,',0,0
         74 00 61 00
         62 00 6E 00
         20 00 30 00
         78 00 34 00
         34 00 2C 00
         30 00 2C 00
         31 00 32 00
         36 00 2C 00
         00 00 00 00
000007FD 72 00 00 00        		.dd LM19-_main
000007FF 0D 00 0A 00        		.dw 0x0d,0x0a
0000A1AF                    	.code
                            	LM19:
0000A1AF 41 92              		R1=1	// QImode move
0000A1B0 19 D3 24 04        		[_Mode]=R1	// QImode move
00000801                    	.debug
00000801 2E 00 73 00        		.dw '.stabn 0x44,0,127,',0,0
         74 00 61 00
         62 00 6E 00
         20 00 30 00
         78 00 34 00
         34 00 2C 00
         30 00 2C 00
         31 00 32 00
         37 00 2C 00
         00 00 00 00
00000815 75 00 00 00        		.dd LM20-_main
00000817 0D 00 0A 00        		.dw 0x0d,0x0a
0000A1B2                    	.code
                            	LM20:
0000A1B2 40 92              		R1=0	// QImode move
0000A1B3 C8 D2              		[SP--]=R1	// QImode move
0000A1B4 40 F0 D0 A0        		CALL _SPI_Flash_Sector_Erase	// call with return value
0000A1B6 41 00              		SP = SP + 1	//SP
00000819                    	.debug
00000819 2E 00 73 00        		.dw '.stabn 0x44,0,129,',0,0
         74 00 61 00
         62 00 6E 00
         20 00 30 00
         78 00 34 00
         34 00 2C 00
         30 00 2C 00
         31 00 32 00
         39 00 2C 00
         00 00 00 00
0000082D 7A 00 00 00        		.dd LM21-_main
0000082F 0D 00 0A 00        		.dw 0x0d,0x0a
0000A1B7                    	.code
                            	LM21:
0000A1B7 40 92              		R1=0	// QImode move
0000A1B8 C8 D2              		[SP--]=R1	// QImode move
0000A1B9 44 92              		R1=4	// QImode move
0000A1BA C8 D2              		[SP--]=R1	// QImode move
0000A1BB 40 F0 63 A4        		CALL _USER_DVR4800_SetStartAddr	// call with return value
0000A1BD 42 00              		SP = SP + 2	//SP
00000831                    	.debug
00000831 2E 00 73 00        		.dw '.stabn 0x44,0,130,',0,0
         74 00 61 00
         62 00 6E 00
         20 00 30 00
         78 00 34 00
         34 00 2C 00
         30 00 2C 00
         31 00 33 00
         30 00 2C 00
         00 00 00 00
00000845 81 00 00 00        		.dd LM22-_main
00000847 0D 00 0A 00        		.dw 0x0d,0x0a
0000A1BE                    	.code
                            	LM22:
0000A1BE 44 92              		R1=4	// QImode move
0000A1BF 19 D3 1E 04        		[_BitRate]=R1	// QImode move
00000849                    	.debug
00000849 2E 00 73 00        		.dw '.stabn 0x44,0,132,',0,0
         74 00 61 00
         62 00 6E 00
         20 00 30 00
         78 00 34 00
         34 00 2C 00
         30 00 2C 00
         31 00 33 00
         32 00 2C 00
         00 00 00 00
0000085D 84 00 00 00        		.dd LM23-_main
0000085F 0D 00 0A 00        		.dw 0x0d,0x0a
0000A1C1                    	.code
                            	LM23:
0000A1C1 41 92              		R1=1	// QImode move
0000A1C2 19 D3 1F 04        		[_ADC_Channel]=R1	// QImode move
00000861                    	.debug
00000861 2E 00 73 00        		.dw '.stabn 0x44,0,133,',0,0
         74 00 61 00
         62 00 6E 00
         20 00 30 00
         78 00 34 00
         34 00 2C 00
         30 00 2C 00
         31 00 33 00
         33 00 2C 00
         00 00 00 00
00000875 87 00 00 00        		.dd LM24-_main
00000877 0D 00 0A 00        		.dw 0x0d,0x0a
0000A1C4                    	.code
                            	LM24:
0000A1C4 11 93 1E 04        		R1=[_BitRate]	// QImode move
0000A1C6 C8 D2              		[SP--]=R1	// QImode move
0000A1C7 11 93 1F 04        		R1=[_ADC_Channel]	// QImode move
0000A1C9 C8 D2              		[SP--]=R1	// QImode move
0000A1CA 40 92              		R1=0	// QImode move
0000A1CB C8 D2              		[SP--]=R1	// QImode move
0000A1CC 40 F0 37 9E        		CALL _SACM_DVR4800_Rec	// call without return value
0000A1CE 43 00              		SP = SP + 3	//SP
00000879                    	.debug
00000879 2E 00 73 00        		.dw '.stabn 0x44,0,134,',0,0
         74 00 61 00
         62 00 6E 00
         20 00 30 00
         78 00 34 00
         34 00 2C 00
         30 00 2C 00
         31 00 33 00
         34 00 2C 00
         00 00 00 00
0000088D 92 00 00 00        		.dd LM25-_main
0000088F 0D 00 0A 00        		.dw 0x0d,0x0a
0000A1CF                    	.code
                            	LM25:
0000A1CF 0F 9F 6B A2        		PC=L6	// jump
                            	L9:
00000891                    	.debug
00000891 2E 00 73 00        		.dw '.stabn 0x44,0,137,',0,0
         74 00 61 00
         62 00 6E 00
         20 00 30 00
         78 00 34 00
         34 00 2C 00
         30 00 2C 00
         31 00 33 00
         37 00 2C 00
         00 00 00 00
000008A5 94 00 00 00        		.dd LM26-_main
000008A7 0D 00 0A 00        		.dw 0x0d,0x0a
0000A1D1                    	.code
                            	LM26:
0000A1D1 40 92              		R1=0	// QImode move
0000A1D2 19 D3 23 04        		[_PlayCon]=R1	// QImode move
000008A9                    	.debug
000008A9 2E 00 73 00        		.dw '.stabn 0x44,0,138,',0,0
         74 00 61 00
         62 00 6E 00
         20 00 30 00
         78 00 34 00
         34 00 2C 00
         30 00 2C 00
         31 00 33 00
         38 00 2C 00
         00 00 00 00
000008BD 97 00 00 00        		.dd LM27-_main
000008BF 0D 00 0A 00        		.dw 0x0d,0x0a
0000A1D4                    	.code
                            	LM27:
0000A1D4 40 F0 FB 9D        		CALL _SACM_DVR4800_Stop	// call without return value
000008C1                    	.debug
000008C1 2E 00 73 00        		.dw '.stabn 0x44,0,139,',0,0
         74 00 61 00
         62 00 6E 00
         20 00 30 00
         78 00 34 00
         34 00 2C 00
         30 00 2C 00
         31 00 33 00
         39 00 2C 00
         00 00 00 00
000008D5 99 00 00 00        		.dd LM28-_main
000008D7 0D 00 0A 00        		.dw 0x0d,0x0a
0000A1D6                    	.code
                            	LM28:
0000A1D6 0F 9F 6B A2        		PC=L6	// jump
                            	L10:
000008D9                    	.debug
000008D9 2E 00 73 00        		.dw '.stabn 0x44,0,142,',0,0
         74 00 61 00
         62 00 6E 00
         20 00 30 00
         78 00 34 00
         34 00 2C 00
         30 00 2C 00
         31 00 34 00
         32 00 2C 00
         00 00 00 00
000008ED 9B 00 00 00        		.dd LM29-_main
000008EF 0D 00 0A 00        		.dw 0x0d,0x0a
0000A1D8                    	.code
                            	LM29:
0000A1D8 40 92              		R1=0	// QImode move
0000A1D9 19 D3 23 04        		[_PlayCon]=R1	// QImode move
000008F1                    	.debug
000008F1 2E 00 73 00        		.dw '.stabn 0x44,0,143,',0,0
         74 00 61 00
         62 00 6E 00
         20 00 30 00
         78 00 34 00
         34 00 2C 00
         30 00 2C 00
         31 00 34 00
         33 00 2C 00
         00 00 00 00
00000905 9E 00 00 00        		.dd LM30-_main
00000907 0D 00 0A 00        		.dw 0x0d,0x0a
0000A1DB                    	.code
                            	LM30:
0000A1DB 42 92              		R1=2	// QImode move
0000A1DC 19 D3 24 04        		[_Mode]=R1	// QImode move
00000909                    	.debug
00000909 2E 00 73 00        		.dw '.stabn 0x44,0,144,',0,0
         74 00 61 00
         62 00 6E 00
         20 00 30 00
         78 00 34 00
         34 00 2C 00
         30 00 2C 00
         31 00 34 00
         34 00 2C 00
         00 00 00 00
0000091D A1 00 00 00        		.dd LM31-_main
0000091F 0D 00 0A 00        		.dw 0x0d,0x0a
0000A1DE                    	.code
                            	LM31:
0000A1DE 40 92              		R1=0	// QImode move
0000A1DF C8 D2              		[SP--]=R1	// QImode move
0000A1E0 40 92              		R1=0	// QImode move
0000A1E1 C8 D2              		[SP--]=R1	// QImode move
0000A1E2 40 F0 63 A4        		CALL _USER_DVR4800_SetStartAddr	// call with return value
0000A1E4 42 00              		SP = SP + 2	//SP
00000921                    	.debug
00000921 2E 00 73 00        		.dw '.stabn 0x44,0,145,',0,0
         74 00 61 00
         62 00 6E 00
         20 00 30 00
         78 00 34 00
         34 00 2C 00
         30 00 2C 00
         31 00 34 00
         35 00 2C 00
         00 00 00 00
00000935 A8 00 00 00        		.dd LM32-_main
00000937 0D 00 0A 00        		.dw 0x0d,0x0a
0000A1E5                    	.code
                            	LM32:
0000A1E5 43 92              		R1=3	// QImode move
0000A1E6 C8 D2              		[SP--]=R1	// QImode move
0000A1E7 43 92              		R1=3	// QImode move
0000A1E8 C8 D2              		[SP--]=R1	// QImode move
0000A1E9 41 62              		R1=(-1)	// QImode move
0000A1EA C8 D2              		[SP--]=R1	// QImode move
0000A1EB 40 F0 2F 9D        		CALL _SACM_DVR4800_Play	// call without return value
0000A1ED 43 00              		SP = SP + 3	//SP
00000939                    	.debug
00000939 2E 00 73 00        		.dw '.stabn 0x44,0,146,',0,0
         74 00 61 00
         62 00 6E 00
         20 00 30 00
         78 00 34 00
         34 00 2C 00
         30 00 2C 00
         31 00 34 00
         36 00 2C 00
         00 00 00 00
0000094D B1 00 00 00        		.dd LM33-_main
0000094F 0D 00 0A 00        		.dw 0x0d,0x0a
0000A1EE                    	.code
                            	LM33:
0000A1EE 0F 9F 6B A2        		PC=L6	// jump
                            	L11:
00000951                    	.debug
00000951 2E 00 73 00        		.dw '.stabn 0x44,0,149,',0,0
         74 00 61 00
         62 00 6E 00
         20 00 30 00
         78 00 34 00
         34 00 2C 00
         30 00 2C 00
         31 00 34 00
         39 00 2C 00
         00 00 00 00
00000965 B3 00 00 00        		.dd LM34-_main
00000967 0D 00 0A 00        		.dw 0x0d,0x0a
0000A1F0                    	.code
                            	LM34:
0000A1F0 12 95 1C 04        		R2=[_SpeechIndex]	// QImode move
0000A1F2 0A 03 01 00        		R1=R2+1
0000A1F4 01 95              		R2=R1	// QImode move
0000A1F5 1A D5 1C 04        		[_SpeechIndex]=R2	// QImode move
0000A1F7 41 44              		CMP R2,1	// QImode compare
0000A1F8 05 8E 01 EE        		NSJNA L12	//QImode LEU
         00 EE      
00000969                    	.debug
00000969 2E 00 73 00        		.dw '.stabn 0x44,0,150,',0,0
         74 00 61 00
         62 00 6E 00
         20 00 30 00
         78 00 34 00
         34 00 2C 00
         30 00 2C 00
         31 00 35 00
         30 00 2C 00
         00 00 00 00
0000097D BE 00 00 00        		.dd LM35-_main
0000097F 0D 00 0A 00        		.dw 0x0d,0x0a
0000A1FB                    	.code
                            	LM35:
0000A1FB 40 92              		R1=0	// QImode move
0000A1FC 19 D3 1C 04        		[_SpeechIndex]=R1	// QImode move
                            	L12:
00000981                    	.debug
00000981 2E 00 73 00        		.dw '.stabn 0x44,0,151,',0,0
         74 00 61 00
         62 00 6E 00
         20 00 30 00
         78 00 34 00
         34 00 2C 00
         30 00 2C 00
         31 00 35 00
         31 00 2C 00
         00 00 00 00
00000995 C1 00 00 00        		.dd LM36-_main
00000997 0D 00 0A 00        		.dw 0x0d,0x0a
0000A1FE                    	.code
                            	LM36:
0000A1FE 40 92              		R1=0	// QImode move
0000A1FF 19 D3 23 04        		[_PlayCon]=R1	// QImode move
00000999                    	.debug
00000999 2E 00 73 00        		.dw '.stabn 0x44,0,152,',0,0
         74 00 61 00
         62 00 6E 00
         20 00 30 00
         78 00 34 00
         34 00 2C 00
         30 00 2C 00
         31 00 35 00
         32 00 2C 00
         00 00 00 00
000009AD C4 00 00 00        		.dd LM37-_main
000009AF 0D 00 0A 00        		.dw 0x0d,0x0a
0000A201                    	.code
                            	LM37:
0000A201 40 92              		R1=0	// QImode move
0000A202 19 D3 24 04        		[_Mode]=R1	// QImode move
000009B1                    	.debug
000009B1 2E 00 73 00        		.dw '.stabn 0x44,0,153,',0,0
         74 00 61 00
         62 00 6E 00
         20 00 30 00
         78 00 34 00
         34 00 2C 00
         30 00 2C 00
         31 00 35 00
         33 00 2C 00
         00 00 00 00
000009C5 C7 00 00 00        		.dd LM38-_main
000009C7 0D 00 0A 00        		.dw 0x0d,0x0a
0000A204                    	.code
                            	LM38:
0000A204 43 92              		R1=3	// QImode move
0000A205 C8 D2              		[SP--]=R1	// QImode move
0000A206 43 92              		R1=3	// QImode move
0000A207 C8 D2              		[SP--]=R1	// QImode move
0000A208 11 93 1C 04        		R1=[_SpeechIndex]	// QImode move
0000A20A C8 D2              		[SP--]=R1	// QImode move
0000A20B 40 F0 2F 9D        		CALL _SACM_DVR4800_Play	// call without return value
0000A20D 43 00              		SP = SP + 3	//SP
000009C9                    	.debug
000009C9 2E 00 73 00        		.dw '.stabn 0x44,0,154,',0,0
         74 00 61 00
         62 00 6E 00
         20 00 30 00
         78 00 34 00
         34 00 2C 00
         30 00 2C 00
         31 00 35 00
         34 00 2C 00
         00 00 00 00
000009DD D1 00 00 00        		.dd LM39-_main
000009DF 0D 00 0A 00        		.dw 0x0d,0x0a
0000A20E                    	.code
                            	LM39:
0000A20E 0F 9F 6B A2        		PC=L6	// jump
                            	L13:
000009E1                    	.debug
000009E1 2E 00 73 00        		.dw '.stabn 0x44,0,157,',0,0
         74 00 61 00
         62 00 6E 00
         20 00 30 00
         78 00 34 00
         34 00 2C 00
         30 00 2C 00
         31 00 35 00
         37 00 2C 00
         00 00 00 00
000009F5 D3 00 00 00        		.dd LM40-_main
000009F7 0D 00 0A 00        		.dw 0x0d,0x0a
0000A210                    	.code
                            	LM40:
0000A210 11 93 22 04        		R1=[_PauseFlag]	// QImode move
0000A212 41 82              		R1=R1^1
0000A213 19 D3 22 04        		[_PauseFlag]=R1	// QImode move
000009F9                    	.debug
000009F9 2E 00 73 00        		.dw '.stabn 0x44,0,158,',0,0
         74 00 61 00
         62 00 6E 00
         20 00 30 00
         78 00 34 00
         34 00 2C 00
         30 00 2C 00
         31 00 35 00
         38 00 2C 00
         00 00 00 00
00000A0D D8 00 00 00        		.dd LM41-_main
00000A0F 0D 00 0A 00        		.dw 0x0d,0x0a
0000A215                    	.code
                            	LM41:
0000A215 11 93 22 04        		R1=[_PauseFlag]	// QImode move
0000A217 40 42              		CMP R1,0	// QImode test
0000A218 06 5E 01 EE        		NSJZ L14	//QImode EQ
         00 EE      
00000A11                    	.debug
00000A11 2E 00 73 00        		.dw '.stabn 0x44,0,159,',0,0
         74 00 61 00
         62 00 6E 00
         20 00 30 00
         78 00 34 00
         34 00 2C 00
         30 00 2C 00
         31 00 35 00
         39 00 2C 00
         00 00 00 00
00000A25 DE 00 00 00        		.dd LM42-_main
00000A27 0D 00 0A 00        		.dw 0x0d,0x0a
0000A21B                    	.code
                            	LM42:
0000A21B 40 F0 20 9F        		CALL _SACM_DVR4800_Pause	// call without return value
0000A21D 0F 9F 21 A2        		PC=L15	// jump
                            	L14:
00000A29                    	.debug
00000A29 2E 00 73 00        		.dw '.stabn 0x44,0,161,',0,0
         74 00 61 00
         62 00 6E 00
         20 00 30 00
         78 00 34 00
         34 00 2C 00
         30 00 2C 00
         31 00 36 00
         31 00 2C 00
         00 00 00 00
00000A3D E2 00 00 00        		.dd LM43-_main
00000A3F 0D 00 0A 00        		.dw 0x0d,0x0a
0000A21F                    	.code
                            	LM43:
0000A21F 40 F0 2C 9F        		CALL _SACM_DVR4800_Resume	// call without return value
                            	L15:
00000A41                    	.debug
00000A41 2E 00 73 00        		.dw '.stabn 0x44,0,162,',0,0
         74 00 61 00
         62 00 6E 00
         20 00 30 00
         78 00 34 00
         34 00 2C 00
         30 00 2C 00
         31 00 36 00
         32 00 2C 00
         00 00 00 00
00000A55 E4 00 00 00        		.dd LM44-_main
00000A57 0D 00 0A 00        		.dw 0x0d,0x0a
0000A221                    	.code
                            	LM44:
0000A221 0F 9F 6B A2        		PC=L6	// jump
                            	L16:
00000A59                    	.debug
00000A59 2E 00 73 00        		.dw '.stabn 0x44,0,165,',0,0
         74 00 61 00
         62 00 6E 00
         20 00 30 00
         78 00 34 00
         34 00 2C 00
         30 00 2C 00
         31 00 36 00
         35 00 2C 00
         00 00 00 00
00000A6D E6 00 00 00        		.dd LM45-_main
00000A6F 0D 00 0A 00        		.dw 0x0d,0x0a
0000A223                    	.code
                            	LM45:
0000A223 12 95 1D 04        		R2=[_VolumeIndex]	// QImode move
0000A225 0A 03 01 00        		R1=R2+1
0000A227 01 95              		R2=R1	// QImode move
0000A228 1A D5 1D 04        		[_VolumeIndex]=R2	// QImode move
0000A22A 4F 44              		CMP R2,15	// QImode compare
0000A22B 05 8E 01 EE        		NSJNA L17	//QImode LEU
         00 EE      
00000A71                    	.debug
00000A71 2E 00 73 00        		.dw '.stabn 0x44,0,166,',0,0
         74 00 61 00
         62 00 6E 00
         20 00 30 00
         78 00 34 00
         34 00 2C 00
         30 00 2C 00
         31 00 36 00
         36 00 2C 00
         00 00 00 00
00000A85 F1 00 00 00        		.dd LM46-_main
00000A87 0D 00 0A 00        		.dw 0x0d,0x0a
0000A22E                    	.code
                            	LM46:
0000A22E 40 92              		R1=0	// QImode move
0000A22F 19 D3 1D 04        		[_VolumeIndex]=R1	// QImode move
                            	L17:
00000A89                    	.debug
00000A89 2E 00 73 00        		.dw '.stabn 0x44,0,167,',0,0
         74 00 61 00
         62 00 6E 00
         20 00 30 00
         78 00 34 00
         34 00 2C 00
         30 00 2C 00
         31 00 36 00
         37 00 2C 00
         00 00 00 00
00000A9D F4 00 00 00        		.dd LM47-_main
00000A9F 0D 00 0A 00        		.dw 0x0d,0x0a
0000A231                    	.code
                            	LM47:
0000A231 11 93 1D 04        		R1=[_VolumeIndex]	// QImode move
0000A233 C8 D2              		[SP--]=R1	// QImode move
0000A234 40 F0 24 A4        		CALL _USER_DVR4800_Volume	// call without return value
0000A236 41 00              		SP = SP + 1	//SP
00000AA1                    	.debug
00000AA1 2E 00 73 00        		.dw '.stabn 0x44,0,168,',0,0
         74 00 61 00
         62 00 6E 00
         20 00 30 00
         78 00 34 00
         34 00 2C 00
         30 00 2C 00
         31 00 36 00
         38 00 2C 00
         00 00 00 00
00000AB5 FA 00 00 00        		.dd LM48-_main
00000AB7 0D 00 0A 00        		.dw 0x0d,0x0a
0000A237                    	.code
                            	LM48:
0000A237 0F 9F 6B A2        		PC=L6	// jump
                            	L18:
00000AB9                    	.debug
00000AB9 2E 00 73 00        		.dw '.stabn 0x44,0,171,',0,0
         74 00 61 00
         62 00 6E 00
         20 00 30 00
         78 00 34 00
         34 00 2C 00
         30 00 2C 00
         31 00 37 00
         31 00 2C 00
         00 00 00 00
00000ACD FC 00 00 00        		.dd LM49-_main
00000ACF 0D 00 0A 00        		.dw 0x0d,0x0a
0000A239                    	.code
                            	LM49:
0000A239 12 95 21 04        		R2=[_DAC_FIR_Type]	// QImode move
0000A23B 0A 03 01 00        		R1=R2+1
0000A23D 01 95              		R2=R1	// QImode move
0000A23E 1A D5 21 04        		[_DAC_FIR_Type]=R2	// QImode move
0000A240 43 44              		CMP R2,3	// QImode compare
0000A241 05 8E 01 EE        		NSJNA L19	//QImode LEU
         00 EE      
00000AD1                    	.debug
00000AD1 2E 00 73 00        		.dw '.stabn 0x44,0,172,',0,0
         74 00 61 00
         62 00 6E 00
         20 00 30 00
         78 00 34 00
         34 00 2C 00
         30 00 2C 00
         31 00 37 00
         32 00 2C 00
         00 00 00 00
00000AE5 07 01 00 00        		.dd LM50-_main
00000AE7 0D 00 0A 00        		.dw 0x0d,0x0a
0000A244                    	.code
                            	LM50:
0000A244 40 92              		R1=0	// QImode move
0000A245 19 D3 21 04        		[_DAC_FIR_Type]=R1	// QImode move
                            	L19:
00000AE9                    	.debug
00000AE9 2E 00 73 00        		.dw '.stabn 0x44,0,173,',0,0
         74 00 61 00
         62 00 6E 00
         20 00 30 00
         78 00 34 00
         34 00 2C 00
         30 00 2C 00
         31 00 37 00
         33 00 2C 00
         00 00 00 00
00000AFD 0A 01 00 00        		.dd LM51-_main
00000AFF 0D 00 0A 00        		.dw 0x0d,0x0a
0000A247                    	.code
                            	LM51:
0000A247 11 93 21 04        		R1=[_DAC_FIR_Type]	// QImode move
0000A249 C8 D2              		[SP--]=R1	// QImode move
0000A24A 40 F0 0C 9D        		CALL _SACM_DVR4800_DA_FIRType	// call without return value
0000A24C 41 00              		SP = SP + 1	//SP
00000B01                    	.debug
00000B01 2E 00 73 00        		.dw '.stabn 0x44,0,174,',0,0
         74 00 61 00
         62 00 6E 00
         20 00 30 00
         78 00 34 00
         34 00 2C 00
         30 00 2C 00
         31 00 37 00
         34 00 2C 00
         00 00 00 00
00000B15 10 01 00 00        		.dd LM52-_main
00000B17 0D 00 0A 00        		.dw 0x0d,0x0a
0000A24D                    	.code
                            	LM52:
0000A24D 0F 9F 6B A2        		PC=L6	// jump
                            	L20:
00000B19                    	.debug
00000B19 2E 00 73 00        		.dw '.stabn 0x44,0,177,',0,0
         74 00 61 00
         62 00 6E 00
         20 00 30 00
         78 00 34 00
         34 00 2C 00
         30 00 2C 00
         31 00 37 00
         37 00 2C 00
         00 00 00 00
00000B2D 12 01 00 00        		.dd LM53-_main
00000B2F 0D 00 0A 00        		.dw 0x0d,0x0a
0000A24F                    	.code
                            	LM53:
0000A24F 41 92              		R1=1	// QImode move
0000A250 19 D3 23 04        		[_PlayCon]=R1	// QImode move
00000B31                    	.debug
00000B31 2E 00 73 00        		.dw '.stabn 0x44,0,178,',0,0
         74 00 61 00
         62 00 6E 00
         20 00 30 00
         78 00 34 00
         34 00 2C 00
         30 00 2C 00
         31 00 37 00
         38 00 2C 00
         00 00 00 00
00000B45 15 01 00 00        		.dd LM54-_main
00000B47 0D 00 0A 00        		.dw 0x0d,0x0a
0000A252                    	.code
                            	LM54:
0000A252 40 92              		R1=0	// QImode move
0000A253 19 D3 24 04        		[_Mode]=R1	// QImode move
00000B49                    	.debug
00000B49 2E 00 73 00        		.dw '.stabn 0x44,0,179,',0,0
         74 00 61 00
         62 00 6E 00
         20 00 30 00
         78 00 34 00
         34 00 2C 00
         30 00 2C 00
         31 00 37 00
         39 00 2C 00
         00 00 00 00
00000B5D 18 01 00 00        		.dd LM55-_main
00000B5F 0D 00 0A 00        		.dw 0x0d,0x0a
0000A255                    	.code
                            	LM55:
0000A255 40 92              		R1=0	// QImode move
0000A256 19 D3 1C 04        		[_SpeechIndex]=R1	// QImode move
00000B61                    	.debug
00000B61 2E 00 73 00        		.dw '.stabn 0x44,0,180,',0,0
         74 00 61 00
         62 00 6E 00
         20 00 30 00
         78 00 34 00
         34 00 2C 00
         30 00 2C 00
         31 00 38 00
         30 00 2C 00
         00 00 00 00
00000B75 1B 01 00 00        		.dd LM56-_main
00000B77 0D 00 0A 00        		.dw 0x0d,0x0a
0000A258                    	.code
                            	LM56:
0000A258 11 93 1C 04        		R1=[_SpeechIndex]	// QImode move
0000A25A C8 D2              		[SP--]=R1	// QImode move
0000A25B 40 F0 63 A4        		CALL _USER_DVR4800_SetStartAddr	// call with return value
0000A25D 41 00              		SP = SP + 1	//SP
00000B79                    	.debug
00000B79 2E 00 73 00        		.dw '.stabn 0x44,0,181,',0,0
         74 00 61 00
         62 00 6E 00
         20 00 30 00
         78 00 34 00
         34 00 2C 00
         30 00 2C 00
         31 00 38 00
         31 00 2C 00
         00 00 00 00
00000B8D 21 01 00 00        		.dd LM57-_main
00000B8F 0D 00 0A 00        		.dw 0x0d,0x0a
0000A25E                    	.code
                            	LM57:
0000A25E 41 92              		R1=1	// QImode move
0000A25F C8 D2              		[SP--]=R1	// QImode move
0000A260 43 92              		R1=3	// QImode move
0000A261 C8 D2              		[SP--]=R1	// QImode move
0000A262 41 62              		R1=(-1)	// QImode move
0000A263 C8 D2              		[SP--]=R1	// QImode move
0000A264 40 F0 2F 9D        		CALL _SACM_DVR4800_Play	// call without return value
0000A266 43 00              		SP = SP + 3	//SP
00000B91                    	.debug
00000B91 2E 00 73 00        		.dw '.stabn 0x44,0,182,',0,0
         74 00 61 00
         62 00 6E 00
         20 00 30 00
         78 00 34 00
         34 00 2C 00
         30 00 2C 00
         31 00 38 00
         32 00 2C 00
         00 00 00 00
00000BA5 2A 01 00 00        		.dd LM58-_main
00000BA7 0D 00 0A 00        		.dw 0x0d,0x0a
0000A267                    	.code
                            	LM58:
0000A267 0F 9F 6B A2        		PC=L6	// jump
                            	L21:
00000BA9                    	.debug
00000BA9 2E 00 73 00        		.dw '.stabn 0x44,0,185,',0,0
         74 00 61 00
         62 00 6E 00
         20 00 30 00
         78 00 34 00
         34 00 2C 00
         30 00 2C 00
         31 00 38 00
         35 00 2C 00
         00 00 00 00
00000BBD 2C 01 00 00        		.dd LM59-_main
00000BBF 0D 00 0A 00        		.dw 0x0d,0x0a
0000A269                    	.code
                            	LM59:
0000A269 0F 9F 6B A2        		PC=L6	// jump
00000BC1                    	.debug
00000BC1 2E 00 73 00        		.dw '.stabn 0x44,0,186,',0,0
         74 00 61 00
         62 00 6E 00
         20 00 30 00
         78 00 34 00
         34 00 2C 00
         30 00 2C 00
         31 00 38 00
         36 00 2C 00
         00 00 00 00
00000BD5 2E 01 00 00        		.dd LM60-_main
00000BD7 0D 00 0A 00        		.dw 0x0d,0x0a
0000A26B                    	.code
                            	LM60:
                            	LBE3:
                            	L6:
00000BD9                    	.debug
00000BD9 2E 00 73 00        		.dw '.stabn 0x44,0,187,',0,0
         74 00 61 00
         62 00 6E 00
         20 00 30 00
         78 00 34 00
         34 00 2C 00
         30 00 2C 00
         31 00 38 00
         37 00 2C 00
         00 00 00 00
00000BED 2E 01 00 00        		.dd LM61-_main
00000BEF 0D 00 0A 00        		.dw 0x0d,0x0a
0000A26B                    	.code
                            	LM61:
0000A26B 11 93 23 04        		R1=[_PlayCon]	// QImode move
0000A26D 40 42              		CMP R1,0	// QImode test
0000A26E 26 5E 01 EE        		NSJZ L25	//QImode EQ
         00 EE      
00000BF1                    	.debug
00000BF1 2E 00 73 00        		.dw '.stabn 0x44,0,189,',0,0
         74 00 61 00
         62 00 6E 00
         20 00 30 00
         78 00 34 00
         34 00 2C 00
         30 00 2C 00
         31 00 38 00
         39 00 2C 00
         00 00 00 00
00000C05 34 01 00 00        		.dd LM62-_main
00000C07 0D 00 0A 00        		.dw 0x0d,0x0a
0000A271                    	.code
                            	LM62:
0000A271 40 F0 F8 9D        		CALL _SACM_DVR4800_Check_Con	// call with return value
0000A273 09 43 FF FF        		CMP R1,(-1)	// QImode compare
0000A275 1F 4E 01 EE        		NSJNZ L25	//QImode NE
         00 EE      
00000C09                    	.debug
00000C09 2E 00 73 00        		.dw '.stabn 0x44,0,191,',0,0
         74 00 61 00
         62 00 6E 00
         20 00 30 00
         78 00 34 00
         34 00 2C 00
         30 00 2C 00
         31 00 39 00
         31 00 2C 00
         00 00 00 00
00000C1D 3B 01 00 00        		.dd LM63-_main
00000C1F 0D 00 0A 00        		.dw 0x0d,0x0a
0000A278                    	.code
                            	LM63:
                            	LBB4:
0000A278 12 95 1C 04        		R2=[_SpeechIndex]	// QImode move
0000A27A 0A 03 01 00        		R1=R2+1
0000A27C 01 95              		R2=R1	// QImode move
0000A27D 1A D5 1C 04        		[_SpeechIndex]=R2	// QImode move
0000A27F 41 44              		CMP R2,1	// QImode compare
0000A280 05 8E 01 EE        		NSJNA L27	//QImode LEU
         00 EE      
00000C21                    	.debug
00000C21 2E 00 73 00        		.dw '.stabn 0x44,0,192,',0,0
         74 00 61 00
         62 00 6E 00
         20 00 30 00
         78 00 34 00
         34 00 2C 00
         30 00 2C 00
         31 00 39 00
         32 00 2C 00
         00 00 00 00
00000C35 46 01 00 00        		.dd LM64-_main
00000C37 0D 00 0A 00        		.dw 0x0d,0x0a
0000A283                    	.code
                            	LM64:
0000A283 40 92              		R1=0	// QImode move
0000A284 19 D3 1C 04        		[_SpeechIndex]=R1	// QImode move
                            	L27:
00000C39                    	.debug
00000C39 2E 00 73 00        		.dw '.stabn 0x44,0,193,',0,0
         74 00 61 00
         62 00 6E 00
         20 00 30 00
         78 00 34 00
         34 00 2C 00
         30 00 2C 00
         31 00 39 00
         33 00 2C 00
         00 00 00 00
00000C4D 49 01 00 00        		.dd LM65-_main
00000C4F 0D 00 0A 00        		.dw 0x0d,0x0a
0000A286                    	.code
                            	LM65:
0000A286 11 93 1C 04        		R1=[_SpeechIndex]	// QImode move
0000A288 C8 D2              		[SP--]=R1	// QImode move
0000A289 40 F0 7E A4        		CALL _USER_DVR4800_SetStartAddr_Con	// call with return value
0000A28B 41 00              		SP = SP + 1	//SP
00000C51                    	.debug
00000C51 2E 00 73 00        		.dw '.stabn 0x44,0,194,',0,0
         74 00 61 00
         62 00 6E 00
         20 00 30 00
         78 00 34 00
         34 00 2C 00
         30 00 2C 00
         31 00 39 00
         34 00 2C 00
         00 00 00 00
00000C65 4F 01 00 00        		.dd LM66-_main
00000C67 0D 00 0A 00        		.dw 0x0d,0x0a
0000A28C                    	.code
                            	LM66:
0000A28C 42 92              		R1=2	// QImode move
0000A28D C8 D2              		[SP--]=R1	// QImode move
0000A28E 43 92              		R1=3	// QImode move
0000A28F C8 D2              		[SP--]=R1	// QImode move
0000A290 41 62              		R1=(-1)	// QImode move
0000A291 C8 D2              		[SP--]=R1	// QImode move
0000A292 40 F0 C7 9D        		CALL _SACM_DVR4800_Play_Con	// call without return value
0000A294 43 00              		SP = SP + 3	//SP
00000C69                    	.debug
00000C69 2E 00 73 00        		.dw '.stabn 0x44,0,195,',0,0
         74 00 61 00
         62 00 6E 00
         20 00 30 00
         78 00 34 00
         34 00 2C 00
         30 00 2C 00
         31 00 39 00
         35 00 2C 00
         00 00 00 00
00000C7D 58 01 00 00        		.dd LM67-_main
00000C7F 0D 00 0A 00        		.dw 0x0d,0x0a
0000A295                    	.code
                            	LM67:
                            	LBE4:
                            	L26:
                            	L25:
00000C81                    	.debug
00000C81 2E 00 73 00        		.dw '.stabn 0x44,0,197,',0,0
         74 00 61 00
         62 00 6E 00
         20 00 30 00
         78 00 34 00
         34 00 2C 00
         30 00 2C 00
         31 00 39 00
         37 00 2C 00
         00 00 00 00
00000C95 58 01 00 00        		.dd LM68-_main
00000C97 0D 00 0A 00        		.dw 0x0d,0x0a
0000A295                    	.code
                            	LM68:
0000A295 0F 9F 99 A2        		PC=L28	// jump
00000C99                    	.debug
00000C99 2E 00 73 00        		.dw '.stabn 0x44,0,198,',0,0
         74 00 61 00
         62 00 6E 00
         20 00 30 00
         78 00 34 00
         34 00 2C 00
         30 00 2C 00
         31 00 39 00
         38 00 2C 00
         00 00 00 00
00000CAD 5A 01 00 00        		.dd LM69-_main
00000CAF 0D 00 0A 00        		.dw 0x0d,0x0a
0000A297                    	.code
                            	LM69:
0000A297 40 F0 9C 9E        		CALL _SACM_DVR4800_ServiceLoop	// call without return value
                            	L28:
00000CB1                    	.debug
00000CB1 2E 00 73 00        		.dw '.stabn 0x44,0,199,',0,0
         74 00 61 00
         62 00 6E 00
         20 00 30 00
         78 00 34 00
         34 00 2C 00
         30 00 2C 00
         31 00 39 00
         39 00 2C 00
         00 00 00 00
00000CC5 5C 01 00 00        		.dd LM70-_main
00000CC7 0D 00 0A 00        		.dw 0x0d,0x0a
0000A299                    	.code
                            	LM70:
0000A299 40 F0 0C A5        		CALL _System_ServiceLoop	// call without return value
00000CC9                    	.debug
00000CC9 2E 00 73 00        		.dw '.stabn 0x44,0,200,',0,0
         74 00 61 00
         62 00 6E 00
         20 00 30 00
         78 00 34 00
         34 00 2C 00
         30 00 2C 00
         32 00 30 00
         30 00 2C 00
         00 00 00 00
00000CDD 5E 01 00 00        		.dd LM71-_main
00000CDF 0D 00 0A 00        		.dw 0x0d,0x0a
0000A29B                    	.code
                            	LM71:
0000A29B 0F 9F 6C A1        		PC=L3	// jump
                            	L4:
00000CE1                    	.debug
00000CE1 2E 00 73 00        		.dw '.stabn 0x44,0,201,',0,0
         74 00 61 00
         62 00 6E 00
         20 00 30 00
         78 00 34 00
         34 00 2C 00
         30 00 2C 00
         32 00 30 00
         31 00 2C 00
         00 00 00 00
00000CF5 60 01 00 00        		.dd LM72-_main
00000CF7 0D 00 0A 00        		.dw 0x0d,0x0a
0000A29D                    	.code
                            	LM72:
0000A29D 40 92              		R1=0	// QImode move
0000A29E 0F 9F A0 A2        		PC=L2	// jump
00000CF9                    	.debug
00000CF9 2E 00 73 00        		.dw '.stabn 0x44,0,202,',0,0
         74 00 61 00
         62 00 6E 00
         20 00 30 00
         78 00 34 00
         34 00 2C 00
         30 00 2C 00
         32 00 30 00
         32 00 2C 00
         00 00 00 00
00000D0D 63 01 00 00        		.dd LM73-_main
00000D0F 0D 00 0A 00        		.dw 0x0d,0x0a
0000A2A0                    	.code
                            	LM73:
                            	LBE2:
00000D11                    	.debug
00000D11 2E 00 73 00        		.dw '.stabn 0x44,0,202,',0,0
         74 00 61 00
         62 00 6E 00
         20 00 30 00
         78 00 34 00
         34 00 2C 00
         30 00 2C 00
         32 00 30 00
         32 00 2C 00
         00 00 00 00
00000D25 63 01 00 00        		.dd LM74-_main
00000D27 0D 00 0A 00        		.dw 0x0d,0x0a
0000A2A0                    	.code
                            	LM74:
                            	L2:
                            	
0000A2A0 41 00              		SP+=1
0000A2A1 88 98              		POP BP from [SP]
0000A2A2 90 9A              		RETF
                            		.endp	// end of main
                            	
00000D29                    	.debug
00000D29 2E 00 73 00        		.dw '.stabn 0xc0,0,0,',0,0
         74 00 61 00
         62 00 6E 00
         20 00 30 00
         78 00 63 00
         30 00 2C 00
         30 00 2C 00
         30 00 2C 00
         00 00 00 00
00000D3B 07 00 00 00        		.dd LBB2-_main
00000D3D 0D 00 0A 00        		.dw 0x0d,0x0a
0000A2A3                    	.code
00000D3F                    	.debug
00000D3F 2E 00 73 00        		.dw '.stabn 0xc0,0,0,',0,0
         74 00 61 00
         62 00 6E 00
         20 00 30 00
         78 00 63 00
         30 00 2C 00
         30 00 2C 00
         30 00 2C 00
         00 00 00 00
00000D51 6D 00 00 00        		.dd LBB3-_main
00000D53 0D 00 0A 00        		.dw 0x0d,0x0a
0000A2A3                    	.code
00000D55                    	.debug
00000D55 2E 00 73 00        		.dw '.stabn 0xe0,0,0,',0,0
         74 00 61 00
         62 00 6E 00
         20 00 30 00
         78 00 65 00
         30 00 2C 00
         30 00 2C 00
         30 00 2C 00
         00 00 00 00
00000D67 2E 01 00 00        		.dd LBE3-_main
00000D69 0D 00 0A 00        		.dw 0x0d,0x0a
0000A2A3                    	.code
00000D6B                    	.debug
00000D6B 2E 00 73 00        		.dw '.stabn 0xc0,0,0,',0,0
         74 00 61 00
         62 00 6E 00
         20 00 30 00
         78 00 63 00
         30 00 2C 00
         30 00 2C 00
         30 00 2C 00
         00 00 00 00
00000D7D 3B 01 00 00        		.dd LBB4-_main
00000D7F 0D 00 0A 00        		.dw 0x0d,0x0a
0000A2A3                    	.code
00000D81                    	.debug
00000D81 2E 00 73 00        		.dw '.stabn 0xe0,0,0,',0,0
         74 00 61 00
         62 00 6E 00
         20 00 30 00
         78 00 65 00
         30 00 2C 00
         30 00 2C 00
         30 00 2C 00
         00 00 00 00
00000D93 58 01 00 00        		.dd LBE4-_main
00000D95 0D 00 0A 00        		.dw 0x0d,0x0a
0000A2A3                    	.code
00000D97                    	.debug
00000D97 2E 00 73 00        		.dw '.stabn 0xe0,0,0,',0,0
         74 00 61 00
         62 00 6E 00
         20 00 30 00
         78 00 65 00
         30 00 2C 00
         30 00 2C 00
         30 00 2C 00
         00 00 00 00
00000DA9 63 01 00 00        		.dd LBE2-_main
00000DAB 0D 00 0A 00        		.dw 0x0d,0x0a
0000A2A3                    	.code
00000DAD                    	.debug
00000DAD 2E 00 73 00        		.dw '.stabf ',0,0
         74 00 61 00
         62 00 66 00
         20 00 00 00
         00 00      
00000DB6 66 01 00 00        		.dd LME1-_main
00000DB8 0D 00 0A 00        		.dw 0x0d,0x0a
0000A2A3                    	.code
                            	LME1:
0000041B                    	.iram
                            	.public _Key
                            	_Key:
0000041B 00 00              		.dw 0
0000041C                    	.iram
                            	.public _SpeechIndex
                            	_SpeechIndex:
0000041C 00 00              		.dw 0
0000041D                    	.iram
                            	.public _VolumeIndex
                            	_VolumeIndex:
0000041D 00 00              		.dw 0
0000041E                    	.iram
                            	.public _BitRate
                            	_BitRate:
0000041E 00 00              		.dw 0
0000041F                    	.iram
                            	.public _ADC_Channel
                            	_ADC_Channel:
0000041F 00 00              		.dw 0
00000420                    	.iram
                            	.public _ADC_FIR_Type
                            	_ADC_FIR_Type:
00000420 00 00              		.dw 0
00000421                    	.iram
                            	.public _DAC_FIR_Type
                            	_DAC_FIR_Type:
00000421 00 00              		.dw 0
00000422                    	.iram
                            	.public _PauseFlag
                            	_PauseFlag:
00000422 00 00              		.dw 0
00000423                    	.iram
                            	.public _PlayCon
                            	_PlayCon:
00000423 00 00              		.dw 0
00000424                    	.iram
                            	.public _Mode
                            	_Mode:
00000424 00 00              		.dw 0
                            	.external _System_ServiceLoop
                            	.external _SACM_DVR4800_ServiceLoop
                            	.external _SACM_DVR4800_Play_Con
                            	.external _USER_DVR4800_SetStartAddr_Con
                            	.external _SACM_DVR4800_Check_Con
                            	.external _SACM_DVR4800_DA_FIRType
                            	.external _USER_DVR4800_Volume
                            	.external _SACM_DVR4800_Resume
                            	.external _SACM_DVR4800_Pause
                            	.external _SACM_DVR4800_Stop
                            	.external _SACM_DVR4800_Rec
                            	.external _USER_DVR4800_SetStartAddr
                            	.external _SPI_Flash_Sector_Erase
                            	.external _SP_GetCh
                            	.external _SACM_DVR4800_Play
                            	.external _SACM_DVR4800_Initial
                            	.external _SPI_Initial
                            	.external _System_Initial
                            		.end
0 error(s), 0 warning(s).

