Generalplus u'nSP Assembler - Ver. 1.14.13.0
              Listing File Has Been Relocated
                            	// GCC for GeneralPlus u'nSP version 1.1.0.3
                            	// Command: C:\PROGRA~1\GENERA~1\UNSPID~1.4\toolchain\cc1.exe C:\DOCUME~1\raycheng\LOCALS~1\Temp\cc8cttKU.i -fkeep-inline-functions -quiet -dumpbase main.c -mglobal-var-iram -gstabs -o .\Debug/main.asm
                            		.external __sn_func_ptr_sec
                            	
                            	// gcc2_compiled.:
                            	
00000000                    	.debug
00000000 2E 00 73 00        		.dw '.stabs "D:/WorkingFolder/Library_Release/SACMV41b_Beta/GPCE063A_Example_V41b/GPCE063A Example Code/S480/",0x64,0,3,',0,0,offset Ltext0,seg Ltext0,0x0d,0x0a
         74 00 61 00
         62 00 73 00
         20 00 22 00
         44 00 3A 00
         2F 00 57 00
         6F 00 72 00
         6B 00 69 00
         6E 00 67 00
         46 00 6F 00
         6C 00 64 00
         65 00 72 00
         2F 00 4C 00
         69 00 62 00
         72 00 61 00
         72 00 79 00
         5F 00 52 00
         65 00 6C 00
         65 00 61 00
         73 00 65 00
         2F 00 53 00
         41 00 43 00
         4D 00 56 00
         34 00 31 00
         62 00 5F 00
         42 00 65 00
         74 00 61 00
         2F 00 47 00
         50 00 43 00
         45 00 30 00
         36 00 33 00
         41 00 5F 00
         45 00 78 00
         61 00 6D 00
         70 00 6C 00
         65 00 5F 00
         56 00 34 00
         31 00 62 00
         2F 00 47 00
         50 00 43 00
         45 00 30 00
         36 00 33 00
         41 00 20 00
         45 00 78 00
         61 00 6D 00
         70 00 6C 00
         65 00 20 00
         43 00 6F 00
         64 00 65 00
         2F 00 53 00
         34 00 38 00
         30 00 2F 00
         22 00 2C 00
         30 00 78 00
         36 00 34 00
         2C 00 30 00
         2C 00 33 00
         2C 00 00 00
         00 00 00 00
         00 00 0D 00
         0A 00      
00008CE9                    	.code
00000079                    	.debug
00000079 2E 00 73 00        		.dw '.stabs "D:/WorkingFolder/Library_Release/SACMV41b_Beta/GPCE063A_Example_V41b/GPCE063A Example Code/S480/main.c",0x64,0,3,',0,0,offset Ltext0,seg Ltext0,0x0d,0x0a
         74 00 61 00
         62 00 73 00
         20 00 22 00
         44 00 3A 00
         2F 00 57 00
         6F 00 72 00
         6B 00 69 00
         6E 00 67 00
         46 00 6F 00
         6C 00 64 00
         65 00 72 00
         2F 00 4C 00
         69 00 62 00
         72 00 61 00
         72 00 79 00
         5F 00 52 00
         65 00 6C 00
         65 00 61 00
         73 00 65 00
         2F 00 53 00
         41 00 43 00
         4D 00 56 00
         34 00 31 00
         62 00 5F 00
         42 00 65 00
         74 00 61 00
         2F 00 47 00
         50 00 43 00
         45 00 30 00
         36 00 33 00
         41 00 5F 00
         45 00 78 00
         61 00 6D 00
         70 00 6C 00
         65 00 5F 00
         56 00 34 00
         31 00 62 00
         2F 00 47 00
         50 00 43 00
         45 00 30 00
         36 00 33 00
         41 00 20 00
         45 00 78 00
         61 00 6D 00
         70 00 6C 00
         65 00 20 00
         43 00 6F 00
         64 00 65 00
         2F 00 53 00
         34 00 38 00
         30 00 2F 00
         6D 00 61 00
         69 00 6E 00
         2E 00 63 00
         22 00 2C 00
         30 00 78 00
         36 00 34 00
         2C 00 30 00
         2C 00 33 00
         2C 00 00 00
         00 00 00 00
         00 00 0D 00
         0A 00      
00008CE9                    	.code
00008CE9                    	.code
                            	Ltext0:
000000F8                    	.debug
000000F8 2E 00 73 00        		.dw '.stabs "int:t1=r1;-32768;32767;",128,0,0,0',0x0d,0x0a
         74 00 61 00
         62 00 73 00
         20 00 22 00
         69 00 6E 00
         74 00 3A 00
         74 00 31 00
         3D 00 72 00
         31 00 3B 00
         2D 00 33 00
         32 00 37 00
         36 00 38 00
         3B 00 33 00
         32 00 37 00
         36 00 37 00
         3B 00 22 00
         2C 00 31 00
         32 00 38 00
         2C 00 30 00
         2C 00 30 00
         2C 00 30 00
         0D 00 0A 00
00008CE9                    	.CODE
00000124                    	.debug
00000124 2E 00 73 00        		.dw '.stabs "char:t2=r2;0;127;",128,0,0,0',0x0d,0x0a
         74 00 61 00
         62 00 73 00
         20 00 22 00
         63 00 68 00
         61 00 72 00
         3A 00 74 00
         32 00 3D 00
         72 00 32 00
         3B 00 30 00
         3B 00 31 00
         32 00 37 00
         3B 00 22 00
         2C 00 31 00
         32 00 38 00
         2C 00 30 00
         2C 00 30 00
         2C 00 30 00
         0D 00 0A 00
00008CE9                    	.CODE
0000014A                    	.debug
0000014A 2E 00 73 00        		.dw '.stabs "long int:t3=r3;-2147483648;2147483647;",128,0,0,0',0x0d,0x0a
         74 00 61 00
         62 00 73 00
         20 00 22 00
         6C 00 6F 00
         6E 00 67 00
         20 00 69 00
         6E 00 74 00
         3A 00 74 00
         33 00 3D 00
         72 00 33 00
         3B 00 2D 00
         32 00 31 00
         34 00 37 00
         34 00 38 00
         33 00 36 00
         34 00 38 00
         3B 00 32 00
         31 00 34 00
         37 00 34 00
         38 00 33 00
         36 00 34 00
         37 00 3B 00
         22 00 2C 00
         31 00 32 00
         38 00 2C 00
         30 00 2C 00
         30 00 2C 00
         30 00 0D 00
         0A 00      
00008CE9                    	.CODE
00000185                    	.debug
00000185 2E 00 73 00        		.dw '.stabs "unsigned int:t4=r4;0;65535;",128,0,0,0',0x0d,0x0a
         74 00 61 00
         62 00 73 00
         20 00 22 00
         75 00 6E 00
         73 00 69 00
         67 00 6E 00
         65 00 64 00
         20 00 69 00
         6E 00 74 00
         3A 00 74 00
         34 00 3D 00
         72 00 34 00
         3B 00 30 00
         3B 00 36 00
         35 00 35 00
         33 00 35 00
         3B 00 22 00
         2C 00 31 00
         32 00 38 00
         2C 00 30 00
         2C 00 30 00
         2C 00 30 00
         0D 00 0A 00
00008CE9                    	.CODE
000001B5                    	.debug
000001B5 2E 00 73 00        		.dw '.stabs "long unsigned int:t5=r5;0;4294967295;",128,0,0,0',0x0d,0x0a
         74 00 61 00
         62 00 73 00
         20 00 22 00
         6C 00 6F 00
         6E 00 67 00
         20 00 75 00
         6E 00 73 00
         69 00 67 00
         6E 00 65 00
         64 00 20 00
         69 00 6E 00
         74 00 3A 00
         74 00 35 00
         3D 00 72 00
         35 00 3B 00
         30 00 3B 00
         34 00 32 00
         39 00 34 00
         39 00 36 00
         37 00 32 00
         39 00 35 00
         3B 00 22 00
         2C 00 31 00
         32 00 38 00
         2C 00 30 00
         2C 00 30 00
         2C 00 30 00
         0D 00 0A 00
00008CE9                    	.CODE
000001EF                    	.debug
000001EF 2E 00 73 00        		.dw '.stabs "long long int:t6=r6;-2147483648;2147483647;",128,0,0,0',0x0d,0x0a
         74 00 61 00
         62 00 73 00
         20 00 22 00
         6C 00 6F 00
         6E 00 67 00
         20 00 6C 00
         6F 00 6E 00
         67 00 20 00
         69 00 6E 00
         74 00 3A 00
         74 00 36 00
         3D 00 72 00
         36 00 3B 00
         2D 00 32 00
         31 00 34 00
         37 00 34 00
         38 00 33 00
         36 00 34 00
         38 00 3B 00
         32 00 31 00
         34 00 37 00
         34 00 38 00
         33 00 36 00
         34 00 37 00
         3B 00 22 00
         2C 00 31 00
         32 00 38 00
         2C 00 30 00
         2C 00 30 00
         2C 00 30 00
         0D 00 0A 00
00008CE9                    	.CODE
0000022F                    	.debug
0000022F 2E 00 73 00        		.dw '.stabs "long long unsigned int:t7=r7;0;4294967295;",128,0,0,0',0x0d,0x0a
         74 00 61 00
         62 00 73 00
         20 00 22 00
         6C 00 6F 00
         6E 00 67 00
         20 00 6C 00
         6F 00 6E 00
         67 00 20 00
         75 00 6E 00
         73 00 69 00
         67 00 6E 00
         65 00 64 00
         20 00 69 00
         6E 00 74 00
         3A 00 74 00
         37 00 3D 00
         72 00 37 00
         3B 00 30 00
         3B 00 34 00
         32 00 39 00
         34 00 39 00
         36 00 37 00
         32 00 39 00
         35 00 3B 00
         22 00 2C 00
         31 00 32 00
         38 00 2C 00
         30 00 2C 00
         30 00 2C 00
         30 00 0D 00
         0A 00      
00008CE9                    	.CODE
0000026E                    	.debug
0000026E 2E 00 73 00        		.dw '.stabs "short int:t8=r8;-32768;32767;",128,0,0,0',0x0d,0x0a
         74 00 61 00
         62 00 73 00
         20 00 22 00
         73 00 68 00
         6F 00 72 00
         74 00 20 00
         69 00 6E 00
         74 00 3A 00
         74 00 38 00
         3D 00 72 00
         38 00 3B 00
         2D 00 33 00
         32 00 37 00
         36 00 38 00
         3B 00 33 00
         32 00 37 00
         36 00 37 00
         3B 00 22 00
         2C 00 31 00
         32 00 38 00
         2C 00 30 00
         2C 00 30 00
         2C 00 30 00
         0D 00 0A 00
00008CE9                    	.CODE
000002A0                    	.debug
000002A0 2E 00 73 00        		.dw '.stabs "short unsigned int:t9=r9;0;65535;",128,0,0,0',0x0d,0x0a
         74 00 61 00
         62 00 73 00
         20 00 22 00
         73 00 68 00
         6F 00 72 00
         74 00 20 00
         75 00 6E 00
         73 00 69 00
         67 00 6E 00
         65 00 64 00
         20 00 69 00
         6E 00 74 00
         3A 00 74 00
         39 00 3D 00
         72 00 39 00
         3B 00 30 00
         3B 00 36 00
         35 00 35 00
         33 00 35 00
         3B 00 22 00
         2C 00 31 00
         32 00 38 00
         2C 00 30 00
         2C 00 30 00
         2C 00 30 00
         0D 00 0A 00
00008CE9                    	.CODE
000002D6                    	.debug
000002D6 2E 00 73 00        		.dw '.stabs "signed char:t10=r10;-32768;32767;",128,0,0,0',0x0d,0x0a
         74 00 61 00
         62 00 73 00
         20 00 22 00
         73 00 69 00
         67 00 6E 00
         65 00 64 00
         20 00 63 00
         68 00 61 00
         72 00 3A 00
         74 00 31 00
         30 00 3D 00
         72 00 31 00
         30 00 3B 00
         2D 00 33 00
         32 00 37 00
         36 00 38 00
         3B 00 33 00
         32 00 37 00
         36 00 37 00
         3B 00 22 00
         2C 00 31 00
         32 00 38 00
         2C 00 30 00
         2C 00 30 00
         2C 00 30 00
         0D 00 0A 00
00008CE9                    	.CODE
0000030C                    	.debug
0000030C 2E 00 73 00        		.dw '.stabs "unsigned char:t11=r11;0;65535;",128,0,0,0',0x0d,0x0a
         74 00 61 00
         62 00 73 00
         20 00 22 00
         75 00 6E 00
         73 00 69 00
         67 00 6E 00
         65 00 64 00
         20 00 63 00
         68 00 61 00
         72 00 3A 00
         74 00 31 00
         31 00 3D 00
         72 00 31 00
         31 00 3B 00
         30 00 3B 00
         36 00 35 00
         35 00 33 00
         35 00 3B 00
         22 00 2C 00
         31 00 32 00
         38 00 2C 00
         30 00 2C 00
         30 00 2C 00
         30 00 0D 00
         0A 00      
00008CE9                    	.CODE
0000033F                    	.debug
0000033F 2E 00 73 00        		.dw '.stabs "float:t12=r1;2;0;",128,0,0,0',0x0d,0x0a
         74 00 61 00
         62 00 73 00
         20 00 22 00
         66 00 6C 00
         6F 00 61 00
         74 00 3A 00
         74 00 31 00
         32 00 3D 00
         72 00 31 00
         3B 00 32 00
         3B 00 30 00
         3B 00 22 00
         2C 00 31 00
         32 00 38 00
         2C 00 30 00
         2C 00 30 00
         2C 00 30 00
         0D 00 0A 00
00008CE9                    	.CODE
00000365                    	.debug
00000365 2E 00 73 00        		.dw '.stabs "double:t13=r1;2;0;",128,0,0,0',0x0d,0x0a
         74 00 61 00
         62 00 73 00
         20 00 22 00
         64 00 6F 00
         75 00 62 00
         6C 00 65 00
         3A 00 74 00
         31 00 33 00
         3D 00 72 00
         31 00 3B 00
         32 00 3B 00
         30 00 3B 00
         22 00 2C 00
         31 00 32 00
         38 00 2C 00
         30 00 2C 00
         30 00 2C 00
         30 00 0D 00
         0A 00      
00008CE9                    	.CODE
0000038C                    	.debug
0000038C 2E 00 73 00        		.dw '.stabs "long double:t14=r1;2;0;",128,0,0,0',0x0d,0x0a
         74 00 61 00
         62 00 73 00
         20 00 22 00
         6C 00 6F 00
         6E 00 67 00
         20 00 64 00
         6F 00 75 00
         62 00 6C 00
         65 00 3A 00
         74 00 31 00
         34 00 3D 00
         72 00 31 00
         3B 00 32 00
         3B 00 30 00
         3B 00 22 00
         2C 00 31 00
         32 00 38 00
         2C 00 30 00
         2C 00 30 00
         2C 00 30 00
         0D 00 0A 00
00008CE9                    	.CODE
000003B8                    	.debug
000003B8 2E 00 73 00        		.dw '.stabs "complex int:t15=s2real:1,0,16;imag:1,16,16;;",128,0,0,0',0x0d,0x0a
         74 00 61 00
         62 00 73 00
         20 00 22 00
         63 00 6F 00
         6D 00 70 00
         6C 00 65 00
         78 00 20 00
         69 00 6E 00
         74 00 3A 00
         74 00 31 00
         35 00 3D 00
         73 00 32 00
         72 00 65 00
         61 00 6C 00
         3A 00 31 00
         2C 00 30 00
         2C 00 31 00
         36 00 3B 00
         69 00 6D 00
         61 00 67 00
         3A 00 31 00
         2C 00 31 00
         36 00 2C 00
         31 00 36 00
         3B 00 3B 00
         22 00 2C 00
         31 00 32 00
         38 00 2C 00
         30 00 2C 00
         30 00 2C 00
         30 00 0D 00
         0A 00      
00008CE9                    	.CODE
000003F9                    	.debug
000003F9 2E 00 73 00        		.dw '.stabs "complex float:t16=r16;2;0;",128,0,0,0',0x0d,0x0a
         74 00 61 00
         62 00 73 00
         20 00 22 00
         63 00 6F 00
         6D 00 70 00
         6C 00 65 00
         78 00 20 00
         66 00 6C 00
         6F 00 61 00
         74 00 3A 00
         74 00 31 00
         36 00 3D 00
         72 00 31 00
         36 00 3B 00
         32 00 3B 00
         30 00 3B 00
         22 00 2C 00
         31 00 32 00
         38 00 2C 00
         30 00 2C 00
         30 00 2C 00
         30 00 0D 00
         0A 00      
00008CE9                    	.CODE
00000428                    	.debug
00000428 2E 00 73 00        		.dw '.stabs "complex double:t17=r17;2;0;",128,0,0,0',0x0d,0x0a
         74 00 61 00
         62 00 73 00
         20 00 22 00
         63 00 6F 00
         6D 00 70 00
         6C 00 65 00
         78 00 20 00
         64 00 6F 00
         75 00 62 00
         6C 00 65 00
         3A 00 74 00
         31 00 37 00
         3D 00 72 00
         31 00 37 00
         3B 00 32 00
         3B 00 30 00
         3B 00 22 00
         2C 00 31 00
         32 00 38 00
         2C 00 30 00
         2C 00 30 00
         2C 00 30 00
         0D 00 0A 00
00008CE9                    	.CODE
00000458                    	.debug
00000458 2E 00 73 00        		.dw '.stabs "complex long double:t18=r18;2;0;",128,0,0,0',0x0d,0x0a
         74 00 61 00
         62 00 73 00
         20 00 22 00
         63 00 6F 00
         6D 00 70 00
         6C 00 65 00
         78 00 20 00
         6C 00 6F 00
         6E 00 67 00
         20 00 64 00
         6F 00 75 00
         62 00 6C 00
         65 00 3A 00
         74 00 31 00
         38 00 3D 00
         72 00 31 00
         38 00 3B 00
         32 00 3B 00
         30 00 3B 00
         22 00 2C 00
         31 00 32 00
         38 00 2C 00
         30 00 2C 00
         30 00 2C 00
         30 00 0D 00
         0A 00      
00008CE9                    	.CODE
0000048D                    	.debug
0000048D 2E 00 73 00        		.dw '.stabs "void:t19=19",128,0,0,0',0x0d,0x0a
         74 00 61 00
         62 00 73 00
         20 00 22 00
         76 00 6F 00
         69 00 64 00
         3A 00 74 00
         31 00 39 00
         3D 00 31 00
         39 00 22 00
         2C 00 31 00
         32 00 38 00
         2C 00 30 00
         2C 00 30 00
         2C 00 30 00
         0D 00 0A 00
00008CE9                    	.CODE
000004AD                    	.debug
000004AD 2E 00 73 00        		.dw '.stabs "Key:G4",32,0,0,',0,0,offset _Key,seg _Key,0x0d,0x0a
         74 00 61 00
         62 00 73 00
         20 00 22 00
         4B 00 65 00
         79 00 3A 00
         47 00 34 00
         22 00 2C 00
         33 00 32 00
         2C 00 30 00
         2C 00 30 00
         2C 00 00 00
         00 00 00 00
         00 00 0D 00
         0A 00      
00008CE9                    	.CODE
000004CA                    	.debug
000004CA 2E 00 73 00        		.dw '.stabs "SpeechIndex:G4",32,0,0,',0,0,offset _SpeechIndex,seg _SpeechIndex,0x0d,0x0a
         74 00 61 00
         62 00 73 00
         20 00 22 00
         53 00 70 00
         65 00 65 00
         63 00 68 00
         49 00 6E 00
         64 00 65 00
         78 00 3A 00
         47 00 34 00
         22 00 2C 00
         33 00 32 00
         2C 00 30 00
         2C 00 30 00
         2C 00 00 00
         00 00 01 00
         00 00 0D 00
         0A 00      
00008CE9                    	.CODE
000004EF                    	.debug
000004EF 2E 00 73 00        		.dw '.stabs "VolumeIndex:G4",32,0,0,',0,0,offset _VolumeIndex,seg _VolumeIndex,0x0d,0x0a
         74 00 61 00
         62 00 73 00
         20 00 22 00
         56 00 6F 00
         6C 00 75 00
         6D 00 65 00
         49 00 6E 00
         64 00 65 00
         78 00 3A 00
         47 00 34 00
         22 00 2C 00
         33 00 32 00
         2C 00 30 00
         2C 00 30 00
         2C 00 00 00
         00 00 02 00
         00 00 0D 00
         0A 00      
00008CE9                    	.CODE
00000514                    	.debug
00000514 2E 00 73 00        		.dw '.stabs "DAC_FIR_Type:G4",32,0,0,',0,0,offset _DAC_FIR_Type,seg _DAC_FIR_Type,0x0d,0x0a
         74 00 61 00
         62 00 73 00
         20 00 22 00
         44 00 41 00
         43 00 5F 00
         46 00 49 00
         52 00 5F 00
         54 00 79 00
         70 00 65 00
         3A 00 47 00
         34 00 22 00
         2C 00 33 00
         32 00 2C 00
         30 00 2C 00
         30 00 2C 00
         00 00 00 00
         03 00 00 00
         0D 00 0A 00
00008CE9                    	.CODE
0000053A                    	.debug
0000053A 2E 00 73 00        		.dw '.stabs "PauseFlag:G4",32,0,0,',0,0,offset _PauseFlag,seg _PauseFlag,0x0d,0x0a
         74 00 61 00
         62 00 73 00
         20 00 22 00
         50 00 61 00
         75 00 73 00
         65 00 46 00
         6C 00 61 00
         67 00 3A 00
         47 00 34 00
         22 00 2C 00
         33 00 32 00
         2C 00 30 00
         2C 00 30 00
         2C 00 00 00
         00 00 04 00
         00 00 0D 00
         0A 00      
00008CE9                    	.CODE
0000055D                    	.debug
0000055D 2E 00 73 00        		.dw '.stabs "PlayCon:G4",32,0,0,',0,0,offset _PlayCon,seg _PlayCon,0x0d,0x0a
         74 00 61 00
         62 00 73 00
         20 00 22 00
         50 00 6C 00
         61 00 79 00
         43 00 6F 00
         6E 00 3A 00
         47 00 34 00
         22 00 2C 00
         33 00 32 00
         2C 00 30 00
         2C 00 30 00
         2C 00 00 00
         00 00 05 00
         00 00 0D 00
         0A 00      
00008CE9                    	.CODE
00008CE9                    	.code
0000057E                    	.debug
0000057E 2E 00 73 00        		.dw '.stabs "main:F1",36,0,0,',0,0,offset _main,seg _main,0x0d,0x0a
         74 00 61 00
         62 00 73 00
         20 00 22 00
         6D 00 61 00
         69 00 6E 00
         3A 00 46 00
         31 00 22 00
         2C 00 33 00
         36 00 2C 00
         30 00 2C 00
         30 00 2C 00
         00 00 00 00
         00 00 00 00
         0D 00 0A 00
00008CE9                    	.CODE
                            	.public _main
                            	_main:	.proc
0000059C                    	.debug
0000059C 2E 00 73 00        		.dw '.stabn 0x44,0,75,',0,0
         74 00 61 00
         62 00 6E 00
         20 00 30 00
         78 00 34 00
         34 00 2C 00
         30 00 2C 00
         37 00 35 00
         2C 00 00 00
         00 00      
000005AF 00 00 00 00        		.dd LM1-_main
000005B1 0D 00 0A 00        		.dw 0x0d,0x0a
00008CE9                    	.code
                            	LM1:
                            		// total=1, vars=1
                            		// frame_pointer_needed: 1
000005B3                    	.debug
000005B3 2E 00 73 00        		.dw '.stabn 0xa6,0,0,1',0x0d, 0x0a
         74 00 61 00
         62 00 6E 00
         20 00 30 00
         78 00 61 00
         36 00 2C 00
         30 00 2C 00
         30 00 2C 00
         31 00 0D 00
         0A 00      
00008CE9                    	.code
00008CE9 88 DA              		PUSH BP to [SP]
00008CEA 41 20              		SP-=1
00008CEB 08 0B 01 00        		BP=SP+1
                            	
00008CED 0D 03 04 00        		R1=BP+4
00008CEF C5 D2              		[BP]=R1	// QImode move
000005C6                    	.debug
000005C6 2E 00 73 00        		.dw '.stabn 0x44,0,76,',0,0
         74 00 61 00
         62 00 6E 00
         20 00 30 00
         78 00 34 00
         34 00 2C 00
         30 00 2C 00
         37 00 36 00
         2C 00 00 00
         00 00      
000005D9 07 00 00 00        		.dd LM2-_main
000005DB 0D 00 0A 00        		.dw 0x0d,0x0a
00008CF0                    	.code
                            	LM2:
                            	LBB2:
00008CF0 40 92              		R1=0	// QImode move
00008CF1 19 D3 EF 01        		[_Key]=R1	// QImode move
000005DD                    	.debug
000005DD 2E 00 73 00        		.dw '.stabn 0x44,0,77,',0,0
         74 00 61 00
         62 00 6E 00
         20 00 30 00
         78 00 34 00
         34 00 2C 00
         30 00 2C 00
         37 00 37 00
         2C 00 00 00
         00 00      
000005F0 0A 00 00 00        		.dd LM3-_main
000005F2 0D 00 0A 00        		.dw 0x0d,0x0a
00008CF3                    	.code
                            	LM3:
00008CF3 40 92              		R1=0	// QImode move
00008CF4 19 D3 F0 01        		[_SpeechIndex]=R1	// QImode move
000005F4                    	.debug
000005F4 2E 00 73 00        		.dw '.stabn 0x44,0,78,',0,0
         74 00 61 00
         62 00 6E 00
         20 00 30 00
         78 00 34 00
         34 00 2C 00
         30 00 2C 00
         37 00 38 00
         2C 00 00 00
         00 00      
00000607 0D 00 00 00        		.dd LM4-_main
00000609 0D 00 0A 00        		.dw 0x0d,0x0a
00008CF6                    	.code
                            	LM4:
00008CF6 49 92              		R1=9	// QImode move
00008CF7 19 D3 F1 01        		[_VolumeIndex]=R1	// QImode move
0000060B                    	.debug
0000060B 2E 00 73 00        		.dw '.stabn 0x44,0,79,',0,0
         74 00 61 00
         62 00 6E 00
         20 00 30 00
         78 00 34 00
         34 00 2C 00
         30 00 2C 00
         37 00 39 00
         2C 00 00 00
         00 00      
0000061E 10 00 00 00        		.dd LM5-_main
00000620 0D 00 0A 00        		.dw 0x0d,0x0a
00008CF9                    	.code
                            	LM5:
00008CF9 40 92              		R1=0	// QImode move
00008CFA 19 D3 F3 01        		[_PauseFlag]=R1	// QImode move
00000622                    	.debug
00000622 2E 00 73 00        		.dw '.stabn 0x44,0,80,',0,0
         74 00 61 00
         62 00 6E 00
         20 00 30 00
         78 00 34 00
         34 00 2C 00
         30 00 2C 00
         38 00 30 00
         2C 00 00 00
         00 00      
00000635 13 00 00 00        		.dd LM6-_main
00000637 0D 00 0A 00        		.dw 0x0d,0x0a
00008CFC                    	.code
                            	LM6:
00008CFC 42 92              		R1=2	// QImode move
00008CFD 19 D3 F2 01        		[_DAC_FIR_Type]=R1	// QImode move
00000639                    	.debug
00000639 2E 00 73 00        		.dw '.stabn 0x44,0,81,',0,0
         74 00 61 00
         62 00 6E 00
         20 00 30 00
         78 00 34 00
         34 00 2C 00
         30 00 2C 00
         38 00 31 00
         2C 00 00 00
         00 00      
0000064C 16 00 00 00        		.dd LM7-_main
0000064E 0D 00 0A 00        		.dw 0x0d,0x0a
00008CFF                    	.code
                            	LM7:
00008CFF 40 92              		R1=0	// QImode move
00008D00 19 D3 F4 01        		[_PlayCon]=R1	// QImode move
00000650                    	.debug
00000650 2E 00 73 00        		.dw '.stabn 0x44,0,83,',0,0
         74 00 61 00
         62 00 6E 00
         20 00 30 00
         78 00 34 00
         34 00 2C 00
         30 00 2C 00
         38 00 33 00
         2C 00 00 00
         00 00      
00000663 19 00 00 00        		.dd LM8-_main
00000665 0D 00 0A 00        		.dw 0x0d,0x0a
00008D02                    	.code
                            	LM8:
00008D02 40 F0 26 8F        		CALL _System_Initial	// call without return value
00000667                    	.debug
00000667 2E 00 73 00        		.dw '.stabn 0x44,0,84,',0,0
         74 00 61 00
         62 00 6E 00
         20 00 30 00
         78 00 34 00
         34 00 2C 00
         30 00 2C 00
         38 00 34 00
         2C 00 00 00
         00 00      
0000067A 1B 00 00 00        		.dd LM9-_main
0000067C 0D 00 0A 00        		.dw 0x0d,0x0a
00008D04                    	.code
                            	LM9:
00008D04 40 F0 70 89        		CALL _SPI_Initial	// call with return value
0000067E                    	.debug
0000067E 2E 00 73 00        		.dw '.stabn 0x44,0,85,',0,0
         74 00 61 00
         62 00 6E 00
         20 00 30 00
         78 00 34 00
         34 00 2C 00
         30 00 2C 00
         38 00 35 00
         2C 00 00 00
         00 00      
00000691 1D 00 00 00        		.dd LM10-_main
00000693 0D 00 0A 00        		.dw 0x0d,0x0a
00008D06                    	.code
                            	LM10:
00008D06 40 F0 74 8B        		CALL _SACM_S480_Initial	// call without return value
00000695                    	.debug
00000695 2E 00 73 00        		.dw '.stabn 0x44,0,86,',0,0
         74 00 61 00
         62 00 6E 00
         20 00 30 00
         78 00 34 00
         34 00 2C 00
         30 00 2C 00
         38 00 36 00
         2C 00 00 00
         00 00      
000006A8 1F 00 00 00        		.dd LM11-_main
000006AA 0D 00 0A 00        		.dw 0x0d,0x0a
00008D08                    	.code
                            	LM11:
00008D08 43 92              		R1=3	// QImode move
00008D09 C8 D2              		[SP--]=R1	// QImode move
00008D0A 43 92              		R1=3	// QImode move
00008D0B C8 D2              		[SP--]=R1	// QImode move
00008D0C 11 93 F0 01        		R1=[_SpeechIndex]	// QImode move
00008D0E C8 D2              		[SP--]=R1	// QImode move
00008D0F 40 F0 9B 8B        		CALL _SACM_S480_Play	// call without return value
00008D11 43 00              		SP = SP + 3	//SP
000006AC                    	.debug
000006AC 2E 00 73 00        		.dw '.stabn 0x44,0,87,',0,0
         74 00 61 00
         62 00 6E 00
         20 00 30 00
         78 00 34 00
         34 00 2C 00
         30 00 2C 00
         38 00 37 00
         2C 00 00 00
         00 00      
000006BF 29 00 00 00        		.dd LM12-_main
000006C1 0D 00 0A 00        		.dw 0x0d,0x0a
00008D12                    	.code
                            	LM12:
                            	L3:
00008D12 0F 9F 16 8D        		PC=L5	// jump
00008D14 0F 9F 04 8E        		PC=L4	// jump
                            	L5:
000006C3                    	.debug
000006C3 2E 00 73 00        		.dw '.stabn 0x44,0,89,',0,0
         74 00 61 00
         62 00 6E 00
         20 00 30 00
         78 00 34 00
         34 00 2C 00
         30 00 2C 00
         38 00 39 00
         2C 00 00 00
         00 00      
000006D6 2D 00 00 00        		.dd LM13-_main
000006D8 0D 00 0A 00        		.dw 0x0d,0x0a
00008D16                    	.code
                            	LM13:
00008D16 40 F0 82 8F        		CALL _SP_GetCh	// call with return value
00008D18 19 D3 EF 01        		[_Key]=R1	// QImode move
000006DA                    	.debug
000006DA 2E 00 73 00        		.dw '.stabn 0x44,0,90,',0,0
         74 00 61 00
         62 00 6E 00
         20 00 30 00
         78 00 34 00
         34 00 2C 00
         30 00 2C 00
         39 00 30 00
         2C 00 00 00
         00 00      
000006ED 31 00 00 00        		.dd LM14-_main
000006EF 0D 00 0A 00        		.dw 0x0d,0x0a
00008D1A                    	.code
                            	LM14:
00008D1A 11 93 EF 01        		R1=[_Key]	// QImode move
00008D1C 48 42              		CMP R1,8	// QImode compare
00008D1D 02 4E 0F 9F        		NSJZ L11	//QImode EQ
         6C 8D      
00008D20 48 42              		CMP R1,8	// QImode compare
00008D21 14 9E 01 EE        		NSJA L21	//QImode GTU
         00 EE      
00008D24 41 42              		CMP R1,1	// QImode compare
00008D25 2C 5E 01 EE        		NSJZ L8	//QImode EQ
         00 EE      
00008D28 41 42              		CMP R1,1	// QImode compare
00008D29 26 0E 01 EE        		NSJB L7	//QImode LTU
         00 EE      
00008D2C 42 42              		CMP R1,2	// QImode compare
00008D2D 33 5E 01 EE        		NSJZ L9	//QImode EQ
         00 EE      
00008D30 44 42              		CMP R1,4	// QImode compare
00008D31 36 5E 01 EE        		NSJZ L10	//QImode EQ
         00 EE      
00008D34 0F 9F D0 8D        		PC=L19	// jump
                            	L21:
00008D36 60 42              		CMP R1,32	// QImode compare
00008D37 02 4E 0F 9F        		NSJZ L14	//QImode EQ
         8D 8D      
00008D3A 60 42              		CMP R1,32	// QImode compare
00008D3B 08 9E 01 EE        		NSJA L22	//QImode GTU
         00 EE      
00008D3E 50 42              		CMP R1,16	// QImode compare
00008D3F 30 5E 01 EE        		NSJZ L12	//QImode EQ
         00 EE      
00008D42 0F 9F D0 8D        		PC=L19	// jump
                            	L22:
00008D44 09 43 40 00        		CMP R1,64	// QImode compare
00008D46 02 4E 0F 9F        		NSJZ L16	//QImode EQ
         A3 8D      
00008D49 09 43 80 00        		CMP R1,128	// QImode compare
00008D4B 02 4E 0F 9F        		NSJZ L18	//QImode EQ
         B9 8D      
00008D4E 0F 9F D0 8D        		PC=L19	// jump
                            	LBB3:
                            	L7:
000006F1                    	.debug
000006F1 2E 00 73 00        		.dw '.stabn 0x44,0,93,',0,0
         74 00 61 00
         62 00 6E 00
         20 00 30 00
         78 00 34 00
         34 00 2C 00
         30 00 2C 00
         39 00 33 00
         2C 00 00 00
         00 00      
00000704 67 00 00 00        		.dd LM15-_main
00000706 0D 00 0A 00        		.dw 0x0d,0x0a
00008D50                    	.code
                            	LM15:
00008D50 0F 9F D2 8D        		PC=L6	// jump
                            	L8:
00000708                    	.debug
00000708 2E 00 73 00        		.dw '.stabn 0x44,0,96,',0,0
         74 00 61 00
         62 00 6E 00
         20 00 30 00
         78 00 34 00
         34 00 2C 00
         30 00 2C 00
         39 00 36 00
         2C 00 00 00
         00 00      
0000071B 69 00 00 00        		.dd LM16-_main
0000071D 0D 00 0A 00        		.dw 0x0d,0x0a
00008D52                    	.code
                            	LM16:
00008D52 40 92              		R1=0	// QImode move
00008D53 19 D3 F4 01        		[_PlayCon]=R1	// QImode move
0000071F                    	.debug
0000071F 2E 00 73 00        		.dw '.stabn 0x44,0,97,',0,0
         74 00 61 00
         62 00 6E 00
         20 00 30 00
         78 00 34 00
         34 00 2C 00
         30 00 2C 00
         39 00 37 00
         2C 00 00 00
         00 00      
00000732 6C 00 00 00        		.dd LM17-_main
00000734 0D 00 0A 00        		.dw 0x0d,0x0a
00008D55                    	.code
                            	LM17:
00008D55 43 92              		R1=3	// QImode move
00008D56 C8 D2              		[SP--]=R1	// QImode move
00008D57 43 92              		R1=3	// QImode move
00008D58 C8 D2              		[SP--]=R1	// QImode move
00008D59 11 93 F0 01        		R1=[_SpeechIndex]	// QImode move
00008D5B C8 D2              		[SP--]=R1	// QImode move
00008D5C 40 F0 9B 8B        		CALL _SACM_S480_Play	// call without return value
00008D5E 43 00              		SP = SP + 3	//SP
00000736                    	.debug
00000736 2E 00 73 00        		.dw '.stabn 0x44,0,98,',0,0
         74 00 61 00
         62 00 6E 00
         20 00 30 00
         78 00 34 00
         34 00 2C 00
         30 00 2C 00
         39 00 38 00
         2C 00 00 00
         00 00      
00000749 76 00 00 00        		.dd LM18-_main
0000074B 0D 00 0A 00        		.dw 0x0d,0x0a
00008D5F                    	.code
                            	LM18:
00008D5F 0F 9F D2 8D        		PC=L6	// jump
                            	L9:
0000074D                    	.debug
0000074D 2E 00 73 00        		.dw '.stabn 0x44,0,101,',0,0
         74 00 61 00
         62 00 6E 00
         20 00 30 00
         78 00 34 00
         34 00 2C 00
         30 00 2C 00
         31 00 30 00
         31 00 2C 00
         00 00 00 00
00000761 78 00 00 00        		.dd LM19-_main
00000763 0D 00 0A 00        		.dw 0x0d,0x0a
00008D61                    	.code
                            	LM19:
00008D61 40 92              		R1=0	// QImode move
00008D62 19 D3 F4 01        		[_PlayCon]=R1	// QImode move
00000765                    	.debug
00000765 2E 00 73 00        		.dw '.stabn 0x44,0,102,',0,0
         74 00 61 00
         62 00 6E 00
         20 00 30 00
         78 00 34 00
         34 00 2C 00
         30 00 2C 00
         31 00 30 00
         32 00 2C 00
         00 00 00 00
00000779 7B 00 00 00        		.dd LM20-_main
0000077B 0D 00 0A 00        		.dw 0x0d,0x0a
00008D64                    	.code
                            	LM20:
00008D64 40 F0 67 8C        		CALL _SACM_S480_Stop	// call without return value
0000077D                    	.debug
0000077D 2E 00 73 00        		.dw '.stabn 0x44,0,103,',0,0
         74 00 61 00
         62 00 6E 00
         20 00 30 00
         78 00 34 00
         34 00 2C 00
         30 00 2C 00
         31 00 30 00
         33 00 2C 00
         00 00 00 00
00000791 7D 00 00 00        		.dd LM21-_main
00000793 0D 00 0A 00        		.dw 0x0d,0x0a
00008D66                    	.code
                            	LM21:
00008D66 0F 9F D2 8D        		PC=L6	// jump
                            	L10:
00000795                    	.debug
00000795 2E 00 73 00        		.dw '.stabn 0x44,0,106,',0,0
         74 00 61 00
         62 00 6E 00
         20 00 30 00
         78 00 34 00
         34 00 2C 00
         30 00 2C 00
         31 00 30 00
         36 00 2C 00
         00 00 00 00
000007A9 7F 00 00 00        		.dd LM22-_main
000007AB 0D 00 0A 00        		.dw 0x0d,0x0a
00008D68                    	.code
                            	LM22:
00008D68 40 F0 D0 8C        		CALL _SACM_S480_Pause	// call without return value
000007AD                    	.debug
000007AD 2E 00 73 00        		.dw '.stabn 0x44,0,107,',0,0
         74 00 61 00
         62 00 6E 00
         20 00 30 00
         78 00 34 00
         34 00 2C 00
         30 00 2C 00
         31 00 30 00
         37 00 2C 00
         00 00 00 00
000007C1 81 00 00 00        		.dd LM23-_main
000007C3 0D 00 0A 00        		.dw 0x0d,0x0a
00008D6A                    	.code
                            	LM23:
00008D6A 0F 9F D2 8D        		PC=L6	// jump
                            	L11:
000007C5                    	.debug
000007C5 2E 00 73 00        		.dw '.stabn 0x44,0,110,',0,0
         74 00 61 00
         62 00 6E 00
         20 00 30 00
         78 00 34 00
         34 00 2C 00
         30 00 2C 00
         31 00 31 00
         30 00 2C 00
         00 00 00 00
000007D9 83 00 00 00        		.dd LM24-_main
000007DB 0D 00 0A 00        		.dw 0x0d,0x0a
00008D6C                    	.code
                            	LM24:
00008D6C 40 F0 DC 8C        		CALL _SACM_S480_Resume	// call without return value
000007DD                    	.debug
000007DD 2E 00 73 00        		.dw '.stabn 0x44,0,111,',0,0
         74 00 61 00
         62 00 6E 00
         20 00 30 00
         78 00 34 00
         34 00 2C 00
         30 00 2C 00
         31 00 31 00
         31 00 2C 00
         00 00 00 00
000007F1 85 00 00 00        		.dd LM25-_main
000007F3 0D 00 0A 00        		.dw 0x0d,0x0a
00008D6E                    	.code
                            	LM25:
00008D6E 0F 9F D2 8D        		PC=L6	// jump
                            	L12:
000007F5                    	.debug
000007F5 2E 00 73 00        		.dw '.stabn 0x44,0,114,',0,0
         74 00 61 00
         62 00 6E 00
         20 00 30 00
         78 00 34 00
         34 00 2C 00
         30 00 2C 00
         31 00 31 00
         34 00 2C 00
         00 00 00 00
00000809 87 00 00 00        		.dd LM26-_main
0000080B 0D 00 0A 00        		.dw 0x0d,0x0a
00008D70                    	.code
                            	LM26:
00008D70 12 95 F0 01        		R2=[_SpeechIndex]	// QImode move
00008D72 0A 03 01 00        		R1=R2+1
00008D74 01 95              		R2=R1	// QImode move
00008D75 1A D5 F0 01        		[_SpeechIndex]=R2	// QImode move
00008D77 43 44              		CMP R2,3	// QImode compare
00008D78 05 8E 01 EE        		NSJNA L13	//QImode LEU
         00 EE      
0000080D                    	.debug
0000080D 2E 00 73 00        		.dw '.stabn 0x44,0,115,',0,0
         74 00 61 00
         62 00 6E 00
         20 00 30 00
         78 00 34 00
         34 00 2C 00
         30 00 2C 00
         31 00 31 00
         35 00 2C 00
         00 00 00 00
00000821 92 00 00 00        		.dd LM27-_main
00000823 0D 00 0A 00        		.dw 0x0d,0x0a
00008D7B                    	.code
                            	LM27:
00008D7B 40 92              		R1=0	// QImode move
00008D7C 19 D3 F0 01        		[_SpeechIndex]=R1	// QImode move
                            	L13:
00000825                    	.debug
00000825 2E 00 73 00        		.dw '.stabn 0x44,0,116,',0,0
         74 00 61 00
         62 00 6E 00
         20 00 30 00
         78 00 34 00
         34 00 2C 00
         30 00 2C 00
         31 00 31 00
         36 00 2C 00
         00 00 00 00
00000839 95 00 00 00        		.dd LM28-_main
0000083B 0D 00 0A 00        		.dw 0x0d,0x0a
00008D7E                    	.code
                            	LM28:
00008D7E 40 92              		R1=0	// QImode move
00008D7F 19 D3 F4 01        		[_PlayCon]=R1	// QImode move
0000083D                    	.debug
0000083D 2E 00 73 00        		.dw '.stabn 0x44,0,117,',0,0
         74 00 61 00
         62 00 6E 00
         20 00 30 00
         78 00 34 00
         34 00 2C 00
         30 00 2C 00
         31 00 31 00
         37 00 2C 00
         00 00 00 00
00000851 98 00 00 00        		.dd LM29-_main
00000853 0D 00 0A 00        		.dw 0x0d,0x0a
00008D81                    	.code
                            	LM29:
00008D81 43 92              		R1=3	// QImode move
00008D82 C8 D2              		[SP--]=R1	// QImode move
00008D83 43 92              		R1=3	// QImode move
00008D84 C8 D2              		[SP--]=R1	// QImode move
00008D85 11 93 F0 01        		R1=[_SpeechIndex]	// QImode move
00008D87 C8 D2              		[SP--]=R1	// QImode move
00008D88 40 F0 9B 8B        		CALL _SACM_S480_Play	// call without return value
00008D8A 43 00              		SP = SP + 3	//SP
00000855                    	.debug
00000855 2E 00 73 00        		.dw '.stabn 0x44,0,118,',0,0
         74 00 61 00
         62 00 6E 00
         20 00 30 00
         78 00 34 00
         34 00 2C 00
         30 00 2C 00
         31 00 31 00
         38 00 2C 00
         00 00 00 00
00000869 A2 00 00 00        		.dd LM30-_main
0000086B 0D 00 0A 00        		.dw 0x0d,0x0a
00008D8B                    	.code
                            	LM30:
00008D8B 0F 9F D2 8D        		PC=L6	// jump
                            	L14:
0000086D                    	.debug
0000086D 2E 00 73 00        		.dw '.stabn 0x44,0,121,',0,0
         74 00 61 00
         62 00 6E 00
         20 00 30 00
         78 00 34 00
         34 00 2C 00
         30 00 2C 00
         31 00 32 00
         31 00 2C 00
         00 00 00 00
00000881 A4 00 00 00        		.dd LM31-_main
00000883 0D 00 0A 00        		.dw 0x0d,0x0a
00008D8D                    	.code
                            	LM31:
00008D8D 12 95 F1 01        		R2=[_VolumeIndex]	// QImode move
00008D8F 0A 03 01 00        		R1=R2+1
00008D91 01 95              		R2=R1	// QImode move
00008D92 1A D5 F1 01        		[_VolumeIndex]=R2	// QImode move
00008D94 4F 44              		CMP R2,15	// QImode compare
00008D95 05 8E 01 EE        		NSJNA L15	//QImode LEU
         00 EE      
00000885                    	.debug
00000885 2E 00 73 00        		.dw '.stabn 0x44,0,122,',0,0
         74 00 61 00
         62 00 6E 00
         20 00 30 00
         78 00 34 00
         34 00 2C 00
         30 00 2C 00
         31 00 32 00
         32 00 2C 00
         00 00 00 00
00000899 AF 00 00 00        		.dd LM32-_main
0000089B 0D 00 0A 00        		.dw 0x0d,0x0a
00008D98                    	.code
                            	LM32:
00008D98 40 92              		R1=0	// QImode move
00008D99 19 D3 F1 01        		[_VolumeIndex]=R1	// QImode move
                            	L15:
0000089D                    	.debug
0000089D 2E 00 73 00        		.dw '.stabn 0x44,0,123,',0,0
         74 00 61 00
         62 00 6E 00
         20 00 30 00
         78 00 34 00
         34 00 2C 00
         30 00 2C 00
         31 00 32 00
         33 00 2C 00
         00 00 00 00
000008B1 B2 00 00 00        		.dd LM33-_main
000008B3 0D 00 0A 00        		.dw 0x0d,0x0a
00008D9B                    	.code
                            	LM33:
00008D9B 11 93 F1 01        		R1=[_VolumeIndex]	// QImode move
00008D9D C8 D2              		[SP--]=R1	// QImode move
00008D9E 40 F0 E8 8F        		CALL _USER_S480_Volume	// call without return value
00008DA0 41 00              		SP = SP + 1	//SP
000008B5                    	.debug
000008B5 2E 00 73 00        		.dw '.stabn 0x44,0,124,',0,0
         74 00 61 00
         62 00 6E 00
         20 00 30 00
         78 00 34 00
         34 00 2C 00
         30 00 2C 00
         31 00 32 00
         34 00 2C 00
         00 00 00 00
000008C9 B8 00 00 00        		.dd LM34-_main
000008CB 0D 00 0A 00        		.dw 0x0d,0x0a
00008DA1                    	.code
                            	LM34:
00008DA1 0F 9F D2 8D        		PC=L6	// jump
                            	L16:
000008CD                    	.debug
000008CD 2E 00 73 00        		.dw '.stabn 0x44,0,127,',0,0
         74 00 61 00
         62 00 6E 00
         20 00 30 00
         78 00 34 00
         34 00 2C 00
         30 00 2C 00
         31 00 32 00
         37 00 2C 00
         00 00 00 00
000008E1 BA 00 00 00        		.dd LM35-_main
000008E3 0D 00 0A 00        		.dw 0x0d,0x0a
00008DA3                    	.code
                            	LM35:
00008DA3 12 95 F2 01        		R2=[_DAC_FIR_Type]	// QImode move
00008DA5 0A 03 01 00        		R1=R2+1
00008DA7 01 95              		R2=R1	// QImode move
00008DA8 1A D5 F2 01        		[_DAC_FIR_Type]=R2	// QImode move
00008DAA 43 44              		CMP R2,3	// QImode compare
00008DAB 05 8E 01 EE        		NSJNA L17	//QImode LEU
         00 EE      
000008E5                    	.debug
000008E5 2E 00 73 00        		.dw '.stabn 0x44,0,128,',0,0
         74 00 61 00
         62 00 6E 00
         20 00 30 00
         78 00 34 00
         34 00 2C 00
         30 00 2C 00
         31 00 32 00
         38 00 2C 00
         00 00 00 00
000008F9 C5 00 00 00        		.dd LM36-_main
000008FB 0D 00 0A 00        		.dw 0x0d,0x0a
00008DAE                    	.code
                            	LM36:
00008DAE 40 92              		R1=0	// QImode move
00008DAF 19 D3 F2 01        		[_DAC_FIR_Type]=R1	// QImode move
                            	L17:
000008FD                    	.debug
000008FD 2E 00 73 00        		.dw '.stabn 0x44,0,129,',0,0
         74 00 61 00
         62 00 6E 00
         20 00 30 00
         78 00 34 00
         34 00 2C 00
         30 00 2C 00
         31 00 32 00
         39 00 2C 00
         00 00 00 00
00000911 C8 00 00 00        		.dd LM37-_main
00000913 0D 00 0A 00        		.dw 0x0d,0x0a
00008DB1                    	.code
                            	LM37:
00008DB1 11 93 F2 01        		R1=[_DAC_FIR_Type]	// QImode move
00008DB3 C8 D2              		[SP--]=R1	// QImode move
00008DB4 40 F0 8A 8B        		CALL _SACM_S480_DA_FIRType	// call without return value
00008DB6 41 00              		SP = SP + 1	//SP
00000915                    	.debug
00000915 2E 00 73 00        		.dw '.stabn 0x44,0,130,',0,0
         74 00 61 00
         62 00 6E 00
         20 00 30 00
         78 00 34 00
         34 00 2C 00
         30 00 2C 00
         31 00 33 00
         30 00 2C 00
         00 00 00 00
00000929 CE 00 00 00        		.dd LM38-_main
0000092B 0D 00 0A 00        		.dw 0x0d,0x0a
00008DB7                    	.code
                            	LM38:
00008DB7 0F 9F D2 8D        		PC=L6	// jump
                            	L18:
0000092D                    	.debug
0000092D 2E 00 73 00        		.dw '.stabn 0x44,0,133,',0,0
         74 00 61 00
         62 00 6E 00
         20 00 30 00
         78 00 34 00
         34 00 2C 00
         30 00 2C 00
         31 00 33 00
         33 00 2C 00
         00 00 00 00
00000941 D0 00 00 00        		.dd LM39-_main
00000943 0D 00 0A 00        		.dw 0x0d,0x0a
00008DB9                    	.code
                            	LM39:
00008DB9 41 92              		R1=1	// QImode move
00008DBA 19 D3 F4 01        		[_PlayCon]=R1	// QImode move
00000945                    	.debug
00000945 2E 00 73 00        		.dw '.stabn 0x44,0,134,',0,0
         74 00 61 00
         62 00 6E 00
         20 00 30 00
         78 00 34 00
         34 00 2C 00
         30 00 2C 00
         31 00 33 00
         34 00 2C 00
         00 00 00 00
00000959 D3 00 00 00        		.dd LM40-_main
0000095B 0D 00 0A 00        		.dw 0x0d,0x0a
00008DBC                    	.code
                            	LM40:
00008DBC 40 92              		R1=0	// QImode move
00008DBD 19 D3 F0 01        		[_SpeechIndex]=R1	// QImode move
0000095D                    	.debug
0000095D 2E 00 73 00        		.dw '.stabn 0x44,0,135,',0,0
         74 00 61 00
         62 00 6E 00
         20 00 30 00
         78 00 34 00
         34 00 2C 00
         30 00 2C 00
         31 00 33 00
         35 00 2C 00
         00 00 00 00
00000971 D6 00 00 00        		.dd LM41-_main
00000973 0D 00 0A 00        		.dw 0x0d,0x0a
00008DBF                    	.code
                            	LM41:
00008DBF 11 93 F0 01        		R1=[_SpeechIndex]	// QImode move
00008DC1 C8 D2              		[SP--]=R1	// QImode move
00008DC2 40 F0 05 90        		CALL _USER_S480_SetStartAddr	// call with return value
00008DC4 41 00              		SP = SP + 1	//SP
00000975                    	.debug
00000975 2E 00 73 00        		.dw '.stabn 0x44,0,136,',0,0
         74 00 61 00
         62 00 6E 00
         20 00 30 00
         78 00 34 00
         34 00 2C 00
         30 00 2C 00
         31 00 33 00
         36 00 2C 00
         00 00 00 00
00000989 DC 00 00 00        		.dd LM42-_main
0000098B 0D 00 0A 00        		.dw 0x0d,0x0a
00008DC5                    	.code
                            	LM42:
00008DC5 41 92              		R1=1	// QImode move
00008DC6 C8 D2              		[SP--]=R1	// QImode move
00008DC7 43 92              		R1=3	// QImode move
00008DC8 C8 D2              		[SP--]=R1	// QImode move
00008DC9 41 62              		R1=(-1)	// QImode move
00008DCA C8 D2              		[SP--]=R1	// QImode move
00008DCB 40 F0 9B 8B        		CALL _SACM_S480_Play	// call without return value
00008DCD 43 00              		SP = SP + 3	//SP
0000098D                    	.debug
0000098D 2E 00 73 00        		.dw '.stabn 0x44,0,137,',0,0
         74 00 61 00
         62 00 6E 00
         20 00 30 00
         78 00 34 00
         34 00 2C 00
         30 00 2C 00
         31 00 33 00
         37 00 2C 00
         00 00 00 00
000009A1 E5 00 00 00        		.dd LM43-_main
000009A3 0D 00 0A 00        		.dw 0x0d,0x0a
00008DCE                    	.code
                            	LM43:
00008DCE 0F 9F D2 8D        		PC=L6	// jump
                            	L19:
000009A5                    	.debug
000009A5 2E 00 73 00        		.dw '.stabn 0x44,0,140,',0,0
         74 00 61 00
         62 00 6E 00
         20 00 30 00
         78 00 34 00
         34 00 2C 00
         30 00 2C 00
         31 00 34 00
         30 00 2C 00
         00 00 00 00
000009B9 E7 00 00 00        		.dd LM44-_main
000009BB 0D 00 0A 00        		.dw 0x0d,0x0a
00008DD0                    	.code
                            	LM44:
00008DD0 0F 9F D2 8D        		PC=L6	// jump
000009BD                    	.debug
000009BD 2E 00 73 00        		.dw '.stabn 0x44,0,141,',0,0
         74 00 61 00
         62 00 6E 00
         20 00 30 00
         78 00 34 00
         34 00 2C 00
         30 00 2C 00
         31 00 34 00
         31 00 2C 00
         00 00 00 00
000009D1 E9 00 00 00        		.dd LM45-_main
000009D3 0D 00 0A 00        		.dw 0x0d,0x0a
00008DD2                    	.code
                            	LM45:
                            	LBE3:
                            	L6:
000009D5                    	.debug
000009D5 2E 00 73 00        		.dw '.stabn 0x44,0,142,',0,0
         74 00 61 00
         62 00 6E 00
         20 00 30 00
         78 00 34 00
         34 00 2C 00
         30 00 2C 00
         31 00 34 00
         32 00 2C 00
         00 00 00 00
000009E9 E9 00 00 00        		.dd LM46-_main
000009EB 0D 00 0A 00        		.dw 0x0d,0x0a
00008DD2                    	.code
                            	LM46:
00008DD2 11 93 F4 01        		R1=[_PlayCon]	// QImode move
00008DD4 40 42              		CMP R1,0	// QImode test
00008DD5 26 5E 01 EE        		NSJZ L23	//QImode EQ
         00 EE      
000009ED                    	.debug
000009ED 2E 00 73 00        		.dw '.stabn 0x44,0,144,',0,0
         74 00 61 00
         62 00 6E 00
         20 00 30 00
         78 00 34 00
         34 00 2C 00
         30 00 2C 00
         31 00 34 00
         34 00 2C 00
         00 00 00 00
00000A01 EF 00 00 00        		.dd LM47-_main
00000A03 0D 00 0A 00        		.dw 0x0d,0x0a
00008DD8                    	.code
                            	LM47:
00008DD8 40 F0 64 8C        		CALL _SACM_S480_Check_Con	// call with return value
00008DDA 09 43 FF FF        		CMP R1,(-1)	// QImode compare
00008DDC 1F 4E 01 EE        		NSJNZ L23	//QImode NE
         00 EE      
00000A05                    	.debug
00000A05 2E 00 73 00        		.dw '.stabn 0x44,0,146,',0,0
         74 00 61 00
         62 00 6E 00
         20 00 30 00
         78 00 34 00
         34 00 2C 00
         30 00 2C 00
         31 00 34 00
         36 00 2C 00
         00 00 00 00
00000A19 F6 00 00 00        		.dd LM48-_main
00000A1B 0D 00 0A 00        		.dw 0x0d,0x0a
00008DDF                    	.code
                            	LM48:
                            	LBB4:
00008DDF 12 95 F0 01        		R2=[_SpeechIndex]	// QImode move
00008DE1 0A 03 01 00        		R1=R2+1
00008DE3 01 95              		R2=R1	// QImode move
00008DE4 1A D5 F0 01        		[_SpeechIndex]=R2	// QImode move
00008DE6 43 44              		CMP R2,3	// QImode compare
00008DE7 05 8E 01 EE        		NSJNA L25	//QImode LEU
         00 EE      
00000A1D                    	.debug
00000A1D 2E 00 73 00        		.dw '.stabn 0x44,0,147,',0,0
         74 00 61 00
         62 00 6E 00
         20 00 30 00
         78 00 34 00
         34 00 2C 00
         30 00 2C 00
         31 00 34 00
         37 00 2C 00
         00 00 00 00
00000A31 01 01 00 00        		.dd LM49-_main
00000A33 0D 00 0A 00        		.dw 0x0d,0x0a
00008DEA                    	.code
                            	LM49:
00008DEA 40 92              		R1=0	// QImode move
00008DEB 19 D3 F0 01        		[_SpeechIndex]=R1	// QImode move
                            	L25:
00000A35                    	.debug
00000A35 2E 00 73 00        		.dw '.stabn 0x44,0,148,',0,0
         74 00 61 00
         62 00 6E 00
         20 00 30 00
         78 00 34 00
         34 00 2C 00
         30 00 2C 00
         31 00 34 00
         38 00 2C 00
         00 00 00 00
00000A49 04 01 00 00        		.dd LM50-_main
00000A4B 0D 00 0A 00        		.dw 0x0d,0x0a
00008DED                    	.code
                            	LM50:
00008DED 11 93 F0 01        		R1=[_SpeechIndex]	// QImode move
00008DEF C8 D2              		[SP--]=R1	// QImode move
00008DF0 40 F0 17 90        		CALL _USER_S480_SetStartAddr_Con	// call with return value
00008DF2 41 00              		SP = SP + 1	//SP
00000A4D                    	.debug
00000A4D 2E 00 73 00        		.dw '.stabn 0x44,0,149,',0,0
         74 00 61 00
         62 00 6E 00
         20 00 30 00
         78 00 34 00
         34 00 2C 00
         30 00 2C 00
         31 00 34 00
         39 00 2C 00
         00 00 00 00
00000A61 0A 01 00 00        		.dd LM51-_main
00000A63 0D 00 0A 00        		.dw 0x0d,0x0a
00008DF3                    	.code
                            	LM51:
00008DF3 42 92              		R1=2	// QImode move
00008DF4 C8 D2              		[SP--]=R1	// QImode move
00008DF5 43 92              		R1=3	// QImode move
00008DF6 C8 D2              		[SP--]=R1	// QImode move
00008DF7 41 62              		R1=(-1)	// QImode move
00008DF8 C8 D2              		[SP--]=R1	// QImode move
00008DF9 40 F0 33 8C        		CALL _SACM_S480_Play_Con	// call without return value
00008DFB 43 00              		SP = SP + 3	//SP
00000A65                    	.debug
00000A65 2E 00 73 00        		.dw '.stabn 0x44,0,150,',0,0
         74 00 61 00
         62 00 6E 00
         20 00 30 00
         78 00 34 00
         34 00 2C 00
         30 00 2C 00
         31 00 35 00
         30 00 2C 00
         00 00 00 00
00000A79 13 01 00 00        		.dd LM52-_main
00000A7B 0D 00 0A 00        		.dw 0x0d,0x0a
00008DFC                    	.code
                            	LM52:
                            	LBE4:
                            	L24:
                            	L23:
00000A7D                    	.debug
00000A7D 2E 00 73 00        		.dw '.stabn 0x44,0,152,',0,0
         74 00 61 00
         62 00 6E 00
         20 00 30 00
         78 00 34 00
         34 00 2C 00
         30 00 2C 00
         31 00 35 00
         32 00 2C 00
         00 00 00 00
00000A91 13 01 00 00        		.dd LM53-_main
00000A93 0D 00 0A 00        		.dw 0x0d,0x0a
00008DFC                    	.code
                            	LM53:
00008DFC 0F 9F 00 8E        		PC=L26	// jump
00000A95                    	.debug
00000A95 2E 00 73 00        		.dw '.stabn 0x44,0,153,',0,0
         74 00 61 00
         62 00 6E 00
         20 00 30 00
         78 00 34 00
         34 00 2C 00
         30 00 2C 00
         31 00 35 00
         33 00 2C 00
         00 00 00 00
00000AA9 15 01 00 00        		.dd LM54-_main
00000AAB 0D 00 0A 00        		.dw 0x0d,0x0a
00008DFE                    	.code
                            	LM54:
00008DFE 40 F0 91 8C        		CALL _SACM_S480_ServiceLoop	// call without return value
                            	L26:
00000AAD                    	.debug
00000AAD 2E 00 73 00        		.dw '.stabn 0x44,0,154,',0,0
         74 00 61 00
         62 00 6E 00
         20 00 30 00
         78 00 34 00
         34 00 2C 00
         30 00 2C 00
         31 00 35 00
         34 00 2C 00
         00 00 00 00
00000AC1 17 01 00 00        		.dd LM55-_main
00000AC3 0D 00 0A 00        		.dw 0x0d,0x0a
00008E00                    	.code
                            	LM55:
00008E00 40 F0 48 8F        		CALL _System_ServiceLoop	// call without return value
00000AC5                    	.debug
00000AC5 2E 00 73 00        		.dw '.stabn 0x44,0,155,',0,0
         74 00 61 00
         62 00 6E 00
         20 00 30 00
         78 00 34 00
         34 00 2C 00
         30 00 2C 00
         31 00 35 00
         35 00 2C 00
         00 00 00 00
00000AD9 19 01 00 00        		.dd LM56-_main
00000ADB 0D 00 0A 00        		.dw 0x0d,0x0a
00008E02                    	.code
                            	LM56:
00008E02 0F 9F 12 8D        		PC=L3	// jump
                            	L4:
00000ADD                    	.debug
00000ADD 2E 00 73 00        		.dw '.stabn 0x44,0,156,',0,0
         74 00 61 00
         62 00 6E 00
         20 00 30 00
         78 00 34 00
         34 00 2C 00
         30 00 2C 00
         31 00 35 00
         36 00 2C 00
         00 00 00 00
00000AF1 1B 01 00 00        		.dd LM57-_main
00000AF3 0D 00 0A 00        		.dw 0x0d,0x0a
00008E04                    	.code
                            	LM57:
00008E04 40 92              		R1=0	// QImode move
00008E05 0F 9F 07 8E        		PC=L2	// jump
00000AF5                    	.debug
00000AF5 2E 00 73 00        		.dw '.stabn 0x44,0,157,',0,0
         74 00 61 00
         62 00 6E 00
         20 00 30 00
         78 00 34 00
         34 00 2C 00
         30 00 2C 00
         31 00 35 00
         37 00 2C 00
         00 00 00 00
00000B09 1E 01 00 00        		.dd LM58-_main
00000B0B 0D 00 0A 00        		.dw 0x0d,0x0a
00008E07                    	.code
                            	LM58:
                            	LBE2:
00000B0D                    	.debug
00000B0D 2E 00 73 00        		.dw '.stabn 0x44,0,157,',0,0
         74 00 61 00
         62 00 6E 00
         20 00 30 00
         78 00 34 00
         34 00 2C 00
         30 00 2C 00
         31 00 35 00
         37 00 2C 00
         00 00 00 00
00000B21 1E 01 00 00        		.dd LM59-_main
00000B23 0D 00 0A 00        		.dw 0x0d,0x0a
00008E07                    	.code
                            	LM59:
                            	L2:
                            	
00008E07 41 00              		SP+=1
00008E08 88 98              		POP BP from [SP]
00008E09 90 9A              		RETF
                            		.endp	// end of main
                            	
00000B25                    	.debug
00000B25 2E 00 73 00        		.dw '.stabn 0xc0,0,0,',0,0
         74 00 61 00
         62 00 6E 00
         20 00 30 00
         78 00 63 00
         30 00 2C 00
         30 00 2C 00
         30 00 2C 00
         00 00 00 00
00000B37 07 00 00 00        		.dd LBB2-_main
00000B39 0D 00 0A 00        		.dw 0x0d,0x0a
00008E0A                    	.code
00000B3B                    	.debug
00000B3B 2E 00 73 00        		.dw '.stabn 0xc0,0,0,',0,0
         74 00 61 00
         62 00 6E 00
         20 00 30 00
         78 00 63 00
         30 00 2C 00
         30 00 2C 00
         30 00 2C 00
         00 00 00 00
00000B4D 67 00 00 00        		.dd LBB3-_main
00000B4F 0D 00 0A 00        		.dw 0x0d,0x0a
00008E0A                    	.code
00000B51                    	.debug
00000B51 2E 00 73 00        		.dw '.stabn 0xe0,0,0,',0,0
         74 00 61 00
         62 00 6E 00
         20 00 30 00
         78 00 65 00
         30 00 2C 00
         30 00 2C 00
         30 00 2C 00
         00 00 00 00
00000B63 E9 00 00 00        		.dd LBE3-_main
00000B65 0D 00 0A 00        		.dw 0x0d,0x0a
00008E0A                    	.code
00000B67                    	.debug
00000B67 2E 00 73 00        		.dw '.stabn 0xc0,0,0,',0,0
         74 00 61 00
         62 00 6E 00
         20 00 30 00
         78 00 63 00
         30 00 2C 00
         30 00 2C 00
         30 00 2C 00
         00 00 00 00
00000B79 F6 00 00 00        		.dd LBB4-_main
00000B7B 0D 00 0A 00        		.dw 0x0d,0x0a
00008E0A                    	.code
00000B7D                    	.debug
00000B7D 2E 00 73 00        		.dw '.stabn 0xe0,0,0,',0,0
         74 00 61 00
         62 00 6E 00
         20 00 30 00
         78 00 65 00
         30 00 2C 00
         30 00 2C 00
         30 00 2C 00
         00 00 00 00
00000B8F 13 01 00 00        		.dd LBE4-_main
00000B91 0D 00 0A 00        		.dw 0x0d,0x0a
00008E0A                    	.code
00000B93                    	.debug
00000B93 2E 00 73 00        		.dw '.stabn 0xe0,0,0,',0,0
         74 00 61 00
         62 00 6E 00
         20 00 30 00
         78 00 65 00
         30 00 2C 00
         30 00 2C 00
         30 00 2C 00
         00 00 00 00
00000BA5 1E 01 00 00        		.dd LBE2-_main
00000BA7 0D 00 0A 00        		.dw 0x0d,0x0a
00008E0A                    	.code
00000BA9                    	.debug
00000BA9 2E 00 73 00        		.dw '.stabf ',0,0
         74 00 61 00
         62 00 66 00
         20 00 00 00
         00 00      
00000BB2 21 01 00 00        		.dd LME1-_main
00000BB4 0D 00 0A 00        		.dw 0x0d,0x0a
00008E0A                    	.code
                            	LME1:
000001EF                    	.iram
                            	.public _Key
                            	_Key:
000001EF 00 00              		.dw 0
000001F0                    	.iram
                            	.public _SpeechIndex
                            	_SpeechIndex:
000001F0 00 00              		.dw 0
000001F1                    	.iram
                            	.public _VolumeIndex
                            	_VolumeIndex:
000001F1 00 00              		.dw 0
000001F2                    	.iram
                            	.public _DAC_FIR_Type
                            	_DAC_FIR_Type:
000001F2 00 00              		.dw 0
000001F3                    	.iram
                            	.public _PauseFlag
                            	_PauseFlag:
000001F3 00 00              		.dw 0
000001F4                    	.iram
                            	.public _PlayCon
                            	_PlayCon:
000001F4 00 00              		.dw 0
                            	.external _System_ServiceLoop
                            	.external _SACM_S480_ServiceLoop
                            	.external _SACM_S480_Play_Con
                            	.external _USER_S480_SetStartAddr_Con
                            	.external _SACM_S480_Check_Con
                            	.external _USER_S480_SetStartAddr
                            	.external _SACM_S480_DA_FIRType
                            	.external _USER_S480_Volume
                            	.external _SACM_S480_Resume
                            	.external _SACM_S480_Pause
                            	.external _SACM_S480_Stop
                            	.external _SP_GetCh
                            	.external _SACM_S480_Play
                            	.external _SACM_S480_Initial
                            	.external _SPI_Initial
                            	.external _System_Initial
                            		.end
0 error(s), 0 warning(s).

