Generalplus u'nSP Assembler - Ver. 1.14.13.0
              Listing File Has Been Relocated
                            	// GCC for GeneralPlus u'nSP version 1.1.0.3
                            	// Command: C:\PROGRA~1\GENERA~1\UNSPID~1.4\toolchain\cc1.exe C:\DOCUME~1\raycheng\LOCALS~1\Temp\ccSACT9j.i -fkeep-inline-functions -quiet -dumpbase main.c -mglobal-var-iram -gstabs -Wall -o .\Debug/main.asm
                            		.external __sn_func_ptr_sec
                            	
                            	// gcc2_compiled.:
                            	
00000000                    	.debug
00000000 2E 00 73 00        		.dw '.stabs "D:/WorkingFolder/Library_Release/SACMV41b_Beta/GPCE063A_Example_V41b/GPCE063A Example Code/A1600/",0x64,0,3,',0,0,offset Ltext0,seg Ltext0,0x0d,0x0a
         74 00 61 00
         62 00 73 00
         20 00 22 00
         44 00 3A 00
         2F 00 57 00
         6F 00 72 00
         6B 00 69 00
         6E 00 67 00
         46 00 6F 00
         6C 00 64 00
         65 00 72 00
         2F 00 4C 00
         69 00 62 00
         72 00 61 00
         72 00 79 00
         5F 00 52 00
         65 00 6C 00
         65 00 61 00
         73 00 65 00
         2F 00 53 00
         41 00 43 00
         4D 00 56 00
         34 00 31 00
         62 00 5F 00
         42 00 65 00
         74 00 61 00
         2F 00 47 00
         50 00 43 00
         45 00 30 00
         36 00 33 00
         41 00 5F 00
         45 00 78 00
         61 00 6D 00
         70 00 6C 00
         65 00 5F 00
         56 00 34 00
         31 00 62 00
         2F 00 47 00
         50 00 43 00
         45 00 30 00
         36 00 33 00
         41 00 20 00
         45 00 78 00
         61 00 6D 00
         70 00 6C 00
         65 00 20 00
         43 00 6F 00
         64 00 65 00
         2F 00 41 00
         31 00 36 00
         30 00 30 00
         2F 00 22 00
         2C 00 30 00
         78 00 36 00
         34 00 2C 00
         30 00 2C 00
         33 00 2C 00
         00 00 00 00
         00 00 00 00
         0D 00 0A 00
000091B5                    	.code
0000007A                    	.debug
0000007A 2E 00 73 00        		.dw '.stabs "D:/WorkingFolder/Library_Release/SACMV41b_Beta/GPCE063A_Example_V41b/GPCE063A Example Code/A1600/main.c",0x64,0,3,',0,0,offset Ltext0,seg Ltext0,0x0d,0x0a
         74 00 61 00
         62 00 73 00
         20 00 22 00
         44 00 3A 00
         2F 00 57 00
         6F 00 72 00
         6B 00 69 00
         6E 00 67 00
         46 00 6F 00
         6C 00 64 00
         65 00 72 00
         2F 00 4C 00
         69 00 62 00
         72 00 61 00
         72 00 79 00
         5F 00 52 00
         65 00 6C 00
         65 00 61 00
         73 00 65 00
         2F 00 53 00
         41 00 43 00
         4D 00 56 00
         34 00 31 00
         62 00 5F 00
         42 00 65 00
         74 00 61 00
         2F 00 47 00
         50 00 43 00
         45 00 30 00
         36 00 33 00
         41 00 5F 00
         45 00 78 00
         61 00 6D 00
         70 00 6C 00
         65 00 5F 00
         56 00 34 00
         31 00 62 00
         2F 00 47 00
         50 00 43 00
         45 00 30 00
         36 00 33 00
         41 00 20 00
         45 00 78 00
         61 00 6D 00
         70 00 6C 00
         65 00 20 00
         43 00 6F 00
         64 00 65 00
         2F 00 41 00
         31 00 36 00
         30 00 30 00
         2F 00 6D 00
         61 00 69 00
         6E 00 2E 00
         63 00 22 00
         2C 00 30 00
         78 00 36 00
         34 00 2C 00
         30 00 2C 00
         33 00 2C 00
         00 00 00 00
         00 00 00 00
         0D 00 0A 00
000091B5                    	.code
000091B5                    	.code
                            	Ltext0:
000000FA                    	.debug
000000FA 2E 00 73 00        		.dw '.stabs "int:t1=r1;-32768;32767;",128,0,0,0',0x0d,0x0a
         74 00 61 00
         62 00 73 00
         20 00 22 00
         69 00 6E 00
         74 00 3A 00
         74 00 31 00
         3D 00 72 00
         31 00 3B 00
         2D 00 33 00
         32 00 37 00
         36 00 38 00
         3B 00 33 00
         32 00 37 00
         36 00 37 00
         3B 00 22 00
         2C 00 31 00
         32 00 38 00
         2C 00 30 00
         2C 00 30 00
         2C 00 30 00
         0D 00 0A 00
000091B5                    	.CODE
00000126                    	.debug
00000126 2E 00 73 00        		.dw '.stabs "char:t2=r2;0;127;",128,0,0,0',0x0d,0x0a
         74 00 61 00
         62 00 73 00
         20 00 22 00
         63 00 68 00
         61 00 72 00
         3A 00 74 00
         32 00 3D 00
         72 00 32 00
         3B 00 30 00
         3B 00 31 00
         32 00 37 00
         3B 00 22 00
         2C 00 31 00
         32 00 38 00
         2C 00 30 00
         2C 00 30 00
         2C 00 30 00
         0D 00 0A 00
000091B5                    	.CODE
0000014C                    	.debug
0000014C 2E 00 73 00        		.dw '.stabs "long int:t3=r3;-2147483648;2147483647;",128,0,0,0',0x0d,0x0a
         74 00 61 00
         62 00 73 00
         20 00 22 00
         6C 00 6F 00
         6E 00 67 00
         20 00 69 00
         6E 00 74 00
         3A 00 74 00
         33 00 3D 00
         72 00 33 00
         3B 00 2D 00
         32 00 31 00
         34 00 37 00
         34 00 38 00
         33 00 36 00
         34 00 38 00
         3B 00 32 00
         31 00 34 00
         37 00 34 00
         38 00 33 00
         36 00 34 00
         37 00 3B 00
         22 00 2C 00
         31 00 32 00
         38 00 2C 00
         30 00 2C 00
         30 00 2C 00
         30 00 0D 00
         0A 00      
000091B5                    	.CODE
00000187                    	.debug
00000187 2E 00 73 00        		.dw '.stabs "unsigned int:t4=r4;0;65535;",128,0,0,0',0x0d,0x0a
         74 00 61 00
         62 00 73 00
         20 00 22 00
         75 00 6E 00
         73 00 69 00
         67 00 6E 00
         65 00 64 00
         20 00 69 00
         6E 00 74 00
         3A 00 74 00
         34 00 3D 00
         72 00 34 00
         3B 00 30 00
         3B 00 36 00
         35 00 35 00
         33 00 35 00
         3B 00 22 00
         2C 00 31 00
         32 00 38 00
         2C 00 30 00
         2C 00 30 00
         2C 00 30 00
         0D 00 0A 00
000091B5                    	.CODE
000001B7                    	.debug
000001B7 2E 00 73 00        		.dw '.stabs "long unsigned int:t5=r5;0;4294967295;",128,0,0,0',0x0d,0x0a
         74 00 61 00
         62 00 73 00
         20 00 22 00
         6C 00 6F 00
         6E 00 67 00
         20 00 75 00
         6E 00 73 00
         69 00 67 00
         6E 00 65 00
         64 00 20 00
         69 00 6E 00
         74 00 3A 00
         74 00 35 00
         3D 00 72 00
         35 00 3B 00
         30 00 3B 00
         34 00 32 00
         39 00 34 00
         39 00 36 00
         37 00 32 00
         39 00 35 00
         3B 00 22 00
         2C 00 31 00
         32 00 38 00
         2C 00 30 00
         2C 00 30 00
         2C 00 30 00
         0D 00 0A 00
000091B5                    	.CODE
000001F1                    	.debug
000001F1 2E 00 73 00        		.dw '.stabs "long long int:t6=r6;-2147483648;2147483647;",128,0,0,0',0x0d,0x0a
         74 00 61 00
         62 00 73 00
         20 00 22 00
         6C 00 6F 00
         6E 00 67 00
         20 00 6C 00
         6F 00 6E 00
         67 00 20 00
         69 00 6E 00
         74 00 3A 00
         74 00 36 00
         3D 00 72 00
         36 00 3B 00
         2D 00 32 00
         31 00 34 00
         37 00 34 00
         38 00 33 00
         36 00 34 00
         38 00 3B 00
         32 00 31 00
         34 00 37 00
         34 00 38 00
         33 00 36 00
         34 00 37 00
         3B 00 22 00
         2C 00 31 00
         32 00 38 00
         2C 00 30 00
         2C 00 30 00
         2C 00 30 00
         0D 00 0A 00
000091B5                    	.CODE
00000231                    	.debug
00000231 2E 00 73 00        		.dw '.stabs "long long unsigned int:t7=r7;0;4294967295;",128,0,0,0',0x0d,0x0a
         74 00 61 00
         62 00 73 00
         20 00 22 00
         6C 00 6F 00
         6E 00 67 00
         20 00 6C 00
         6F 00 6E 00
         67 00 20 00
         75 00 6E 00
         73 00 69 00
         67 00 6E 00
         65 00 64 00
         20 00 69 00
         6E 00 74 00
         3A 00 74 00
         37 00 3D 00
         72 00 37 00
         3B 00 30 00
         3B 00 34 00
         32 00 39 00
         34 00 39 00
         36 00 37 00
         32 00 39 00
         35 00 3B 00
         22 00 2C 00
         31 00 32 00
         38 00 2C 00
         30 00 2C 00
         30 00 2C 00
         30 00 0D 00
         0A 00      
000091B5                    	.CODE
00000270                    	.debug
00000270 2E 00 73 00        		.dw '.stabs "short int:t8=r8;-32768;32767;",128,0,0,0',0x0d,0x0a
         74 00 61 00
         62 00 73 00
         20 00 22 00
         73 00 68 00
         6F 00 72 00
         74 00 20 00
         69 00 6E 00
         74 00 3A 00
         74 00 38 00
         3D 00 72 00
         38 00 3B 00
         2D 00 33 00
         32 00 37 00
         36 00 38 00
         3B 00 33 00
         32 00 37 00
         36 00 37 00
         3B 00 22 00
         2C 00 31 00
         32 00 38 00
         2C 00 30 00
         2C 00 30 00
         2C 00 30 00
         0D 00 0A 00
000091B5                    	.CODE
000002A2                    	.debug
000002A2 2E 00 73 00        		.dw '.stabs "short unsigned int:t9=r9;0;65535;",128,0,0,0',0x0d,0x0a
         74 00 61 00
         62 00 73 00
         20 00 22 00
         73 00 68 00
         6F 00 72 00
         74 00 20 00
         75 00 6E 00
         73 00 69 00
         67 00 6E 00
         65 00 64 00
         20 00 69 00
         6E 00 74 00
         3A 00 74 00
         39 00 3D 00
         72 00 39 00
         3B 00 30 00
         3B 00 36 00
         35 00 35 00
         33 00 35 00
         3B 00 22 00
         2C 00 31 00
         32 00 38 00
         2C 00 30 00
         2C 00 30 00
         2C 00 30 00
         0D 00 0A 00
000091B5                    	.CODE
000002D8                    	.debug
000002D8 2E 00 73 00        		.dw '.stabs "signed char:t10=r10;-32768;32767;",128,0,0,0',0x0d,0x0a
         74 00 61 00
         62 00 73 00
         20 00 22 00
         73 00 69 00
         67 00 6E 00
         65 00 64 00
         20 00 63 00
         68 00 61 00
         72 00 3A 00
         74 00 31 00
         30 00 3D 00
         72 00 31 00
         30 00 3B 00
         2D 00 33 00
         32 00 37 00
         36 00 38 00
         3B 00 33 00
         32 00 37 00
         36 00 37 00
         3B 00 22 00
         2C 00 31 00
         32 00 38 00
         2C 00 30 00
         2C 00 30 00
         2C 00 30 00
         0D 00 0A 00
000091B5                    	.CODE
0000030E                    	.debug
0000030E 2E 00 73 00        		.dw '.stabs "unsigned char:t11=r11;0;65535;",128,0,0,0',0x0d,0x0a
         74 00 61 00
         62 00 73 00
         20 00 22 00
         75 00 6E 00
         73 00 69 00
         67 00 6E 00
         65 00 64 00
         20 00 63 00
         68 00 61 00
         72 00 3A 00
         74 00 31 00
         31 00 3D 00
         72 00 31 00
         31 00 3B 00
         30 00 3B 00
         36 00 35 00
         35 00 33 00
         35 00 3B 00
         22 00 2C 00
         31 00 32 00
         38 00 2C 00
         30 00 2C 00
         30 00 2C 00
         30 00 0D 00
         0A 00      
000091B5                    	.CODE
00000341                    	.debug
00000341 2E 00 73 00        		.dw '.stabs "float:t12=r1;2;0;",128,0,0,0',0x0d,0x0a
         74 00 61 00
         62 00 73 00
         20 00 22 00
         66 00 6C 00
         6F 00 61 00
         74 00 3A 00
         74 00 31 00
         32 00 3D 00
         72 00 31 00
         3B 00 32 00
         3B 00 30 00
         3B 00 22 00
         2C 00 31 00
         32 00 38 00
         2C 00 30 00
         2C 00 30 00
         2C 00 30 00
         0D 00 0A 00
000091B5                    	.CODE
00000367                    	.debug
00000367 2E 00 73 00        		.dw '.stabs "double:t13=r1;2;0;",128,0,0,0',0x0d,0x0a
         74 00 61 00
         62 00 73 00
         20 00 22 00
         64 00 6F 00
         75 00 62 00
         6C 00 65 00
         3A 00 74 00
         31 00 33 00
         3D 00 72 00
         31 00 3B 00
         32 00 3B 00
         30 00 3B 00
         22 00 2C 00
         31 00 32 00
         38 00 2C 00
         30 00 2C 00
         30 00 2C 00
         30 00 0D 00
         0A 00      
000091B5                    	.CODE
0000038E                    	.debug
0000038E 2E 00 73 00        		.dw '.stabs "long double:t14=r1;2;0;",128,0,0,0',0x0d,0x0a
         74 00 61 00
         62 00 73 00
         20 00 22 00
         6C 00 6F 00
         6E 00 67 00
         20 00 64 00
         6F 00 75 00
         62 00 6C 00
         65 00 3A 00
         74 00 31 00
         34 00 3D 00
         72 00 31 00
         3B 00 32 00
         3B 00 30 00
         3B 00 22 00
         2C 00 31 00
         32 00 38 00
         2C 00 30 00
         2C 00 30 00
         2C 00 30 00
         0D 00 0A 00
000091B5                    	.CODE
000003BA                    	.debug
000003BA 2E 00 73 00        		.dw '.stabs "complex int:t15=s2real:1,0,16;imag:1,16,16;;",128,0,0,0',0x0d,0x0a
         74 00 61 00
         62 00 73 00
         20 00 22 00
         63 00 6F 00
         6D 00 70 00
         6C 00 65 00
         78 00 20 00
         69 00 6E 00
         74 00 3A 00
         74 00 31 00
         35 00 3D 00
         73 00 32 00
         72 00 65 00
         61 00 6C 00
         3A 00 31 00
         2C 00 30 00
         2C 00 31 00
         36 00 3B 00
         69 00 6D 00
         61 00 67 00
         3A 00 31 00
         2C 00 31 00
         36 00 2C 00
         31 00 36 00
         3B 00 3B 00
         22 00 2C 00
         31 00 32 00
         38 00 2C 00
         30 00 2C 00
         30 00 2C 00
         30 00 0D 00
         0A 00      
000091B5                    	.CODE
000003FB                    	.debug
000003FB 2E 00 73 00        		.dw '.stabs "complex float:t16=r16;2;0;",128,0,0,0',0x0d,0x0a
         74 00 61 00
         62 00 73 00
         20 00 22 00
         63 00 6F 00
         6D 00 70 00
         6C 00 65 00
         78 00 20 00
         66 00 6C 00
         6F 00 61 00
         74 00 3A 00
         74 00 31 00
         36 00 3D 00
         72 00 31 00
         36 00 3B 00
         32 00 3B 00
         30 00 3B 00
         22 00 2C 00
         31 00 32 00
         38 00 2C 00
         30 00 2C 00
         30 00 2C 00
         30 00 0D 00
         0A 00      
000091B5                    	.CODE
0000042A                    	.debug
0000042A 2E 00 73 00        		.dw '.stabs "complex double:t17=r17;2;0;",128,0,0,0',0x0d,0x0a
         74 00 61 00
         62 00 73 00
         20 00 22 00
         63 00 6F 00
         6D 00 70 00
         6C 00 65 00
         78 00 20 00
         64 00 6F 00
         75 00 62 00
         6C 00 65 00
         3A 00 74 00
         31 00 37 00
         3D 00 72 00
         31 00 37 00
         3B 00 32 00
         3B 00 30 00
         3B 00 22 00
         2C 00 31 00
         32 00 38 00
         2C 00 30 00
         2C 00 30 00
         2C 00 30 00
         0D 00 0A 00
000091B5                    	.CODE
0000045A                    	.debug
0000045A 2E 00 73 00        		.dw '.stabs "complex long double:t18=r18;2;0;",128,0,0,0',0x0d,0x0a
         74 00 61 00
         62 00 73 00
         20 00 22 00
         63 00 6F 00
         6D 00 70 00
         6C 00 65 00
         78 00 20 00
         6C 00 6F 00
         6E 00 67 00
         20 00 64 00
         6F 00 75 00
         62 00 6C 00
         65 00 3A 00
         74 00 31 00
         38 00 3D 00
         72 00 31 00
         38 00 3B 00
         32 00 3B 00
         30 00 3B 00
         22 00 2C 00
         31 00 32 00
         38 00 2C 00
         30 00 2C 00
         30 00 2C 00
         30 00 0D 00
         0A 00      
000091B5                    	.CODE
0000048F                    	.debug
0000048F 2E 00 73 00        		.dw '.stabs "void:t19=19",128,0,0,0',0x0d,0x0a
         74 00 61 00
         62 00 73 00
         20 00 22 00
         76 00 6F 00
         69 00 64 00
         3A 00 74 00
         31 00 39 00
         3D 00 31 00
         39 00 22 00
         2C 00 31 00
         32 00 38 00
         2C 00 30 00
         2C 00 30 00
         2C 00 30 00
         0D 00 0A 00
000091B5                    	.CODE
000004AF                    	.debug
000004AF 2E 00 73 00        		.dw '.stabs "Key:G4",32,0,0,',0,0,offset _Key,seg _Key,0x0d,0x0a
         74 00 61 00
         62 00 73 00
         20 00 22 00
         4B 00 65 00
         79 00 3A 00
         47 00 34 00
         22 00 2C 00
         33 00 32 00
         2C 00 30 00
         2C 00 30 00
         2C 00 00 00
         00 00 00 00
         00 00 0D 00
         0A 00      
000091B5                    	.CODE
000004CC                    	.debug
000004CC 2E 00 73 00        		.dw '.stabs "SpeechIndex:G4",32,0,0,',0,0,offset _SpeechIndex,seg _SpeechIndex,0x0d,0x0a
         74 00 61 00
         62 00 73 00
         20 00 22 00
         53 00 70 00
         65 00 65 00
         63 00 68 00
         49 00 6E 00
         64 00 65 00
         78 00 3A 00
         47 00 34 00
         22 00 2C 00
         33 00 32 00
         2C 00 30 00
         2C 00 30 00
         2C 00 00 00
         00 00 01 00
         00 00 0D 00
         0A 00      
000091B5                    	.CODE
000004F1                    	.debug
000004F1 2E 00 73 00        		.dw '.stabs "VolumeIndex:G4",32,0,0,',0,0,offset _VolumeIndex,seg _VolumeIndex,0x0d,0x0a
         74 00 61 00
         62 00 73 00
         20 00 22 00
         56 00 6F 00
         6C 00 75 00
         6D 00 65 00
         49 00 6E 00
         64 00 65 00
         78 00 3A 00
         47 00 34 00
         22 00 2C 00
         33 00 32 00
         2C 00 30 00
         2C 00 30 00
         2C 00 00 00
         00 00 02 00
         00 00 0D 00
         0A 00      
000091B5                    	.CODE
00000516                    	.debug
00000516 2E 00 73 00        		.dw '.stabs "DAC_FIR_Type:G4",32,0,0,',0,0,offset _DAC_FIR_Type,seg _DAC_FIR_Type,0x0d,0x0a
         74 00 61 00
         62 00 73 00
         20 00 22 00
         44 00 41 00
         43 00 5F 00
         46 00 49 00
         52 00 5F 00
         54 00 79 00
         70 00 65 00
         3A 00 47 00
         34 00 22 00
         2C 00 33 00
         32 00 2C 00
         30 00 2C 00
         30 00 2C 00
         00 00 00 00
         03 00 00 00
         0D 00 0A 00
000091B5                    	.CODE
0000053C                    	.debug
0000053C 2E 00 73 00        		.dw '.stabs "PauseFlag:G4",32,0,0,',0,0,offset _PauseFlag,seg _PauseFlag,0x0d,0x0a
         74 00 61 00
         62 00 73 00
         20 00 22 00
         50 00 61 00
         75 00 73 00
         65 00 46 00
         6C 00 61 00
         67 00 3A 00
         47 00 34 00
         22 00 2C 00
         33 00 32 00
         2C 00 30 00
         2C 00 30 00
         2C 00 00 00
         00 00 04 00
         00 00 0D 00
         0A 00      
000091B5                    	.CODE
0000055F                    	.debug
0000055F 2E 00 73 00        		.dw '.stabs "PlayCon:G4",32,0,0,',0,0,offset _PlayCon,seg _PlayCon,0x0d,0x0a
         74 00 61 00
         62 00 73 00
         20 00 22 00
         50 00 6C 00
         61 00 79 00
         43 00 6F 00
         6E 00 3A 00
         47 00 34 00
         22 00 2C 00
         33 00 32 00
         2C 00 30 00
         2C 00 30 00
         2C 00 00 00
         00 00 05 00
         00 00 0D 00
         0A 00      
000091B5                    	.CODE
000091B5                    	.code
00000580                    	.debug
00000580 2E 00 73 00        		.dw '.stabs "main:F1",36,0,0,',0,0,offset _main,seg _main,0x0d,0x0a
         74 00 61 00
         62 00 73 00
         20 00 22 00
         6D 00 61 00
         69 00 6E 00
         3A 00 46 00
         31 00 22 00
         2C 00 33 00
         36 00 2C 00
         30 00 2C 00
         30 00 2C 00
         00 00 00 00
         00 00 00 00
         0D 00 0A 00
000091B5                    	.CODE
                            	.public _main
                            	_main:	.proc
0000059E                    	.debug
0000059E 2E 00 73 00        		.dw '.stabn 0x44,0,79,',0,0
         74 00 61 00
         62 00 6E 00
         20 00 30 00
         78 00 34 00
         34 00 2C 00
         30 00 2C 00
         37 00 39 00
         2C 00 00 00
         00 00      
000005B1 00 00 00 00        		.dd LM1-_main
000005B3 0D 00 0A 00        		.dw 0x0d,0x0a
000091B5                    	.code
                            	LM1:
                            		// total=1, vars=1
                            		// frame_pointer_needed: 1
000005B5                    	.debug
000005B5 2E 00 73 00        		.dw '.stabn 0xa6,0,0,1',0x0d, 0x0a
         74 00 61 00
         62 00 6E 00
         20 00 30 00
         78 00 61 00
         36 00 2C 00
         30 00 2C 00
         30 00 2C 00
         31 00 0D 00
         0A 00      
000091B5                    	.code
000091B5 88 DA              		PUSH BP to [SP]
000091B6 41 20              		SP-=1
000091B7 08 0B 01 00        		BP=SP+1
                            	
000091B9 0D 03 04 00        		R1=BP+4
000091BB C5 D2              		[BP]=R1	// QImode move
000005C8                    	.debug
000005C8 2E 00 73 00        		.dw '.stabn 0x44,0,80,',0,0
         74 00 61 00
         62 00 6E 00
         20 00 30 00
         78 00 34 00
         34 00 2C 00
         30 00 2C 00
         38 00 30 00
         2C 00 00 00
         00 00      
000005DB 07 00 00 00        		.dd LM2-_main
000005DD 0D 00 0A 00        		.dw 0x0d,0x0a
000091BC                    	.code
                            	LM2:
000091BC 40 92              		R1=0	// QImode move
000091BD 19 D3 E8 01        		[_Key]=R1	// QImode move
000005DF                    	.debug
000005DF 2E 00 73 00        		.dw '.stabn 0x44,0,81,',0,0
         74 00 61 00
         62 00 6E 00
         20 00 30 00
         78 00 34 00
         34 00 2C 00
         30 00 2C 00
         38 00 31 00
         2C 00 00 00
         00 00      
000005F2 0A 00 00 00        		.dd LM3-_main
000005F4 0D 00 0A 00        		.dw 0x0d,0x0a
000091BF                    	.code
                            	LM3:
000091BF 40 92              		R1=0	// QImode move
000091C0 19 D3 E9 01        		[_SpeechIndex]=R1	// QImode move
000005F6                    	.debug
000005F6 2E 00 73 00        		.dw '.stabn 0x44,0,82,',0,0
         74 00 61 00
         62 00 6E 00
         20 00 30 00
         78 00 34 00
         34 00 2C 00
         30 00 2C 00
         38 00 32 00
         2C 00 00 00
         00 00      
00000609 0D 00 00 00        		.dd LM4-_main
0000060B 0D 00 0A 00        		.dw 0x0d,0x0a
000091C2                    	.code
                            	LM4:
000091C2 49 92              		R1=9	// QImode move
000091C3 19 D3 EA 01        		[_VolumeIndex]=R1	// QImode move
0000060D                    	.debug
0000060D 2E 00 73 00        		.dw '.stabn 0x44,0,83,',0,0
         74 00 61 00
         62 00 6E 00
         20 00 30 00
         78 00 34 00
         34 00 2C 00
         30 00 2C 00
         38 00 33 00
         2C 00 00 00
         00 00      
00000620 10 00 00 00        		.dd LM5-_main
00000622 0D 00 0A 00        		.dw 0x0d,0x0a
000091C5                    	.code
                            	LM5:
000091C5 40 92              		R1=0	// QImode move
000091C6 19 D3 EC 01        		[_PauseFlag]=R1	// QImode move
00000624                    	.debug
00000624 2E 00 73 00        		.dw '.stabn 0x44,0,84,',0,0
         74 00 61 00
         62 00 6E 00
         20 00 30 00
         78 00 34 00
         34 00 2C 00
         30 00 2C 00
         38 00 34 00
         2C 00 00 00
         00 00      
00000637 13 00 00 00        		.dd LM6-_main
00000639 0D 00 0A 00        		.dw 0x0d,0x0a
000091C8                    	.code
                            	LM6:
000091C8 42 92              		R1=2	// QImode move
000091C9 19 D3 EB 01        		[_DAC_FIR_Type]=R1	// QImode move
0000063B                    	.debug
0000063B 2E 00 73 00        		.dw '.stabn 0x44,0,85,',0,0
         74 00 61 00
         62 00 6E 00
         20 00 30 00
         78 00 34 00
         34 00 2C 00
         30 00 2C 00
         38 00 35 00
         2C 00 00 00
         00 00      
0000064E 16 00 00 00        		.dd LM7-_main
00000650 0D 00 0A 00        		.dw 0x0d,0x0a
000091CB                    	.code
                            	LM7:
000091CB 40 92              		R1=0	// QImode move
000091CC 19 D3 ED 01        		[_PlayCon]=R1	// QImode move
00000652                    	.debug
00000652 2E 00 73 00        		.dw '.stabn 0x44,0,87,',0,0
         74 00 61 00
         62 00 6E 00
         20 00 30 00
         78 00 34 00
         34 00 2C 00
         30 00 2C 00
         38 00 37 00
         2C 00 00 00
         00 00      
00000665 19 00 00 00        		.dd LM8-_main
00000667 0D 00 0A 00        		.dw 0x0d,0x0a
000091CE                    	.code
                            	LM8:
000091CE 40 F0 F0 93        		CALL _System_Initial	// call without return value
00000669                    	.debug
00000669 2E 00 73 00        		.dw '.stabn 0x44,0,88,',0,0
         74 00 61 00
         62 00 6E 00
         20 00 30 00
         78 00 34 00
         34 00 2C 00
         30 00 2C 00
         38 00 38 00
         2C 00 00 00
         00 00      
0000067C 1B 00 00 00        		.dd LM9-_main
0000067E 0D 00 0A 00        		.dw 0x0d,0x0a
000091D0                    	.code
                            	LM9:
000091D0 40 F0 65 8C        		CALL _SPI_Initial	// call without return value
00000680                    	.debug
00000680 2E 00 73 00        		.dw '.stabn 0x44,0,89,',0,0
         74 00 61 00
         62 00 6E 00
         20 00 30 00
         78 00 34 00
         34 00 2C 00
         30 00 2C 00
         38 00 39 00
         2C 00 00 00
         00 00      
00000693 1D 00 00 00        		.dd LM10-_main
00000695 0D 00 0A 00        		.dw 0x0d,0x0a
000091D2                    	.code
                            	LM10:
000091D2 40 F0 40 90        		CALL _SACM_A1600_Initial	// call without return value
00000697                    	.debug
00000697 2E 00 73 00        		.dw '.stabn 0x44,0,90,',0,0
         74 00 61 00
         62 00 6E 00
         20 00 30 00
         78 00 34 00
         34 00 2C 00
         30 00 2C 00
         39 00 30 00
         2C 00 00 00
         00 00      
000006AA 1F 00 00 00        		.dd LM11-_main
000006AC 0D 00 0A 00        		.dw 0x0d,0x0a
000091D4                    	.code
                            	LM11:
000091D4 43 92              		R1=3	// QImode move
000091D5 C8 D2              		[SP--]=R1	// QImode move
000091D6 43 92              		R1=3	// QImode move
000091D7 C8 D2              		[SP--]=R1	// QImode move
000091D8 11 93 E9 01        		R1=[_SpeechIndex]	// QImode move
000091DA C8 D2              		[SP--]=R1	// QImode move
000091DB 40 F0 67 90        		CALL _SACM_A1600_Play	// call without return value
000091DD 43 00              		SP = SP + 3	//SP
000006AE                    	.debug
000006AE 2E 00 73 00        		.dw '.stabn 0x44,0,91,',0,0
         74 00 61 00
         62 00 6E 00
         20 00 30 00
         78 00 34 00
         34 00 2C 00
         30 00 2C 00
         39 00 31 00
         2C 00 00 00
         00 00      
000006C1 29 00 00 00        		.dd LM12-_main
000006C3 0D 00 0A 00        		.dw 0x0d,0x0a
000091DE                    	.code
                            	LM12:
                            	L3:
000091DE 0F 9F E2 91        		PC=L5	// jump
000091E0 0F 9F CE 92        		PC=L4	// jump
                            	L5:
000006C5                    	.debug
000006C5 2E 00 73 00        		.dw '.stabn 0x44,0,93,',0,0
         74 00 61 00
         62 00 6E 00
         20 00 30 00
         78 00 34 00
         34 00 2C 00
         30 00 2C 00
         39 00 33 00
         2C 00 00 00
         00 00      
000006D8 2D 00 00 00        		.dd LM13-_main
000006DA 0D 00 0A 00        		.dw 0x0d,0x0a
000091E2                    	.code
                            	LM13:
000091E2 40 F0 4C 94        		CALL _SP_GetCh	// call with return value
000091E4 19 D3 E8 01        		[_Key]=R1	// QImode move
000006DC                    	.debug
000006DC 2E 00 73 00        		.dw '.stabn 0x44,0,94,',0,0
         74 00 61 00
         62 00 6E 00
         20 00 30 00
         78 00 34 00
         34 00 2C 00
         30 00 2C 00
         39 00 34 00
         2C 00 00 00
         00 00      
000006EF 31 00 00 00        		.dd LM14-_main
000006F1 0D 00 0A 00        		.dw 0x0d,0x0a
000091E6                    	.code
                            	LM14:
000091E6 11 93 E8 01        		R1=[_Key]	// QImode move
000091E8 48 42              		CMP R1,8	// QImode compare
000091E9 02 4E 0F 9F        		NSJZ L11	//QImode EQ
         38 92      
000091EC 48 42              		CMP R1,8	// QImode compare
000091ED 14 9E 01 EE        		NSJA L21	//QImode GTU
         00 EE      
000091F0 41 42              		CMP R1,1	// QImode compare
000091F1 2C 5E 01 EE        		NSJZ L8	//QImode EQ
         00 EE      
000091F4 41 42              		CMP R1,1	// QImode compare
000091F5 26 0E 01 EE        		NSJB L7	//QImode LTU
         00 EE      
000091F8 42 42              		CMP R1,2	// QImode compare
000091F9 33 5E 01 EE        		NSJZ L9	//QImode EQ
         00 EE      
000091FC 44 42              		CMP R1,4	// QImode compare
000091FD 36 5E 01 EE        		NSJZ L10	//QImode EQ
         00 EE      
00009200 0F 9F 9C 92        		PC=L19	// jump
                            	L21:
00009202 60 42              		CMP R1,32	// QImode compare
00009203 02 4E 0F 9F        		NSJZ L14	//QImode EQ
         59 92      
00009206 60 42              		CMP R1,32	// QImode compare
00009207 08 9E 01 EE        		NSJA L22	//QImode GTU
         00 EE      
0000920A 50 42              		CMP R1,16	// QImode compare
0000920B 30 5E 01 EE        		NSJZ L12	//QImode EQ
         00 EE      
0000920E 0F 9F 9C 92        		PC=L19	// jump
                            	L22:
00009210 09 43 40 00        		CMP R1,64	// QImode compare
00009212 02 4E 0F 9F        		NSJZ L16	//QImode EQ
         6F 92      
00009215 09 43 80 00        		CMP R1,128	// QImode compare
00009217 02 4E 0F 9F        		NSJZ L18	//QImode EQ
         85 92      
0000921A 0F 9F 9C 92        		PC=L19	// jump
                            	L7:
000006F3                    	.debug
000006F3 2E 00 73 00        		.dw '.stabn 0x44,0,97,',0,0
         74 00 61 00
         62 00 6E 00
         20 00 30 00
         78 00 34 00
         34 00 2C 00
         30 00 2C 00
         39 00 37 00
         2C 00 00 00
         00 00      
00000706 67 00 00 00        		.dd LM15-_main
00000708 0D 00 0A 00        		.dw 0x0d,0x0a
0000921C                    	.code
                            	LM15:
0000921C 0F 9F 9E 92        		PC=L6	// jump
                            	L8:
0000070A                    	.debug
0000070A 2E 00 73 00        		.dw '.stabn 0x44,0,100,',0,0
         74 00 61 00
         62 00 6E 00
         20 00 30 00
         78 00 34 00
         34 00 2C 00
         30 00 2C 00
         31 00 30 00
         30 00 2C 00
         00 00 00 00
0000071E 69 00 00 00        		.dd LM16-_main
00000720 0D 00 0A 00        		.dw 0x0d,0x0a
0000921E                    	.code
                            	LM16:
0000921E 40 92              		R1=0	// QImode move
0000921F 19 D3 ED 01        		[_PlayCon]=R1	// QImode move
00000722                    	.debug
00000722 2E 00 73 00        		.dw '.stabn 0x44,0,101,',0,0
         74 00 61 00
         62 00 6E 00
         20 00 30 00
         78 00 34 00
         34 00 2C 00
         30 00 2C 00
         31 00 30 00
         31 00 2C 00
         00 00 00 00
00000736 6C 00 00 00        		.dd LM17-_main
00000738 0D 00 0A 00        		.dw 0x0d,0x0a
00009221                    	.code
                            	LM17:
00009221 43 92              		R1=3	// QImode move
00009222 C8 D2              		[SP--]=R1	// QImode move
00009223 43 92              		R1=3	// QImode move
00009224 C8 D2              		[SP--]=R1	// QImode move
00009225 11 93 E9 01        		R1=[_SpeechIndex]	// QImode move
00009227 C8 D2              		[SP--]=R1	// QImode move
00009228 40 F0 67 90        		CALL _SACM_A1600_Play	// call without return value
0000922A 43 00              		SP = SP + 3	//SP
0000073A                    	.debug
0000073A 2E 00 73 00        		.dw '.stabn 0x44,0,102,',0,0
         74 00 61 00
         62 00 6E 00
         20 00 30 00
         78 00 34 00
         34 00 2C 00
         30 00 2C 00
         31 00 30 00
         32 00 2C 00
         00 00 00 00
0000074E 76 00 00 00        		.dd LM18-_main
00000750 0D 00 0A 00        		.dw 0x0d,0x0a
0000922B                    	.code
                            	LM18:
0000922B 0F 9F 9E 92        		PC=L6	// jump
                            	L9:
00000752                    	.debug
00000752 2E 00 73 00        		.dw '.stabn 0x44,0,105,',0,0
         74 00 61 00
         62 00 6E 00
         20 00 30 00
         78 00 34 00
         34 00 2C 00
         30 00 2C 00
         31 00 30 00
         35 00 2C 00
         00 00 00 00
00000766 78 00 00 00        		.dd LM19-_main
00000768 0D 00 0A 00        		.dw 0x0d,0x0a
0000922D                    	.code
                            	LM19:
0000922D 40 92              		R1=0	// QImode move
0000922E 19 D3 ED 01        		[_PlayCon]=R1	// QImode move
0000076A                    	.debug
0000076A 2E 00 73 00        		.dw '.stabn 0x44,0,106,',0,0
         74 00 61 00
         62 00 6E 00
         20 00 30 00
         78 00 34 00
         34 00 2C 00
         30 00 2C 00
         31 00 30 00
         36 00 2C 00
         00 00 00 00
0000077E 7B 00 00 00        		.dd LM20-_main
00000780 0D 00 0A 00        		.dw 0x0d,0x0a
00009230                    	.code
                            	LM20:
00009230 40 F0 33 91        		CALL _SACM_A1600_Stop	// call without return value
00000782                    	.debug
00000782 2E 00 73 00        		.dw '.stabn 0x44,0,107,',0,0
         74 00 61 00
         62 00 6E 00
         20 00 30 00
         78 00 34 00
         34 00 2C 00
         30 00 2C 00
         31 00 30 00
         37 00 2C 00
         00 00 00 00
00000796 7D 00 00 00        		.dd LM21-_main
00000798 0D 00 0A 00        		.dw 0x0d,0x0a
00009232                    	.code
                            	LM21:
00009232 0F 9F 9E 92        		PC=L6	// jump
                            	L10:
0000079A                    	.debug
0000079A 2E 00 73 00        		.dw '.stabn 0x44,0,110,',0,0
         74 00 61 00
         62 00 6E 00
         20 00 30 00
         78 00 34 00
         34 00 2C 00
         30 00 2C 00
         31 00 31 00
         30 00 2C 00
         00 00 00 00
000007AE 7F 00 00 00        		.dd LM22-_main
000007B0 0D 00 0A 00        		.dw 0x0d,0x0a
00009234                    	.code
                            	LM22:
00009234 40 F0 9C 91        		CALL _SACM_A1600_Pause	// call without return value
000007B2                    	.debug
000007B2 2E 00 73 00        		.dw '.stabn 0x44,0,111,',0,0
         74 00 61 00
         62 00 6E 00
         20 00 30 00
         78 00 34 00
         34 00 2C 00
         30 00 2C 00
         31 00 31 00
         31 00 2C 00
         00 00 00 00
000007C6 81 00 00 00        		.dd LM23-_main
000007C8 0D 00 0A 00        		.dw 0x0d,0x0a
00009236                    	.code
                            	LM23:
00009236 0F 9F 9E 92        		PC=L6	// jump
                            	L11:
000007CA                    	.debug
000007CA 2E 00 73 00        		.dw '.stabn 0x44,0,114,',0,0
         74 00 61 00
         62 00 6E 00
         20 00 30 00
         78 00 34 00
         34 00 2C 00
         30 00 2C 00
         31 00 31 00
         34 00 2C 00
         00 00 00 00
000007DE 83 00 00 00        		.dd LM24-_main
000007E0 0D 00 0A 00        		.dw 0x0d,0x0a
00009238                    	.code
                            	LM24:
00009238 40 F0 A8 91        		CALL _SACM_A1600_Resume	// call without return value
000007E2                    	.debug
000007E2 2E 00 73 00        		.dw '.stabn 0x44,0,115,',0,0
         74 00 61 00
         62 00 6E 00
         20 00 30 00
         78 00 34 00
         34 00 2C 00
         30 00 2C 00
         31 00 31 00
         35 00 2C 00
         00 00 00 00
000007F6 85 00 00 00        		.dd LM25-_main
000007F8 0D 00 0A 00        		.dw 0x0d,0x0a
0000923A                    	.code
                            	LM25:
0000923A 0F 9F 9E 92        		PC=L6	// jump
                            	L12:
000007FA                    	.debug
000007FA 2E 00 73 00        		.dw '.stabn 0x44,0,118,',0,0
         74 00 61 00
         62 00 6E 00
         20 00 30 00
         78 00 34 00
         34 00 2C 00
         30 00 2C 00
         31 00 31 00
         38 00 2C 00
         00 00 00 00
0000080E 87 00 00 00        		.dd LM26-_main
00000810 0D 00 0A 00        		.dw 0x0d,0x0a
0000923C                    	.code
                            	LM26:
0000923C 12 95 E9 01        		R2=[_SpeechIndex]	// QImode move
0000923E 0A 03 01 00        		R1=R2+1
00009240 01 95              		R2=R1	// QImode move
00009241 1A D5 E9 01        		[_SpeechIndex]=R2	// QImode move
00009243 42 44              		CMP R2,2	// QImode compare
00009244 05 8E 01 EE        		NSJNA L13	//QImode LEU
         00 EE      
00000812                    	.debug
00000812 2E 00 73 00        		.dw '.stabn 0x44,0,119,',0,0
         74 00 61 00
         62 00 6E 00
         20 00 30 00
         78 00 34 00
         34 00 2C 00
         30 00 2C 00
         31 00 31 00
         39 00 2C 00
         00 00 00 00
00000826 92 00 00 00        		.dd LM27-_main
00000828 0D 00 0A 00        		.dw 0x0d,0x0a
00009247                    	.code
                            	LM27:
00009247 40 92              		R1=0	// QImode move
00009248 19 D3 E9 01        		[_SpeechIndex]=R1	// QImode move
                            	L13:
0000082A                    	.debug
0000082A 2E 00 73 00        		.dw '.stabn 0x44,0,120,',0,0
         74 00 61 00
         62 00 6E 00
         20 00 30 00
         78 00 34 00
         34 00 2C 00
         30 00 2C 00
         31 00 32 00
         30 00 2C 00
         00 00 00 00
0000083E 95 00 00 00        		.dd LM28-_main
00000840 0D 00 0A 00        		.dw 0x0d,0x0a
0000924A                    	.code
                            	LM28:
0000924A 40 92              		R1=0	// QImode move
0000924B 19 D3 ED 01        		[_PlayCon]=R1	// QImode move
00000842                    	.debug
00000842 2E 00 73 00        		.dw '.stabn 0x44,0,121,',0,0
         74 00 61 00
         62 00 6E 00
         20 00 30 00
         78 00 34 00
         34 00 2C 00
         30 00 2C 00
         31 00 32 00
         31 00 2C 00
         00 00 00 00
00000856 98 00 00 00        		.dd LM29-_main
00000858 0D 00 0A 00        		.dw 0x0d,0x0a
0000924D                    	.code
                            	LM29:
0000924D 43 92              		R1=3	// QImode move
0000924E C8 D2              		[SP--]=R1	// QImode move
0000924F 43 92              		R1=3	// QImode move
00009250 C8 D2              		[SP--]=R1	// QImode move
00009251 11 93 E9 01        		R1=[_SpeechIndex]	// QImode move
00009253 C8 D2              		[SP--]=R1	// QImode move
00009254 40 F0 67 90        		CALL _SACM_A1600_Play	// call without return value
00009256 43 00              		SP = SP + 3	//SP
0000085A                    	.debug
0000085A 2E 00 73 00        		.dw '.stabn 0x44,0,122,',0,0
         74 00 61 00
         62 00 6E 00
         20 00 30 00
         78 00 34 00
         34 00 2C 00
         30 00 2C 00
         31 00 32 00
         32 00 2C 00
         00 00 00 00
0000086E A2 00 00 00        		.dd LM30-_main
00000870 0D 00 0A 00        		.dw 0x0d,0x0a
00009257                    	.code
                            	LM30:
00009257 0F 9F 9E 92        		PC=L6	// jump
                            	L14:
00000872                    	.debug
00000872 2E 00 73 00        		.dw '.stabn 0x44,0,125,',0,0
         74 00 61 00
         62 00 6E 00
         20 00 30 00
         78 00 34 00
         34 00 2C 00
         30 00 2C 00
         31 00 32 00
         35 00 2C 00
         00 00 00 00
00000886 A4 00 00 00        		.dd LM31-_main
00000888 0D 00 0A 00        		.dw 0x0d,0x0a
00009259                    	.code
                            	LM31:
00009259 12 95 EA 01        		R2=[_VolumeIndex]	// QImode move
0000925B 0A 03 01 00        		R1=R2+1
0000925D 01 95              		R2=R1	// QImode move
0000925E 1A D5 EA 01        		[_VolumeIndex]=R2	// QImode move
00009260 4F 44              		CMP R2,15	// QImode compare
00009261 05 8E 01 EE        		NSJNA L15	//QImode LEU
         00 EE      
0000088A                    	.debug
0000088A 2E 00 73 00        		.dw '.stabn 0x44,0,126,',0,0
         74 00 61 00
         62 00 6E 00
         20 00 30 00
         78 00 34 00
         34 00 2C 00
         30 00 2C 00
         31 00 32 00
         36 00 2C 00
         00 00 00 00
0000089E AF 00 00 00        		.dd LM32-_main
000008A0 0D 00 0A 00        		.dw 0x0d,0x0a
00009264                    	.code
                            	LM32:
00009264 40 92              		R1=0	// QImode move
00009265 19 D3 EA 01        		[_VolumeIndex]=R1	// QImode move
                            	L15:
000008A2                    	.debug
000008A2 2E 00 73 00        		.dw '.stabn 0x44,0,127,',0,0
         74 00 61 00
         62 00 6E 00
         20 00 30 00
         78 00 34 00
         34 00 2C 00
         30 00 2C 00
         31 00 32 00
         37 00 2C 00
         00 00 00 00
000008B6 B2 00 00 00        		.dd LM33-_main
000008B8 0D 00 0A 00        		.dw 0x0d,0x0a
00009267                    	.code
                            	LM33:
00009267 11 93 EA 01        		R1=[_VolumeIndex]	// QImode move
00009269 C8 D2              		[SP--]=R1	// QImode move
0000926A 40 F0 B2 94        		CALL _USER_A1600_Volume	// call without return value
0000926C 41 00              		SP = SP + 1	//SP
000008BA                    	.debug
000008BA 2E 00 73 00        		.dw '.stabn 0x44,0,128,',0,0
         74 00 61 00
         62 00 6E 00
         20 00 30 00
         78 00 34 00
         34 00 2C 00
         30 00 2C 00
         31 00 32 00
         38 00 2C 00
         00 00 00 00
000008CE B8 00 00 00        		.dd LM34-_main
000008D0 0D 00 0A 00        		.dw 0x0d,0x0a
0000926D                    	.code
                            	LM34:
0000926D 0F 9F 9E 92        		PC=L6	// jump
                            	L16:
000008D2                    	.debug
000008D2 2E 00 73 00        		.dw '.stabn 0x44,0,131,',0,0
         74 00 61 00
         62 00 6E 00
         20 00 30 00
         78 00 34 00
         34 00 2C 00
         30 00 2C 00
         31 00 33 00
         31 00 2C 00
         00 00 00 00
000008E6 BA 00 00 00        		.dd LM35-_main
000008E8 0D 00 0A 00        		.dw 0x0d,0x0a
0000926F                    	.code
                            	LM35:
0000926F 12 95 EB 01        		R2=[_DAC_FIR_Type]	// QImode move
00009271 0A 03 01 00        		R1=R2+1
00009273 01 95              		R2=R1	// QImode move
00009274 1A D5 EB 01        		[_DAC_FIR_Type]=R2	// QImode move
00009276 43 44              		CMP R2,3	// QImode compare
00009277 05 8E 01 EE        		NSJNA L17	//QImode LEU
         00 EE      
000008EA                    	.debug
000008EA 2E 00 73 00        		.dw '.stabn 0x44,0,132,',0,0
         74 00 61 00
         62 00 6E 00
         20 00 30 00
         78 00 34 00
         34 00 2C 00
         30 00 2C 00
         31 00 33 00
         32 00 2C 00
         00 00 00 00
000008FE C5 00 00 00        		.dd LM36-_main
00000900 0D 00 0A 00        		.dw 0x0d,0x0a
0000927A                    	.code
                            	LM36:
0000927A 40 92              		R1=0	// QImode move
0000927B 19 D3 EB 01        		[_DAC_FIR_Type]=R1	// QImode move
                            	L17:
00000902                    	.debug
00000902 2E 00 73 00        		.dw '.stabn 0x44,0,133,',0,0
         74 00 61 00
         62 00 6E 00
         20 00 30 00
         78 00 34 00
         34 00 2C 00
         30 00 2C 00
         31 00 33 00
         33 00 2C 00
         00 00 00 00
00000916 C8 00 00 00        		.dd LM37-_main
00000918 0D 00 0A 00        		.dw 0x0d,0x0a
0000927D                    	.code
                            	LM37:
0000927D 11 93 EB 01        		R1=[_DAC_FIR_Type]	// QImode move
0000927F C8 D2              		[SP--]=R1	// QImode move
00009280 40 F0 56 90        		CALL _SACM_A1600_DA_FIRType	// call without return value
00009282 41 00              		SP = SP + 1	//SP
0000091A                    	.debug
0000091A 2E 00 73 00        		.dw '.stabn 0x44,0,134,',0,0
         74 00 61 00
         62 00 6E 00
         20 00 30 00
         78 00 34 00
         34 00 2C 00
         30 00 2C 00
         31 00 33 00
         34 00 2C 00
         00 00 00 00
0000092E CE 00 00 00        		.dd LM38-_main
00000930 0D 00 0A 00        		.dw 0x0d,0x0a
00009283                    	.code
                            	LM38:
00009283 0F 9F 9E 92        		PC=L6	// jump
                            	L18:
00000932                    	.debug
00000932 2E 00 73 00        		.dw '.stabn 0x44,0,137,',0,0
         74 00 61 00
         62 00 6E 00
         20 00 30 00
         78 00 34 00
         34 00 2C 00
         30 00 2C 00
         31 00 33 00
         37 00 2C 00
         00 00 00 00
00000946 D0 00 00 00        		.dd LM39-_main
00000948 0D 00 0A 00        		.dw 0x0d,0x0a
00009285                    	.code
                            	LM39:
00009285 41 92              		R1=1	// QImode move
00009286 19 D3 ED 01        		[_PlayCon]=R1	// QImode move
0000094A                    	.debug
0000094A 2E 00 73 00        		.dw '.stabn 0x44,0,138,',0,0
         74 00 61 00
         62 00 6E 00
         20 00 30 00
         78 00 34 00
         34 00 2C 00
         30 00 2C 00
         31 00 33 00
         38 00 2C 00
         00 00 00 00
0000095E D3 00 00 00        		.dd LM40-_main
00000960 0D 00 0A 00        		.dw 0x0d,0x0a
00009288                    	.code
                            	LM40:
00009288 40 92              		R1=0	// QImode move
00009289 19 D3 E9 01        		[_SpeechIndex]=R1	// QImode move
00000962                    	.debug
00000962 2E 00 73 00        		.dw '.stabn 0x44,0,139,',0,0
         74 00 61 00
         62 00 6E 00
         20 00 30 00
         78 00 34 00
         34 00 2C 00
         30 00 2C 00
         31 00 33 00
         39 00 2C 00
         00 00 00 00
00000976 D6 00 00 00        		.dd LM41-_main
00000978 0D 00 0A 00        		.dw 0x0d,0x0a
0000928B                    	.code
                            	LM41:
0000928B 11 93 E9 01        		R1=[_SpeechIndex]	// QImode move
0000928D C8 D2              		[SP--]=R1	// QImode move
0000928E 40 F0 CF 94        		CALL _USER_A1600_SetStartAddr	// call without return value
00009290 41 00              		SP = SP + 1	//SP
0000097A                    	.debug
0000097A 2E 00 73 00        		.dw '.stabn 0x44,0,140,',0,0
         74 00 61 00
         62 00 6E 00
         20 00 30 00
         78 00 34 00
         34 00 2C 00
         30 00 2C 00
         31 00 34 00
         30 00 2C 00
         00 00 00 00
0000098E DC 00 00 00        		.dd LM42-_main
00000990 0D 00 0A 00        		.dw 0x0d,0x0a
00009291                    	.code
                            	LM42:
00009291 41 92              		R1=1	// QImode move
00009292 C8 D2              		[SP--]=R1	// QImode move
00009293 43 92              		R1=3	// QImode move
00009294 C8 D2              		[SP--]=R1	// QImode move
00009295 41 62              		R1=(-1)	// QImode move
00009296 C8 D2              		[SP--]=R1	// QImode move
00009297 40 F0 67 90        		CALL _SACM_A1600_Play	// call without return value
00009299 43 00              		SP = SP + 3	//SP
00000992                    	.debug
00000992 2E 00 73 00        		.dw '.stabn 0x44,0,141,',0,0
         74 00 61 00
         62 00 6E 00
         20 00 30 00
         78 00 34 00
         34 00 2C 00
         30 00 2C 00
         31 00 34 00
         31 00 2C 00
         00 00 00 00
000009A6 E5 00 00 00        		.dd LM43-_main
000009A8 0D 00 0A 00        		.dw 0x0d,0x0a
0000929A                    	.code
                            	LM43:
0000929A 0F 9F 9E 92        		PC=L6	// jump
                            	L19:
000009AA                    	.debug
000009AA 2E 00 73 00        		.dw '.stabn 0x44,0,144,',0,0
         74 00 61 00
         62 00 6E 00
         20 00 30 00
         78 00 34 00
         34 00 2C 00
         30 00 2C 00
         31 00 34 00
         34 00 2C 00
         00 00 00 00
000009BE E7 00 00 00        		.dd LM44-_main
000009C0 0D 00 0A 00        		.dw 0x0d,0x0a
0000929C                    	.code
                            	LM44:
0000929C 0F 9F 9E 92        		PC=L6	// jump
                            	L6:
000009C2                    	.debug
000009C2 2E 00 73 00        		.dw '.stabn 0x44,0,146,',0,0
         74 00 61 00
         62 00 6E 00
         20 00 30 00
         78 00 34 00
         34 00 2C 00
         30 00 2C 00
         31 00 34 00
         36 00 2C 00
         00 00 00 00
000009D6 E9 00 00 00        		.dd LM45-_main
000009D8 0D 00 0A 00        		.dw 0x0d,0x0a
0000929E                    	.code
                            	LM45:
0000929E 11 93 ED 01        		R1=[_PlayCon]	// QImode move
000092A0 40 42              		CMP R1,0	// QImode test
000092A1 26 5E 01 EE        		NSJZ L23	//QImode EQ
         00 EE      
000009DA                    	.debug
000009DA 2E 00 73 00        		.dw '.stabn 0x44,0,148,',0,0
         74 00 61 00
         62 00 6E 00
         20 00 30 00
         78 00 34 00
         34 00 2C 00
         30 00 2C 00
         31 00 34 00
         38 00 2C 00
         00 00 00 00
000009EE EF 00 00 00        		.dd LM46-_main
000009F0 0D 00 0A 00        		.dw 0x0d,0x0a
000092A4                    	.code
                            	LM46:
000092A4 40 F0 30 91        		CALL _SACM_A1600_Check_Con	// call with return value
000092A6 09 43 FF FF        		CMP R1,(-1)	// QImode compare
000092A8 1F 4E 01 EE        		NSJNZ L23	//QImode NE
         00 EE      
000009F2                    	.debug
000009F2 2E 00 73 00        		.dw '.stabn 0x44,0,150,',0,0
         74 00 61 00
         62 00 6E 00
         20 00 30 00
         78 00 34 00
         34 00 2C 00
         30 00 2C 00
         31 00 35 00
         30 00 2C 00
         00 00 00 00
00000A06 F6 00 00 00        		.dd LM47-_main
00000A08 0D 00 0A 00        		.dw 0x0d,0x0a
000092AB                    	.code
                            	LM47:
000092AB 12 95 E9 01        		R2=[_SpeechIndex]	// QImode move
000092AD 0A 03 01 00        		R1=R2+1
000092AF 01 95              		R2=R1	// QImode move
000092B0 1A D5 E9 01        		[_SpeechIndex]=R2	// QImode move
000092B2 42 44              		CMP R2,2	// QImode compare
000092B3 05 8E 01 EE        		NSJNA L25	//QImode LEU
         00 EE      
00000A0A                    	.debug
00000A0A 2E 00 73 00        		.dw '.stabn 0x44,0,151,',0,0
         74 00 61 00
         62 00 6E 00
         20 00 30 00
         78 00 34 00
         34 00 2C 00
         30 00 2C 00
         31 00 35 00
         31 00 2C 00
         00 00 00 00
00000A1E 01 01 00 00        		.dd LM48-_main
00000A20 0D 00 0A 00        		.dw 0x0d,0x0a
000092B6                    	.code
                            	LM48:
000092B6 40 92              		R1=0	// QImode move
000092B7 19 D3 E9 01        		[_SpeechIndex]=R1	// QImode move
                            	L25:
00000A22                    	.debug
00000A22 2E 00 73 00        		.dw '.stabn 0x44,0,152,',0,0
         74 00 61 00
         62 00 6E 00
         20 00 30 00
         78 00 34 00
         34 00 2C 00
         30 00 2C 00
         31 00 35 00
         32 00 2C 00
         00 00 00 00
00000A36 04 01 00 00        		.dd LM49-_main
00000A38 0D 00 0A 00        		.dw 0x0d,0x0a
000092B9                    	.code
                            	LM49:
000092B9 11 93 E9 01        		R1=[_SpeechIndex]	// QImode move
000092BB C8 D2              		[SP--]=R1	// QImode move
000092BC 40 F0 E1 94        		CALL _USER_A1600_SetStartAddr_Con	// call without return value
000092BE 41 00              		SP = SP + 1	//SP
00000A3A                    	.debug
00000A3A 2E 00 73 00        		.dw '.stabn 0x44,0,153,',0,0
         74 00 61 00
         62 00 6E 00
         20 00 30 00
         78 00 34 00
         34 00 2C 00
         30 00 2C 00
         31 00 35 00
         33 00 2C 00
         00 00 00 00
00000A4E 0A 01 00 00        		.dd LM50-_main
00000A50 0D 00 0A 00        		.dw 0x0d,0x0a
000092BF                    	.code
                            	LM50:
000092BF 42 92              		R1=2	// QImode move
000092C0 C8 D2              		[SP--]=R1	// QImode move
000092C1 43 92              		R1=3	// QImode move
000092C2 C8 D2              		[SP--]=R1	// QImode move
000092C3 41 62              		R1=(-1)	// QImode move
000092C4 C8 D2              		[SP--]=R1	// QImode move
000092C5 40 F0 FF 90        		CALL _SACM_A1600_Play_Con	// call without return value
000092C7 43 00              		SP = SP + 3	//SP
                            	L24:
                            	L23:
00000A52                    	.debug
00000A52 2E 00 73 00        		.dw '.stabn 0x44,0,157,',0,0
         74 00 61 00
         62 00 6E 00
         20 00 30 00
         78 00 34 00
         34 00 2C 00
         30 00 2C 00
         31 00 35 00
         37 00 2C 00
         00 00 00 00
00000A66 13 01 00 00        		.dd LM51-_main
00000A68 0D 00 0A 00        		.dw 0x0d,0x0a
000092C8                    	.code
                            	LM51:
000092C8 40 F0 5D 91        		CALL _SACM_A1600_ServiceLoop	// call without return value
                            	L26:
00000A6A                    	.debug
00000A6A 2E 00 73 00        		.dw '.stabn 0x44,0,158,',0,0
         74 00 61 00
         62 00 6E 00
         20 00 30 00
         78 00 34 00
         34 00 2C 00
         30 00 2C 00
         31 00 35 00
         38 00 2C 00
         00 00 00 00
00000A7E 15 01 00 00        		.dd LM52-_main
00000A80 0D 00 0A 00        		.dw 0x0d,0x0a
000092CA                    	.code
                            	LM52:
000092CA 40 F0 12 94        		CALL _System_ServiceLoop	// call without return value
00000A82                    	.debug
00000A82 2E 00 73 00        		.dw '.stabn 0x44,0,159,',0,0
         74 00 61 00
         62 00 6E 00
         20 00 30 00
         78 00 34 00
         34 00 2C 00
         30 00 2C 00
         31 00 35 00
         39 00 2C 00
         00 00 00 00
00000A96 17 01 00 00        		.dd LM53-_main
00000A98 0D 00 0A 00        		.dw 0x0d,0x0a
000092CC                    	.code
                            	LM53:
000092CC 0F 9F DE 91        		PC=L3	// jump
                            	L4:
00000A9A                    	.debug
00000A9A 2E 00 73 00        		.dw '.stabn 0x44,0,160,',0,0
         74 00 61 00
         62 00 6E 00
         20 00 30 00
         78 00 34 00
         34 00 2C 00
         30 00 2C 00
         31 00 36 00
         30 00 2C 00
         00 00 00 00
00000AAE 19 01 00 00        		.dd LM54-_main
00000AB0 0D 00 0A 00        		.dw 0x0d,0x0a
000092CE                    	.code
                            	LM54:
000092CE 40 92              		R1=0	// QImode move
000092CF 0F 9F D1 92        		PC=L2	// jump
00000AB2                    	.debug
00000AB2 2E 00 73 00        		.dw '.stabn 0x44,0,161,',0,0
         74 00 61 00
         62 00 6E 00
         20 00 30 00
         78 00 34 00
         34 00 2C 00
         30 00 2C 00
         31 00 36 00
         31 00 2C 00
         00 00 00 00
00000AC6 1C 01 00 00        		.dd LM55-_main
00000AC8 0D 00 0A 00        		.dw 0x0d,0x0a
000092D1                    	.code
                            	LM55:
00000ACA                    	.debug
00000ACA 2E 00 73 00        		.dw '.stabn 0x44,0,161,',0,0
         74 00 61 00
         62 00 6E 00
         20 00 30 00
         78 00 34 00
         34 00 2C 00
         30 00 2C 00
         31 00 36 00
         31 00 2C 00
         00 00 00 00
00000ADE 1C 01 00 00        		.dd LM56-_main
00000AE0 0D 00 0A 00        		.dw 0x0d,0x0a
000092D1                    	.code
                            	LM56:
                            	L2:
                            	
000092D1 41 00              		SP+=1
000092D2 88 98              		POP BP from [SP]
000092D3 90 9A              		RETF
                            		.endp	// end of main
                            	
00000AE2                    	.debug
00000AE2 2E 00 73 00        		.dw '.stabf ',0,0
         74 00 61 00
         62 00 66 00
         20 00 00 00
         00 00      
00000AEB 1F 01 00 00        		.dd LME1-_main
00000AED 0D 00 0A 00        		.dw 0x0d,0x0a
000092D4                    	.code
                            	LME1:
000001E8                    	.iram
                            	.public _Key
                            	_Key:
000001E8 00 00              		.dw 0
000001E9                    	.iram
                            	.public _SpeechIndex
                            	_SpeechIndex:
000001E9 00 00              		.dw 0
000001EA                    	.iram
                            	.public _VolumeIndex
                            	_VolumeIndex:
000001EA 00 00              		.dw 0
000001EB                    	.iram
                            	.public _DAC_FIR_Type
                            	_DAC_FIR_Type:
000001EB 00 00              		.dw 0
000001EC                    	.iram
                            	.public _PauseFlag
                            	_PauseFlag:
000001EC 00 00              		.dw 0
000001ED                    	.iram
                            	.public _PlayCon
                            	_PlayCon:
000001ED 00 00              		.dw 0
                            	.external _System_ServiceLoop
                            	.external _SACM_A1600_ServiceLoop
                            	.external _SACM_A1600_Play_Con
                            	.external _USER_A1600_SetStartAddr_Con
                            	.external _SACM_A1600_Check_Con
                            	.external _USER_A1600_SetStartAddr
                            	.external _SACM_A1600_DA_FIRType
                            	.external _USER_A1600_Volume
                            	.external _SACM_A1600_Resume
                            	.external _SACM_A1600_Pause
                            	.external _SACM_A1600_Stop
                            	.external _SP_GetCh
                            	.external _SACM_A1600_Play
                            	.external _SACM_A1600_Initial
                            	.external _SPI_Initial
                            	.external _System_Initial
                            		.end
0 error(s), 0 warning(s).


