Generalplus u'nSP Assembler - Ver. 1.14.13.0
              Listing File Has Been Relocated
                            	
                            	// Resource Table
                            	// Created by IDE, Do not modify this table
                            	
00008026                    	.TEXT
                            	.public _RES_Table;
                            	.external __RES_T09_A_A16_sa
                            	.public _RES_T09_A_A16_SA;
                            	.external __RES_T09_A_A16_ea;
                            	.public _RES_T09_A_A16_EA;
                            	.external __RES_T09_B_A16_sa
                            	.public _RES_T09_B_A16_SA;
                            	.external __RES_T09_B_A16_ea;
                            	.public _RES_T09_B_A16_EA;
                            	.external __RES_T09_C_A16_sa
                            	.public _RES_T09_C_A16_SA;
                            	.external __RES_T09_C_A16_ea;
                            	.public _RES_T09_C_A16_EA;
                            	
                            	
                            	_RES_Table:
                            	
                            	_RES_T09_A_A16_SA:
00008026 95 95 00 00        		.DW offset __RES_T09_A_A16_sa,seg __RES_T09_A_A16_sa;
                            	_RES_T09_A_A16_EA:
00008028 88 9E 00 00        		.DW offset __RES_T09_A_A16_ea,seg __RES_T09_A_A16_ea;
                            	
                            	_RES_T09_B_A16_SA:
0000802A 88 9E 00 00        		.DW offset __RES_T09_B_A16_sa,seg __RES_T09_B_A16_sa;
                            	_RES_T09_B_A16_EA:
0000802C 5B A7 00 00        		.DW offset __RES_T09_B_A16_ea,seg __RES_T09_B_A16_ea;
                            	
                            	_RES_T09_C_A16_SA:
0000802E 5B A7 00 00        		.DW offset __RES_T09_C_A16_sa,seg __RES_T09_C_A16_sa;
                            	_RES_T09_C_A16_EA:
00008030 6E AF 00 00        		.DW offset __RES_T09_C_A16_ea,seg __RES_T09_C_A16_ea;
                            	
                            	
                            	// End Table
                            	//------------------------------------------------
                            	// SACM A1600 Speech Table
                            	// -- User nees to add in the song/speech 
                            	//    for playback based on the _RES_Table above.
                            	//------------------------------------------------
                            	.public T_SACM_A1600_SpeechTable;
                            	T_SACM_A1600_SpeechTable:	
00008032 26 80              	.dw _RES_T09_A_A16_SA
00008033 2A 80              	.dw _RES_T09_B_A16_SA
00008034 2E 80              	.dw _RES_T09_C_A16_SA
0 error(s), 0 warning(s).

