Generalplus u'nSP Assembler - Ver. 1.14.13.0
              Listing File Has Been Relocated
                            	//==========================================================================
                            	// File Name   : SPI_Flash.asm
                            	// Description : SPI initilaization and send/read data to/from SPI interface
                            	// Programmer : Ray Cheng
                            	// Last modified date:
                            	// Note: 
                            	//      1. IOB15:DO, IOB14:DI, IOB13:SCK, IOB8:CS
                            	//      2. Flash Body: GPR25LXXX
                            	//		
                            	//==========================================================================
                            	//**************************************************************************
                            	// Header File Included Area
                            	//**************************************************************************
                            	.include GPCE063.inc;
                     <      	//==========================================================================
                     <      	// File Name   : GPCE063.inc
                     <      	// Description : GPCE063 registers and constants definition
                     <      	// Written by  : Chimc
                     <      	// Last modified date:
                     <      	//              2008/03/19
                     <      	//==========================================================================
                     <      	.ifndef __GPCE063_INC__
                     <      	.define __GPCE063_INC__
                     <      	
                     <      	//--------------------------------------------------------------------------------------------------------------------------------------------
                     <      	//	GPIO Configration
                     <      	//	Dir		Att		Dat		Function Description			Wakeup
                     <      	//	0		0		0		Input Pull Low					Yes
                     <      	//	0		0		1		Input Pull High					Yes
                     <      	//	0		1		0		Input Floating					Yes
                     <      	//	0		1		1		Input Floating					Yes
                     <      	//	1		0		0		Output High (Inverted)			Yes		(With Io Toggle Capability)
                     <      	//	1		0		1		Output Low (Inverted)			Yes		(With Io Toggle Capability)
                     <      	//	1		1		0		Output Low						Yes
                     <      	//	1		1		1		Output High						Yes
                     <      	//--------------------------------------------------------------------------------------------------------------------------------------------
                     <      	
                     <      	//--------------------------------------------------------------------------------------------------------------------------------------------
                     <      	//	Special IO Function
                     <      	//	IOA_Func	Bit15	Bit14	Bit13	Bit12	Bit11	Bit10	Bit9	Bit8	Bit7	Bit6	Bit5	Bit4	Bit3	Bit2	Bit1	Bit0
                     <      	//	IR			-		-		-		-		-		-		-		-		-		-		-		-		-		-		IROUT	-
                     <      	//	Wakeup		Yes		Yes		Yes		Yes		Yes		Yes		Yes		Yes		Yes		Yes		Yes		Yes		Yes		Yes		Yes		Yes
                     <      	//	FB/OSC		-		-		-		-		FO2		FI2		FO1		FI1		-		-		-		-		-		-		-		-
                     <      	//	Ext_Int		-		-		-		-		-		EXT2	-		EXT1	-		-		-		-		-		-		-		-
                     <      	//	IOPWM		-		-		-		-		-		-		-		-		-		-		-		-		-		-		-		IOPWM
                     <      	//	SPI			SPIRX	SPITX	SPICK	SPICS	-		-		-		-		-		-		-		-		-		-		-		-
                     <      	//	HighDriving	-		-		-		-		-		-		-		-		Yes		Yes		Yes		Yes		-		-		-		-
                     <      	//--------------------------------------------------------------------------------------------------------------------------------------------
                     <      	//	IOB_Func	Bit15	Bit14	Bit13	Bit12	Bit11	Bit10	Bit9	Bit8	Bit7	Bit6	Bit5	Bit4	Bit3	Bit2	Bit1	Bit0
                     <      	//	ADC_CH		-		-		-		-		-		-		-		-		AN7		AN6		AN5		AN4		AN3		AN2		AN1		AN0
                     <      	//--------------------------------------------------------------------------------------------------------------------------------------------
                     <      	
                     <      	//////////////////////////////////////////////////////////////////////////////////////
                     <      	//====================================================================================
                     <      	//	Port Definition
                     <      	//====================================================================================
                     <      	//////////////////////////////////////////////////////////////////////////////////////
                     <      	.define	P_IOA_Data				0x2000
                     <      	.define P_IOA_Buffer			0x2001
                     <      	.define	P_IOA_Dir				0x2002
                     <      	.define	P_IOA_Attrib			0x2003
                     <      	.define	P_IOB_Data				0x2004
                     <      	.define P_IOB_Buffer			0x2005
                     <      	.define	P_IOB_Dir				0x2006
                     <      	.define	P_IOB_Attrib			0x2007
                     <      	.define P_IO_Ctrl				0x2008
                     <      	
                     <      	//---------------------------------------------------
                     <      	.define P_TimerA_Data			0x2010
                     <      	.define P_TimerA_CNTR			0x2011
                     <      	.define P_TimerB_Data			0x2012
                     <      	.define P_TimerB_CNTR			0x2013
                     <      	.define P_TimerC_Data			0x2014
                     <      	.define P_TimerC_CNTR			0x2015
                     <      	.define P_Timer_Ctrl			0x2016
                     <      	
                     <      	//---------------------------------------------------
                     <      	.define P_PWM_Ctrl				0x2020
                     <      	
                     <      	//---------------------------------------------------
                     <      	.define P_System_Clock			0x2030
                     <      	.define P_System_Reset			0x2031
                     <      	.define P_Reset_LVD_Ctrl		0x2032
                     <      	.define P_TimeBase_Clear		0x2033
                     <      	.define P_Watchdog_Clear		0x2034
                     <      	.define P_Wait_Ctrl				0x2035
                     <      	.define P_System_Sleep			0x2036
                     <      	
                     <      	//---------------------------------------------------
                     <      	.define P_DAC_Ctrl				0x2040
                     <      	.define P_DAC_Data				0x2041
                     <      	
                     <      	//---------------------------------------------------
                     <      	.define P_INT_Ctrl				0x2050
                     <      	.define P_INT_Status			0x2051
                     <      	.define P_FIQ_Sel				0x2052
                     <      	
                     <      	//---------------------------------------------------
                     <      	.define P_SPI_Ctrl				0x2060
                     <      	.define P_SPI_TX_Status			0x2061
                     <      	.define P_SPI_TX_Data			0x2062
                     <      	.define P_SPI_RX_Status			0x2063
                     <      	.define P_SPI_RX_Data			0x2064
                     <      	.define P_SPI_Misc				0x2065
                     <      	
                     <      	//---------------------------------------------------
                     <      	.define P_ADC_Ctrl				0x2070
                     <      	.define P_ADC_Data				0x2071
                     <      	.define P_ADC_LineIn_BitCtrl	0x2072
                     <      	
                     <      	//---------------------------------------------------
                     <      	.define	P_Flash_Ctrl			0x26FF
                     <      	
                     <      	//---------------------------------------------------
                     <      	//---------------------------------------------------
                     <      	//---------------------------------------------------
                     <      	
                     <      	
                     <      	//////////////////////////////////////////////////////////////////////////////////////
                     <      	//====================================================================================
                     <      	// Constant Definition
                     <      	//====================================================================================
                     <      	//////////////////////////////////////////////////////////////////////////////////////
                     <      	
                     <      	//====================================================================================
                     <      	// P_IO_Ctrl (0x2008)
                     <      	//====================================================================================
                     <      	// Bit[15:11] : Reserved
                     <      	// Bit10 : FW_SPI_CS
                     <      	.define C_FW_SPI_CS				0x0400
                     <      	.define	C_SPI_CS_Firmware		0x0000		// CS Control by Firmware
                     <      	.define	C_SPI_CS_Hardware		0x0400		// CS Control by Hardware
                     <      	// Bit[9:8] : IR_Duty === IRout:IOA1
                     <      	.define	C_IR_Duty				0x0300
                     <      	.define	C_IR_Duty_DIV_2			0x0000		// 1/2 Duty
                     <      	.define	C_IR_Duty_DIV_3			0x0100		// 1/3 Duty
                     <      	.define	C_IR_Duty_DIV_4			0x0200		// 1/4 Duty
                     <      	.define	C_IR_Duty_DIV_5			0x0300		// 1/5 Duty
                     <      	// Bit[7:6] : IR_Ctrl
                     <      	.define	C_IR_Ctrl				0x00C0
                     <      	.define	C_IR_Disable			0x0000		// IR Disable ; IOA1 as Normal IO
                     <      	.define	C_IR_With_TimerA		0x0040		// IR Function Enable with Timer A as Source
                     <      	.define	C_IR_With_TimerB		0x0080		// IR Function Enable with Timer B as Source
                     <      	.define	C_IR_With_TimerC		0x00C0		// IR Function Enable with Timer C as Source
                     <      	// Bit[5:4] : EXT2_Ctrl === FI2:IOA10  FO2:IOA11
                     <      	.define	C_EXT2_Ctrl				0x0030
                     <      	.define	C_EXT2_Normal_Rising	0x0000		// Normal IO With Rising Edge Trigger
                     <      	.define	C_EXT2_Normal_Falling	0x0010		// Normal IO With Falling Edge Trigger
                     <      	.define	C_EXT2_Feedback_Rising	0x0020		// Feedback Oscillator With Rising Edge Trigger
                     <      	.define	C_EXT2_Feedback_Falling	0x0030		// Feedback Oscillator With Falling Edge Trigger
                     <      	// Bit[3:2] : EXT1_Ctrl === FI1:IOA8  FO1:IOA9
                     <      	.define	C_EXT1_Ctrl				0x000C
                     <      	.define	C_EXT1_Normal_Rising	0x0000		// Normal IO With Rising Edge Trigger
                     <      	.define	C_EXT1_Normal_Falling	0x0004		// Normal IO With Falling Edge Trigger
                     <      	.define	C_EXT1_Feedback_Rising	0x0008		// Feedback Oscillator With Rising Edge Trigger
                     <      	.define	C_EXT1_Feedback_Falling	0x000C		// Feedback Oscillator With Falling Edge Trigger
                     <      	// Bit[1:0] : Reserved 
                     <      	
                     <      	//====================================================================================
                     <      	// P_Timer_Ctrl (0x2016)  Timer Setting
                     <      	//====================================================================================
                     <      	// Bit[3:0] : TMASEL
                     <      	.define C_TimerA_Sel			0x000F
                     <      	.define C_TimerA_Disable		0x0000
                     <      	.define C_TimerA_Software_Count	0x0001
                     <      	.define C_TimerA_FRTC_EXT2		0x0002
                     <      	.define C_TimerA_EXT1_EXT2		0x0002
                     <      	.define C_TimerA_FPLL_EXT2		0x0003
                     <      	.define C_TimerA_EXT2_64Hz		0x0004
                     <      	.define C_TimerA_EXT2_16Hz		0x0005
                     <      	.define C_TimerA_EXT2_2Hz		0x0006
                     <      	.define C_TimerA_EXT2			0x0007
                     <      	.define C_TimerA_FRTC_64Hz		0x0008
                     <      	//.define C_TimerA_EXT1_64Hz	0x0008
                     <      	.define C_TimerA_FRTC_16Hz		0x0009
                     <      	//.define C_TimerA_EXT1_16Hz	0x0009
                     <      	.define C_TimerA_FRTC_2Hz		0x000A
                     <      	//.define C_TimerA_EXT1_2Hz		0x000A
                     <      	.define C_TimerA_FRTC			0x000B
                     <      	//.define C_TimerA_EXT1			0x000B
                     <      	.define C_TimerA_FPLL_64Hz		0x000C
                     <      	.define C_TimerA_FPLL_16Hz		0x000D
                     <      	.define C_TimerA_FPLL_2Hz		0x000E
                     <      	.define C_TimerA_FPLL			0x000F
                     <      	// Bit[7:4] : TMBSEL
                     <      	.define C_TimerB_Sel			0x00F0
                     <      	.define C_TimerB_Disable		0x0000
                     <      	.define C_TimerB_Software_Count	0x0010
                     <      	.define C_TimerB_FRTC_EXT2		0x0020
                     <      	.define C_TimerB_EXT1_EXT2		0x0020
                     <      	.define C_TimerB_FPLL_EXT2		0x0030
                     <      	.define C_TimerB_EXT2_64Hz		0x0040
                     <      	.define C_TimerB_EXT2_16Hz		0x0050
                     <      	.define C_TimerB_EXT2_2Hz		0x0060
                     <      	.define C_TimerB_EXT2			0x0070
                     <      	.define C_TimerB_FRTC_64Hz		0x0080
                     <      	//.define C_TimerB_EXT1_64Hz	0x0080
                     <      	.define C_TimerB_FRTC_16Hz		0x0090
                     <      	//.define C_TimerB_EXT1_16Hz	0x0090
                     <      	.define C_TimerB_FRTC_2Hz		0x00A0
                     <      	//.define C_TimerB_EXT1_2Hz		0x00A0
                     <      	.define C_TimerB_FRTC			0x00B0
                     <      	//.define C_TimerB_EXT1			0x00B0
                     <      	.define C_TimerB_FPLL_64Hz		0x00C0
                     <      	.define C_TimerB_FPLL_16Hz		0x00D0
                     <      	.define C_TimerB_FPLL_2Hz		0x00E0
                     <      	.define C_TimerB_FPLL			0x00F0
                     <      	// Bit[11:8] : TMCSEL
                     <      	.define C_TimerC_Sel			0x0F00
                     <      	.define C_TimerC_Disable		0x0000
                     <      	.define C_TimerC_Software_Count	0x0100
                     <      	.define C_TimerC_FRTC_EXT2		0x0200
                     <      	.define C_TimerC_EXT1_EXT2		0x0200
                     <      	.define C_TimerC_FPLL_EXT2		0x0300
                     <      	.define C_TimerC_EXT2_64Hz		0x0400
                     <      	.define C_TimerC_EXT2_16Hz		0x0500
                     <      	.define C_TimerC_EXT2_2Hz		0x0600
                     <      	.define C_TimerC_EXT2			0x0700
                     <      	.define C_TimerC_FRTC_64Hz		0x0800
                     <      	//.define C_TimerC_EXT1_64Hz	0x0800
                     <      	.define C_TimerC_FRTC_16Hz		0x0900
                     <      	//.define C_TimerC_EXT1_16Hz	0x0900
                     <      	.define C_TimerC_FRTC_2Hz		0x0A00
                     <      	//.define C_TimerC_EXT1_2Hz		0x0A00
                     <      	.define C_TimerC_FRTC			0x0B00
                     <      	//.define C_TimerC_EXT1			0x0B00
                     <      	.define C_TimerC_FPLL_64Hz		0x0C00
                     <      	.define C_TimerC_FPLL_16Hz		0x0D00
                     <      	.define C_TimerC_FPLL_2Hz		0x0E00
                     <      	.define C_TimerC_FPLL			0x0F00
                     <      	// Bit12 : Timer A input source select; 0 for FRTC, 1 for EXT1
                     <      	//.define C_TimerA_Input1			0x1000
                     <      	//.define C_TimerA_Input1_FRTC	0x0000
                     <      	//.define C_TimerA_Input1_EXT1	0x1000
                     <      	// Bit13 : Timer B input source select; 0 for FRTC, 1 for EXT1
                     <      	//.define C_TimerB_Input1			0x2000
                     <      	//.define C_TimerB_Input1_FRTC	0x0000
                     <      	//.define C_TimerB_Input1_EXT1	0x2000
                     <      	// Bit14 : Timer C input source select; 0 for FRTC, 1 for EXT1
                     <      	//.define C_TimerC_Input1			0x4000
                     <      	//.define C_TimerC_Input1_FRTC	0x0000
                     <      	//.define C_TimerC_Input1_EXT1	0x4000
                     <      	// Bit15 : Reserved
                     <      	
                     <      	//.define SystemClock				20480000
                     <      	//.define SystemClock				24576000
                     <      	//.define SystemClock				32768000
                     <      	//.define SystemClock				40960000
                     <      	.define SystemClock				49152000
                     <      	//.define SystemClock				12000000		// For FPGA Test
                     <      	//.define SystemClock				24000000		// For FPGA Test
                     <      	//.define SystemClock				48000000		// For FPGA Test
                     <      	
                     <      	.define C_Timer_Setting_1K   	65536 - (SystemClock / 1000)
                     <      	.define C_Timer_Setting_2K     	65536 - (SystemClock / 2000)
                     <      	.define C_Timer_Setting_3K     	65536 - (SystemClock / 3000)
                     <      	.define C_Timer_Setting_4K     	65536 - (SystemClock / 4000)
                     <      	.define C_Timer_Setting_5K     	65536 - (SystemClock / 5000)
                     <      	.define C_Timer_Setting_6K     	65536 - (SystemClock / 6000)
                     <      	.define C_Timer_Setting_7K     	65536 - (SystemClock / 7000)
                     <      	.define C_Timer_Setting_8K    	65536 - (SystemClock / 8000)
                     <      	.define C_Timer_Setting_9K     	65536 - (SystemClock / 9000)
                     <      	.define C_Timer_Setting_10K    	65536 - (SystemClock / 10000)
                     <      	.define C_Timer_Setting_11K    	65536 - (SystemClock / 11000)
                     <      	.define C_Timer_Setting_12K    	65536 - (SystemClock / 12000)
                     <      	.define C_Timer_Setting_13K    	65536 - (SystemClock / 13000)
                     <      	.define C_Timer_Setting_14K    	65536 - (SystemClock / 14000)
                     <      	.define C_Timer_Setting_15K    	65536 - (SystemClock / 15000)
                     <      	.define C_Timer_Setting_16K    	65536 - (SystemClock / 16000)
                     <      	.define C_Timer_Setting_20K    	65536 - (SystemClock / 20000)
                     <      	.define C_Timer_Setting_24K    	65536 - (SystemClock / 24000)
                     <      	.define C_Timer_Setting_28K   	65536 - (SystemClock / 28000)
                     <      	.define C_Timer_Setting_32K    	65536 - (SystemClock / 32000)
                     <      	.define C_Timer_Setting_36K   	65536 - (SystemClock / 36000)
                     <      	.define C_Timer_Setting_40K   	65536 - (SystemClock / 40000)
                     <      	.define C_Timer_Setting_48K    	65536 - (SystemClock / 48000)
                     <      	.define C_Timer_Setting_64K    	65536 - (SystemClock / 64000)
                     <      	.define C_Timer_Setting_500K   	65536 - (SystemClock / 500000)
                     <      	.define C_Timer_Setting_15555  	65536 - (SystemClock / 15555)	// For FPGA Test
                     <      	.define C_Timer_Setting_17777  	65536 - (SystemClock / 17777)	// For FPGA Test
                     <      	
                     <      	
                     <      	//====================================================================================
                     <      	// P_PWM_Ctrl (0x2020)  IOPWM
                     <      	//====================================================================================
                     <      	// Bit[15] : IOPWM_CNT_Clear
                     <      	.define	C_IOPWM_CNT_Clear		0x8000
                     <      	// Bit[14:7] : Reserved
                     <      	// Bit[6] : IOPWM_Mask
                     <      	.define	C_IOPWM_Mask			0x0040
                     <      	.define	C_IOPWM_Mask_Disable	0x0000		//default
                     <      	.define	C_IOPWM_Mask_Enable		0x0040
                     <      	// Bit[5:4] : Clock Source for IOPWM
                     <      	.define	C_IOPWM_CLK_SRC			0x0030
                     <      	.define	C_IOPWM_SRC_FRTC_Div2	0x0000
                     <      	.define	C_IOPWM_SRC_TimerA		0x0010
                     <      	.define	C_IOPWM_SRC_TimerB		0x0020
                     <      	.define	C_IOPWM_SRC_TimerC		0x0030
                     <      	// Bit[3:0] : PWM_Duty
                     <      	.define	C_IOPWM_Duty			0x000F
                     <      	.define C_IOPWM_OFF				0x0000
                     <      	.define C_IOPWM_1_Div_16		0x0001
                     <      	.define C_IOPWM_2_Div_16		0x0002
                     <      	.define C_IOPWM_3_Div_16		0x0003
                     <      	.define C_IOPWM_4_Div_16		0x0004
                     <      	.define C_IOPWM_5_Div_16		0x0005
                     <      	.define C_IOPWM_6_Div_16		0x0006
                     <      	.define C_IOPWM_7_Div_16		0x0007
                     <      	.define C_IOPWM_8_Div_16		0x0008
                     <      	.define C_IOPWM_9_Div_16		0x0009
                     <      	.define C_IOPWM_10_Div_16		0x000A
                     <      	.define C_IOPWM_11_Div_16		0x000B
                     <      	.define C_IOPWM_12_Div_16		0x000C
                     <      	.define C_IOPWM_13_Div_16		0x000D
                     <      	.define C_IOPWM_14_Div_16		0x000E
                     <      	.define C_IOPWM_1_Div_2			0x000F
                     <      	
                     <      	//====================================================================================
                     <      	// P_System_Clock (0x2030)  
                     <      	// The System Clock can be configured form 24.576MHz to 49.152MHz
                     <      	//====================================================================================
                     <      	// Bit[7:5] : FOSC
                     <      	.define C_FOSC					0x00E0
                     <      	.define C_FOSC_24576KHz			0x0000
                     <      	.define C_FOSC_20480KHz			0x0020
                     <      	.define C_FOSC_32768KHz			0x0040
                     <      	.define C_FOSC_40960KHz			0x0060
                     <      	.define C_FOSC_49152KHz			0x0080
                     <      	.define C_FOSC_49152KHz_M1		0x00A0
                     <      	.define C_FOSC_49152KHz_M2		0x00C0
                     <      	.define C_FOSC_49152KHz_M3		0x00E0
                     <      	// Bit[4] : 32KHz Sleep Status
                     <      	.define	C_Sleep_RTC_Status		0x0010
                     <      	.define	C_Sleep_RTC_SLP_Off		0x0000
                     <      	.define	C_Sleep_RTC_SLP_Work	0x0010
                     <      	// Bit[3] : Strong Mode
                     <      	.define C_RTC_Mode_Sel			0x0008
                     <      	.define C_RTC_Mode_Weak			0x0000
                     <      	.define C_RTC_Mode_Strong		0x0008
                     <      	// Bit[2:0] : CPU Clock
                     <      	.define	C_CPU_CLK				0x0007
                     <      	.define	C_CPU_CLK_FOSC			0x0000
                     <      	.define	C_CPU_CLK_FOSC_DIV_2	0x0001
                     <      	.define	C_CPU_CLK_FOSC_DIV_4	0x0002
                     <      	.define	C_CPU_CLK_FOSC_DIV_8	0x0003			// Default Value
                     <      	.define	C_CPU_CLK_FOSC_DIV_16	0x0004
                     <      	.define	C_CPU_CLK_FOSC_DIV_32	0x0005
                     <      	.define	C_CPU_CLK_FOSC_DIV_64	0x0006
                     <      	.define	C_CPU_CLK_FOSC_DIV_128	0x0007
                     <      	
                     <      	// P_System_Sleep (0x2036)
                     <      	.define C_System_Sleep			0x5555
                     <      	// P_System_Reset (0x2031)
                     <      	.define C_Software_Reset		0x5555
                     <      	// P_TimeBase_Clear (0x2033)
                     <      	.define	C_TimeBase_Clear		0x5555			// Write any value to clear
                     <      	// P_Watchdog_Clear (0x2034)
                     <      	.define	C_Watchdog_Clear		0x5555
                     <      	
                     <      	//====================================================================================
                     <      	// P_Reset_LVD_Ctrl (0x2032)
                     <      	//====================================================================================
                     <      	// Bit[15]
                     <      	.define C_Watchdog_Reset_Flag	0x8000			// Flag
                     <      	// Bit[14]
                     <      	.define C_Software_Reset_Flag	0x4000			// Flag
                     <      	// Bit[13]
                     <      	.define C_Wathcdog_Reset_Err_Flag	0x2000			// Flag
                     <      	// Bit[12]
                     <      	.define C_ILL_Addr_Reset_Flag	0x1000			// Flag
                     <      	// Bit[11]
                     <      	.define C_LVD_Status_Flag		0x0800			// Flag
                     <      	// Bit[9:2] Reserved
                     <      	// Bit[1:0] : LVD_Ctrl
                     <      	.define	C_LVD_Ctrl				0x0003
                     <      	.define	C_LVD_Ctrl_3D2V			0x0000			// Default Value
                     <      	.define	C_LVD_Ctrl_3D0V			0x0001
                     <      	.define	C_LVD_Ctrl_2D8V			0x0002
                     <      	.define	C_LVD_Ctrl_2D6V			0x0003
                     <      	// LVR always setting 2.2v
                     <      	
                     <      	//====================================================================================
                     <      	// P_Wait_Ctrl (0x2035)
                     <      	//====================================================================================
                     <      	.define	C_Wait_State_Reg		0x000F
                     <      	.define C_Wait_State_2Cycles1	0x0000
                     <      	.define C_Wait_State_2Cycles2	0x0001
                     <      	.define C_Wait_State_2Cycles	0x0002
                     <      	.define C_Wait_State_3Cycles	0x0003			// Default Value
                     <      	.define C_Wait_State_4Cycles	0x0004
                     <      	.define C_Wait_State_5Cycles	0x0005
                     <      	.define C_Wait_State_6Cycles	0x0006
                     <      	.define C_Wait_State_7Cycles	0x0007
                     <      	.define C_Wait_State_8Cycles	0x0008
                     <      	.define C_Wait_State_9Cycles	0x0009
                     <      	.define C_Wait_State_10Cycles	0x000A
                     <      	.define C_Wait_State_11Cycles	0x000B
                     <      	.define C_Wait_State_12Cycles	0x000C
                     <      	.define C_Wait_State_13Cycles	0x000D
                     <      	.define C_Wait_State_14Cycles	0x000E
                     <      	.define C_Wait_State_15Cycles	0x000F
                     <      	
                     <      	//====================================================================================
                     <      	// P_DAC_Ctrl (0x2040)
                     <      	//====================================================================================
                     <      	// Bit[15:3] : Reserved
                     <      	// Bit[2] : DAC Enable
                     <      	.define	C_DAC_Disable			0x0000
                     <      	.define	C_DAC_Enable			0x0004
                     <      	// Bit[1:0] : DAC Timer Select
                     <      	.define C_DAC_TMR_Sel			0x0003
                     <      	.define C_DAC_TMR_Sel_Manual	0x0000
                     <      	.define C_DAC_TMR_Sel_TimerA	0x0001
                     <      	.define C_DAC_TMR_Sel_TimerB	0x0002
                     <      	.define C_DAC_TMR_Sel_TimerC	0x0003
                     <      	
                     <      	//====================================================================================
                     <      	// P_INT_Ctrl (0x2050)
                     <      	// P_INT_Status (0x2051)
                     <      	// P_FIQ_Sel (0x2052)
                     <      	//====================================================================================
                     <      	// Bit[15:13] : Reserve
                     <      	.define C_IRQ0_TMA					0x1000
                     <      	.define C_IRQ1_TMB					0x0800
                     <      	.define C_IRQ2_TMC					0x0400
                     <      	.define C_IRQ3_SPI					0x0200
                     <      	.define C_IRQ4_KEY					0x0100
                     <      	.define C_IRQ5_EXT1					0x0080
                     <      	.define C_IRQ5_EXT2					0x0040
                     <      	.define C_IRQ6_4096Hz				0x0020
                     <      	.define C_IRQ6_2048Hz				0x0010
                     <      	.define C_IRQ6_512Hz				0x0008
                     <      	.define C_IRQ7_64Hz					0x0004
                     <      	.define C_IRQ7_16Hz					0x0002
                     <      	.define C_IRQ7_2Hz					0x0001
                     <      	
                     <      	//====================================================================================
                     <      	// P_SPI_Ctrl (0x2060)
                     <      	//====================================================================================
                     <      	// Bit[2:0] : Master Mode clock selection : 111b is reserved
                     <      	.define C_SPI_SCK_SEL				0x0007
                     <      	.define C_SCKSEL_FPLL_Div_2			0x0000
                     <      	.define C_SCKSEL_FPLL_Div_4			0x0001
                     <      	.define C_SCKSEL_FPLL_Div_8			0x0002
                     <      	.define C_SCKSEL_FPLL_Div_16		0x0003
                     <      	.define C_SCKSEL_FPLL_Div_32		0x0004
                     <      	.define C_SCKSEL_FPLL_Div_64		0x0005	
                     <      	.define C_SCKSEL_FPLL_Div_128		0x0006
                     <      	// Bit3 : Reserved
                     <      	// Bit4 : SPI Clock Polarity
                     <      	.define	C_SPI_Clock_Pol				0x0010
                     <      	.define C_SPI_Clock_Pol_Normal		0x0000	// Clock Normal or Inverted 
                     <      	.define C_SPI_Clock_Pol_Inverse		0x0010
                     <      	// Bit5 : SPI Clock Phase
                     <      	.define C_SPI_Clock_Phase			0x0020
                     <      	.define C_SPI_Clock_Phase_Normal	0x0000	// Rising Edge Trigger or Falling Edge Trigger depend on Polarity
                     <      	.define C_SPI_Clock_Phase_Shift		0x0020  // (POL=0, PHA=1)
                     <      	// Bit[7:6] : Reserved
                     <      	// Bit8 : SPI Mode
                     <      	.define	C_SPI_Mode					0x0100
                     <      	.define C_MasterMode				0x0000
                     <      	.define C_SlaveMode  				0x0100
                     <      	// Bit[10:9] : Reserved
                     <      	// Bit11 : SPI Reset
                     <      	.define C_SPI_Reset					0x0800
                     <      	// Bit12 : Reserved
                     <      	// Bit13 : Loop Back Mode Selection
                     <      	.define	C_SPI_LBM_Normal			0x0000
                     <      	.define	C_SPI_LBM_Enable			0x2000
                     <      	// Bit14: Reserved
                     <      	// Bit15 : SPI Enable
                     <      	.define C_SPI_Disable				0x0000
                     <      	.define C_SPI_Enable				0x8000
                     <      	
                     <      	//====================================================================================
                     <      	// P_SPI_TX_Status (0x2061)
                     <      	//====================================================================================
                     <      	// Bit[3:0] : SPI TX Flag (read only) : Only 8 FIFOs  
                     <      	.define	C_SPI_TX_Flag				0x0007		// 0 ~ 7
                     <      	// Bit[7:4] : SPI TX level setting
                     <      	.define C_SPI_TX_FIFO_Level			0x0070		// 0 ~ 7
                     <      	.define C_SPI_TX_FIFO_Level_0		0x0000
                     <      	.define C_SPI_TX_FIFO_Level_1		0x0010
                     <      	.define C_SPI_TX_FIFO_Level_2		0x0020
                     <      	.define C_SPI_TX_FIFO_Level_3		0x0030
                     <      	.define C_SPI_TX_FIFO_Level_4		0x0040
                     <      	.define C_SPI_TX_FIFO_Level_5		0x0050
                     <      	.define C_SPI_TX_FIFO_Level_6		0x0060
                     <      	.define C_SPI_TX_FIFO_Level_7		0x0070
                     <      	// Bit[13:8] : Reserved
                     <      	// Bit14 : SPI TX interrupt enable
                     <      	.define C_SPI_TX_INT_DIS			0x0000
                     <      	.define C_SPI_TX_INT_EN				0x4000
                     <      	// Bit15 : SPI TX interrupt flag
                     <      	.define C_SPI_TX_INT_Flag			0x8000
                     <      	
                     <      	//====================================================================================
                     <      	// P_SPI_RX_Status (0x2063)
                     <      	//====================================================================================
                     <      	// Bit[3:0] : SPI RX Flag (read only)
                     <      	.define	C_SPI_RX_Flag				0x0007		// 0 ~ 7
                     <      	// Bit[7:4] : SPI RX full level setting
                     <      	.define C_SPI_RX_FIFO_Level			0x0070
                     <      	.define C_SPI_RX_FIFO_Level_1		0x0000
                     <      	.define C_SPI_RX_FIFO_Level_2		0x0010
                     <      	.define C_SPI_RX_FIFO_Level_3		0x0020
                     <      	.define C_SPI_RX_FIFO_Level_4		0x0030
                     <      	.define C_SPI_RX_FIFO_Level_5		0x0040
                     <      	.define C_SPI_RX_FIFO_Level_6		0x0050
                     <      	.define C_SPI_RX_FIFO_Level_7		0x0060
                     <      	.define C_SPI_RX_FIFO_Level_8		0x0070
                     <      	// Bit8 : SPI RX buffer overwrite (read only)
                     <      	.define C_SPI_RX_BUF_OVER_ERROR		0x0100
                     <      	// Bit9 : SPI RX buffer full (read only)
                     <      	.define C_SPI_RX_BUF_Full			0x0200
                     <      	// Bit[13:10] : Reserved
                     <      	// Bit14 : SPI Rx interrupt enable
                     <      	.define C_SPI_RX_INT_DIS			0x0000
                     <      	.define C_SPI_RX_INT_EN				0x4000
                     <      	// Bit15 : SPI RX interrupt flag
                     <      	.define C_SPI_RX_INT_Flag			0x8000
                     <      	
                     <      	//====================================================================================
                     <      	// P_SPI_Misc (0x2065)
                     <      	//====================================================================================
                     <      	// Bit0 : Transmit FIFO Empty Flag
                     <      	.define	C_SPI_TX_Empty_Flag				0x0001
                     <      	// Bit1 : Transmit FIFO Not Full Flag
                     <      	.define	C_SPI_TX_NonFull_Flag			0x0002
                     <      	// Bit2 : Receive FIFO Empty Flag
                     <      	.define	C_SPI_RX_Empty_Flag				0x0004
                     <      	// Bit3 : Receive FIFO Full Flag
                     <      	.define	C_SPI_RX_Full_Flag				0x0008
                     <      	// Bit4 : SPI Controller Busy Flag
                     <      	.define	C_SPI_Busy_Flag					0x0010
                     <      	// Bit[7:5] : Reserved
                     <      	// Bit8 : SPI FIFO Smart Mode Register
                     <      	.define	C_SPI_FIFO_Normal_Mode			0x0000
                     <      	.define	C_SPI_FIFO_Smart_Mode			0x0100
                     <      	// Bit9 : SPI FIFO Over Write Mode
                     <      	.define	C_SPI_FIFO_Full_Write_Skipped	0x0000
                     <      	.define	C_SPI_FIFO_Full_Overwrite		0x0200
                     <      	// Bit[15:10] : Reserved
                     <      	
                     <      	//====================================================================================
                     <      	// P_ADC_Ctrl (0x2070)
                     <      	//====================================================================================
                     <      	// Bit[1:0] : Conversion Cycle Select
                     <      	.define	C_ADC_Conv_Cycle				0x0003
                     <      	.define	C_ADC_Conv_Cyc_8				0x0000	// Default
                     <      	.define	C_ADC_Conv_Cyc_16				0x0001
                     <      	.define	C_ADC_Conv_Cyc_32				0x0002
                     <      	.define	C_ADC_Conv_Cyc_64				0x0003
                     <      	// Bit2 : ADC Enable 
                     <      	.define	C_ADC_Disable					0x0000
                     <      	.define	C_ADC_Enable					0x0004
                     <      	// Bit3 : AGC Enable 
                     <      	.define	C_AGC_Disable					0x0000
                     <      	.define	C_AGC_Enable					0x0008
                     <      	// Bit4 : A/D Input Select in Manual Mode
                     <      	.define C_ADC_Ch0_in_MIC 				0x0000
                     <      	.define C_ADC_Ch0_in_LineinPB0			0x0010
                     <      	// Bit5 : V_MIC Power Supply Enable
                     <      	.define	C_ADC_MIC_Disable				0x0000
                     <      	.define	C_ADC_MIC_Enable				0x0020
                     <      	// Bit6 : ADC Chip Enable for Bias Circuit
                     <      	.define	C_ADC_Bias_Disable				0x0000
                     <      	.define	C_ADC_Bias_Enable				0x0040
                     <      	// Bit[8:7] : ADC clock setting
                     <      	.define C_ADC_CLK_Sel					0x0180
                     <      	.define C_ADC_CLK_FPLL_Div_16			0x0000
                     <      	.define C_ADC_CLK_FPLL_Div_32			0x0080
                     <      	.define C_ADC_CLK_FPLL_Div_64			0x0100
                     <      	.define C_ADC_CLK_FPLL_Div_128			0x0180
                     <      	// Bit[11:9] : ADC manual mode channel setting
                     <      	.define C_ADC_Manual_AN0				0x0000
                     <      	.define C_ADC_Manual_AN1				0x0200
                     <      	.define C_ADC_Manual_AN2				0x0400
                     <      	.define C_ADC_Manual_AN3				0x0600
                     <      	.define C_ADC_Manual_AN4				0x0800
                     <      	.define C_ADC_Manual_AN5				0x0A00
                     <      	.define C_ADC_Manual_AN6				0x0C00
                     <      	.define C_ADC_Manual_AN7				0x0E00
                     <      	// Bit[13:12] : Timer select for auto scan mode
                     <      	.define C_ADC_Manual					0x0000
                     <      	.define C_ADC_Timer_A					0x1000
                     <      	.define C_ADC_Timer_B					0x2000
                     <      	.define C_ADC_Timer_C					0x3000
                     <      	// Bit14 : Auto scan busy (read only)
                     <      	.define C_ADC_Auto_Scan_Busy			0x4000
                     <      	// Bit15 : ADC busy (read only)
                     <      	.define C_ADC_Busy						0x8000
                     <      	
                     <      	//====================================================================================
                     <      	// P_ADC_LineIn_BitCtrl (0x2072)
                     <      	//====================================================================================
                     <      	.define	C_ADC_Linein_Enable				0x00FF
                     <      	.define	C_ADC_AN0_Enable				0x0001
                     <      	.define	C_ADC_AN1_Enable				0x0002
                     <      	.define	C_ADC_AN2_Enable				0x0004
                     <      	.define	C_ADC_AN3_Enable				0x0008
                     <      	.define	C_ADC_AN4_Enable				0x0010
                     <      	.define	C_ADC_AN5_Enable				0x0020
                     <      	.define	C_ADC_AN6_Enable				0x0040
                     <      	.define	C_ADC_AN7_Enable				0x0080
                     <      	
                     <      	//====================================================================================
                     <      	// P_Flash_Ctrl (0x26FF)
                     <      	//====================================================================================
                     <      	.define C_Flash_Enable_Access_CMD		0xAAAA
                     <      	.define C_Flash_PageErase_CMD			0x5511
                     <      	.define C_Flash_Program_CMD				0x5533
                     <      	
                     <      	//====================================================================================
                     <      	// Bits Definition
                     <      	//====================================================================================
                     <      	.define	C_Bit0							0x0001
                     <      	.define	C_Bit1							0x0002
                     <      	.define	C_Bit2							0x0004
                     <      	.define	C_Bit3							0x0008
                     <      	.define	C_Bit4							0x0010
                     <      	.define	C_Bit5							0x0020
                     <      	.define	C_Bit6							0x0040
                     <      	.define	C_Bit7							0x0080
                     <      	.define	C_Bit8							0x0100
                     <      	.define	C_Bit9							0x0200
                     <      	.define	C_Bit10							0x0400
                     <      	.define	C_Bit11							0x0800
                     <      	.define	C_Bit12							0x1000
                     <      	.define	C_Bit13							0x2000
                     <      	.define	C_Bit14							0x4000
                     <      	.define	C_Bit15							0x8000
                     <      	
                     <      	
                     <      	
                     <      	
                     <      	
                     <      	
                     <      	
                     <      	
                            	
                            	//**************************************************************************
                            	// Contant Defintion Area
                            	//**************************************************************************
                            	.define C_SPI_SI_Bit	0x8000
                            	.define C_SPI_DO_Bit	0x4000
                            	.define C_SPI_SCK_Bit	0x2000
                            	.define C_SPI_CS_Bit	0x1000
                            	
                            	.define C_SPI_CS_IO		12		//IOA[12] as SPI CS pin Software Control
                            	
                            	//----------- Flash Operation Command Definition -------
                            	.define C_SPI_Flash_Read_CMD		0x03
                            	.define C_SPI_Flash_Sector_Erase	0xD8
                            	.define C_SPI_Flash_Chip_Erase		0x60
                            	.define C_SPI_Flash_Page_Program	0x02
                            	.define C_SPI_Flash_Read_Status		0x05
                            	.define C_SPI_Flash_Write_Status	0x01
                            	.define C_SPI_Flash_Write_Enable	0x06
                            	.define C_SPI_Flash_Write_Disable	0x04
                            	.define C_SPI_Flash_Read_ID			0x9F
                            	.define C_SPI_Flash_Fast_Read		0x0B
                            	.define C_SPI_Flash_Power_Down		0xB9
                            	.define C_SPI_Flash_Release_DP		0xAB
                            	.define C_SPI_Flash_Enter_4K		0xA5
                            	.define C_SPI_Flash_Exit_4K			0xB5
                            	.define C_SPI_Flash_Read_ES			0xAB
                            	.define C_SPI_Flash_Read_EMS		0x90
                            	.define C_SPI_Flash_Parallel_Mode	0x55
                            	
                            	//----------- Flash Status Port Definition ----------
                            	.define C_Flash_Busy				0x01
                            	.define C_Flash_WEL					0x02		// Write Enable Latch
                            	.define C_Flash_BP0					0x04
                            	.define C_Flash_BP1					0x08
                            	.define C_Flash_BP2					0x10
                            	.define C_Flash_BP3					0x20		
                            	.define C_Flash_PEE					0x40		// Program Erase Error
                            	.define C_Flash_SRWP				0x80		// Status Register Write Protect
                            	
                            	//**************************************************************************
                            	// Variable Publication Area
                            	//**************************************************************************
                            	
                            	
                            	//**************************************************************************
                            	// Function Call Publication Area
                            	//**************************************************************************
                            	.public  _SPI_Initial
                            	.public F_SPI_Initial
                            	.public  _SPI_ReadAWord
                            	.public F_SPI_ReadAWord
                            	.public  _SPI_ReadNWords
                            	.public F_SPI_ReadNWords
                            	.public  _SPI_SendAWord
                            	.public F_SPI_SendAWord
                            	.public  _SPI_SendNWords
                            	.public F_SPI_SendNWords
                            	.public  _Flash_Write_Enable
                            	.public F_Flash_Write_Enable
                            	.public  _Flash_Write_Disable
                            	.public F_Flash_Write_Disable
                            	.public  _SPI_Read_Status_Register
                            	.public F_SPI_Read_Status_Register
                            	.public  _SPI_Enable_Write_Status_Register
                            	.public F_SPI_Enable_Write_Status_Register
                            	.public  _SPI_Write_Status_Register
                            	.public F_SPI_Write_Status_Register
                            	.public  _SPI_Flash_Sector_Erase
                            	.public F_SPI_Flash_Sector_Erase
                            	.public  _SPI_Flash_Chip_Erase
                            	.public F_SPI_Flash_Chip_Erase
                            	.public  _SPI_Read_Flash_ID
                            	.public F_SPI_Read_Flash_ID
                            	
                            	//**************************************************************************
                            	// External Function Declaration
                            	//**************************************************************************
                            	
                            	//**************************************************************************
                            	// External Table Declaration
                            	//**************************************************************************
                            	
                            	//**************************************************************************
                            	// RAM Definition Area
                            	//**************************************************************************
00000000                    	.RAM
                            	
                            	//*****************************************************************************
                            	// Table Definition Area
                            	//*****************************************************************************
00000000                    	.TEXT
                            	
                            	//**************************************************************************
                            	// CODE Definition Area
                            	//**************************************************************************
00008C65                    	.CODE
                            	//****************************************************************
                            	// Function    : F_SPI_Initial
                            	// Description : Initial SPI interface
                            	// Destory     : R1
                            	// Parameter   : None
                            	// Return      : None
                            	// Note        : None
                            	//****************************************************************
                            	_SPI_Initial: .proc
                            	F_SPI_Initial:
00008C65 90 D4              		push R1, R2 to [SP];
                            	
00008C66 11 93 02 20        		R1 = [P_IOA_Dir];
00008C68 09 B3 FF 7F        		R1 &= ~C_SPI_SI_Bit;
00008C6A 09 A3 00 70        		R1 |= C_SPI_DO_Bit | C_SPI_SCK_Bit | C_SPI_CS_Bit;
00008C6C 19 D3 02 20        		[P_IOA_Dir] = R1;
                            		
00008C6E 11 93 03 20        		R1 = [P_IOA_Attrib];
00008C70 09 A3 00 F0        		R1 |= C_SPI_DO_Bit | C_SPI_SI_Bit | C_SPI_SCK_Bit | C_SPI_CS_Bit;
00008C72 19 D3 03 20        		[P_IOA_Attrib] = R1;
                            		
00008C74 11 93 01 20        		R1 = [P_IOA_Buffer];
00008C76 09 B3 FF 1F        		R1 &= ~(C_SPI_DO_Bit | C_SPI_SI_Bit | C_SPI_SCK_Bit );
00008C78 09 A3 00 10        		R1 |= C_SPI_CS_Bit;
00008C7A 19 D3 01 20        		[P_IOA_Buffer] = R1;
                            	
                            	
00008C7C 11 93 06 20        		R1 = [P_IOB_Dir];			// IOB as Input Floating 
00008C7E 40 B2              		R1 &= 0x0000;
00008C7F 19 D3 06 20        		[P_IOB_Dir] = R1;
00008C81 11 93 07 20        		R1 = [P_IOB_Attrib];
00008C83 09 A3 FF FF        		R1 |= 0xFFFF;
00008C85 19 D3 07 20        		[P_IOB_Attrib] = R1;
00008C87 11 93 05 20        		R1 = [P_IOB_Buffer];
00008C89 40 B2              		R1 &= 0x0000;
00008C8A 19 D3 05 20        		[P_IOB_Buffer] = R1;
                            		
00008C8C 11 93 08 20        		R1 = [P_IO_Ctrl];
00008C8E 09 A3 00 04        		R1 |= C_SPI_CS_Hardware;
00008C90 19 D3 08 20        		[P_IO_Ctrl] = R1;
                            		
00008C92 09 93 00 08        		R1 = C_SPI_Reset;		// software reset SPI
00008C94 19 D3 60 20        		[P_SPI_Ctrl] = R1;
                            	
00008C96 09 93 02 80        		R1 = C_SPI_Enable | C_MasterMode | C_SCKSEL_FPLL_Div_8;
00008C98 19 D3 60 20        		[P_SPI_Ctrl] = R1;
                            		
00008C9A 09 93 00 80        		R1 = C_SPI_TX_INT_Flag | C_SPI_TX_INT_DIS | C_SPI_TX_FIFO_Level_0;
00008C9C 19 D3 61 20        		[P_SPI_TX_Status] = R1;
                            		
00008C9E 09 93 00 80        		R1 = C_SPI_RX_INT_Flag | C_SPI_RX_INT_DIS | C_SPI_RX_FIFO_Level_1;
00008CA0 19 D3 63 20        		[P_SPI_RX_Status] = R1;
                            		
00008CA2 11 93 50 20        		R1 = [P_INT_Ctrl];
00008CA4 19 D3 50 20        		[P_INT_Ctrl] = R1;
00008CA6 40 92              		R1 = 0x0000;
00008CA7 19 D3 52 20        		[P_FIQ_Sel] = R1;
                            		
00008CA9 90 90              		pop R1, R2 from [SP];
00008CAA 90 9A              		retf;
                            		.endp
                            	
                            	//****************************************************************
                            	// Function    : F_SPI_ReadAWord
                            	// Description : Read a word data from flash
                            	// Destory     : R1
                            	// Parameter   : R1 = Address Low, R2 = Address High	
                            	// Return      : R1 = one word of data read
                            	// Note        : None
                            	//****************************************************************
                            	_SPI_ReadAWord:	.proc
00008CAB 08 05 03 00        		R2 = SP + 3;
00008CAD D2 92              		R1 = [R2++];
00008CAE C2 94              		R2 = [R2]; 
                            		
                            	F_SPI_ReadAWord:
00008CAF 98 D8              		push r2, r4 to [sp];
00008CB0 6C F2 01 20        		clrb [P_IOA_Buffer], C_SPI_CS_IO;		// enable SPI Flash
                            		
00008CB2 43 98              		R4 = C_SPI_Flash_Read_CMD;
00008CB3 1C D9 62 20        		[P_SPI_TX_Data] = R4;
00008CB5 0A B5 FF 00        		R2 &= 0xFF;					// Address High
00008CB7 1A D5 62 20        		[P_SPI_TX_Data] = R2;
00008CB9 79 99              		R4 = R1 lsr 4;
00008CBA 7C 99              		R4 = R4 lsr 4;				// Address Middle
00008CBB 1C D9 62 20        		[P_SPI_TX_Data] = R4;
00008CBD 09 B3 FF 00        		R1 &= 0xFF;					// Address Low
00008CBF 19 D3 62 20        		[P_SPI_TX_Data] = R1;
                            		
00008CC1 09 93 55 00        		R1 = 0x55;					// Read One Word Data dummy clock
00008CC3 19 D3 62 20        		[P_SPI_TX_Data] = R1;
00008CC5 19 D3 62 20        		[P_SPI_TX_Data] = R1;
                            		
                            	
                            	?L_Check_TXIF:					// Wait untill command and address have been sent out
00008CC7 11 93 65 20        		R1 = [P_SPI_Misc];	
00008CC9 50 C2              		test R1, C_SPI_Busy_Flag;
00008CCA 44 4E              		jnz ?L_Check_TXIF;
00008CCB 19 D3 65 20        		[P_SPI_Misc] = R1;
                            		
                            	
00008CCD 11 93 64 20        		R1 = [P_SPI_RX_Data];		// Clear dummy data in RX FIFO at Read Command transmitted   
00008CCF 12 95 64 20        		R2 = [P_SPI_RX_Data];		// Clear dummy data in RX FIFO at Address High transmitted
00008CD1 13 97 64 20        		R3 = [P_SPI_RX_Data];		// Clear dummy data in RX FIFO at Address Middle transmitted
00008CD3 14 99 64 20        		R4 = [P_SPI_RX_Data];		// Clear dummy data in RX FIFO at Address Low transmitted
00008CD5 12 95 64 20        		R2 = [P_SPI_RX_Data];		// Received Valid Data High from slave SPI device
00008CD7 11 93 64 20        		R1 = [P_SPI_RX_Data];		// Received Valid Data Low from slave SPI device
00008CD9 59 93              		R1 = R1 LSL 4;
00008CDA 59 93              		R1 = R1 LSL 4;
00008CDB 02 A3              		R1 |= R2;					// Return one word data read from FLASH
                            	
00008CDC 5C F2 01 20        		setb [P_IOA_Buffer], C_SPI_CS_IO;	// disable SPI Flash
00008CDE 98 92              		pop R2, R4 from [SP];
00008CDF 90 9A              		retf;
                            		.endp
                            	
                            	//****************************************************************
                            	// Function    : F_SPI_ReadNWords
                            	// Description : Get N words from external memory to buffer
                            	// Destory     : R1
                            	// Parameter   : R1 : buffer address
                            	//               R2 : data length
                            	//               R3 : external memory address low word
                            	//               R4 : external memory address high word
                            	// Return      : None
                            	// Note        : None
                            	//****************************************************************
                            	
                            	_SPI_ReadNWords:      .proc
00008CE0 08 09 03 00        	    R4 = SP + 3;
00008CE2 D4 92              	    R1 = [R4++];							// buffer address
00008CE3 D4 94              	    R2 = [R4++];							// data length
00008CE4 D4 96              	    R3 = [R4++];							// external memory address low byte
00008CE5 C4 98              	    R4 = [R4];							// external memory address high byte
                            	
                            	F_SPI_ReadNWords:
00008CE6 A8 DA              		push R1, R5 to [SP];
00008CE7 6C F2 01 20        		clrb [P_IOA_Buffer], C_SPI_CS_IO;		// enable SPI Flash
                            		
00008CE9 43 9A              		R5 = C_SPI_Flash_Read_CMD;
00008CEA 1D DB 62 20        		[P_SPI_TX_Data] = R5;
00008CEC 0C B9 FF 00        		R4 &= 0xFF;					// Address High
00008CEE 1C D9 62 20        		[P_SPI_TX_Data] = R4;
00008CF0 7B 99              		R4 = R3 lsr 4;
00008CF1 7C 99              		R4 = R4 lsr 4;				// Address Middle
00008CF2 1C D9 62 20        		[P_SPI_TX_Data] = R4;
00008CF4 0B B7 FF 00        		R3 &= 0xFF;					// Address Low
00008CF6 1B D7 62 20        		[P_SPI_TX_Data] = R3;
                            		
                            	
                            	?L_Check_TXIF:					// Wait untill command and address have been sent out
00008CF8 15 9B 65 20        		R5 = [P_SPI_Misc];	
00008CFA 50 CA              		test R5, C_SPI_Busy_Flag;
00008CFB 44 4E              		jnz ?L_Check_TXIF;
                            	
                            		
00008CFC 14 99 64 20        		R4 = [P_SPI_RX_Data];		// Clear dummy data in RX FIFO at Read Command transmitted   
00008CFE 14 99 64 20        		R4 = [P_SPI_RX_Data];		// Clear dummy data in RX FIFO at Address High transmitted
00008D00 14 99 64 20        		R4 = [P_SPI_RX_Data];		// Clear dummy data in RX FIFO at Address Middle transmitted
00008D02 14 99 64 20        		R4 = [P_SPI_RX_Data];		// Clear dummy data in RX FIFO at Address Low transmitted
                            	
                            	?L_GetNWordLoop:
00008D04 1B D7 62 20        		[P_SPI_TX_Data] = R3;		// Read One Word Data dummy clock
00008D06 1B D7 62 20        		[P_SPI_TX_Data] = R3;
                            	
                            	?L_GetNWordLoop_Check_TXIF:		// Wait untill command and address have been sent out
00008D08 15 9B 65 20        		R5 = [P_SPI_Misc];	
00008D0A 50 CA              		test R5, C_SPI_Busy_Flag;
00008D0B 44 4E              		jnz ?L_GetNWordLoop_Check_TXIF;
                            	
                            		
00008D0C 13 97 64 20        		R3 = [P_SPI_RX_Data];		// low byte data
00008D0E 14 99 64 20        		R4 = [P_SPI_RX_Data];		// high byte data
00008D10 5C 99              		R4 = R4 lsl 4;
00008D11 5C 99              		R4 = R4 lsl 4;
00008D12 03 A9              		R4 |= R3;					// Return one word data read from FLASH
00008D13 D1 D8              		[R1++] = R4;
00008D14 41 24              		R2 -= 1;
00008D15 52 4E              		jnz ?L_GetNWordLoop;
                            	
00008D16 5C F2 01 20        		setb [P_IOA_Buffer], C_SPI_CS_IO;	// disable SPI Flash
                            		
                            	?_Finish_Last:
00008D18 A8 90              		pop R1, R5 from [SP];
                            	
00008D19 90 9A              		retf;
                            	.endp
                            	
                            	//****************************************************************
                            	// Function    : F_SPI_SendAWord
                            	// Description : Write a word data to flash
                            	// Destory     : R1
                            	// Parameter   : R1 = Address Low, R2 = Address High, R3 = one word of data
                            	// Return      : None
                            	// Note        : None
                            	//****************************************************************
                            	_SPI_SendAWord:	.proc
00008D1A 08 07 03 00        		R3 = SP + 3;
00008D1C D3 92              		R1 = [R3++];
00008D1D D3 94              		R2 = [R3++];
00008D1E C3 96              		R3 = [R3];
                            		
                            	F_SPI_SendAWord:
00008D1F A8 DA              		push R1, R5 to [SP];
                            		
00008D20 40 F0 9F 8D        		call F_Flash_Write_Enable		// Flash must be written enable firstly before it is programmed or erased.
                            	
00008D22 6C F2 01 20        		clrb [P_IOA_Buffer], C_SPI_CS_IO;		// enable SPI Flash
                            	
00008D24 42 98              		R4 = C_SPI_Flash_Page_Program;
00008D25 1C D9 62 20        		[P_SPI_TX_Data] = R4;
00008D27 0A B5 FF 00        		R2 &= 0xFF;						// Address High
00008D29 1A D5 62 20        		[P_SPI_TX_Data] = R2;
00008D2B 79 99              		R4 = R1 lsr 4;
00008D2C 7C 99              		R4 = R4 lsr 4;					// Address Middle
00008D2D 1C D9 62 20        		[P_SPI_TX_Data] = R4;
00008D2F 09 B3 FF 00        		R1 &= 0xFF;						// Address Low
00008D31 19 D3 62 20        		[P_SPI_TX_Data] = R1;
                            		
00008D33 1B D7 62 20        		[P_SPI_TX_Data] = R3;			// Data Low Byte
00008D35 7B 97              		R3 = R3 lsr 4;
00008D36 7B 97              		R3 = R3 lsr 4;
00008D37 1B D7 62 20        		[P_SPI_TX_Data] = R3;			// Data High Byte
                            		
                            	
                            	?L_Check_TXIF:
00008D39 11 93 65 20        		R1 = [P_SPI_Misc];	
00008D3B 50 C2              		test R1, C_SPI_Busy_Flag;
00008D3C 44 4E              		jnz ?L_Check_TXIF;
                            	
                            		
00008D3D 5C F2 01 20        		setb [P_IOA_Buffer], C_SPI_CS_IO;	// disable SPI Flash
                            	
00008D3F 11 93 64 20        		R1 = [P_SPI_RX_Data];			// Clear dummy data in RX FIFO 
00008D41 12 95 64 20        		R2 = [P_SPI_RX_Data];			// Clear dummy data in RX FIFO 
00008D43 13 97 64 20        		R3 = [P_SPI_RX_Data];			// Clear dummy data in RX FIFO 
00008D45 14 99 64 20        		R4 = [P_SPI_RX_Data];			// Clear dummy data in RX FIFO 
00008D47 11 93 64 20        		R1 = [P_SPI_RX_Data];			// Clear dummy data in RX FIFO 
00008D49 11 93 64 20        		R1 = [P_SPI_RX_Data];			// Clear dummy data in RX FIFO 
                            		
                            	?L_Check_Busy:						// Wait untill one word data has been written into flash successfully (about 3 to 12ms).
00008D4B 40 F0 C2 8D        		call F_SPI_Read_Status_Register; // WatchDog overflow can escape from dead loop
00008D4D 41 C2              		test R1, C_Flash_Busy;
00008D4E 44 4E              		jnz ?L_Check_Busy;
                            		
00008D4F A8 90              		pop R1, R5 from [SP];
00008D50 90 9A              		retf;	
                            		.endp
                            	
                            	
                            	//****************************************************************
                            	// Function    : F_SPI_SendNWords
                            	// Description : Send N words to external memory from internal buffer
                            	// Destory     : None
                            	// Parameter   : R1 : buffer address
                            	//               R2 : data length
                            	//               R3 : external memory address low word
                            	//               R4 : external memory address high word
                            	// Return      : None
                            	// Note        : None
                            	//****************************************************************
                            	 _SPI_SendNWords:	.proc
00008D51 08 09 04 00        		R4 = SP + 4;
00008D53 D4 92              		R1 = [R4++];
00008D54 D4 94              		R2 = [R4++];
00008D55 D4 96              		R3 = [R4++];
00008D56 C4 98              		R4 = [R4];
                            	F_SPI_SendNWords:
00008D57 A8 DA              		push R1, R5 to [SP];
                            	
                            	?L_WriteData:
                            		
00008D58 40 F0 9F 8D        		call F_Flash_Write_Enable		// Flash must be written enable firstly before it is programmed or erased.
                            	
00008D5A 6C F2 01 20        		clrb [P_IOA_Buffer], C_SPI_CS_IO;		// enable SPI Flash
                            	
00008D5C 42 9A              		R5 = C_SPI_Flash_Page_Program;
00008D5D 1D DB 62 20        		[P_SPI_TX_Data] = R5;
00008D5F 1C D9 62 20        		[P_SPI_TX_Data] = R4;
00008D61 7B 9B              		R5 = R3 lsr 4;
00008D62 7D 9B              		R5 = R5 lsr 4;					// Address Middle
00008D63 1D DB 62 20        		[P_SPI_TX_Data] = R5;
00008D65 0B BB FF 00        		R5 = R3 & 0xFF;					// Address Low
00008D67 1D DB 62 20        		[P_SPI_TX_Data] = R5;
                            		
                            	
                            	?L_Check_TXIF:
00008D69 15 9B 65 20        		R5 = [P_SPI_Misc];	
00008D6B 50 CA              		test R5, C_SPI_Busy_Flag;
00008D6C 44 4E              		jnz ?L_Check_TXIF;
                            	
                            		
00008D6D 15 9B 64 20        		R5 = [P_SPI_RX_Data];			// Clear dummy data in RX FIFO 
00008D6F 15 9B 64 20        		R5 = [P_SPI_RX_Data];			// Clear dummy data in RX FIFO 
00008D71 15 9B 64 20        		R5 = [P_SPI_RX_Data];			// Clear dummy data in RX FIFO 
00008D73 15 9B 64 20        		R5 = [P_SPI_RX_Data];			// Clear dummy data in RX FIFO 
                            	
                            	?L_SendDataLoop:
00008D75 D1 9A              		R5 = [R1++];
00008D76 1D DB 62 20        		[P_SPI_TX_Data] = R5;			// Data Low Byte
00008D78 7D 9B              		R5 = R5 lsr 4;
00008D79 7D 9B              		R5 = R5 lsr 4;
00008D7A 1D DB 62 20        		[P_SPI_TX_Data] = R5;			// Data High Byte
                            	
                            	?L_Check_TXIF_2:
00008D7C 15 9B 65 20        		R5 = [P_SPI_Misc];	
00008D7E 50 CA              		test R5, C_SPI_Busy_Flag;
00008D7F 44 4E              		jnz ?L_Check_TXIF_2;
                            	
00008D80 15 9B 64 20        		R5 = [P_SPI_RX_Data];			// Clear dummy data in RX FIFO 
00008D82 15 9B 64 20        		R5 = [P_SPI_RX_Data];			// Clear dummy data in RX FIFO
00008D84 41 24              		R2 -= 1;
00008D85 11 5E              		jz ?L_SendDataEnd;
00008D86 42 06              		R3 += 2;
00008D87 0B C7 FF 00        		test R3, 0x00FF;
00008D89 55 4E              		jnz ?L_SendDataLoop;
                            	?L_JumpToNextPage:
00008D8A 40 46              		cmp R3, 0x0000;
00008D8B 01 4E              		jne ?L_WriteCurrentPage;
00008D8C 41 08              		R4 += 1;
                            	?L_WriteCurrentPage:
00008D8D 5C F2 01 20        		setb [P_IOA_Buffer], C_SPI_CS_IO;	// disable SPI Flash
00008D8F 88 D2              		push R1 to [SP];
                            	?L_Check_Busy_1:					// Wait untill one word data has been written into flash successfully (about 3 to 12ms).
00008D90 40 F0 C2 8D        		call F_SPI_Read_Status_Register; // WatchDog overflow can escape from dead loop
00008D92 41 C2              		test R1, C_Flash_Busy;
00008D93 44 4E              		jnz ?L_Check_Busy_1;
00008D94 88 90              		pop R1 from [SP];
00008D95 0F 9F 58 8D        		pc = ?L_WriteData;
                            	
                            	?L_SendDataEnd:
00008D97 5C F2 01 20        		setb [P_IOA_Buffer], C_SPI_CS_IO;	// disable SPI Flash
                            	
                            	
                            	?L_Check_Busy:						// Wait untill one word data has been written into flash successfully (about 3 to 12ms).
00008D99 40 F0 C2 8D        		call F_SPI_Read_Status_Register; // WatchDog overflow can escape from dead loop
00008D9B 41 C2              		test R1, C_Flash_Busy;
00008D9C 44 4E              		jnz ?L_Check_Busy;
                            		
                            	
00008D9D A8 90              		pop R1, R5 from [SP];
00008D9E 90 9A              		retf;
                            		.endp
                            	
                            	//****************************************************************
                            	// Function    : F_Flash_Write_Enable
                            	// Description : Enable flash to be written or erased
                            	// Destory     : None
                            	// Parameter   : None
                            	// Return      : None
                            	// Note        : None
                            	//****************************************************************
                            	_Flash_Write_Enable:	.proc
                            	F_Flash_Write_Enable:
00008D9F 88 D2              		push r1 to [sp];
                            	
00008DA0 6C F2 01 20        		clrb [P_IOA_Buffer], C_SPI_CS_IO;		// enable SPI Flash
00008DA2 46 92              		R1 = C_SPI_Flash_Write_Enable;
00008DA3 19 D3 62 20        		[P_SPI_TX_Data] = R1;
                            	
                            	
                            	?L_Check_TXIF:
00008DA5 11 93 65 20        		R1 = [P_SPI_Misc];		// Wait untill command has been transmitted.
00008DA7 50 C2              		test R1, C_SPI_Busy_Flag;
00008DA8 44 4E              		jnz ?L_Check_TXIF;
                            	
                            	
00008DA9 65 F1              		nop;
00008DAA 65 F1              		nop;
00008DAB 65 F1              		nop;
00008DAC 11 93 64 20        		R1 = [P_SPI_RX_Data];		// Clear dummy data in RX FIFO
                            		
00008DAE 5C F2 01 20        		setb [P_IOA_Buffer], C_SPI_CS_IO;	// disable SPI Flash
00008DB0 88 90              		pop r1 from [sp];
00008DB1 90 9A              		retf;
                            		.endp
                            	
                            	//****************************************************************
                            	// Function    : F_Flash_Write_Disable
                            	// Description : Disable flash to be written or erased
                            	// Destory     : None
                            	// Parameter   : None
                            	// Return      : None
                            	// Note        : None
                            	//****************************************************************
                            	_Flash_Write_Disable:	.proc
                            	F_Flash_Write_Disable:
00008DB2 88 D2              		push r1 to [sp];
                            		
00008DB3 6C F2 01 20        		clrb [P_IOA_Buffer], C_SPI_CS_IO;		// enable SPI Flash
00008DB5 44 92              		R1 = C_SPI_Flash_Write_Disable;
00008DB6 19 D3 62 20        		[P_SPI_TX_Data] = R1;
                            	
                            	
                            	?L_Check_TXIF:
00008DB8 11 93 65 20        		R1 = [P_SPI_Misc];		// Wait untill command has been transmitted.
00008DBA 50 C2              		test R1, C_SPI_Busy_Flag;
00008DBB 44 4E              		jnz ?L_Check_TXIF;
                            	
                            		
00008DBC 11 93 64 20        		R1 = [P_SPI_RX_Data];			// Clear dummy data in RX FIFO
                            		
00008DBE 5C F2 01 20        		setb [P_IOA_Buffer], C_SPI_CS_IO;	// disable SPI Flash
00008DC0 88 90              		pop r1 from [sp];
00008DC1 90 9A              		retf;
                            		.endp
                            	
                            	//****************************************************************
                            	// Function    : F_SPI_Read_Status_Register
                            	// Description : Read status register in flash
                            	// Destory     : None
                            	// Parameter   : None
                            	// Return      : None
                            	// Note        : None
                            	//****************************************************************
                            	_SPI_Read_Status_Register:	.proc
                            	F_SPI_Read_Status_Register:
                            	
00008DC2 6C F2 01 20        		clrb [P_IOA_Buffer], C_SPI_CS_IO;		// enable SPI Flash
00008DC4 45 92              		R1 = C_SPI_Flash_Read_Status;
00008DC5 19 D3 62 20        		[P_SPI_TX_Data] = R1;
                            		
00008DC7 40 92              		R1 = 0x00;						// Read Status Reigster dummy clock
00008DC8 19 D3 62 20        		[P_SPI_TX_Data] = R1;
                            			
                            	
                            	?L_Check_TXIF:
00008DCA 11 93 65 20        		R1 = [P_SPI_Misc];		// Wait untill command has been transmitted.
00008DCC 50 C2              		test R1, C_SPI_Busy_Flag;
00008DCD 44 4E              		jnz ?L_Check_TXIF;
                            	
                            	
                            	
00008DCE 11 93 64 20        		R1 = [P_SPI_RX_Data];			// Received Dummy Data at Cmd transmitted
00008DD0 11 93 64 20        		R1 = [P_SPI_RX_Data];			// Received Status Register Data
                            		
00008DD2 5C F2 01 20        		setb [P_IOA_Buffer], C_SPI_CS_IO;	// disable SPI Flash
00008DD4 90 9A              		retf;
                            		.endp
                            	
                            	
                            	//****************************************************************
                            	// Function    : F_SPI_Enable_Write_Status_Register
                            	// Description : Enable status register in flash to be written
                            	// Destory     : None
                            	// Parameter   : None
                            	// Return      : None
                            	// Note        : None
                            	//****************************************************************
                            	_SPI_Enable_Write_Status_Register:	.proc
                            	F_SPI_Enable_Write_Status_Register:
00008DD5 88 D2              		push R1 to [SP];
00008DD6 6C F2 01 20        		clrb [P_IOA_Buffer], C_SPI_CS_IO;		// enable SPI Flash
00008DD8 41 92              		R1 = C_SPI_Flash_Write_Status;
00008DD9 19 D3 62 20        		[P_SPI_TX_Data] = R1;
                            		
                            	?L_Check_TXIF:
00008DDB 11 93 65 20        		R1 = [P_SPI_Misc];		// Wait untill command has been transmitted.
00008DDD 50 C2              		test R1, C_SPI_Busy_Flag;
00008DDE 44 4E              		jnz ?L_Check_TXIF;
                            	
                            	
00008DDF 11 93 64 20        		R1 = [P_SPI_RX_Data];			// Clear Dummy Data in RX FIFO at Cmd transmitted 
                            	
00008DE1 5C F2 01 20        		setb [P_IOA_Buffer], C_SPI_CS_IO;	// disable SPI Flash
00008DE3 88 90              		pop R1 from [SP];
00008DE4 90 9A              		retf;
                            		.endp
                            		
                            	//****************************************************************
                            	// Function    : F_SPI_Write_Status_Register
                            	// Description : Write data to status register in flash
                            	// Destory     : None
                            	// Parameter   : None
                            	// Return      : None
                            	// Note        : None
                            	//****************************************************************
                            	_SPI_Write_Status_Register:	.proc
00008DE5 08 03 03 00        		R1 = SP + 3;
00008DE7 C1 92              		R1 = [R1];
                            		
                            	F_SPI_Write_Status_Register:
00008DE8 90 D4              		push R1, R2 to [SP];
00008DE9 6C F2 01 20        		clrb [P_IOA_Buffer], C_SPI_CS_IO;		// enable SPI Flash
00008DEB 41 94              		R2 = C_SPI_Flash_Write_Status;
00008DEC 1A D5 62 20        		[P_SPI_TX_Data] = R2;
00008DEE 19 D3 62 20        		[P_SPI_TX_Data] = R1;		// Write data to status register in flash
                            		
                            	
                            	?L_Check_TXIF:
00008DF0 11 93 65 20        		R1 = [P_SPI_Misc];		// Wait untill command has been transmitted.
00008DF2 50 C2              		test R1, C_SPI_Busy_Flag;
00008DF3 44 4E              		jnz ?L_Check_TXIF;
                            	
                            		
00008DF4 11 93 64 20        		R1 = [P_SPI_RX_Data];		// Clear dummy data in RX FIFO
00008DF6 11 93 64 20        		R1 = [P_SPI_RX_Data];		// Clear dummy data in RX FIFO
                            		
00008DF8 5C F2 01 20        		setb [P_IOA_Buffer], C_SPI_CS_IO;	// disable SPI Flash
00008DFA 90 90              		pop R1, R2 from [SP];
00008DFB 90 9A              		retf;
                            		.endp
                            	
                            	//****************************************************************
                            	// Function    : F_SPI_Flash_Sector_Erase
                            	// Description : Erase one sector of flash 
                            	// Destory     : None
                            	// Parameter   : R1 = Sector Address Low, R2 = Sector Address High
                            	// Return      : None
                            	// Note        : None
                            	//****************************************************************
                            	_SPI_Flash_Sector_Erase:	.proc
                            	
00008DFC 08 03 03 00        		R1 = SP + 3;
00008DFE C1 92              		R1 = [R1];
                            		
                            	F_SPI_Flash_Sector_Erase:
00008DFF 98 D6              		push R1, R3 to [SP];
00008E00 40 F0 9F 8D        		call F_Flash_Write_Enable;	// Enable sector erase command 
                            			
                            	.if 0		// for GPR25L005, GPR25L010, GPR25L020, GPR25L040, GPR25L080
                            		R2 = SECTOR_SIZE;
                            		MR = R1 * R2;
                            		R1 = R3;
                            		R2 = R4;
                            	.endif
                            	
                            	.if 1		// for GPR25L160, GPR25L320, GPR25L640
00008E02 01 95              		R2 = R1;
00008E03 40 92              		R1 = 0x0000;
                            	.endif
                            	
00008E04 6C F2 01 20        		clrb [P_IOA_Buffer], C_SPI_CS_IO;		// enable SPI Flash
00008E06 0B 97 D8 00        		R3 = C_SPI_Flash_Sector_Erase;
00008E08 1B D7 62 20        		[P_SPI_TX_Data] = R3;
00008E0A 1A D5 62 20        		[P_SPI_TX_Data] = R2;		// Sector index : Sector size = 64K bytes
00008E0C 79 97              		R3 = R1 lsr 4;			
00008E0D 7B 97              		R3 = R3 lsr 4;
00008E0E 1B D7 62 20        		[P_SPI_TX_Data] = R3;
00008E10 09 B3 FF 00        		R1 &= 0x00FF;
00008E12 19 D3 62 20        		[P_SPI_TX_Data] = R1;
                            	
                            	
                            	?L_Check_TXIF:
00008E14 11 93 65 20        		R1 = [P_SPI_Misc];		// Wait untill command has been transmitted.
00008E16 50 C2              		test R1, C_SPI_Busy_Flag;
00008E17 44 4E              		jnz ?L_Check_TXIF;
                            	
                            		
00008E18 5C F2 01 20        		setb [P_IOA_Buffer], C_SPI_CS_IO;	// disable SPI Flash
                            	
00008E1A 11 93 64 20        		R1 = [P_SPI_RX_Data];		// Clear dummy data in RX FIFO
00008E1C 11 93 64 20        		R1 = [P_SPI_RX_Data];		// Clear dummy data in RX FIFO
00008E1E 11 93 64 20        		R1 = [P_SPI_RX_Data];		// Clear dummy data in RX FIFO
00008E20 11 93 64 20        		R1 = [P_SPI_RX_Data];		// Clear dummy data in RX FIFO
                            		
                            	?L_Check_Busy:					// Wait untill sector has been erased successfully (about 1 to 3 seconds)
00008E22 09 93 55 55        		R1 = C_Watchdog_Clear;
00008E24 19 D3 34 20        	    [P_Watchdog_Clear] = R1;
00008E26 40 F0 C2 8D        		call F_SPI_Read_Status_Register;
00008E28 41 C2              		test R1, C_Flash_Busy;
00008E29 48 4E              		jnz ?L_Check_Busy;
                            		
00008E2A 98 90              		pop R1, R3 from [SP];
00008E2B 90 9A              		retf;
                            		.endp
                            	
                            	//****************************************************************
                            	// Function    : F_SPI_Flash_Chip_Erase
                            	// Description : Erase hole chip of flash
                            	// Destory     : None
                            	// Parameter   : None
                            	// Return      : None
                            	// Note        : None
                            	//****************************************************************
                            	_SPI_Flash_Chip_Erase:	.proc
                            	F_SPI_Flash_Chip_Erase:
00008E2C 88 D2              		push R1 to [SP];
00008E2D 40 F0 9F 8D        		call F_Flash_Write_Enable;		// Enable chip erase command 
                            		
00008E2F 6C F2 01 20        		clrb [P_IOA_Buffer], C_SPI_CS_IO;		// enable SPI Flash
00008E31 09 93 60 00        		R1 = C_SPI_Flash_Chip_Erase;
00008E33 19 D3 62 20        		[P_SPI_TX_Data] = R1;
                            	
                            	
                            	?L_Check_TXIF:
00008E35 11 93 65 20        		R1 = [P_SPI_Misc];		// Wait untill command has been transmitted.
00008E37 50 C2              		test R1, C_SPI_Busy_Flag;
00008E38 44 4E              		jnz ?L_Check_TXIF;
                            	
                            		
00008E39 5C F2 01 20        		setb [P_IOA_Buffer], C_SPI_CS_IO;	// disable SPI Flash
00008E3B 11 93 64 20        		R1 = [P_SPI_RX_Data];
                            	
                            	?L_Check_Busy:						// Wait untill chip has been erased successfully (about 128 to 256 seconds)
00008E3D 09 93 55 55        		R1 = C_Watchdog_Clear;
00008E3F 19 D3 34 20        	    [P_Watchdog_Clear] = R1;
00008E41 40 F0 C2 8D        		call F_SPI_Read_Status_Register;
00008E43 41 C2              		test R1, C_Flash_Busy;
00008E44 48 4E              		jnz ?L_Check_Busy;
                            	
00008E45 88 90              		pop R1 from [SP];
00008E46 90 9A              		retf;
                            		.endp
                            	
                            	//****************************************************************
                            	// Function    : F_SPI_Read_Flash_ID
                            	// Description : Read flash manufacturer,memory and individual device ID
                            	// Destory     : None
                            	// Parameter   : None
                            	// Return      : R1 = Manufacturer and memory ID, R2 = Individual Device ID
                            	// Note        : None
                            	//****************************************************************
                            	_SPI_Read_Flash_ID:	.proc
                            	F_SPI_Read_Flash_ID:
00008E47 90 D8              		push R3, R4 to [SP];
00008E48 6C F2 01 20        		clrb [P_IOA_Buffer], C_SPI_CS_IO;		// enable SPI Flash
00008E4A 0C 99 9F 00        		R4 = C_SPI_Flash_Read_ID;
00008E4C 1C D9 62 20        		[P_SPI_TX_Data] = R4;
                            			
00008E4E 40 92              		R1 = 0x00;					// Read One Byte Data dummy clock
00008E4F 19 D3 62 20        		[P_SPI_TX_Data] = R1;
00008E51 19 D3 62 20        		[P_SPI_TX_Data] = R1;
00008E53 19 D3 62 20        		[P_SPI_TX_Data] = R1;
                            		
                            	
                            	?L_Check_TXIF:
00008E55 11 93 65 20        		R1 = [P_SPI_Misc];		// Wait untill command has been transmitted.
00008E57 50 C2              		test R1, C_SPI_Busy_Flag;
00008E58 44 4E              		jnz ?L_Check_TXIF;
                            	
                            	
00008E59 11 93 64 20        		R1 = [P_SPI_RX_Data];		// Clear Dummy Data in RX FIFO at Read Cmd transmitted   
00008E5B 12 95 64 20        		R2 = [P_SPI_RX_Data];		// Read Manufacturer ID
00008E5D 13 97 64 20        		R3 = [P_SPI_RX_Data];		// Read Memory ID
00008E5F 14 99 64 20        		R4 = [P_SPI_RX_Data];		// Read Individual Device ID
00008E61 5B 93              		R1 = R3 LSL 4;
00008E62 59 93              		R1 = R1 LSL 4;
00008E63 02 A3              		R1 |= R2;
00008E64 04 95              		R2 = R4;
                            	
00008E65 5C F2 01 20        		setb [P_IOA_Buffer], C_SPI_CS_IO;	// disable SPI Flash
00008E67 90 94              		pop R3, R4 from [SP];
00008E68 90 9A              		retf;
                            		.endp
                            	
0 error(s), 0 warning(s).

